
Cadence Innovus(TM) Implementation System.
Copyright 2018 Cadence Design Systems, Inc. All rights reserved worldwide.

Version:	v18.10-p002_1, built Tue May 29 19:19:55 PDT 2018
Options:	
Date:		Mon Mar 29 12:38:41 2021
Host:		ensc-esil-18 (x86_64 w/Linux 3.10.0-1127.el7.x86_64) (4cores*8cpus*Intel(R) Core(TM) i7-4770S CPU @ 3.10GHz 8192KB)
OS:		CentOS Linux release 7.8.2003 (Core)

License:
		invs	Innovus Implementation System	18.1	checkout succeeded
		8 CPU jobs allowed with the current license(s). Use setMultiCpuUsage to set your required CPU count.
**ERROR: (IMPOAX-142):	Could not open shared library libinnovusoax22.so : /Lnx_STC/tools/cadence/INNOVUS18.10.000_lnx86/tools.lnx86/lib/64bit/libddbase_sh.so: undefined symbol: _ZTIN12OpenAccess_419oaVersionedObserverINS_12oaLibDefListELj1EEE

**ERROR: (IMPOAX-142):	Could not open shared library libcdsSkillPcell.so : /Lnx_STC/tools/cadence/INNOVUS18.10.000_lnx86/tools.lnx86/lib/64bit/libcdsSkillPcell.so: undefined symbol: _ZTIN12OpenAccess_413oaFSComponentE

**ERROR: (IMPOAX-142):	OA features will be disabled in this session.

Change the soft stacksize limit to 0.2%RAM (31 mbytes). Set global soft_stack_size_limit to change the value.

**INFO:  MMMC transition support version v31-84 

<CMD> set_global _enable_mmmc_by_default_flow      $CTE::mmmc_default
<CMD> suppressMessage ENCEXT-2799
<CMD> win

--------------------------------------------------------------------------------
Exiting Innovus on Mon Mar 29 12:39:18 2021
  Total CPU time:     0:00:11
  Total real time:    0:00:38
  Peak memory (main): 457.91MB


*** Memory Usage v#1 (Current mem = 560.414M, initial mem = 251.465M) ***
*** Message Summary: 0 warning(s), 3 error(s)

--- Ending "Innovus" (totcpu=0:00:11.5, real=0:00:37.0, mem=560.4M) ---
