###############################################################
#  Generated by:      Cadence Innovus 18.10-p002_1
#  OS:                Linux x86_64(Host ID ensc-esil-18)
#  Generated on:      Fri Apr  2 12:17:59 2021
#  Design:            aes128key
#  Command:           report_timing -net -format {instance arc cell slew net annotation load delay arrival} -max_paths 10 > results/timing/04-place.setup.rpt
###############################################################
Path 1: VIOLATED Setup Check with Pin sub_reg[9]/CK 
Endpoint:   sub_reg[9]/D   (v) checked with  leading edge of 'CLK'
Beginpoint: w_reg[3][10]/Q (^) triggered by  leading edge of 'CLK'
Path Groups: {CLK}
Analysis View: aes_av
Other End Arrival Time          0.000
- Setup                         0.190
+ Phase Shift                   8.000
= Required Time                 7.810
- Arrival Time                 19.261
= Slack Time                  -11.451
     Clock Rise Edge                 0.000
     + Clock Network Latency (Ideal) 0.000
     = Beginpoint Arrival Time       0.000
     +----------------------------------------------------------------------------------------------------------+ 
     |    Instance     |     Arc      |   Cell    |  Slew |    Net     |    Arc     |  Load   | Delay | Arrival | 
     |                 |              |           |       |            | Annotation |         |       |  Time   | 
     |-----------------+--------------+-----------+-------+------------+------------+---------+-------+---------| 
     | w_reg[3][10]    | CK ^         |           | 0.000 | clock      |            | 413.482 |       |   0.000 | 
     | w_reg[3][10]    | CK ^ -> Q ^  | DFF_X1    | 3.333 | w[3][10]   |            | 427.742 | 3.595 |   3.595 | 
     | C33512          |              | XOR2_X1   | 3.333 | w[3][10]   |       SPEF | 427.742 | 0.080 |   3.675 | 
     | C33512          | B ^ -> Z v   | XOR2_X1   | 0.526 | N10442     |            |   7.940 | 0.667 |   4.343 | 
     | U1400           |              | AOI22_X1  | 0.526 | N10442     |       SPEF |   7.940 | 0.001 |   4.344 | 
     | U1400           | B1 v -> ZN ^ | AOI22_X1  | 7.283 | n1016      |            | 416.129 | 8.164 |  12.507 | 
     | FE_DBTC37_n1016 |              | INV_X1    | 7.283 | n1016      |       SPEF | 416.129 | 0.064 |  12.572 | 
     | FE_DBTC37_n1016 | A ^ -> ZN v  | INV_X1    | 2.327 | cipher[10] |            | 385.195 | 4.321 |  16.893 | 
     | C10560          |              | AND2_X2   | 2.330 | cipher[10] |       SPEF | 385.195 | 0.003 |  16.895 | 
     | C10560          | A1 v -> ZN v | AND2_X2   | 0.110 | N18871     |            |   1.670 | 0.810 |  17.706 | 
     | C10561          |              | OR2_X2    | 0.110 | N18871     |       SPEF |   1.670 | 0.000 |  17.706 | 
     | C10561          | A2 v -> ZN v | OR2_X2    | 0.028 | N18872     |            |   2.425 | 0.217 |  17.923 | 
     | C10563          |              | AND2_X2   | 0.028 | N18872     |       SPEF |   2.425 | 0.000 |  17.923 | 
     | C10563          | A2 v -> ZN v | AND2_X2   | 0.074 | N18874     |            |   1.672 | 0.098 |  18.021 | 
     | C10564          |              | OR2_X2    | 0.074 | N18874     |       SPEF |   1.672 | 0.000 |  18.021 | 
     | C10564          | A2 v -> ZN v | OR2_X2    | 0.027 | N18875     |            |   1.836 | 0.197 |  18.218 | 
     | C10566          |              | AND2_X2   | 0.027 | N18875     |       SPEF |   1.836 | 0.000 |  18.218 | 
     | C10566          | A2 v -> ZN v | AND2_X2   | 0.047 | N18877     |            |   1.910 | 0.098 |  18.316 | 
     | C10567          |              | OR2_X2    | 0.047 | N18877     |       SPEF |   1.910 | 0.000 |  18.316 | 
     | C10567          | A2 v -> ZN v | OR2_X2    | 0.027 | N18878     |            |   1.673 | 0.182 |  18.498 | 
     | C10569          |              | AND2_X2   | 0.027 | N18878     |       SPEF |   1.673 | 0.000 |  18.498 | 
     | C10569          | A2 v -> ZN v | AND2_X2   | 0.029 | N18880     |            |   1.770 | 0.097 |  18.596 | 
     | C10570          |              | OR2_X2    | 0.029 | N18880     |       SPEF |   1.770 | 0.000 |  18.596 | 
     | C10570          | A2 v -> ZN v | OR2_X2    | 0.027 | N18881     |            |   1.922 | 0.173 |  18.769 | 
     | U541            |              | AOI222_X1 | 0.027 | N18881     |       SPEF |   1.922 | 0.000 |  18.769 | 
     | U541            | C1 v -> ZN ^ | AOI222_X1 | 0.252 | n436       |            |   4.219 | 0.409 |  19.178 | 
     | U540            |              | NAND2_X1  | 0.252 | n436       |       SPEF |   4.219 | 0.000 |  19.178 | 
     | U540            | A2 ^ -> ZN v | NAND2_X1  | 0.079 | n662       |            |   1.497 | 0.083 |  19.261 | 
     | sub_reg[9]      |              | DFF_X1    | 0.079 | n662       |       SPEF |   1.497 | 0.000 |  19.261 | 
     +----------------------------------------------------------------------------------------------------------+ 
Path 2: VIOLATED Setup Check with Pin sub_reg[14]/CK 
Endpoint:   sub_reg[14]/D  (v) checked with  leading edge of 'CLK'
Beginpoint: w_reg[3][10]/Q (^) triggered by  leading edge of 'CLK'
Path Groups: {CLK}
Analysis View: aes_av
Other End Arrival Time          0.000
- Setup                         0.189
+ Phase Shift                   8.000
= Required Time                 7.811
- Arrival Time                 19.241
= Slack Time                  -11.430
     Clock Rise Edge                 0.000
     + Clock Network Latency (Ideal) 0.000
     = Beginpoint Arrival Time       0.000
     +----------------------------------------------------------------------------------------------------------+ 
     |    Instance     |     Arc      |   Cell    |  Slew |    Net     |    Arc     |  Load   | Delay | Arrival | 
     |                 |              |           |       |            | Annotation |         |       |  Time   | 
     |-----------------+--------------+-----------+-------+------------+------------+---------+-------+---------| 
     | w_reg[3][10]    | CK ^         |           | 0.000 | clock      |            | 413.482 |       |   0.000 | 
     | w_reg[3][10]    | CK ^ -> Q ^  | DFF_X1    | 3.333 | w[3][10]   |            | 427.742 | 3.595 |   3.595 | 
     | C33512          |              | XOR2_X1   | 3.333 | w[3][10]   |       SPEF | 427.742 | 0.080 |   3.675 | 
     | C33512          | B ^ -> Z v   | XOR2_X1   | 0.526 | N10442     |            |   7.940 | 0.667 |   4.343 | 
     | U1400           |              | AOI22_X1  | 0.526 | N10442     |       SPEF |   7.940 | 0.001 |   4.344 | 
     | U1400           | B1 v -> ZN ^ | AOI22_X1  | 7.283 | n1016      |            | 416.129 | 8.164 |  12.507 | 
     | FE_DBTC37_n1016 |              | INV_X1    | 7.283 | n1016      |       SPEF | 416.129 | 0.064 |  12.572 | 
     | FE_DBTC37_n1016 | A ^ -> ZN v  | INV_X1    | 2.327 | cipher[10] |            | 385.195 | 4.321 |  16.893 | 
     | C11527          |              | AND2_X2   | 2.330 | cipher[10] |       SPEF | 385.195 | 0.003 |  16.895 | 
     | C11527          | A1 v -> ZN v | AND2_X2   | 0.110 | N19807     |            |   1.654 | 0.810 |  17.706 | 
     | C11528          |              | OR2_X2    | 0.110 | N19807     |       SPEF |   1.654 | 0.000 |  17.706 | 
     | C11528          | A2 v -> ZN v | OR2_X2    | 0.103 | N19808     |            |   1.779 | 0.215 |  17.920 | 
     | C11530          |              | AND2_X2   | 0.103 | N19808     |       SPEF |   1.779 | 0.000 |  17.920 | 
     | C11530          | A2 v -> ZN v | AND2_X2   | 0.074 | N19810     |            |   1.740 | 0.144 |  18.064 | 
     | C11531          |              | OR2_X2    | 0.074 | N19810     |       SPEF |   1.740 | 0.000 |  18.064 | 
     | C11531          | A2 v -> ZN v | OR2_X2    | 0.028 | N19811     |            |   2.089 | 0.198 |  18.262 | 
     | C11533          |              | AND2_X2   | 0.028 | N19811     |       SPEF |   2.089 | 0.000 |  18.262 | 
     | C11533          | A2 v -> ZN v | AND2_X2   | 0.047 | N19813     |            |   1.647 | 0.097 |  18.359 | 
     | C11534          |              | OR2_X2    | 0.047 | N19813     |       SPEF |   1.647 | 0.000 |  18.359 | 
     | C11534          | A2 v -> ZN v | OR2_X2    | 0.028 | N19814     |            |   2.047 | 0.184 |  18.543 | 
     | C11536          |              | AND2_X2   | 0.028 | N19814     |       SPEF |   2.047 | 0.000 |  18.543 | 
     | C11536          | A2 v -> ZN v | AND2_X2   | 0.029 | N19816     |            |   1.700 | 0.097 |  18.641 | 
     | C11537          |              | OR2_X2    | 0.029 | N19816     |       SPEF |   1.700 | 0.000 |  18.641 | 
     | C11537          | A2 v -> ZN v | OR2_X2    | 0.027 | N19817     |            |   1.829 | 0.173 |  18.814 | 
     | U382            |              | AOI222_X1 | 0.027 | N19817     |       SPEF |   1.829 | 0.000 |  18.814 | 
     | U382            | C1 v -> ZN ^ | AOI222_X1 | 0.200 | n330       |            |   2.403 | 0.351 |  19.165 | 
     | U381            |              | NAND2_X1  | 0.200 | n330       |       SPEF |   2.403 | 0.000 |  19.165 | 
     | U381            | A2 ^ -> ZN v | NAND2_X1  | 0.078 | n609       |            |   1.414 | 0.076 |  19.241 | 
     | sub_reg[14]     |              | DFF_X1    | 0.078 | n609       |       SPEF |   1.414 | 0.000 |  19.241 | 
     +----------------------------------------------------------------------------------------------------------+ 
Path 3: VIOLATED Setup Check with Pin sub_reg[15]/CK 
Endpoint:   sub_reg[15]/D  (v) checked with  leading edge of 'CLK'
Beginpoint: w_reg[3][10]/Q (^) triggered by  leading edge of 'CLK'
Path Groups: {CLK}
Analysis View: aes_av
Other End Arrival Time          0.000
- Setup                         0.200
+ Phase Shift                   8.000
= Required Time                 7.800
- Arrival Time                 19.224
= Slack Time                  -11.424
     Clock Rise Edge                 0.000
     + Clock Network Latency (Ideal) 0.000
     = Beginpoint Arrival Time       0.000
     +----------------------------------------------------------------------------------------------------------+ 
     |    Instance     |     Arc      |   Cell    |  Slew |    Net     |    Arc     |  Load   | Delay | Arrival | 
     |                 |              |           |       |            | Annotation |         |       |  Time   | 
     |-----------------+--------------+-----------+-------+------------+------------+---------+-------+---------| 
     | w_reg[3][10]    | CK ^         |           | 0.000 | clock      |            | 413.482 |       |   0.000 | 
     | w_reg[3][10]    | CK ^ -> Q ^  | DFF_X1    | 3.333 | w[3][10]   |            | 427.742 | 3.595 |   3.595 | 
     | C33512          |              | XOR2_X1   | 3.333 | w[3][10]   |       SPEF | 427.742 | 0.080 |   3.675 | 
     | C33512          | B ^ -> Z v   | XOR2_X1   | 0.526 | N10442     |            |   7.940 | 0.667 |   4.343 | 
     | U1400           |              | AOI22_X1  | 0.526 | N10442     |       SPEF |   7.940 | 0.001 |   4.344 | 
     | U1400           | B1 v -> ZN ^ | AOI22_X1  | 7.283 | n1016      |            | 416.129 | 8.164 |  12.507 | 
     | FE_DBTC37_n1016 |              | INV_X1    | 7.283 | n1016      |       SPEF | 416.129 | 0.064 |  12.572 | 
     | FE_DBTC37_n1016 | A ^ -> ZN v  | INV_X1    | 2.327 | cipher[10] |            | 385.195 | 4.321 |  16.893 | 
     | C11714          |              | AND2_X2   | 2.330 | cipher[10] |       SPEF | 385.195 | 0.003 |  16.895 | 
     | C11714          | A1 v -> ZN v | AND2_X2   | 0.110 | N19986     |            |   1.664 | 0.810 |  17.706 | 
     | C11715          |              | OR2_X2    | 0.110 | N19986     |       SPEF |   1.664 | 0.000 |  17.706 | 
     | C11715          | A2 v -> ZN v | OR2_X2    | 0.027 | N19987     |            |   1.683 | 0.214 |  17.920 | 
     | C11717          |              | AND2_X2   | 0.027 | N19987     |       SPEF |   1.683 | 0.000 |  17.920 | 
     | C11717          | A2 v -> ZN v | AND2_X2   | 0.075 | N19989     |            |   1.954 | 0.098 |  18.018 | 
     | C11718          |              | OR2_X2    | 0.075 | N19989     |       SPEF |   1.954 | 0.000 |  18.018 | 
     | C11718          | A2 v -> ZN v | OR2_X2    | 0.027 | N19990     |            |   1.639 | 0.196 |  18.214 | 
     | C11720          |              | AND2_X2   | 0.027 | N19990     |       SPEF |   1.639 | 0.000 |  18.214 | 
     | C11720          | A2 v -> ZN v | AND2_X2   | 0.047 | N19992     |            |   1.841 | 0.097 |  18.312 | 
     | C11721          |              | OR2_X2    | 0.047 | N19992     |       SPEF |   1.841 | 0.000 |  18.312 | 
     | C11721          | A2 v -> ZN v | OR2_X2    | 0.027 | N19993     |            |   1.711 | 0.183 |  18.494 | 
     | C11723          |              | AND2_X2   | 0.027 | N19993     |       SPEF |   1.711 | 0.000 |  18.494 | 
     | C11723          | A2 v -> ZN v | AND2_X2   | 0.029 | N19995     |            |   1.689 | 0.097 |  18.591 | 
     | C11724          |              | OR2_X2    | 0.029 | N19995     |       SPEF |   1.689 | 0.000 |  18.591 | 
     | C11724          | A2 v -> ZN v | OR2_X2    | 0.027 | N19996     |            |   1.790 | 0.173 |  18.764 | 
     | U331            |              | AOI222_X1 | 0.027 | N19996     |       SPEF |   1.790 | 0.000 |  18.764 | 
     | U331            | C1 v -> ZN ^ | AOI222_X1 | 0.201 | n272       |            |   2.420 | 0.351 |  19.115 | 
     | U330            |              | NAND2_X1  | 0.201 | n272       |       SPEF |   2.420 | 0.000 |  19.115 | 
     | U330            | A2 ^ -> ZN v | NAND2_X1  | 0.098 | n592       |            |   4.496 | 0.108 |  19.224 | 
     | sub_reg[15]     |              | DFF_X1    | 0.098 | n592       |       SPEF |   4.496 | 0.000 |  19.224 | 
     +----------------------------------------------------------------------------------------------------------+ 
Path 4: VIOLATED Setup Check with Pin sub_reg[10]/CK 
Endpoint:   sub_reg[10]/D  (v) checked with  leading edge of 'CLK'
Beginpoint: w_reg[3][10]/Q (^) triggered by  leading edge of 'CLK'
Path Groups: {CLK}
Analysis View: aes_av
Other End Arrival Time          0.000
- Setup                         0.189
+ Phase Shift                   8.000
= Required Time                 7.811
- Arrival Time                 19.230
= Slack Time                  -11.419
     Clock Rise Edge                 0.000
     + Clock Network Latency (Ideal) 0.000
     = Beginpoint Arrival Time       0.000
     +----------------------------------------------------------------------------------------------------------+ 
     |    Instance     |     Arc      |   Cell    |  Slew |    Net     |    Arc     |  Load   | Delay | Arrival | 
     |                 |              |           |       |            | Annotation |         |       |  Time   | 
     |-----------------+--------------+-----------+-------+------------+------------+---------+-------+---------| 
     | w_reg[3][10]    | CK ^         |           | 0.000 | clock      |            | 413.482 |       |   0.000 | 
     | w_reg[3][10]    | CK ^ -> Q ^  | DFF_X1    | 3.333 | w[3][10]   |            | 427.742 | 3.595 |   3.595 | 
     | C33512          |              | XOR2_X1   | 3.333 | w[3][10]   |       SPEF | 427.742 | 0.080 |   3.675 | 
     | C33512          | B ^ -> Z v   | XOR2_X1   | 0.526 | N10442     |            |   7.940 | 0.667 |   4.343 | 
     | U1400           |              | AOI22_X1  | 0.526 | N10442     |       SPEF |   7.940 | 0.001 |   4.344 | 
     | U1400           | B1 v -> ZN ^ | AOI22_X1  | 7.283 | n1016      |            | 416.129 | 8.164 |  12.507 | 
     | FE_DBTC37_n1016 |              | INV_X1    | 7.283 | n1016      |       SPEF | 416.129 | 0.064 |  12.572 | 
     | FE_DBTC37_n1016 | A ^ -> ZN v  | INV_X1    | 2.327 | cipher[10] |            | 385.195 | 4.321 |  16.893 | 
     | C10726          |              | AND2_X2   | 2.330 | cipher[10] |       SPEF | 385.195 | 0.003 |  16.895 | 
     | C10726          | A1 v -> ZN v | AND2_X2   | 0.110 | N19031     |            |   1.688 | 0.811 |  17.706 | 
     | C10727          |              | OR2_X2    | 0.110 | N19031     |       SPEF |   1.688 | 0.000 |  17.706 | 
     | C10727          | A2 v -> ZN v | OR2_X2    | 0.103 | N19032     |            |   1.874 | 0.215 |  17.921 | 
     | C10729          |              | AND2_X2   | 0.103 | N19032     |       SPEF |   1.874 | 0.000 |  17.921 | 
     | C10729          | A2 v -> ZN v | AND2_X2   | 0.075 | N19034     |            |   1.961 | 0.145 |  18.066 | 
     | C10730          |              | OR2_X2    | 0.075 | N19034     |       SPEF |   1.961 | 0.000 |  18.066 | 
     | C10730          | A2 v -> ZN v | OR2_X2    | 0.028 | N19035     |            |   2.182 | 0.199 |  18.265 | 
     | C10735          |              | AND2_X2   | 0.028 | N19035     |       SPEF |   2.182 | 0.000 |  18.265 | 
     | C10735          | A2 v -> ZN v | AND2_X2   | 0.040 | N19040     |            |   1.622 | 0.097 |  18.362 | 
     | C10737          |              | OR2_X2    | 0.040 | N19040     |       SPEF |   1.622 | 0.000 |  18.362 | 
     | C10737          | A1 v -> ZN v | OR2_X2    | 0.027 | N19042     |            |   1.863 | 0.159 |  18.521 | 
     | C10761          |              | AND2_X2   | 0.027 | N19042     |       SPEF |   1.863 | 0.000 |  18.521 | 
     | C10761          | A2 v -> ZN v | AND2_X2   | 0.033 | N19066     |            |   2.186 | 0.099 |  18.620 | 
     | C10763          |              | OR2_X2    | 0.033 | N19066     |       SPEF |   2.186 | 0.000 |  18.620 | 
     | C10763          | A1 v -> ZN v | OR2_X2    | 0.027 | N19068     |            |   1.747 | 0.155 |  18.775 | 
     | U526            |              | AOI222_X1 | 0.027 | N19068     |       SPEF |   1.747 | 0.000 |  18.775 | 
     | U526            | C1 v -> ZN ^ | AOI222_X1 | 0.222 | n426       |            |   3.168 | 0.375 |  19.151 | 
     | U525            |              | NAND2_X1  | 0.222 | n426       |       SPEF |   3.168 | 0.000 |  19.151 | 
     | U525            | A2 ^ -> ZN v | NAND2_X1  | 0.078 | n657       |            |   1.444 | 0.079 |  19.230 | 
     | sub_reg[10]     |              | DFF_X1    | 0.078 | n657       |       SPEF |   1.444 | 0.000 |  19.230 | 
     +----------------------------------------------------------------------------------------------------------+ 
Path 5: VIOLATED Setup Check with Pin sub_reg[8]/CK 
Endpoint:   sub_reg[8]/D   (v) checked with  leading edge of 'CLK'
Beginpoint: w_reg[3][10]/Q (^) triggered by  leading edge of 'CLK'
Path Groups: {CLK}
Analysis View: aes_av
Other End Arrival Time          0.000
- Setup                         0.189
+ Phase Shift                   8.000
= Required Time                 7.811
- Arrival Time                 19.229
= Slack Time                  -11.418
     Clock Rise Edge                 0.000
     + Clock Network Latency (Ideal) 0.000
     = Beginpoint Arrival Time       0.000
     +----------------------------------------------------------------------------------------------------------+ 
     |    Instance     |     Arc      |   Cell    |  Slew |    Net     |    Arc     |  Load   | Delay | Arrival | 
     |                 |              |           |       |            | Annotation |         |       |  Time   | 
     |-----------------+--------------+-----------+-------+------------+------------+---------+-------+---------| 
     | w_reg[3][10]    | CK ^         |           | 0.000 | clock      |            | 413.482 |       |   0.000 | 
     | w_reg[3][10]    | CK ^ -> Q ^  | DFF_X1    | 3.333 | w[3][10]   |            | 427.742 | 3.595 |   3.595 | 
     | C33512          |              | XOR2_X1   | 3.333 | w[3][10]   |       SPEF | 427.742 | 0.080 |   3.675 | 
     | C33512          | B ^ -> Z v   | XOR2_X1   | 0.526 | N10442     |            |   7.940 | 0.667 |   4.343 | 
     | U1400           |              | AOI22_X1  | 0.526 | N10442     |       SPEF |   7.940 | 0.001 |   4.344 | 
     | U1400           | B1 v -> ZN ^ | AOI22_X1  | 7.283 | n1016      |            | 416.129 | 8.164 |  12.507 | 
     | FE_DBTC37_n1016 |              | INV_X1    | 7.283 | n1016      |       SPEF | 416.129 | 0.064 |  12.572 | 
     | FE_DBTC37_n1016 | A ^ -> ZN v  | INV_X1    | 2.327 | cipher[10] |            | 385.195 | 4.321 |  16.893 | 
     | C10409          |              | AND2_X2   | 2.330 | cipher[10] |       SPEF | 385.195 | 0.003 |  16.895 | 
     | C10409          | A1 v -> ZN v | AND2_X2   | 0.110 | N18726     |            |   1.794 | 0.812 |  17.707 | 
     | C10410          |              | OR2_X2    | 0.110 | N18726     |       SPEF |   1.794 | 0.000 |  17.707 | 
     | C10410          | A2 v -> ZN v | OR2_X2    | 0.103 | N18727     |            |   1.635 | 0.214 |  17.921 | 
     | C10412          |              | AND2_X2   | 0.103 | N18727     |       SPEF |   1.635 | 0.000 |  17.921 | 
     | C10412          | A2 v -> ZN v | AND2_X2   | 0.074 | N18729     |            |   1.931 | 0.144 |  18.066 | 
     | C10413          |              | OR2_X2    | 0.074 | N18729     |       SPEF |   1.931 | 0.000 |  18.066 | 
     | C10413          | A2 v -> ZN v | OR2_X2    | 0.027 | N18730     |            |   1.631 | 0.196 |  18.262 | 
     | C10415          |              | AND2_X2   | 0.027 | N18730     |       SPEF |   1.631 | 0.000 |  18.262 | 
     | C10415          | A2 v -> ZN v | AND2_X2   | 0.047 | N18732     |            |   1.932 | 0.098 |  18.360 | 
     | C10416          |              | OR2_X2    | 0.047 | N18732     |       SPEF |   1.932 | 0.000 |  18.360 | 
     | C10416          | A2 v -> ZN v | OR2_X2    | 0.027 | N18733     |            |   1.959 | 0.184 |  18.543 | 
     | C10418          |              | AND2_X2   | 0.027 | N18733     |       SPEF |   1.959 | 0.000 |  18.544 | 
     | C10418          | A2 v -> ZN v | AND2_X2   | 0.029 | N18735     |            |   1.739 | 0.097 |  18.641 | 
     | C10419          |              | OR2_X2    | 0.029 | N18735     |       SPEF |   1.739 | 0.000 |  18.641 | 
     | C10419          | A2 v -> ZN v | OR2_X2    | 0.027 | N18736     |            |   1.972 | 0.174 |  18.815 | 
     | U547            |              | AOI222_X1 | 0.027 | N18736     |       SPEF |   1.972 | 0.000 |  18.815 | 
     | U547            | B1 v -> ZN ^ | AOI222_X1 | 0.217 | n440       |            |   2.982 | 0.336 |  19.151 | 
     | U546            |              | NAND2_X1  | 0.217 | n440       |       SPEF |   2.982 | 0.000 |  19.151 | 
     | U546            | A2 ^ -> ZN v | NAND2_X1  | 0.078 | n664       |            |   1.409 | 0.078 |  19.229 | 
     | sub_reg[8]      |              | DFF_X1    | 0.078 | n664       |       SPEF |   1.409 | 0.000 |  19.229 | 
     +----------------------------------------------------------------------------------------------------------+ 
Path 6: VIOLATED Setup Check with Pin sub_reg[11]/CK 
Endpoint:   sub_reg[11]/D  (v) checked with  leading edge of 'CLK'
Beginpoint: w_reg[3][10]/Q (^) triggered by  leading edge of 'CLK'
Path Groups: {CLK}
Analysis View: aes_av
Other End Arrival Time          0.000
- Setup                         0.189
+ Phase Shift                   8.000
= Required Time                 7.811
- Arrival Time                 19.203
= Slack Time                  -11.392
     Clock Rise Edge                 0.000
     + Clock Network Latency (Ideal) 0.000
     = Beginpoint Arrival Time       0.000
     +----------------------------------------------------------------------------------------------------------+ 
     |    Instance     |     Arc      |   Cell    |  Slew |    Net     |    Arc     |  Load   | Delay | Arrival | 
     |                 |              |           |       |            | Annotation |         |       |  Time   | 
     |-----------------+--------------+-----------+-------+------------+------------+---------+-------+---------| 
     | w_reg[3][10]    | CK ^         |           | 0.000 | clock      |            | 413.482 |       |   0.000 | 
     | w_reg[3][10]    | CK ^ -> Q ^  | DFF_X1    | 3.333 | w[3][10]   |            | 427.742 | 3.595 |   3.595 | 
     | C33512          |              | XOR2_X1   | 3.333 | w[3][10]   |       SPEF | 427.742 | 0.080 |   3.675 | 
     | C33512          | B ^ -> Z v   | XOR2_X1   | 0.526 | N10442     |            |   7.940 | 0.667 |   4.343 | 
     | U1400           |              | AOI22_X1  | 0.526 | N10442     |       SPEF |   7.940 | 0.001 |   4.344 | 
     | U1400           | B1 v -> ZN ^ | AOI22_X1  | 7.283 | n1016      |            | 416.129 | 8.164 |  12.507 | 
     | FE_DBTC37_n1016 |              | INV_X1    | 7.283 | n1016      |       SPEF | 416.129 | 0.064 |  12.572 | 
     | FE_DBTC37_n1016 | A ^ -> ZN v  | INV_X1    | 2.327 | cipher[10] |            | 385.195 | 4.321 |  16.893 | 
     | C10950          |              | AND2_X2   | 2.330 | cipher[10] |       SPEF | 385.195 | 0.003 |  16.895 | 
     | C10950          | A1 v -> ZN v | AND2_X2   | 0.110 | N19250     |            |   1.811 | 0.812 |  17.708 | 
     | C10951          |              | OR2_X2    | 0.110 | N19250     |       SPEF |   1.811 | 0.000 |  17.708 | 
     | C10951          | A2 v -> ZN v | OR2_X2    | 0.027 | N19251     |            |   1.649 | 0.214 |  17.922 | 
     | C10953          |              | AND2_X2   | 0.027 | N19251     |       SPEF |   1.649 | 0.000 |  17.922 | 
     | C10953          | A2 v -> ZN v | AND2_X2   | 0.074 | N19253     |            |   1.919 | 0.098 |  18.020 | 
     | C10954          |              | OR2_X2    | 0.074 | N19253     |       SPEF |   1.919 | 0.000 |  18.020 | 
     | C10954          | A2 v -> ZN v | OR2_X2    | 0.027 | N19254     |            |   1.803 | 0.197 |  18.217 | 
     | C10956          |              | AND2_X2   | 0.027 | N19254     |       SPEF |   1.803 | 0.000 |  18.217 | 
     | C10956          | A2 v -> ZN v | AND2_X2   | 0.047 | N19256     |            |   1.878 | 0.098 |  18.314 | 
     | C10957          |              | OR2_X2    | 0.047 | N19256     |       SPEF |   1.878 | 0.000 |  18.314 | 
     | C10957          | A2 v -> ZN v | OR2_X2    | 0.027 | N19257     |            |   1.724 | 0.183 |  18.497 | 
     | C10959          |              | AND2_X2   | 0.027 | N19257     |       SPEF |   1.724 | 0.000 |  18.497 | 
     | C10959          | A2 v -> ZN v | AND2_X2   | 0.029 | N19259     |            |   1.763 | 0.097 |  18.594 | 
     | C10960          |              | OR2_X2    | 0.029 | N19259     |       SPEF |   1.763 | 0.000 |  18.594 | 
     | C10960          | A2 v -> ZN v | OR2_X2    | 0.027 | N19260     |            |   1.818 | 0.173 |  18.767 | 
     | U520            |              | AOI222_X1 | 0.027 | N19260     |       SPEF |   1.818 | 0.000 |  18.767 | 
     | U520            | C1 v -> ZN ^ | AOI222_X1 | 0.208 | n422       |            |   2.677 | 0.360 |  19.127 | 
     | U519            |              | NAND2_X1  | 0.208 | n422       |       SPEF |   2.677 | 0.000 |  19.127 | 
     | U519            | A2 ^ -> ZN v | NAND2_X1  | 0.078 | n655       |            |   1.356 | 0.076 |  19.203 | 
     | sub_reg[11]     |              | DFF_X1    | 0.078 | n655       |       SPEF |   1.356 | 0.000 |  19.203 | 
     +----------------------------------------------------------------------------------------------------------+ 
Path 7: VIOLATED Setup Check with Pin sub_reg[12]/CK 
Endpoint:   sub_reg[12]/D  (v) checked with  leading edge of 'CLK'
Beginpoint: w_reg[3][10]/Q (^) triggered by  leading edge of 'CLK'
Path Groups: {CLK}
Analysis View: aes_av
Other End Arrival Time          0.000
- Setup                         0.189
+ Phase Shift                   8.000
= Required Time                 7.811
- Arrival Time                 19.195
= Slack Time                  -11.384
     Clock Rise Edge                 0.000
     + Clock Network Latency (Ideal) 0.000
     = Beginpoint Arrival Time       0.000
     +----------------------------------------------------------------------------------------------------------+ 
     |    Instance     |     Arc      |   Cell    |  Slew |    Net     |    Arc     |  Load   | Delay | Arrival | 
     |                 |              |           |       |            | Annotation |         |       |  Time   | 
     |-----------------+--------------+-----------+-------+------------+------------+---------+-------+---------| 
     | w_reg[3][10]    | CK ^         |           | 0.000 | clock      |            | 413.482 |       |   0.000 | 
     | w_reg[3][10]    | CK ^ -> Q ^  | DFF_X1    | 3.333 | w[3][10]   |            | 427.742 | 3.595 |   3.595 | 
     | C33512          |              | XOR2_X1   | 3.333 | w[3][10]   |       SPEF | 427.742 | 0.080 |   3.675 | 
     | C33512          | B ^ -> Z v   | XOR2_X1   | 0.526 | N10442     |            |   7.940 | 0.667 |   4.343 | 
     | U1400           |              | AOI22_X1  | 0.526 | N10442     |       SPEF |   7.940 | 0.001 |   4.344 | 
     | U1400           | B1 v -> ZN ^ | AOI22_X1  | 7.283 | n1016      |            | 416.129 | 8.164 |  12.507 | 
     | FE_DBTC37_n1016 |              | INV_X1    | 7.283 | n1016      |       SPEF | 416.129 | 0.064 |  12.572 | 
     | FE_DBTC37_n1016 | A ^ -> ZN v  | INV_X1    | 2.327 | cipher[10] |            | 385.195 | 4.321 |  16.893 | 
     | C11145          |              | AND2_X2   | 2.330 | cipher[10] |       SPEF | 385.195 | 0.003 |  16.895 | 
     | C11145          | A1 v -> ZN v | AND2_X2   | 0.111 | N19439     |            |   1.914 | 0.814 |  17.709 | 
     | C11146          |              | OR2_X2    | 0.111 | N19439     |       SPEF |   1.914 | 0.000 |  17.709 | 
     | C11146          | A2 v -> ZN v | OR2_X2    | 0.027 | N19440     |            |   1.697 | 0.214 |  17.923 | 
     | C11148          |              | AND2_X2   | 0.027 | N19440     |       SPEF |   1.697 | 0.000 |  17.923 | 
     | C11148          | A2 v -> ZN v | AND2_X2   | 0.074 | N19442     |            |   1.813 | 0.097 |  18.021 | 
     | C11149          |              | OR2_X2    | 0.074 | N19442     |       SPEF |   1.813 | 0.000 |  18.021 | 
     | C11149          | A2 v -> ZN v | OR2_X2    | 0.027 | N19443     |            |   1.638 | 0.196 |  18.217 | 
     | C11151          |              | AND2_X2   | 0.027 | N19443     |       SPEF |   1.638 | 0.000 |  18.217 | 
     | C11151          | A2 v -> ZN v | AND2_X2   | 0.047 | N19445     |            |   1.687 | 0.097 |  18.314 | 
     | C11152          |              | OR2_X2    | 0.047 | N19445     |       SPEF |   1.687 | 0.000 |  18.314 | 
     | C11152          | A2 v -> ZN v | OR2_X2    | 0.028 | N19446     |            |   2.129 | 0.184 |  18.498 | 
     | C11154          |              | AND2_X2   | 0.028 | N19446     |       SPEF |   2.129 | 0.000 |  18.498 | 
     | C11154          | A2 v -> ZN v | AND2_X2   | 0.029 | N19448     |            |   1.715 | 0.097 |  18.596 | 
     | C11155          |              | OR2_X2    | 0.029 | N19448     |       SPEF |   1.715 | 0.000 |  18.596 | 
     | C11155          | A2 v -> ZN v | OR2_X2    | 0.028 | N19449     |            |   2.518 | 0.176 |  18.772 | 
     | U478            |              | AOI222_X1 | 0.028 | N19449     |       SPEF |   2.518 | 0.000 |  18.772 | 
     | U478            | C1 v -> ZN ^ | AOI222_X1 | 0.197 | n394       |            |   2.301 | 0.348 |  19.120 | 
     | U477            |              | NAND2_X1  | 0.197 | n394       |       SPEF |   2.301 | 0.000 |  19.120 | 
     | U477            | A2 ^ -> ZN v | NAND2_X1  | 0.077 | n641       |            |   1.333 | 0.075 |  19.195 | 
     | sub_reg[12]     |              | DFF_X1    | 0.077 | n641       |       SPEF |   1.333 | 0.000 |  19.195 | 
     +----------------------------------------------------------------------------------------------------------+ 
Path 8: VIOLATED Setup Check with Pin sub_reg[13]/CK 
Endpoint:   sub_reg[13]/D  (v) checked with  leading edge of 'CLK'
Beginpoint: w_reg[3][10]/Q (^) triggered by  leading edge of 'CLK'
Path Groups: {CLK}
Analysis View: aes_av
Other End Arrival Time          0.000
- Setup                         0.190
+ Phase Shift                   8.000
= Required Time                 7.810
- Arrival Time                 19.174
= Slack Time                  -11.363
     Clock Rise Edge                 0.000
     + Clock Network Latency (Ideal) 0.000
     = Beginpoint Arrival Time       0.000
     +----------------------------------------------------------------------------------------------------------+ 
     |    Instance     |     Arc      |   Cell    |  Slew |    Net     |    Arc     |  Load   | Delay | Arrival | 
     |                 |              |           |       |            | Annotation |         |       |  Time   | 
     |-----------------+--------------+-----------+-------+------------+------------+---------+-------+---------| 
     | w_reg[3][10]    | CK ^         |           | 0.000 | clock      |            | 413.482 |       |   0.000 | 
     | w_reg[3][10]    | CK ^ -> Q ^  | DFF_X1    | 3.333 | w[3][10]   |            | 427.742 | 3.595 |   3.595 | 
     | C33512          |              | XOR2_X1   | 3.333 | w[3][10]   |       SPEF | 427.742 | 0.080 |   3.675 | 
     | C33512          | B ^ -> Z v   | XOR2_X1   | 0.526 | N10442     |            |   7.940 | 0.667 |   4.343 | 
     | U1400           |              | AOI22_X1  | 0.526 | N10442     |       SPEF |   7.940 | 0.001 |   4.344 | 
     | U1400           | B1 v -> ZN ^ | AOI22_X1  | 7.283 | n1016      |            | 416.129 | 8.164 |  12.507 | 
     | FE_DBTC37_n1016 |              | INV_X1    | 7.283 | n1016      |       SPEF | 416.129 | 0.064 |  12.572 | 
     | FE_DBTC37_n1016 | A ^ -> ZN v  | INV_X1    | 2.327 | cipher[10] |            | 385.195 | 4.321 |  16.893 | 
     | C11335          |              | AND2_X2   | 2.330 | cipher[10] |       SPEF | 385.195 | 0.003 |  16.895 | 
     | C11335          | A1 v -> ZN v | AND2_X2   | 0.110 | N19622     |            |   1.691 | 0.811 |  17.706 | 
     | C11336          |              | OR2_X2    | 0.110 | N19622     |       SPEF |   1.691 | 0.000 |  17.706 | 
     | C11336          | A2 v -> ZN v | OR2_X2    | 0.027 | N19623     |            |   1.763 | 0.215 |  17.921 | 
     | C11338          |              | AND2_X2   | 0.027 | N19623     |       SPEF |   1.763 | 0.000 |  17.921 | 
     | C11338          | A2 v -> ZN v | AND2_X2   | 0.074 | N19625     |            |   1.922 | 0.098 |  18.019 | 
     | C11339          |              | OR2_X2    | 0.074 | N19625     |       SPEF |   1.922 | 0.000 |  18.019 | 
     | C11339          | A2 v -> ZN v | OR2_X2    | 0.028 | N19626     |            |   2.265 | 0.199 |  18.218 | 
     | C11341          |              | AND2_X2   | 0.028 | N19626     |       SPEF |   2.265 | 0.000 |  18.218 | 
     | C11341          | A2 v -> ZN v | AND2_X2   | 0.047 | N19628     |            |   1.866 | 0.098 |  18.316 | 
     | C11342          |              | OR2_X2    | 0.047 | N19628     |       SPEF |   1.866 | 0.000 |  18.316 | 
     | C11342          | A2 v -> ZN v | OR2_X2    | 0.027 | N19629     |            |   1.648 | 0.182 |  18.498 | 
     | C11344          |              | AND2_X2   | 0.027 | N19629     |       SPEF |   1.648 | 0.000 |  18.498 | 
     | C11344          | A2 v -> ZN v | AND2_X2   | 0.029 | N19631     |            |   1.715 | 0.097 |  18.595 | 
     | C11345          |              | OR2_X2    | 0.029 | N19631     |       SPEF |   1.715 | 0.000 |  18.595 | 
     | C11345          | A2 v -> ZN v | OR2_X2    | 0.029 | N19632     |            |   3.054 | 0.178 |  18.774 | 
     | U2336           |              | AOI222_X2 | 0.029 | N19632     |       SPEF |   3.054 | 0.000 |  18.774 | 
     | U2336           | C1 v -> ZN ^ | AOI222_X2 | 0.175 | n334       |            |   2.676 | 0.325 |  19.099 | 
     | U387            |              | NAND2_X1  | 0.175 | n334       |       SPEF |   2.676 | 0.000 |  19.099 | 
     | U387            | A2 ^ -> ZN v | NAND2_X1  | 0.079 | n611       |            |   1.512 | 0.074 |  19.174 | 
     | sub_reg[13]     |              | DFF_X1    | 0.079 | n611       |       SPEF |   1.512 | 0.000 |  19.174 | 
     +----------------------------------------------------------------------------------------------------------+ 
Path 9: VIOLATED Setup Check with Pin sub_reg[119]/CK 
Endpoint:   sub_reg[119]/D        (v) checked with  leading edge of 'CLK'
Beginpoint: roundCounter_reg[4]/Q (v) triggered by  leading edge of 'CLK'
Path Groups: {CLK}
Analysis View: aes_av
Other End Arrival Time          0.000
- Setup                         0.190
+ Phase Shift                   8.000
= Required Time                 7.810
- Arrival Time                 19.144
= Slack Time                  -11.334
     Clock Rise Edge                 0.000
     + Clock Network Latency (Ideal) 0.000
     = Beginpoint Arrival Time       0.000
     +-------------------------------------------------------------------------------------------------------------------+ 
     |      Instance       |     Arc      |   Cell    |  Slew |       Net       |    Arc     |  Load   | Delay | Arrival | 
     |                     |              |           |       |                 | Annotation |         |       |  Time   | 
     |---------------------+--------------+-----------+-------+-----------------+------------+---------+-------+---------| 
     | roundCounter_reg[4] | CK ^         |           | 0.000 | clock           |            | 413.482 |       |   0.000 | 
     | roundCounter_reg[4] | CK ^ -> Q v  | DFF_X2    | 0.042 | roundCounter[4] |            |  27.368 | 0.305 |   0.305 | 
     | C2285               |              | OR2_X2    | 0.042 | roundCounter[4] |       SPEF |  27.368 | 0.001 |   0.306 | 
     | C2285               | A1 v -> ZN v | OR2_X2    | 0.027 | N11077          |            |   1.710 | 0.160 |   0.466 | 
     | C2286               |              | OR2_X2    | 0.027 | N11077          |       SPEF |   1.710 | 0.000 |   0.466 | 
     | C2286               | A2 v -> ZN v | OR2_X2    | 0.027 | N11078          |            |   1.655 | 0.171 |   0.637 | 
     | C2287               |              | OR2_X2    | 0.027 | N11078          |       SPEF |   1.655 | 0.000 |   0.637 | 
     | C2287               | A2 v -> ZN v | OR2_X2    | 0.288 | N11079          |            | 252.055 | 0.458 |   1.095 | 
     | FE_DBTC0_N11079     |              | INV_X1    | 0.298 | N11079          |       SPEF | 252.055 | 0.082 |   1.177 | 
     | FE_DBTC0_N11079     | A v -> ZN ^  | INV_X1    | 2.044 | FE_DBTN0_N11079 |            | 262.653 | 2.261 |   3.438 | 
     | U1148               |              | AOI22_X1  | 2.044 | FE_DBTN0_N11079 |       SPEF | 262.653 | 0.014 |   3.453 | 
     | U1148               | A2 ^ -> ZN v | AOI22_X1  | 0.355 | n882            |            |   8.277 | 0.473 |   3.925 | 
     | U1147               |              | INV_X1    | 0.355 | n882            |       SPEF |   8.277 | 0.001 |   3.927 | 
     | U1147               | A v -> ZN ^  | INV_X1    | 0.113 | mix[114]        |            |   5.133 | 0.222 |   4.149 | 
     | C33536              |              | XOR2_X1   | 0.113 | mix[114]        |       SPEF |   5.133 | 0.001 |   4.149 | 
     | C33536              | A ^ -> Z v   | XOR2_X1   | 0.037 | N10466          |            |   1.732 | 0.066 |   4.215 | 
     | U1391               |              | AOI22_X1  | 0.037 | N10466          |       SPEF |   1.732 | 0.000 |   4.215 | 
     | U1391               | A1 v -> ZN ^ | AOI22_X1  | 7.475 | n1011           |            | 423.458 | 7.881 |  12.096 | 
     | FE_DBTC154_n1011    |              | INV_X1    | 7.478 | n1011           |       SPEF | 423.458 | 0.205 |  12.301 | 
     | FE_DBTC154_n1011    | A ^ -> ZN v  | INV_X1    | 2.372 | cipher[114]     |            | 379.474 | 4.393 |  16.695 | 
     | C31734              |              | AND2_X2   | 2.374 | cipher[114]     |       SPEF | 379.474 | 0.003 |  16.698 | 
     | C31734              | A1 v -> ZN v | AND2_X2   | 0.112 | N39369          |            |   1.649 | 0.823 |  17.521 | 
     | C31735              |              | OR2_X2    | 0.112 | N39369          |       SPEF |   1.649 | 0.000 |  17.521 | 
     | C31735              | A2 v -> ZN v | OR2_X2    | 0.027 | N39370          |            |   1.703 | 0.215 |  17.736 | 
     | C31737              |              | AND2_X2   | 0.027 | N39370          |       SPEF |   1.703 | 0.000 |  17.736 | 
     | C31737              | A2 v -> ZN v | AND2_X2   | 0.076 | N39372          |            |   1.665 | 0.097 |  17.833 | 
     | C31738              |              | OR2_X2    | 0.076 | N39372          |       SPEF |   1.665 | 0.000 |  17.833 | 
     | C31738              | A2 v -> ZN v | OR2_X2    | 0.027 | N39373          |            |   1.961 | 0.198 |  18.031 | 
     | C31740              |              | AND2_X2   | 0.027 | N39373          |       SPEF |   1.961 | 0.000 |  18.032 | 
     | C31740              | A2 v -> ZN v | AND2_X2   | 0.050 | N39375          |            |   1.910 | 0.098 |  18.130 | 
     | C31741              |              | OR2_X2    | 0.050 | N39375          |       SPEF |   1.910 | 0.000 |  18.130 | 
     | C31741              | A2 v -> ZN v | OR2_X2    | 0.027 | N39376          |            |   1.700 | 0.184 |  18.314 | 
     | C31743              |              | AND2_X2   | 0.027 | N39376          |       SPEF |   1.700 | 0.000 |  18.314 | 
     | C31743              | A2 v -> ZN v | AND2_X2   | 0.030 | N39378          |            |   1.681 | 0.097 |  18.411 | 
     | C31744              |              | OR2_X2    | 0.030 | N39378          |       SPEF |   1.681 | 0.000 |  18.411 | 
     | C31744              | A2 v -> ZN v | OR2_X2    | 0.028 | N39379          |            |   2.071 | 0.175 |  18.585 | 
     | U376                |              | AOI222_X1 | 0.028 | N39379          |       SPEF |   2.071 | 0.000 |  18.586 | 
     | U376                | C1 v -> ZN ^ | AOI222_X1 | 0.305 | n326            |            |   6.085 | 0.468 |  19.054 | 
     | U375                |              | NAND2_X1  | 0.306 | n326            |       SPEF |   6.085 | 0.001 |  19.055 | 
     | U375                | A2 ^ -> ZN v | NAND2_X1  | 0.080 | n607            |            |   1.666 | 0.089 |  19.144 | 
     | sub_reg[119]        |              | DFF_X1    | 0.080 | n607            |       SPEF |   1.666 | 0.000 |  19.144 | 
     +-------------------------------------------------------------------------------------------------------------------+ 
Path 10: VIOLATED Setup Check with Pin sub_reg[118]/CK 
Endpoint:   sub_reg[118]/D        (v) checked with  leading edge of 'CLK'
Beginpoint: roundCounter_reg[4]/Q (v) triggered by  leading edge of 'CLK'
Path Groups: {CLK}
Analysis View: aes_av
Other End Arrival Time          0.000
- Setup                         0.189
+ Phase Shift                   8.000
= Required Time                 7.811
- Arrival Time                 19.119
= Slack Time                  -11.308
     Clock Rise Edge                 0.000
     + Clock Network Latency (Ideal) 0.000
     = Beginpoint Arrival Time       0.000
     +-------------------------------------------------------------------------------------------------------------------+ 
     |      Instance       |     Arc      |   Cell    |  Slew |       Net       |    Arc     |  Load   | Delay | Arrival | 
     |                     |              |           |       |                 | Annotation |         |       |  Time   | 
     |---------------------+--------------+-----------+-------+-----------------+------------+---------+-------+---------| 
     | roundCounter_reg[4] | CK ^         |           | 0.000 | clock           |            | 413.482 |       |   0.000 | 
     | roundCounter_reg[4] | CK ^ -> Q v  | DFF_X2    | 0.042 | roundCounter[4] |            |  27.368 | 0.305 |   0.305 | 
     | C2285               |              | OR2_X2    | 0.042 | roundCounter[4] |       SPEF |  27.368 | 0.001 |   0.306 | 
     | C2285               | A1 v -> ZN v | OR2_X2    | 0.027 | N11077          |            |   1.710 | 0.160 |   0.466 | 
     | C2286               |              | OR2_X2    | 0.027 | N11077          |       SPEF |   1.710 | 0.000 |   0.466 | 
     | C2286               | A2 v -> ZN v | OR2_X2    | 0.027 | N11078          |            |   1.655 | 0.171 |   0.637 | 
     | C2287               |              | OR2_X2    | 0.027 | N11078          |       SPEF |   1.655 | 0.000 |   0.637 | 
     | C2287               | A2 v -> ZN v | OR2_X2    | 0.288 | N11079          |            | 252.055 | 0.458 |   1.095 | 
     | FE_DBTC0_N11079     |              | INV_X1    | 0.298 | N11079          |       SPEF | 252.055 | 0.082 |   1.177 | 
     | FE_DBTC0_N11079     | A v -> ZN ^  | INV_X1    | 2.044 | FE_DBTN0_N11079 |            | 262.653 | 2.261 |   3.438 | 
     | U1148               |              | AOI22_X1  | 2.044 | FE_DBTN0_N11079 |       SPEF | 262.653 | 0.014 |   3.453 | 
     | U1148               | A2 ^ -> ZN v | AOI22_X1  | 0.355 | n882            |            |   8.277 | 0.473 |   3.925 | 
     | U1147               |              | INV_X1    | 0.355 | n882            |       SPEF |   8.277 | 0.001 |   3.927 | 
     | U1147               | A v -> ZN ^  | INV_X1    | 0.113 | mix[114]        |            |   5.133 | 0.222 |   4.149 | 
     | C33536              |              | XOR2_X1   | 0.113 | mix[114]        |       SPEF |   5.133 | 0.001 |   4.149 | 
     | C33536              | A ^ -> Z v   | XOR2_X1   | 0.037 | N10466          |            |   1.732 | 0.066 |   4.215 | 
     | U1391               |              | AOI22_X1  | 0.037 | N10466          |       SPEF |   1.732 | 0.000 |   4.215 | 
     | U1391               | A1 v -> ZN ^ | AOI22_X1  | 7.475 | n1011           |            | 423.458 | 7.881 |  12.096 | 
     | FE_DBTC154_n1011    |              | INV_X1    | 7.478 | n1011           |       SPEF | 423.458 | 0.205 |  12.301 | 
     | FE_DBTC154_n1011    | A ^ -> ZN v  | INV_X1    | 2.372 | cipher[114]     |            | 379.474 | 4.393 |  16.695 | 
     | C31547              |              | AND2_X2   | 2.374 | cipher[114]     |       SPEF | 379.474 | 0.003 |  16.698 | 
     | C31547              | A1 v -> ZN v | AND2_X2   | 0.112 | N39190          |            |   1.802 | 0.825 |  17.523 | 
     | C31548              |              | OR2_X2    | 0.112 | N39190          |       SPEF |   1.802 | 0.000 |  17.523 | 
     | C31548              | A2 v -> ZN v | OR2_X2    | 0.106 | N39191          |            |   1.795 | 0.216 |  17.739 | 
     | C31550              |              | AND2_X2   | 0.106 | N39191          |       SPEF |   1.795 | 0.000 |  17.739 | 
     | C31550              | A2 v -> ZN v | AND2_X2   | 0.076 | N39193          |            |   1.934 | 0.146 |  17.885 | 
     | C31551              |              | OR2_X2    | 0.076 | N39193          |       SPEF |   1.934 | 0.000 |  17.885 | 
     | C31551              | A2 v -> ZN v | OR2_X2    | 0.027 | N39194          |            |   1.681 | 0.197 |  18.082 | 
     | C31553              |              | AND2_X2   | 0.027 | N39194          |       SPEF |   1.681 | 0.000 |  18.082 | 
     | C31553              | A2 v -> ZN v | AND2_X2   | 0.049 | N39196          |            |   1.823 | 0.097 |  18.180 | 
     | C31554              |              | OR2_X2    | 0.049 | N39196          |       SPEF |   1.823 | 0.000 |  18.180 | 
     | C31554              | A2 v -> ZN v | OR2_X2    | 0.027 | N39197          |            |   1.951 | 0.185 |  18.365 | 
     | C31556              |              | AND2_X2   | 0.027 | N39197          |       SPEF |   1.951 | 0.000 |  18.365 | 
     | C31556              | A2 v -> ZN v | AND2_X2   | 0.031 | N39199          |            |   2.037 | 0.098 |  18.464 | 
     | C31557              |              | OR2_X2    | 0.031 | N39199          |       SPEF |   2.037 | 0.000 |  18.464 | 
     | C31557              | A2 v -> ZN v | OR2_X2    | 0.027 | N39200          |            |   1.750 | 0.174 |  18.637 | 
     | U418                |              | AOI222_X1 | 0.027 | N39200          |       SPEF |   1.750 | 0.000 |  18.637 | 
     | U418                | C1 v -> ZN ^ | AOI222_X1 | 0.245 | n354            |            |   3.979 | 0.401 |  19.038 | 
     | U417                |              | NAND2_X1  | 0.245 | n354            |       SPEF |   3.979 | 0.000 |  19.039 | 
     | U417                | A2 ^ -> ZN v | NAND2_X1  | 0.078 | n621            |            |   1.352 | 0.080 |  19.119 | 
     | sub_reg[118]        |              | DFF_X1    | 0.078 | n621            |       SPEF |   1.352 | 0.000 |  19.119 | 
     +-------------------------------------------------------------------------------------------------------------------+ 

