###############################################################
#  Generated by:      Cadence Innovus 18.10-p002_1
#  OS:                Linux x86_64(Host ID ensc-esil-18)
#  Generated on:      Fri Apr  2 12:19:49 2021
#  Design:            aes128key
#  Command:           report_timing -net -format {instance arc cell slew net annotation load delay arrival} -max_paths 10 > results/timing/05-postPlaceOpt.rpt
###############################################################
Path 1: MET Setup Check with Pin sub_reg[33]/CK 
Endpoint:   sub_reg[33]/D         (v) checked with  leading edge of 'CLK'
Beginpoint: roundCounter_reg[4]/Q (^) triggered by  leading edge of 'CLK'
Path Groups: {CLK}
Analysis View: aes_av
Other End Arrival Time          0.000
- Setup                         0.170
+ Phase Shift                   8.000
= Required Time                 7.830
- Arrival Time                  6.601
= Slack Time                    1.229
     Clock Rise Edge                 0.000
     + Clock Network Latency (Ideal) 0.000
     = Beginpoint Arrival Time       0.000
     +---------------------------------------------------------------------------------------------------------------------------------+ 
     |         Instance         |     Arc      |   Cell    |  Slew |           Net            |    Arc     |  Load   | Delay | Arrival | 
     |                          |              |           |       |                          | Annotation |         |       |  Time   | 
     |--------------------------+--------------+-----------+-------+--------------------------+------------+---------+-------+---------| 
     | roundCounter_reg[4]      | CK ^         |           | 0.000 | clock                    |            | 406.783 |       |   0.000 | 
     | roundCounter_reg[4]      | CK ^ -> Q ^  | DFF_X1    | 0.164 | roundCounter[4]          |            |  19.957 | 0.434 |   0.434 | 
     | C2285                    |              | OR2_X1    | 0.164 | roundCounter[4]          |       SPEF |  19.957 | 0.001 |   0.434 | 
     | C2285                    | A1 ^ -> ZN ^ | OR2_X1    | 0.024 | N11077                   |            |   1.271 | 0.111 |   0.546 | 
     | C2286                    |              | OR2_X1    | 0.024 | N11077                   |       SPEF |   1.271 | 0.000 |   0.546 | 
     | C2286                    | A2 ^ -> ZN ^ | OR2_X1    | 0.019 | N11078                   |            |   1.025 | 0.062 |   0.608 | 
     | C2287                    |              | OR2_X1    | 0.019 | N11078                   |       SPEF |   1.025 | 0.000 |   0.608 | 
     | C2287                    | A2 ^ -> ZN ^ | OR2_X1    | 0.100 | N11079                   |            |  11.279 | 0.148 |   0.756 | 
     | FE_OFC52_N11079          |              | CLKBUF_X3 | 0.100 | N11079                   |       SPEF |  11.279 | 0.002 |   0.757 | 
     | FE_OFC52_N11079          | A ^ -> Z ^   | CLKBUF_X3 | 0.353 | FE_OFN52_N11079          |            | 129.528 | 0.455 |   1.212 | 
     | FE_OFC53_N11079          |              | CLKBUF_X3 | 0.354 | FE_OFN52_N11079          |       SPEF | 129.528 | 0.015 |   1.227 | 
     | FE_OFC53_N11079          | A ^ -> Z ^   | CLKBUF_X3 | 0.357 | FE_OFN53_N11079          |            | 131.646 | 0.541 |   1.768 | 
     | FE_DBTC0_N11079          |              | INV_X4    | 0.358 | FE_OFN53_N11079          |       SPEF | 131.646 | 0.012 |   1.780 | 
     | FE_DBTC0_N11079          | A ^ -> ZN v  | INV_X4    | 0.135 | FE_DBTN0_N11079          |            | 118.995 | 0.247 |   2.027 | 
     | FE_OFC82_FE_DBTN0_N11079 |              | CLKBUF_X3 | 0.135 | FE_DBTN0_N11079          |       SPEF | 118.995 | 0.005 |   2.032 | 
     | FE_OFC82_FE_DBTN0_N11079 | A v -> Z v   | CLKBUF_X3 | 0.197 | FE_OFN82_FE_DBTN0_N11079 |            | 116.626 | 0.366 |   2.398 | 
     | U1070                    |              | AOI22_X1  | 0.198 | FE_OFN82_FE_DBTN0_N11079 |       SPEF | 116.626 | 0.012 |   2.410 | 
     | U1070                    | A2 v -> ZN ^ | AOI22_X1  | 0.115 | n843                     |            |   2.701 | 0.247 |   2.657 | 
     | U1069                    |              | INV_X1    | 0.116 | n843                     |       SPEF |   2.701 | 0.000 |   2.657 | 
     | U1069                    | A ^ -> ZN v  | INV_X1    | 0.040 | mix[34]                  |            |   7.984 | 0.078 |   2.735 | 
     | C33616                   |              | XOR2_X1   | 0.040 | mix[34]                  |       SPEF |   7.984 | 0.001 |   2.737 | 
     | C33616                   | A v -> Z v   | XOR2_X1   | 0.034 | N10546                   |            |   1.748 | 0.188 |   2.925 | 
     | U1318                    |              | AOI22_X1  | 0.034 | N10546                   |       SPEF |   1.748 | 0.000 |   2.925 | 
     | U1318                    | A1 v -> ZN ^ | AOI22_X1  | 0.308 | n972                     |            |  13.826 | 0.357 |   3.282 | 
     | FE_OFC190_n972           |              | BUF_X2    | 0.308 | n972                     |       SPEF |  13.826 | 0.003 |   3.285 | 
     | FE_OFC190_n972           | A ^ -> Z ^   | BUF_X2    | 0.326 | FE_OFN190_n972           |            |  79.657 | 0.438 |   3.723 | 
     | FE_OFC192_n972           |              | BUF_X2    | 0.326 | FE_OFN190_n972           |       SPEF |  79.657 | 0.010 |   3.733 | 
     | FE_OFC192_n972           | A ^ -> Z ^   | BUF_X2    | 0.323 | FE_OFN192_n972           |            |  79.286 | 0.439 |   4.172 | 
     | FE_DBTC64_n972           |              | INV_X2    | 0.323 | FE_OFN192_n972           |       SPEF |  79.286 | 0.003 |   4.175 | 
     | FE_DBTC64_n972           | A ^ -> ZN v  | INV_X2    | 0.142 | cipher[34]               |            |  87.472 | 0.295 |   4.470 | 
     | FE_OFC348_cipher_34      |              | BUF_X2    | 0.142 | cipher[34]               |       SPEF |  87.472 | 0.002 |   4.471 | 
     | FE_OFC348_cipher_34      | A v -> Z v   | BUF_X2    | 0.080 | FE_OFN348_cipher_34      |            |  65.412 | 0.239 |   4.711 | 
     | FE_OFC350_cipher_34      |              | CLKBUF_X2 | 0.080 | FE_OFN348_cipher_34      |       SPEF |  65.412 | 0.007 |   4.718 | 
     | FE_OFC350_cipher_34      | A v -> Z v   | CLKBUF_X2 | 0.111 | FE_OFN350_cipher_34      |            |  44.483 | 0.236 |   4.954 | 
     | C15177                   |              | AND2_X1   | 0.111 | FE_OFN350_cipher_34      |       SPEF |  44.483 | 0.002 |   4.956 | 
     | C15177                   | A1 v -> ZN v | AND2_X1   | 0.017 | N23341                   |            |   1.045 | 0.145 |   5.101 | 
     | C15178                   |              | OR2_X1    | 0.017 | N23341                   |       SPEF |   1.045 | 0.000 |   5.101 | 
     | C15178                   | A2 v -> ZN v | OR2_X1    | 0.030 | N23342                   |            |   1.287 | 0.180 |   5.281 | 
     | C15182                   |              | AND2_X1   | 0.030 | N23342                   |       SPEF |   1.287 | 0.000 |   5.281 | 
     | C15182                   | A2 v -> ZN v | AND2_X1   | 0.016 | N23346                   |            |   0.865 | 0.104 |   5.385 | 
     | C15184                   |              | OR2_X1    | 0.016 | N23346                   |       SPEF |   0.865 | 0.000 |   5.385 | 
     | C15184                   | A1 v -> ZN v | OR2_X1    | 0.031 | N23348                   |            |   1.845 | 0.167 |   5.552 | 
     | C15186                   |              | AND2_X1   | 0.031 | N23348                   |       SPEF |   1.845 | 0.000 |   5.552 | 
     | C15186                   | A2 v -> ZN v | AND2_X1   | 0.019 | N23350                   |            |   0.999 | 0.105 |   5.658 | 
     | C15187                   |              | OR2_X1    | 0.019 | N23350                   |       SPEF |   0.999 | 0.000 |   5.658 | 
     | C15187                   | A2 v -> ZN v | OR2_X1    | 0.031 | N23351                   |            |   1.806 | 0.186 |   5.843 | 
     | C15189                   |              | AND2_X1   | 0.031 | N23351                   |       SPEF |   1.806 | 0.000 |   5.843 | 
     | C15189                   | A2 v -> ZN v | AND2_X1   | 0.016 | N23353                   |            |   0.970 | 0.105 |   5.948 | 
     | C15190                   |              | OR2_X1    | 0.016 | N23353                   |       SPEF |   0.970 | 0.000 |   5.948 | 
     | C15190                   | A2 v -> ZN v | OR2_X1    | 0.031 | N23354                   |            |   1.806 | 0.184 |   6.133 | 
     | U557                     |              | AOI222_X1 | 0.031 | N23354                   |       SPEF |   1.806 | 0.000 |   6.133 | 
     | U557                     | C1 v -> ZN ^ | AOI222_X1 | 0.235 | n445                     |            |   3.622 | 0.392 |   6.525 | 
     | U556                     |              | NAND2_X1  | 0.235 | n445                     |       SPEF |   3.622 | 0.000 |   6.525 | 
     | U556                     | A2 ^ -> ZN v | NAND2_X1  | 0.040 | n665                     |            |   1.185 | 0.077 |   6.601 | 
     | sub_reg[33]              |              | DFF_X1    | 0.040 | n665                     |       SPEF |   1.185 | 0.000 |   6.601 | 
     +---------------------------------------------------------------------------------------------------------------------------------+ 
Path 2: MET Setup Check with Pin sub_reg[54]/CK 
Endpoint:   sub_reg[54]/D         (v) checked with  leading edge of 'CLK'
Beginpoint: roundCounter_reg[4]/Q (^) triggered by  leading edge of 'CLK'
Path Groups: {CLK}
Analysis View: aes_av
Other End Arrival Time          0.000
- Setup                         0.170
+ Phase Shift                   8.000
= Required Time                 7.830
- Arrival Time                  6.578
= Slack Time                    1.252
     Clock Rise Edge                 0.000
     + Clock Network Latency (Ideal) 0.000
     = Beginpoint Arrival Time       0.000
     +---------------------------------------------------------------------------------------------------------------------------------+ 
     |         Instance         |     Arc      |   Cell    |  Slew |           Net            |    Arc     |  Load   | Delay | Arrival | 
     |                          |              |           |       |                          | Annotation |         |       |  Time   | 
     |--------------------------+--------------+-----------+-------+--------------------------+------------+---------+-------+---------| 
     | roundCounter_reg[4]      | CK ^         |           | 0.000 | clock                    |            | 406.783 |       |   0.000 | 
     | roundCounter_reg[4]      | CK ^ -> Q ^  | DFF_X1    | 0.164 | roundCounter[4]          |            |  19.957 | 0.434 |   0.434 | 
     | C2285                    |              | OR2_X1    | 0.164 | roundCounter[4]          |       SPEF |  19.957 | 0.001 |   0.434 | 
     | C2285                    | A1 ^ -> ZN ^ | OR2_X1    | 0.024 | N11077                   |            |   1.271 | 0.111 |   0.546 | 
     | C2286                    |              | OR2_X1    | 0.024 | N11077                   |       SPEF |   1.271 | 0.000 |   0.546 | 
     | C2286                    | A2 ^ -> ZN ^ | OR2_X1    | 0.019 | N11078                   |            |   1.025 | 0.062 |   0.608 | 
     | C2287                    |              | OR2_X1    | 0.019 | N11078                   |       SPEF |   1.025 | 0.000 |   0.608 | 
     | C2287                    | A2 ^ -> ZN ^ | OR2_X1    | 0.100 | N11079                   |            |  11.279 | 0.148 |   0.756 | 
     | FE_OFC52_N11079          |              | CLKBUF_X3 | 0.100 | N11079                   |       SPEF |  11.279 | 0.002 |   0.757 | 
     | FE_OFC52_N11079          | A ^ -> Z ^   | CLKBUF_X3 | 0.353 | FE_OFN52_N11079          |            | 129.528 | 0.455 |   1.212 | 
     | FE_OFC53_N11079          |              | CLKBUF_X3 | 0.354 | FE_OFN52_N11079          |       SPEF | 129.528 | 0.015 |   1.227 | 
     | FE_OFC53_N11079          | A ^ -> Z ^   | CLKBUF_X3 | 0.357 | FE_OFN53_N11079          |            | 131.646 | 0.541 |   1.768 | 
     | FE_DBTC0_N11079          |              | INV_X4    | 0.358 | FE_OFN53_N11079          |       SPEF | 131.646 | 0.012 |   1.780 | 
     | FE_DBTC0_N11079          | A ^ -> ZN v  | INV_X4    | 0.135 | FE_DBTN0_N11079          |            | 118.995 | 0.247 |   2.027 | 
     | FE_OFC82_FE_DBTN0_N11079 |              | CLKBUF_X3 | 0.135 | FE_DBTN0_N11079          |       SPEF | 118.995 | 0.005 |   2.032 | 
     | FE_OFC82_FE_DBTN0_N11079 | A v -> Z v   | CLKBUF_X3 | 0.197 | FE_OFN82_FE_DBTN0_N11079 |            | 116.626 | 0.366 |   2.398 | 
     | U1038                    |              | AOI22_X1  | 0.198 | FE_OFN82_FE_DBTN0_N11079 |       SPEF | 116.626 | 0.015 |   2.413 | 
     | U1038                    | B2 v -> ZN ^ | AOI22_X1  | 0.107 | n827                     |            |   2.089 | 0.267 |   2.680 | 
     | U1037                    |              | INV_X1    | 0.107 | n827                     |       SPEF |   2.089 | 0.000 |   2.680 | 
     | U1037                    | A ^ -> ZN v  | INV_X1    | 0.034 | mix[49]                  |            |   5.557 | 0.064 |   2.744 | 
     | C33601                   |              | XOR2_X1   | 0.034 | mix[49]                  |       SPEF |   5.557 | 0.000 |   2.745 | 
     | C33601                   | A v -> Z v   | XOR2_X1   | 0.034 | N10531                   |            |   1.776 | 0.185 |   2.930 | 
     | U1288                    |              | AOI22_X1  | 0.034 | N10531                   |       SPEF |   1.776 | 0.000 |   2.930 | 
     | U1288                    | A1 v -> ZN ^ | AOI22_X1  | 0.204 | n956                     |            |   8.132 | 0.243 |   3.174 | 
     | FE_OFC169_n956           |              | CLKBUF_X2 | 0.204 | n956                     |       SPEF |   8.132 | 0.000 |   3.174 | 
     | FE_OFC169_n956           | A ^ -> Z ^   | CLKBUF_X2 | 0.308 | FE_OFN169_n956           |            |  75.059 | 0.435 |   3.609 | 
     | FE_OFC170_n956           |              | BUF_X1    | 0.308 | FE_OFN169_n956           |       SPEF |  75.059 | 0.011 |   3.619 | 
     | FE_OFC170_n956           | A ^ -> Z ^   | BUF_X1    | 0.322 | FE_OFN170_n956           |            |  39.974 | 0.446 |   4.065 | 
     | FE_DBTC80_n956           |              | INV_X2    | 0.322 | FE_OFN170_n956           |       SPEF |  39.974 | 0.001 |   4.066 | 
     | FE_DBTC80_n956           | A ^ -> ZN v  | INV_X2    | 0.140 | FE_OFN338_cipher_49      |            |  82.058 | 0.281 |   4.347 | 
     | FE_OFC338_cipher_49      |              | BUF_X1    | 0.140 | FE_OFN338_cipher_49      |       SPEF |  82.058 | 0.003 |   4.350 | 
     | FE_OFC338_cipher_49      | A v -> Z v   | BUF_X1    | 0.087 | cipher[49]               |            |  37.069 | 0.261 |   4.611 | 
     | C19098                   |              | AND2_X1   | 0.088 | cipher[49]               |       SPEF |  37.069 | 0.001 |   4.612 | 
     | C19098                   | A1 v -> ZN v | AND2_X1   | 0.018 | N27135                   |            |   0.951 | 0.131 |   4.743 | 
     | C19099                   |              | OR2_X1    | 0.018 | N27135                   |       SPEF |   0.951 | 0.000 |   4.743 | 
     | C19099                   | A2 v -> ZN v | OR2_X1    | 0.051 | N27136                   |            |  10.671 | 0.232 |   4.975 | 
     | C19206                   |              | AND2_X1   | 0.051 | N27136                   |       SPEF |  10.671 | 0.000 |   4.975 | 
     | C19206                   | A2 v -> ZN v | AND2_X1   | 0.018 | N27242                   |            |   1.063 | 0.118 |   5.093 | 
     | C19207                   |              | OR2_X1    | 0.018 | N27242                   |       SPEF |   1.063 | 0.000 |   5.093 | 
     | C19207                   | A2 v -> ZN v | OR2_X1    | 0.029 | N27243                   |            |   0.967 | 0.178 |   5.271 | 
     | C19209                   |              | AND2_X1   | 0.029 | N27243                   |       SPEF |   0.967 | 0.000 |   5.271 | 
     | C19209                   | A2 v -> ZN v | AND2_X1   | 0.017 | N27245                   |            |   1.117 | 0.105 |   5.375 | 
     | C19210                   |              | OR2_X1    | 0.017 | N27245                   |       SPEF |   1.117 | 0.000 |   5.375 | 
     | C19210                   | A2 v -> ZN v | OR2_X1    | 0.030 | N27246                   |            |   1.193 | 0.179 |   5.555 | 
     | C19212                   |              | AND2_X1   | 0.030 | N27246                   |       SPEF |   1.193 | 0.000 |   5.555 | 
     | C19212                   | A2 v -> ZN v | AND2_X1   | 0.019 | N27248                   |            |   0.964 | 0.104 |   5.659 | 
     | C19213                   |              | OR2_X1    | 0.019 | N27248                   |       SPEF |   0.964 | 0.000 |   5.659 | 
     | C19213                   | A2 v -> ZN v | OR2_X1    | 0.031 | N27249                   |            |   1.560 | 0.183 |   5.842 | 
     | C19235                   |              | AND2_X1   | 0.031 | N27249                   |       SPEF |   1.560 | 0.000 |   5.842 | 
     | C19235                   | A2 v -> ZN v | AND2_X1   | 0.017 | N27270                   |            |   0.997 | 0.105 |   5.947 | 
     | C19237                   |              | OR2_X1    | 0.017 | N27270                   |       SPEF |   0.997 | 0.000 |   5.947 | 
     | C19237                   | A1 v -> ZN v | OR2_X1    | 0.031 | N27272                   |            |   1.703 | 0.166 |   6.113 | 
     | U349                     |              | AOI222_X1 | 0.031 | N27272                   |       SPEF |   1.703 | 0.000 |   6.113 | 
     | U349                     | C1 v -> ZN ^ | AOI222_X1 | 0.227 | n296                     |            |   3.323 | 0.382 |   6.495 | 
     | U348                     |              | NAND2_X1  | 0.227 | n296                     |       SPEF |   3.323 | 0.000 |   6.495 | 
     | U348                     | A2 ^ -> ZN v | NAND2_X1  | 0.041 | n598                     |            |   1.658 | 0.082 |   6.578 | 
     | sub_reg[54]              |              | DFF_X1    | 0.041 | n598                     |       SPEF |   1.658 | 0.000 |   6.578 | 
     +---------------------------------------------------------------------------------------------------------------------------------+ 
Path 3: MET Setup Check with Pin sub_reg[49]/CK 
Endpoint:   sub_reg[49]/D         (v) checked with  leading edge of 'CLK'
Beginpoint: roundCounter_reg[4]/Q (^) triggered by  leading edge of 'CLK'
Path Groups: {CLK}
Analysis View: aes_av
Other End Arrival Time          0.000
- Setup                         0.170
+ Phase Shift                   8.000
= Required Time                 7.830
- Arrival Time                  6.574
= Slack Time                    1.256
     Clock Rise Edge                 0.000
     + Clock Network Latency (Ideal) 0.000
     = Beginpoint Arrival Time       0.000
     +---------------------------------------------------------------------------------------------------------------------------------+ 
     |         Instance         |     Arc      |   Cell    |  Slew |           Net            |    Arc     |  Load   | Delay | Arrival | 
     |                          |              |           |       |                          | Annotation |         |       |  Time   | 
     |--------------------------+--------------+-----------+-------+--------------------------+------------+---------+-------+---------| 
     | roundCounter_reg[4]      | CK ^         |           | 0.000 | clock                    |            | 406.783 |       |   0.000 | 
     | roundCounter_reg[4]      | CK ^ -> Q ^  | DFF_X1    | 0.164 | roundCounter[4]          |            |  19.957 | 0.434 |   0.434 | 
     | C2285                    |              | OR2_X1    | 0.164 | roundCounter[4]          |       SPEF |  19.957 | 0.001 |   0.434 | 
     | C2285                    | A1 ^ -> ZN ^ | OR2_X1    | 0.024 | N11077                   |            |   1.271 | 0.111 |   0.546 | 
     | C2286                    |              | OR2_X1    | 0.024 | N11077                   |       SPEF |   1.271 | 0.000 |   0.546 | 
     | C2286                    | A2 ^ -> ZN ^ | OR2_X1    | 0.019 | N11078                   |            |   1.025 | 0.062 |   0.608 | 
     | C2287                    |              | OR2_X1    | 0.019 | N11078                   |       SPEF |   1.025 | 0.000 |   0.608 | 
     | C2287                    | A2 ^ -> ZN ^ | OR2_X1    | 0.100 | N11079                   |            |  11.279 | 0.148 |   0.756 | 
     | FE_OFC52_N11079          |              | CLKBUF_X3 | 0.100 | N11079                   |       SPEF |  11.279 | 0.002 |   0.757 | 
     | FE_OFC52_N11079          | A ^ -> Z ^   | CLKBUF_X3 | 0.353 | FE_OFN52_N11079          |            | 129.528 | 0.455 |   1.212 | 
     | FE_OFC53_N11079          |              | CLKBUF_X3 | 0.354 | FE_OFN52_N11079          |       SPEF | 129.528 | 0.015 |   1.227 | 
     | FE_OFC53_N11079          | A ^ -> Z ^   | CLKBUF_X3 | 0.357 | FE_OFN53_N11079          |            | 131.646 | 0.541 |   1.768 | 
     | FE_DBTC0_N11079          |              | INV_X4    | 0.358 | FE_OFN53_N11079          |       SPEF | 131.646 | 0.012 |   1.780 | 
     | FE_DBTC0_N11079          | A ^ -> ZN v  | INV_X4    | 0.135 | FE_DBTN0_N11079          |            | 118.995 | 0.247 |   2.027 | 
     | FE_OFC82_FE_DBTN0_N11079 |              | CLKBUF_X3 | 0.135 | FE_DBTN0_N11079          |       SPEF | 118.995 | 0.005 |   2.032 | 
     | FE_OFC82_FE_DBTN0_N11079 | A v -> Z v   | CLKBUF_X3 | 0.197 | FE_OFN82_FE_DBTN0_N11079 |            | 116.626 | 0.366 |   2.398 | 
     | U1038                    |              | AOI22_X1  | 0.198 | FE_OFN82_FE_DBTN0_N11079 |       SPEF | 116.626 | 0.015 |   2.413 | 
     | U1038                    | B2 v -> ZN ^ | AOI22_X1  | 0.107 | n827                     |            |   2.089 | 0.267 |   2.680 | 
     | U1037                    |              | INV_X1    | 0.107 | n827                     |       SPEF |   2.089 | 0.000 |   2.680 | 
     | U1037                    | A ^ -> ZN v  | INV_X1    | 0.034 | mix[49]                  |            |   5.557 | 0.064 |   2.744 | 
     | C33601                   |              | XOR2_X1   | 0.034 | mix[49]                  |       SPEF |   5.557 | 0.000 |   2.745 | 
     | C33601                   | A v -> Z v   | XOR2_X1   | 0.034 | N10531                   |            |   1.776 | 0.185 |   2.930 | 
     | U1288                    |              | AOI22_X1  | 0.034 | N10531                   |       SPEF |   1.776 | 0.000 |   2.930 | 
     | U1288                    | A1 v -> ZN ^ | AOI22_X1  | 0.204 | n956                     |            |   8.132 | 0.243 |   3.174 | 
     | FE_OFC169_n956           |              | CLKBUF_X2 | 0.204 | n956                     |       SPEF |   8.132 | 0.000 |   3.174 | 
     | FE_OFC169_n956           | A ^ -> Z ^   | CLKBUF_X2 | 0.308 | FE_OFN169_n956           |            |  75.059 | 0.435 |   3.609 | 
     | FE_OFC170_n956           |              | BUF_X1    | 0.308 | FE_OFN169_n956           |       SPEF |  75.059 | 0.011 |   3.619 | 
     | FE_OFC170_n956           | A ^ -> Z ^   | BUF_X1    | 0.322 | FE_OFN170_n956           |            |  39.974 | 0.446 |   4.065 | 
     | FE_DBTC80_n956           |              | INV_X2    | 0.322 | FE_OFN170_n956           |       SPEF |  39.974 | 0.001 |   4.066 | 
     | FE_DBTC80_n956           | A ^ -> ZN v  | INV_X2    | 0.140 | FE_OFN338_cipher_49      |            |  82.058 | 0.281 |   4.347 | 
     | FE_OFC338_cipher_49      |              | BUF_X1    | 0.140 | FE_OFN338_cipher_49      |       SPEF |  82.058 | 0.003 |   4.350 | 
     | FE_OFC338_cipher_49      | A v -> Z v   | BUF_X1    | 0.087 | cipher[49]               |            |  37.069 | 0.261 |   4.611 | 
     | C18179                   |              | AND2_X1   | 0.088 | cipher[49]               |       SPEF |  37.069 | 0.001 |   4.612 | 
     | C18179                   | A1 v -> ZN v | AND2_X1   | 0.019 | N26246                   |            |   1.009 | 0.131 |   4.743 | 
     | C18180                   |              | OR2_X1    | 0.019 | N26246                   |       SPEF |   1.009 | 0.000 |   4.743 | 
     | C18180                   | A2 v -> ZN v | OR2_X1    | 0.038 | N26247                   |            |   4.387 | 0.203 |   4.946 | 
     | C18260                   |              | AND2_X1   | 0.038 | N26247                   |       SPEF |   4.387 | 0.000 |   4.946 | 
     | C18260                   | A2 v -> ZN v | AND2_X1   | 0.016 | N26326                   |            |   0.969 | 0.109 |   5.055 | 
     | C18261                   |              | OR2_X1    | 0.016 | N26326                   |       SPEF |   0.969 | 0.000 |   5.055 | 
     | C18261                   | A2 v -> ZN v | OR2_X1    | 0.030 | N26327                   |            |   1.254 | 0.180 |   5.235 | 
     | C18263                   |              | AND2_X1   | 0.030 | N26327                   |       SPEF |   1.254 | 0.000 |   5.235 | 
     | C18263                   | A2 v -> ZN v | AND2_X1   | 0.018 | N26329                   |            |   1.510 | 0.108 |   5.343 | 
     | C18264                   |              | OR2_X1    | 0.018 | N26329                   |       SPEF |   1.510 | 0.000 |   5.343 | 
     | C18264                   | A2 v -> ZN v | OR2_X1    | 0.029 | N26330                   |            |   1.044 | 0.178 |   5.521 | 
     | C18266                   |              | AND2_X1   | 0.029 | N26330                   |       SPEF |   1.044 | 0.000 |   5.521 | 
     | C18266                   | A2 v -> ZN v | AND2_X1   | 0.019 | N26332                   |            |   1.010 | 0.104 |   5.625 | 
     | C18267                   |              | OR2_X1    | 0.019 | N26332                   |       SPEF |   1.010 | 0.000 |   5.625 | 
     | C18267                   | A2 v -> ZN v | OR2_X1    | 0.031 | N26333                   |            |   1.813 | 0.186 |   5.811 | 
     | C18269                   |              | AND2_X1   | 0.031 | N26333                   |       SPEF |   1.813 | 0.000 |   5.811 | 
     | C18269                   | A2 v -> ZN v | AND2_X1   | 0.016 | N26335                   |            |   0.964 | 0.105 |   5.916 | 
     | C18270                   |              | OR2_X1    | 0.016 | N26335                   |       SPEF |   0.964 | 0.000 |   5.916 | 
     | C18270                   | A2 v -> ZN v | OR2_X1    | 0.031 | N26336                   |            |   1.583 | 0.182 |   6.098 | 
     | U594                     |              | AOI222_X1 | 0.031 | N26336                   |       SPEF |   1.583 | 0.000 |   6.098 | 
     | U594                     | C1 v -> ZN ^ | AOI222_X1 | 0.238 | n468                     |            |   3.729 | 0.395 |   6.493 | 
     | U593                     |              | NAND2_X1  | 0.238 | n468                     |       SPEF |   3.729 | 0.000 |   6.494 | 
     | U593                     | A2 ^ -> ZN v | NAND2_X1  | 0.041 | n675                     |            |   1.419 | 0.080 |   6.574 | 
     | sub_reg[49]              |              | DFF_X1    | 0.041 | n675                     |       SPEF |   1.419 | 0.000 |   6.574 | 
     +---------------------------------------------------------------------------------------------------------------------------------+ 
Path 4: MET Setup Check with Pin sub_reg[39]/CK 
Endpoint:   sub_reg[39]/D         (v) checked with  leading edge of 'CLK'
Beginpoint: roundCounter_reg[4]/Q (^) triggered by  leading edge of 'CLK'
Path Groups: {CLK}
Analysis View: aes_av
Other End Arrival Time          0.000
- Setup                         0.166
+ Phase Shift                   8.000
= Required Time                 7.834
- Arrival Time                  6.537
= Slack Time                    1.297
     Clock Rise Edge                 0.000
     + Clock Network Latency (Ideal) 0.000
     = Beginpoint Arrival Time       0.000
     +---------------------------------------------------------------------------------------------------------------------------------+ 
     |         Instance         |     Arc      |   Cell    |  Slew |           Net            |    Arc     |  Load   | Delay | Arrival | 
     |                          |              |           |       |                          | Annotation |         |       |  Time   | 
     |--------------------------+--------------+-----------+-------+--------------------------+------------+---------+-------+---------| 
     | roundCounter_reg[4]      | CK ^         |           | 0.000 | clock                    |            | 406.783 |       |   0.000 | 
     | roundCounter_reg[4]      | CK ^ -> Q ^  | DFF_X1    | 0.164 | roundCounter[4]          |            |  19.957 | 0.434 |   0.434 | 
     | C2285                    |              | OR2_X1    | 0.164 | roundCounter[4]          |       SPEF |  19.957 | 0.001 |   0.434 | 
     | C2285                    | A1 ^ -> ZN ^ | OR2_X1    | 0.024 | N11077                   |            |   1.271 | 0.111 |   0.546 | 
     | C2286                    |              | OR2_X1    | 0.024 | N11077                   |       SPEF |   1.271 | 0.000 |   0.546 | 
     | C2286                    | A2 ^ -> ZN ^ | OR2_X1    | 0.019 | N11078                   |            |   1.025 | 0.062 |   0.608 | 
     | C2287                    |              | OR2_X1    | 0.019 | N11078                   |       SPEF |   1.025 | 0.000 |   0.608 | 
     | C2287                    | A2 ^ -> ZN ^ | OR2_X1    | 0.100 | N11079                   |            |  11.279 | 0.148 |   0.756 | 
     | FE_OFC52_N11079          |              | CLKBUF_X3 | 0.100 | N11079                   |       SPEF |  11.279 | 0.002 |   0.757 | 
     | FE_OFC52_N11079          | A ^ -> Z ^   | CLKBUF_X3 | 0.353 | FE_OFN52_N11079          |            | 129.528 | 0.455 |   1.212 | 
     | FE_OFC53_N11079          |              | CLKBUF_X3 | 0.354 | FE_OFN52_N11079          |       SPEF | 129.528 | 0.015 |   1.227 | 
     | FE_OFC53_N11079          | A ^ -> Z ^   | CLKBUF_X3 | 0.357 | FE_OFN53_N11079          |            | 131.646 | 0.541 |   1.768 | 
     | FE_DBTC0_N11079          |              | INV_X4    | 0.358 | FE_OFN53_N11079          |       SPEF | 131.646 | 0.012 |   1.780 | 
     | FE_DBTC0_N11079          | A ^ -> ZN v  | INV_X4    | 0.135 | FE_DBTN0_N11079          |            | 118.995 | 0.247 |   2.027 | 
     | FE_OFC82_FE_DBTN0_N11079 |              | CLKBUF_X3 | 0.135 | FE_DBTN0_N11079          |       SPEF | 118.995 | 0.005 |   2.032 | 
     | FE_OFC82_FE_DBTN0_N11079 | A v -> Z v   | CLKBUF_X3 | 0.197 | FE_OFN82_FE_DBTN0_N11079 |            | 116.626 | 0.366 |   2.398 | 
     | U1070                    |              | AOI22_X1  | 0.198 | FE_OFN82_FE_DBTN0_N11079 |       SPEF | 116.626 | 0.012 |   2.410 | 
     | U1070                    | A2 v -> ZN ^ | AOI22_X1  | 0.115 | n843                     |            |   2.701 | 0.247 |   2.657 | 
     | U1069                    |              | INV_X1    | 0.116 | n843                     |       SPEF |   2.701 | 0.000 |   2.657 | 
     | U1069                    | A ^ -> ZN v  | INV_X1    | 0.040 | mix[34]                  |            |   7.984 | 0.078 |   2.735 | 
     | C33616                   |              | XOR2_X1   | 0.040 | mix[34]                  |       SPEF |   7.984 | 0.001 |   2.737 | 
     | C33616                   | A v -> Z v   | XOR2_X1   | 0.034 | N10546                   |            |   1.748 | 0.188 |   2.925 | 
     | U1318                    |              | AOI22_X1  | 0.034 | N10546                   |       SPEF |   1.748 | 0.000 |   2.925 | 
     | U1318                    | A1 v -> ZN ^ | AOI22_X1  | 0.308 | n972                     |            |  13.826 | 0.357 |   3.282 | 
     | FE_OFC190_n972           |              | BUF_X2    | 0.308 | n972                     |       SPEF |  13.826 | 0.003 |   3.285 | 
     | FE_OFC190_n972           | A ^ -> Z ^   | BUF_X2    | 0.326 | FE_OFN190_n972           |            |  79.657 | 0.438 |   3.723 | 
     | FE_OFC192_n972           |              | BUF_X2    | 0.326 | FE_OFN190_n972           |       SPEF |  79.657 | 0.010 |   3.733 | 
     | FE_OFC192_n972           | A ^ -> Z ^   | BUF_X2    | 0.323 | FE_OFN192_n972           |            |  79.286 | 0.439 |   4.172 | 
     | FE_DBTC64_n972           |              | INV_X2    | 0.323 | FE_OFN192_n972           |       SPEF |  79.286 | 0.003 |   4.175 | 
     | FE_DBTC64_n972           | A ^ -> ZN v  | INV_X2    | 0.142 | cipher[34]               |            |  87.472 | 0.295 |   4.470 | 
     | FE_OFC348_cipher_34      |              | BUF_X2    | 0.142 | cipher[34]               |       SPEF |  87.472 | 0.002 |   4.471 | 
     | FE_OFC348_cipher_34      | A v -> Z v   | BUF_X2    | 0.080 | FE_OFN348_cipher_34      |            |  65.412 | 0.239 |   4.711 | 
     | FE_OFC350_cipher_34      |              | CLKBUF_X2 | 0.080 | FE_OFN348_cipher_34      |       SPEF |  65.412 | 0.007 |   4.718 | 
     | FE_OFC350_cipher_34      | A v -> Z v   | CLKBUF_X2 | 0.111 | FE_OFN350_cipher_34      |            |  44.483 | 0.236 |   4.954 | 
     | C16334                   |              | AND2_X1   | 0.111 | FE_OFN350_cipher_34      |       SPEF |  44.483 | 0.003 |   4.957 | 
     | C16334                   | A1 v -> ZN v | AND2_X1   | 0.017 | N24459                   |            |   0.970 | 0.144 |   5.101 | 
     | C16335                   |              | OR2_X1    | 0.017 | N24459                   |       SPEF |   0.970 | 0.000 |   5.101 | 
     | C16335                   | A2 v -> ZN v | OR2_X1    | 0.029 | N24460                   |            |   0.969 | 0.177 |   5.279 | 
     | C16337                   |              | AND2_X1   | 0.029 | N24460                   |       SPEF |   0.969 | 0.000 |   5.279 | 
     | C16337                   | A2 v -> ZN v | AND2_X1   | 0.019 | N24462                   |            |   0.974 | 0.104 |   5.382 | 
     | C16338                   |              | OR2_X1    | 0.019 | N24462                   |       SPEF |   0.974 | 0.000 |   5.382 | 
     | C16338                   | A2 v -> ZN v | OR2_X1    | 0.030 | N24463                   |            |   1.296 | 0.181 |   5.563 | 
     | C16340                   |              | AND2_X1   | 0.030 | N24463                   |       SPEF |   1.296 | 0.000 |   5.564 | 
     | C16340                   | A2 v -> ZN v | AND2_X1   | 0.019 | N24465                   |            |   0.951 | 0.104 |   5.668 | 
     | C16341                   |              | OR2_X1    | 0.019 | N24465                   |       SPEF |   0.951 | 0.000 |   5.668 | 
     | C16341                   | A2 v -> ZN v | OR2_X1    | 0.029 | N24466                   |            |   0.965 | 0.178 |   5.846 | 
     | C16343                   |              | AND2_X1   | 0.029 | N24466                   |       SPEF |   0.965 | 0.000 |   5.846 | 
     | C16343                   | A2 v -> ZN v | AND2_X1   | 0.017 | N24468                   |            |   1.137 | 0.105 |   5.950 | 
     | C16344                   |              | OR2_X1    | 0.017 | N24468                   |       SPEF |   1.137 | 0.000 |   5.950 | 
     | C16344                   | A2 v -> ZN v | OR2_X1    | 0.031 | N24469                   |            |   1.569 | 0.182 |   6.133 | 
     | U337                     |              | AOI222_X1 | 0.031 | N24469                   |       SPEF |   1.569 | 0.000 |   6.133 | 
     | U337                     | C1 v -> ZN ^ | AOI222_X1 | 0.183 | n284                     |            |   1.807 | 0.333 |   6.466 | 
     | U336                     |              | NAND2_X1  | 0.183 | n284                     |       SPEF |   1.807 | 0.000 |   6.466 | 
     | U336                     | A2 ^ -> ZN v | NAND2_X1  | 0.033 | n594                     |            |   1.186 | 0.071 |   6.537 | 
     | sub_reg[39]              |              | DFF_X1    | 0.033 | n594                     |       SPEF |   1.186 | 0.000 |   6.537 | 
     +---------------------------------------------------------------------------------------------------------------------------------+ 
Path 5: MET Setup Check with Pin sub_reg[53]/CK 
Endpoint:   sub_reg[53]/D         (v) checked with  leading edge of 'CLK'
Beginpoint: roundCounter_reg[4]/Q (^) triggered by  leading edge of 'CLK'
Path Groups: {CLK}
Analysis View: aes_av
Other End Arrival Time          0.000
- Setup                         0.167
+ Phase Shift                   8.000
= Required Time                 7.833
- Arrival Time                  6.534
= Slack Time                    1.299
     Clock Rise Edge                 0.000
     + Clock Network Latency (Ideal) 0.000
     = Beginpoint Arrival Time       0.000
     +---------------------------------------------------------------------------------------------------------------------------------+ 
     |         Instance         |     Arc      |   Cell    |  Slew |           Net            |    Arc     |  Load   | Delay | Arrival | 
     |                          |              |           |       |                          | Annotation |         |       |  Time   | 
     |--------------------------+--------------+-----------+-------+--------------------------+------------+---------+-------+---------| 
     | roundCounter_reg[4]      | CK ^         |           | 0.000 | clock                    |            | 406.783 |       |   0.000 | 
     | roundCounter_reg[4]      | CK ^ -> Q ^  | DFF_X1    | 0.164 | roundCounter[4]          |            |  19.957 | 0.434 |   0.434 | 
     | C2285                    |              | OR2_X1    | 0.164 | roundCounter[4]          |       SPEF |  19.957 | 0.001 |   0.434 | 
     | C2285                    | A1 ^ -> ZN ^ | OR2_X1    | 0.024 | N11077                   |            |   1.271 | 0.111 |   0.546 | 
     | C2286                    |              | OR2_X1    | 0.024 | N11077                   |       SPEF |   1.271 | 0.000 |   0.546 | 
     | C2286                    | A2 ^ -> ZN ^ | OR2_X1    | 0.019 | N11078                   |            |   1.025 | 0.062 |   0.608 | 
     | C2287                    |              | OR2_X1    | 0.019 | N11078                   |       SPEF |   1.025 | 0.000 |   0.608 | 
     | C2287                    | A2 ^ -> ZN ^ | OR2_X1    | 0.100 | N11079                   |            |  11.279 | 0.148 |   0.756 | 
     | FE_OFC52_N11079          |              | CLKBUF_X3 | 0.100 | N11079                   |       SPEF |  11.279 | 0.002 |   0.757 | 
     | FE_OFC52_N11079          | A ^ -> Z ^   | CLKBUF_X3 | 0.353 | FE_OFN52_N11079          |            | 129.528 | 0.455 |   1.212 | 
     | FE_OFC53_N11079          |              | CLKBUF_X3 | 0.354 | FE_OFN52_N11079          |       SPEF | 129.528 | 0.015 |   1.227 | 
     | FE_OFC53_N11079          | A ^ -> Z ^   | CLKBUF_X3 | 0.357 | FE_OFN53_N11079          |            | 131.646 | 0.541 |   1.768 | 
     | FE_DBTC0_N11079          |              | INV_X4    | 0.358 | FE_OFN53_N11079          |       SPEF | 131.646 | 0.012 |   1.780 | 
     | FE_DBTC0_N11079          | A ^ -> ZN v  | INV_X4    | 0.135 | FE_DBTN0_N11079          |            | 118.995 | 0.247 |   2.027 | 
     | FE_OFC82_FE_DBTN0_N11079 |              | CLKBUF_X3 | 0.135 | FE_DBTN0_N11079          |       SPEF | 118.995 | 0.005 |   2.032 | 
     | FE_OFC82_FE_DBTN0_N11079 | A v -> Z v   | CLKBUF_X3 | 0.197 | FE_OFN82_FE_DBTN0_N11079 |            | 116.626 | 0.366 |   2.398 | 
     | U1038                    |              | AOI22_X1  | 0.198 | FE_OFN82_FE_DBTN0_N11079 |       SPEF | 116.626 | 0.015 |   2.413 | 
     | U1038                    | B2 v -> ZN ^ | AOI22_X1  | 0.107 | n827                     |            |   2.089 | 0.267 |   2.680 | 
     | U1037                    |              | INV_X1    | 0.107 | n827                     |       SPEF |   2.089 | 0.000 |   2.680 | 
     | U1037                    | A ^ -> ZN v  | INV_X1    | 0.034 | mix[49]                  |            |   5.557 | 0.064 |   2.744 | 
     | C33601                   |              | XOR2_X1   | 0.034 | mix[49]                  |       SPEF |   5.557 | 0.000 |   2.745 | 
     | C33601                   | A v -> Z v   | XOR2_X1   | 0.034 | N10531                   |            |   1.776 | 0.185 |   2.930 | 
     | U1288                    |              | AOI22_X1  | 0.034 | N10531                   |       SPEF |   1.776 | 0.000 |   2.930 | 
     | U1288                    | A1 v -> ZN ^ | AOI22_X1  | 0.204 | n956                     |            |   8.132 | 0.243 |   3.174 | 
     | FE_OFC169_n956           |              | CLKBUF_X2 | 0.204 | n956                     |       SPEF |   8.132 | 0.000 |   3.174 | 
     | FE_OFC169_n956           | A ^ -> Z ^   | CLKBUF_X2 | 0.308 | FE_OFN169_n956           |            |  75.059 | 0.435 |   3.609 | 
     | FE_OFC170_n956           |              | BUF_X1    | 0.308 | FE_OFN169_n956           |       SPEF |  75.059 | 0.011 |   3.619 | 
     | FE_OFC170_n956           | A ^ -> Z ^   | BUF_X1    | 0.322 | FE_OFN170_n956           |            |  39.974 | 0.446 |   4.065 | 
     | FE_DBTC80_n956           |              | INV_X2    | 0.322 | FE_OFN170_n956           |       SPEF |  39.974 | 0.001 |   4.066 | 
     | FE_DBTC80_n956           | A ^ -> ZN v  | INV_X2    | 0.140 | FE_OFN338_cipher_49      |            |  82.058 | 0.281 |   4.347 | 
     | FE_OFC338_cipher_49      |              | BUF_X1    | 0.140 | FE_OFN338_cipher_49      |       SPEF |  82.058 | 0.003 |   4.350 | 
     | FE_OFC338_cipher_49      | A v -> Z v   | BUF_X1    | 0.087 | cipher[49]               |            |  37.069 | 0.261 |   4.611 | 
     | C18906                   |              | AND2_X1   | 0.088 | cipher[49]               |       SPEF |  37.069 | 0.001 |   4.612 | 
     | C18906                   | A1 v -> ZN v | AND2_X1   | 0.019 | N26952                   |            |   0.970 | 0.131 |   4.743 | 
     | C18907                   |              | OR2_X1    | 0.019 | N26952                   |       SPEF |   0.970 | 0.000 |   4.743 | 
     | C18907                   | A2 v -> ZN v | OR2_X1    | 0.044 | N26953                   |            |   6.960 | 0.217 |   4.959 | 
     | C19035                   |              | AND2_X1   | 0.044 | N26953                   |       SPEF |   6.960 | 0.000 |   4.960 | 
     | C19035                   | A2 v -> ZN v | AND2_X1   | 0.017 | N27077                   |            |   0.991 | 0.113 |   5.072 | 
     | C19036                   |              | OR2_X1    | 0.017 | N27077                   |       SPEF |   0.991 | 0.000 |   5.072 | 
     | C19036                   | A2 v -> ZN v | OR2_X1    | 0.030 | N27078                   |            |   1.248 | 0.180 |   5.252 | 
     | C19038                   |              | AND2_X1   | 0.030 | N27078                   |       SPEF |   1.248 | 0.000 |   5.252 | 
     | C19038                   | A2 v -> ZN v | AND2_X1   | 0.017 | N27080                   |            |   1.167 | 0.105 |   5.357 | 
     | C19039                   |              | OR2_X1    | 0.017 | N27080                   |       SPEF |   1.167 | 0.000 |   5.357 | 
     | C19039                   | A2 v -> ZN v | OR2_X1    | 0.031 | N27081                   |            |   1.586 | 0.183 |   5.540 | 
     | C19041                   |              | AND2_X1   | 0.031 | N27081                   |       SPEF |   1.586 | 0.000 |   5.540 | 
     | C19041                   | A2 v -> ZN v | AND2_X1   | 0.019 | N27083                   |            |   1.233 | 0.107 |   5.647 | 
     | C19042                   |              | OR2_X1    | 0.019 | N27083                   |       SPEF |   1.233 | 0.000 |   5.647 | 
     | C19042                   | A2 v -> ZN v | OR2_X1    | 0.030 | N27084                   |            |   1.246 | 0.181 |   5.828 | 
     | C19044                   |              | AND2_X1   | 0.030 | N27084                   |       SPEF |   1.246 | 0.000 |   5.828 | 
     | C19044                   | A2 v -> ZN v | AND2_X1   | 0.017 | N27086                   |            |   1.109 | 0.105 |   5.933 | 
     | C19045                   |              | OR2_X1    | 0.017 | N27086                   |       SPEF |   1.109 | 0.000 |   5.933 | 
     | C19045                   | A2 v -> ZN v | OR2_X1    | 0.031 | N27087                   |            |   1.587 | 0.183 |   6.115 | 
     | U2296                    |              | AOI222_X1 | 0.031 | N27087                   |       SPEF |   1.587 | 0.000 |   6.115 | 
     | U2296                    | C1 v -> ZN ^ | AOI222_X1 | 0.191 | n372                     |            |   2.085 | 0.342 |   6.457 | 
     | U444                     |              | NAND2_X1  | 0.191 | n372                     |       SPEF |   2.085 | 0.000 |   6.457 | 
     | U444                     | A2 ^ -> ZN v | NAND2_X1  | 0.035 | n630                     |            |   1.455 | 0.076 |   6.533 | 
     | sub_reg[53]              |              | DFF_X1    | 0.035 | n630                     |       SPEF |   1.455 | 0.000 |   6.534 | 
     +---------------------------------------------------------------------------------------------------------------------------------+ 
Path 6: MET Setup Check with Pin sub_reg[38]/CK 
Endpoint:   sub_reg[38]/D         (v) checked with  leading edge of 'CLK'
Beginpoint: roundCounter_reg[4]/Q (^) triggered by  leading edge of 'CLK'
Path Groups: {CLK}
Analysis View: aes_av
Other End Arrival Time          0.000
- Setup                         0.171
+ Phase Shift                   8.000
= Required Time                 7.829
- Arrival Time                  6.516
= Slack Time                    1.313
     Clock Rise Edge                 0.000
     + Clock Network Latency (Ideal) 0.000
     = Beginpoint Arrival Time       0.000
     +---------------------------------------------------------------------------------------------------------------------------------+ 
     |         Instance         |     Arc      |   Cell    |  Slew |           Net            |    Arc     |  Load   | Delay | Arrival | 
     |                          |              |           |       |                          | Annotation |         |       |  Time   | 
     |--------------------------+--------------+-----------+-------+--------------------------+------------+---------+-------+---------| 
     | roundCounter_reg[4]      | CK ^         |           | 0.000 | clock                    |            | 406.783 |       |   0.000 | 
     | roundCounter_reg[4]      | CK ^ -> Q ^  | DFF_X1    | 0.164 | roundCounter[4]          |            |  19.957 | 0.434 |   0.434 | 
     | C2285                    |              | OR2_X1    | 0.164 | roundCounter[4]          |       SPEF |  19.957 | 0.001 |   0.434 | 
     | C2285                    | A1 ^ -> ZN ^ | OR2_X1    | 0.024 | N11077                   |            |   1.271 | 0.111 |   0.546 | 
     | C2286                    |              | OR2_X1    | 0.024 | N11077                   |       SPEF |   1.271 | 0.000 |   0.546 | 
     | C2286                    | A2 ^ -> ZN ^ | OR2_X1    | 0.019 | N11078                   |            |   1.025 | 0.062 |   0.608 | 
     | C2287                    |              | OR2_X1    | 0.019 | N11078                   |       SPEF |   1.025 | 0.000 |   0.608 | 
     | C2287                    | A2 ^ -> ZN ^ | OR2_X1    | 0.100 | N11079                   |            |  11.279 | 0.148 |   0.756 | 
     | FE_OFC52_N11079          |              | CLKBUF_X3 | 0.100 | N11079                   |       SPEF |  11.279 | 0.002 |   0.757 | 
     | FE_OFC52_N11079          | A ^ -> Z ^   | CLKBUF_X3 | 0.353 | FE_OFN52_N11079          |            | 129.528 | 0.455 |   1.212 | 
     | FE_OFC53_N11079          |              | CLKBUF_X3 | 0.354 | FE_OFN52_N11079          |       SPEF | 129.528 | 0.015 |   1.227 | 
     | FE_OFC53_N11079          | A ^ -> Z ^   | CLKBUF_X3 | 0.357 | FE_OFN53_N11079          |            | 131.646 | 0.541 |   1.768 | 
     | FE_DBTC0_N11079          |              | INV_X4    | 0.358 | FE_OFN53_N11079          |       SPEF | 131.646 | 0.012 |   1.780 | 
     | FE_DBTC0_N11079          | A ^ -> ZN v  | INV_X4    | 0.135 | FE_DBTN0_N11079          |            | 118.995 | 0.247 |   2.027 | 
     | FE_OFC82_FE_DBTN0_N11079 |              | CLKBUF_X3 | 0.135 | FE_DBTN0_N11079          |       SPEF | 118.995 | 0.005 |   2.032 | 
     | FE_OFC82_FE_DBTN0_N11079 | A v -> Z v   | CLKBUF_X3 | 0.197 | FE_OFN82_FE_DBTN0_N11079 |            | 116.626 | 0.366 |   2.398 | 
     | U1070                    |              | AOI22_X1  | 0.198 | FE_OFN82_FE_DBTN0_N11079 |       SPEF | 116.626 | 0.012 |   2.410 | 
     | U1070                    | A2 v -> ZN ^ | AOI22_X1  | 0.115 | n843                     |            |   2.701 | 0.247 |   2.657 | 
     | U1069                    |              | INV_X1    | 0.116 | n843                     |       SPEF |   2.701 | 0.000 |   2.657 | 
     | U1069                    | A ^ -> ZN v  | INV_X1    | 0.040 | mix[34]                  |            |   7.984 | 0.078 |   2.735 | 
     | C33616                   |              | XOR2_X1   | 0.040 | mix[34]                  |       SPEF |   7.984 | 0.001 |   2.737 | 
     | C33616                   | A v -> Z v   | XOR2_X1   | 0.034 | N10546                   |            |   1.748 | 0.188 |   2.925 | 
     | U1318                    |              | AOI22_X1  | 0.034 | N10546                   |       SPEF |   1.748 | 0.000 |   2.925 | 
     | U1318                    | A1 v -> ZN ^ | AOI22_X1  | 0.308 | n972                     |            |  13.826 | 0.357 |   3.282 | 
     | FE_OFC190_n972           |              | BUF_X2    | 0.308 | n972                     |       SPEF |  13.826 | 0.003 |   3.285 | 
     | FE_OFC190_n972           | A ^ -> Z ^   | BUF_X2    | 0.326 | FE_OFN190_n972           |            |  79.657 | 0.438 |   3.723 | 
     | FE_OFC192_n972           |              | BUF_X2    | 0.326 | FE_OFN190_n972           |       SPEF |  79.657 | 0.010 |   3.733 | 
     | FE_OFC192_n972           | A ^ -> Z ^   | BUF_X2    | 0.323 | FE_OFN192_n972           |            |  79.286 | 0.439 |   4.172 | 
     | FE_DBTC64_n972           |              | INV_X2    | 0.323 | FE_OFN192_n972           |       SPEF |  79.286 | 0.003 |   4.175 | 
     | FE_DBTC64_n972           | A ^ -> ZN v  | INV_X2    | 0.142 | cipher[34]               |            |  87.472 | 0.295 |   4.470 | 
     | FE_OFC348_cipher_34      |              | BUF_X2    | 0.142 | cipher[34]               |       SPEF |  87.472 | 0.002 |   4.471 | 
     | FE_OFC348_cipher_34      | A v -> Z v   | BUF_X2    | 0.080 | FE_OFN348_cipher_34      |            |  65.412 | 0.239 |   4.711 | 
     | FE_OFC350_cipher_34      |              | CLKBUF_X2 | 0.080 | FE_OFN348_cipher_34      |       SPEF |  65.412 | 0.007 |   4.718 | 
     | FE_OFC350_cipher_34      | A v -> Z v   | CLKBUF_X2 | 0.111 | FE_OFN350_cipher_34      |            |  44.483 | 0.236 |   4.954 | 
     | C16101                   |              | AND2_X1   | 0.111 | FE_OFN350_cipher_34      |       SPEF |  44.483 | 0.002 |   4.956 | 
     | C16101                   | A1 v -> ZN v | AND2_X1   | 0.017 | N24235                   |            |   1.014 | 0.145 |   5.101 | 
     | C16102                   |              | OR2_X1    | 0.017 | N24235                   |       SPEF |   1.014 | 0.000 |   5.101 | 
     | C16102                   | A2 v -> ZN v | OR2_X1    | 0.031 | N24236                   |            |   1.659 | 0.183 |   5.284 | 
     | C16104                   |              | AND2_X1   | 0.031 | N24236                   |       SPEF |   1.659 | 0.000 |   5.284 | 
     | C16104                   | A2 v -> ZN v | AND2_X1   | 0.019 | N24238                   |            |   1.039 | 0.105 |   5.390 | 
     | C16105                   |              | OR2_X1    | 0.019 | N24238                   |       SPEF |   1.039 | 0.000 |   5.390 | 
     | C16105                   | A2 v -> ZN v | OR2_X1    | 0.031 | N24239                   |            |   1.835 | 0.186 |   5.575 | 
     | C16107                   |              | AND2_X1   | 0.031 | N24239                   |       SPEF |   1.835 | 0.000 |   5.576 | 
     | C16107                   | A2 v -> ZN v | AND2_X1   | 0.019 | N24241                   |            |   0.949 | 0.105 |   5.681 | 
     | C16108                   |              | OR2_X1    | 0.019 | N24241                   |       SPEF |   0.949 | 0.000 |   5.681 | 
     | C16108                   | A2 v -> ZN v | OR2_X1    | 0.029 | N24242                   |            |   0.948 | 0.178 |   5.858 | 
     | C16110                   |              | AND2_X1   | 0.029 | N24242                   |       SPEF |   0.948 | 0.000 |   5.858 | 
     | C16110                   | A2 v -> ZN v | AND2_X1   | 0.017 | N24244                   |            |   1.203 | 0.105 |   5.964 | 
     | C16111                   |              | OR2_X1    | 0.017 | N24244                   |       SPEF |   1.203 | 0.000 |   5.964 | 
     | C16111                   | A2 v -> ZN v | OR2_X1    | 0.031 | N24245                   |            |   1.622 | 0.184 |   6.147 | 
     | U391                     |              | AOI222_X1 | 0.031 | N24245                   |       SPEF |   1.622 | 0.000 |   6.147 | 
     | U391                     | A1 v -> ZN ^ | AOI222_X1 | 0.252 | n336                     |            |   4.192 | 0.285 |   6.432 | 
     | U390                     |              | NAND2_X1  | 0.252 | n336                     |       SPEF |   4.192 | 0.000 |   6.432 | 
     | U390                     | A2 ^ -> ZN v | NAND2_X1  | 0.044 | n612                     |            |   1.546 | 0.083 |   6.516 | 
     | sub_reg[38]              |              | DFF_X1    | 0.044 | n612                     |       SPEF |   1.546 | 0.000 |   6.516 | 
     +---------------------------------------------------------------------------------------------------------------------------------+ 
Path 7: MET Setup Check with Pin sub_reg[35]/CK 
Endpoint:   sub_reg[35]/D         (v) checked with  leading edge of 'CLK'
Beginpoint: roundCounter_reg[4]/Q (^) triggered by  leading edge of 'CLK'
Path Groups: {CLK}
Analysis View: aes_av
Other End Arrival Time          0.000
- Setup                         0.167
+ Phase Shift                   8.000
= Required Time                 7.833
- Arrival Time                  6.515
= Slack Time                    1.318
     Clock Rise Edge                 0.000
     + Clock Network Latency (Ideal) 0.000
     = Beginpoint Arrival Time       0.000
     +---------------------------------------------------------------------------------------------------------------------------------+ 
     |         Instance         |     Arc      |   Cell    |  Slew |           Net            |    Arc     |  Load   | Delay | Arrival | 
     |                          |              |           |       |                          | Annotation |         |       |  Time   | 
     |--------------------------+--------------+-----------+-------+--------------------------+------------+---------+-------+---------| 
     | roundCounter_reg[4]      | CK ^         |           | 0.000 | clock                    |            | 406.783 |       |   0.000 | 
     | roundCounter_reg[4]      | CK ^ -> Q ^  | DFF_X1    | 0.164 | roundCounter[4]          |            |  19.957 | 0.434 |   0.434 | 
     | C2285                    |              | OR2_X1    | 0.164 | roundCounter[4]          |       SPEF |  19.957 | 0.001 |   0.434 | 
     | C2285                    | A1 ^ -> ZN ^ | OR2_X1    | 0.024 | N11077                   |            |   1.271 | 0.111 |   0.546 | 
     | C2286                    |              | OR2_X1    | 0.024 | N11077                   |       SPEF |   1.271 | 0.000 |   0.546 | 
     | C2286                    | A2 ^ -> ZN ^ | OR2_X1    | 0.019 | N11078                   |            |   1.025 | 0.062 |   0.608 | 
     | C2287                    |              | OR2_X1    | 0.019 | N11078                   |       SPEF |   1.025 | 0.000 |   0.608 | 
     | C2287                    | A2 ^ -> ZN ^ | OR2_X1    | 0.100 | N11079                   |            |  11.279 | 0.148 |   0.756 | 
     | FE_OFC52_N11079          |              | CLKBUF_X3 | 0.100 | N11079                   |       SPEF |  11.279 | 0.002 |   0.757 | 
     | FE_OFC52_N11079          | A ^ -> Z ^   | CLKBUF_X3 | 0.353 | FE_OFN52_N11079          |            | 129.528 | 0.455 |   1.212 | 
     | FE_OFC53_N11079          |              | CLKBUF_X3 | 0.354 | FE_OFN52_N11079          |       SPEF | 129.528 | 0.015 |   1.227 | 
     | FE_OFC53_N11079          | A ^ -> Z ^   | CLKBUF_X3 | 0.357 | FE_OFN53_N11079          |            | 131.646 | 0.541 |   1.768 | 
     | FE_DBTC0_N11079          |              | INV_X4    | 0.358 | FE_OFN53_N11079          |       SPEF | 131.646 | 0.012 |   1.780 | 
     | FE_DBTC0_N11079          | A ^ -> ZN v  | INV_X4    | 0.135 | FE_DBTN0_N11079          |            | 118.995 | 0.247 |   2.027 | 
     | FE_OFC82_FE_DBTN0_N11079 |              | CLKBUF_X3 | 0.135 | FE_DBTN0_N11079          |       SPEF | 118.995 | 0.005 |   2.032 | 
     | FE_OFC82_FE_DBTN0_N11079 | A v -> Z v   | CLKBUF_X3 | 0.197 | FE_OFN82_FE_DBTN0_N11079 |            | 116.626 | 0.366 |   2.398 | 
     | U1070                    |              | AOI22_X1  | 0.198 | FE_OFN82_FE_DBTN0_N11079 |       SPEF | 116.626 | 0.012 |   2.410 | 
     | U1070                    | A2 v -> ZN ^ | AOI22_X1  | 0.115 | n843                     |            |   2.701 | 0.247 |   2.657 | 
     | U1069                    |              | INV_X1    | 0.116 | n843                     |       SPEF |   2.701 | 0.000 |   2.657 | 
     | U1069                    | A ^ -> ZN v  | INV_X1    | 0.040 | mix[34]                  |            |   7.984 | 0.078 |   2.735 | 
     | C33616                   |              | XOR2_X1   | 0.040 | mix[34]                  |       SPEF |   7.984 | 0.001 |   2.737 | 
     | C33616                   | A v -> Z v   | XOR2_X1   | 0.034 | N10546                   |            |   1.748 | 0.188 |   2.925 | 
     | U1318                    |              | AOI22_X1  | 0.034 | N10546                   |       SPEF |   1.748 | 0.000 |   2.925 | 
     | U1318                    | A1 v -> ZN ^ | AOI22_X1  | 0.308 | n972                     |            |  13.826 | 0.357 |   3.282 | 
     | FE_OFC190_n972           |              | BUF_X2    | 0.308 | n972                     |       SPEF |  13.826 | 0.003 |   3.285 | 
     | FE_OFC190_n972           | A ^ -> Z ^   | BUF_X2    | 0.326 | FE_OFN190_n972           |            |  79.657 | 0.438 |   3.723 | 
     | FE_OFC192_n972           |              | BUF_X2    | 0.326 | FE_OFN190_n972           |       SPEF |  79.657 | 0.010 |   3.733 | 
     | FE_OFC192_n972           | A ^ -> Z ^   | BUF_X2    | 0.323 | FE_OFN192_n972           |            |  79.286 | 0.439 |   4.172 | 
     | FE_DBTC64_n972           |              | INV_X2    | 0.323 | FE_OFN192_n972           |       SPEF |  79.286 | 0.003 |   4.175 | 
     | FE_DBTC64_n972           | A ^ -> ZN v  | INV_X2    | 0.142 | cipher[34]               |            |  87.472 | 0.295 |   4.470 | 
     | FE_OFC348_cipher_34      |              | BUF_X2    | 0.142 | cipher[34]               |       SPEF |  87.472 | 0.002 |   4.471 | 
     | FE_OFC348_cipher_34      | A v -> Z v   | BUF_X2    | 0.080 | FE_OFN348_cipher_34      |            |  65.412 | 0.239 |   4.711 | 
     | FE_OFC350_cipher_34      |              | CLKBUF_X2 | 0.080 | FE_OFN348_cipher_34      |       SPEF |  65.412 | 0.007 |   4.718 | 
     | FE_OFC350_cipher_34      | A v -> Z v   | CLKBUF_X2 | 0.111 | FE_OFN350_cipher_34      |            |  44.483 | 0.236 |   4.954 | 
     | C15546                   |              | AND2_X1   | 0.111 | FE_OFN350_cipher_34      |       SPEF |  44.483 | 0.001 |   4.954 | 
     | C15546                   | A1 v -> ZN v | AND2_X1   | 0.019 | N23699                   |            |   1.208 | 0.146 |   5.100 | 
     | C15547                   |              | OR2_X1    | 0.019 | N23699                   |       SPEF |   1.208 | 0.000 |   5.100 | 
     | C15547                   | A2 v -> ZN v | OR2_X1    | 0.029 | N23700                   |            |   1.041 | 0.179 |   5.279 | 
     | C15550                   |              | AND2_X1   | 0.029 | N23700                   |       SPEF |   1.041 | 0.000 |   5.279 | 
     | C15550                   | A2 v -> ZN v | AND2_X1   | 0.016 | N23703                   |            |   0.898 | 0.104 |   5.383 | 
     | C15552                   |              | OR2_X1    | 0.016 | N23703                   |       SPEF |   0.898 | 0.000 |   5.383 | 
     | C15552                   | A1 v -> ZN v | OR2_X1    | 0.029 | N23705                   |            |   1.086 | 0.160 |   5.543 | 
     | C15554                   |              | AND2_X1   | 0.029 | N23705                   |       SPEF |   1.086 | 0.000 |   5.543 | 
     | C15554                   | A2 v -> ZN v | AND2_X1   | 0.019 | N23707                   |            |   1.146 | 0.105 |   5.648 | 
     | C15555                   |              | OR2_X1    | 0.019 | N23707                   |       SPEF |   1.146 | 0.000 |   5.648 | 
     | C15555                   | A2 v -> ZN v | OR2_X1    | 0.029 | N23708                   |            |   0.944 | 0.178 |   5.826 | 
     | C15578                   |              | AND2_X1   | 0.029 | N23708                   |       SPEF |   0.944 | 0.000 |   5.826 | 
     | C15578                   | A2 v -> ZN v | AND2_X1   | 0.017 | N23731                   |            |   0.921 | 0.104 |   5.930 | 
     | C15580                   |              | OR2_X1    | 0.017 | N23731                   |       SPEF |   0.921 | 0.000 |   5.930 | 
     | C15580                   | A1 v -> ZN v | OR2_X1    | 0.031 | N23733                   |            |   1.762 | 0.166 |   6.096 | 
     | U292                     |              | AOI222_X1 | 0.031 | N23733                   |       SPEF |   1.762 | 0.000 |   6.096 | 
     | U292                     | C1 v -> ZN ^ | AOI222_X1 | 0.192 | n210                     |            |   2.105 | 0.343 |   6.439 | 
     | U291                     |              | NAND2_X1  | 0.192 | n210                     |       SPEF |   2.105 | 0.000 |   6.439 | 
     | U291                     | A2 ^ -> ZN v | NAND2_X1  | 0.035 | n579                     |            |   1.434 | 0.076 |   6.515 | 
     | sub_reg[35]              |              | DFF_X1    | 0.035 | n579                     |       SPEF |   1.434 | 0.000 |   6.515 | 
     +---------------------------------------------------------------------------------------------------------------------------------+ 
Path 8: MET Setup Check with Pin sub_reg[95]/CK 
Endpoint:   sub_reg[95]/D         (v) checked with  leading edge of 'CLK'
Beginpoint: roundCounter_reg[4]/Q (^) triggered by  leading edge of 'CLK'
Path Groups: {CLK}
Analysis View: aes_av
Other End Arrival Time          0.000
- Setup                         0.172
+ Phase Shift                   8.000
= Required Time                 7.828
- Arrival Time                  6.496
= Slack Time                    1.332
     Clock Rise Edge                 0.000
     + Clock Network Latency (Ideal) 0.000
     = Beginpoint Arrival Time       0.000
     +---------------------------------------------------------------------------------------------------------------------------------+ 
     |         Instance         |     Arc      |   Cell    |  Slew |           Net            |    Arc     |  Load   | Delay | Arrival | 
     |                          |              |           |       |                          | Annotation |         |       |  Time   | 
     |--------------------------+--------------+-----------+-------+--------------------------+------------+---------+-------+---------| 
     | roundCounter_reg[4]      | CK ^         |           | 0.000 | clock                    |            | 406.783 |       |   0.000 | 
     | roundCounter_reg[4]      | CK ^ -> Q ^  | DFF_X1    | 0.164 | roundCounter[4]          |            |  19.957 | 0.434 |   0.434 | 
     | C2285                    |              | OR2_X1    | 0.164 | roundCounter[4]          |       SPEF |  19.957 | 0.001 |   0.434 | 
     | C2285                    | A1 ^ -> ZN ^ | OR2_X1    | 0.024 | N11077                   |            |   1.271 | 0.111 |   0.546 | 
     | C2286                    |              | OR2_X1    | 0.024 | N11077                   |       SPEF |   1.271 | 0.000 |   0.546 | 
     | C2286                    | A2 ^ -> ZN ^ | OR2_X1    | 0.019 | N11078                   |            |   1.025 | 0.062 |   0.608 | 
     | C2287                    |              | OR2_X1    | 0.019 | N11078                   |       SPEF |   1.025 | 0.000 |   0.608 | 
     | C2287                    | A2 ^ -> ZN ^ | OR2_X1    | 0.100 | N11079                   |            |  11.279 | 0.148 |   0.756 | 
     | FE_OFC52_N11079          |              | CLKBUF_X3 | 0.100 | N11079                   |       SPEF |  11.279 | 0.002 |   0.757 | 
     | FE_OFC52_N11079          | A ^ -> Z ^   | CLKBUF_X3 | 0.353 | FE_OFN52_N11079          |            | 129.528 | 0.455 |   1.212 | 
     | FE_OFC53_N11079          |              | CLKBUF_X3 | 0.354 | FE_OFN52_N11079          |       SPEF | 129.528 | 0.015 |   1.227 | 
     | FE_OFC53_N11079          | A ^ -> Z ^   | CLKBUF_X3 | 0.357 | FE_OFN53_N11079          |            | 131.646 | 0.541 |   1.768 | 
     | FE_DBTC0_N11079          |              | INV_X4    | 0.358 | FE_OFN53_N11079          |       SPEF | 131.646 | 0.012 |   1.780 | 
     | FE_DBTC0_N11079          | A ^ -> ZN v  | INV_X4    | 0.135 | FE_DBTN0_N11079          |            | 118.995 | 0.247 |   2.027 | 
     | FE_OFC82_FE_DBTN0_N11079 |              | CLKBUF_X3 | 0.135 | FE_DBTN0_N11079          |       SPEF | 118.995 | 0.005 |   2.032 | 
     | FE_OFC82_FE_DBTN0_N11079 | A v -> Z v   | CLKBUF_X3 | 0.197 | FE_OFN82_FE_DBTN0_N11079 |            | 116.626 | 0.366 |   2.398 | 
     | U946                     |              | AOI22_X1  | 0.198 | FE_OFN82_FE_DBTN0_N11079 |       SPEF | 116.626 | 0.025 |   2.423 | 
     | U946                     | A2 v -> ZN ^ | AOI22_X1  | 0.115 | n781                     |            |   2.664 | 0.247 |   2.670 | 
     | U945                     |              | INV_X1    | 0.115 | n781                     |       SPEF |   2.664 | 0.000 |   2.670 | 
     | U945                     | A ^ -> ZN v  | INV_X1    | 0.031 | mix[90]                  |            |   3.413 | 0.053 |   2.723 | 
     | C33560                   |              | XOR2_X1   | 0.031 | mix[90]                  |       SPEF |   3.413 | 0.000 |   2.723 | 
     | C33560                   | A v -> Z v   | XOR2_X1   | 0.034 | N10490                   |            |   1.699 | 0.184 |   2.907 | 
     | U1202                    |              | AOI22_X1  | 0.034 | N10490                   |       SPEF |   1.699 | 0.000 |   2.907 | 
     | U1202                    | A1 v -> ZN ^ | AOI22_X1  | 0.307 | n910                     |            |  13.994 | 0.356 |   3.263 | 
     | FE_OFC104_n910           |              | BUF_X2    | 0.307 | n910                     |       SPEF |  13.994 | 0.001 |   3.264 | 
     | FE_OFC104_n910           | A ^ -> Z ^   | BUF_X2    | 0.328 | FE_OFN104_n910           |            |  79.831 | 0.437 |   3.701 | 
     | FE_OFC106_n910           |              | CLKBUF_X2 | 0.328 | FE_OFN104_n910           |       SPEF |  79.831 | 0.013 |   3.714 | 
     | FE_OFC106_n910           | A ^ -> Z ^   | CLKBUF_X2 | 0.346 | FE_OFN106_n910           |            |  85.297 | 0.510 |   4.224 | 
     | FE_DBTC127_n910          |              | INV_X1    | 0.346 | FE_OFN106_n910           |       SPEF |  85.297 | 0.002 |   4.225 | 
     | FE_DBTC127_n910          | A ^ -> ZN v  | INV_X1    | 0.145 | FE_OFN300_cipher_90      |            |  41.993 | 0.299 |   4.524 | 
     | FE_OFC300_cipher_90      |              | INV_X1    | 0.145 | FE_OFN300_cipher_90      |       SPEF |  41.993 | 0.001 |   4.525 | 
     | FE_OFC300_cipher_90      | A v -> ZN ^  | INV_X1    | 0.076 | FE_OFN301_cipher_90      |            |   6.864 | 0.156 |   4.681 | 
     | FE_OFC303_cipher_90      |              | INV_X2    | 0.076 | FE_OFN301_cipher_90      |       SPEF |   6.864 | 0.000 |   4.681 | 
     | FE_OFC303_cipher_90      | A ^ -> ZN v  | INV_X2    | 0.087 | FE_OFN303_cipher_90      |            |  79.557 | 0.143 |   4.824 | 
     | C27114                   |              | AND2_X1   | 0.088 | FE_OFN303_cipher_90      |       SPEF |  79.557 | 0.008 |   4.832 | 
     | C27114                   | A1 v -> ZN v | AND2_X1   | 0.017 | N34896                   |            |   0.986 | 0.131 |   4.963 | 
     | C27115                   |              | OR2_X1    | 0.017 | N34896                   |       SPEF |   0.986 | 0.000 |   4.963 | 
     | C27115                   | A2 v -> ZN v | OR2_X1    | 0.030 | N34897                   |            |   1.189 | 0.179 |   5.142 | 
     | C27117                   |              | AND2_X1   | 0.030 | N34897                   |       SPEF |   1.189 | 0.000 |   5.142 | 
     | C27117                   | A2 v -> ZN v | AND2_X1   | 0.016 | N34899                   |            |   0.962 | 0.104 |   5.246 | 
     | C27118                   |              | OR2_X1    | 0.016 | N34899                   |       SPEF |   0.962 | 0.000 |   5.246 | 
     | C27118                   | A2 v -> ZN v | OR2_X1    | 0.029 | N34900                   |            |   0.941 | 0.177 |   5.423 | 
     | C27120                   |              | AND2_X1   | 0.029 | N34900                   |       SPEF |   0.941 | 0.000 |   5.423 | 
     | C27120                   | A2 v -> ZN v | AND2_X1   | 0.019 | N34902                   |            |   0.962 | 0.104 |   5.526 | 
     | C27121                   |              | OR2_X1    | 0.019 | N34902                   |       SPEF |   0.962 | 0.000 |   5.526 | 
     | C27121                   | A2 v -> ZN v | OR2_X1    | 0.029 | N34903                   |            |   0.960 | 0.178 |   5.704 | 
     | C27123                   |              | AND2_X1   | 0.029 | N34903                   |       SPEF |   0.960 | 0.000 |   5.704 | 
     | C27123                   | A2 v -> ZN v | AND2_X1   | 0.016 | N34905                   |            |   0.962 | 0.104 |   5.808 | 
     | C27124                   |              | OR2_X1    | 0.016 | N34905                   |       SPEF |   0.962 | 0.000 |   5.808 | 
     | C27124                   | A2 v -> ZN v | OR2_X1    | 0.031 | N34906                   |            |   1.624 | 0.183 |   5.990 | 
     | U343                     |              | AOI222_X1 | 0.031 | N34906                   |       SPEF |   1.624 | 0.000 |   5.990 | 
     | U343                     | C1 v -> ZN ^ | AOI222_X1 | 0.265 | n288                     |            |   4.647 | 0.424 |   6.415 | 
     | U342                     |              | NAND2_X1  | 0.265 | n288                     |       SPEF |   4.647 | 0.000 |   6.415 | 
     | U342                     | A2 ^ -> ZN v | NAND2_X1  | 0.044 | n596                     |            |   1.332 | 0.081 |   6.496 | 
     | sub_reg[95]              |              | DFF_X1    | 0.044 | n596                     |       SPEF |   1.332 | 0.000 |   6.496 | 
     +---------------------------------------------------------------------------------------------------------------------------------+ 
Path 9: MET Setup Check with Pin sub_reg[89]/CK 
Endpoint:   sub_reg[89]/D         (v) checked with  leading edge of 'CLK'
Beginpoint: roundCounter_reg[4]/Q (^) triggered by  leading edge of 'CLK'
Path Groups: {CLK}
Analysis View: aes_av
Other End Arrival Time          0.000
- Setup                         0.171
+ Phase Shift                   8.000
= Required Time                 7.829
- Arrival Time                  6.490
= Slack Time                    1.339
     Clock Rise Edge                 0.000
     + Clock Network Latency (Ideal) 0.000
     = Beginpoint Arrival Time       0.000
     +---------------------------------------------------------------------------------------------------------------------------------+ 
     |         Instance         |     Arc      |   Cell    |  Slew |           Net            |    Arc     |  Load   | Delay | Arrival | 
     |                          |              |           |       |                          | Annotation |         |       |  Time   | 
     |--------------------------+--------------+-----------+-------+--------------------------+------------+---------+-------+---------| 
     | roundCounter_reg[4]      | CK ^         |           | 0.000 | clock                    |            | 406.783 |       |   0.000 | 
     | roundCounter_reg[4]      | CK ^ -> Q ^  | DFF_X1    | 0.164 | roundCounter[4]          |            |  19.957 | 0.434 |   0.434 | 
     | C2285                    |              | OR2_X1    | 0.164 | roundCounter[4]          |       SPEF |  19.957 | 0.001 |   0.434 | 
     | C2285                    | A1 ^ -> ZN ^ | OR2_X1    | 0.024 | N11077                   |            |   1.271 | 0.111 |   0.546 | 
     | C2286                    |              | OR2_X1    | 0.024 | N11077                   |       SPEF |   1.271 | 0.000 |   0.546 | 
     | C2286                    | A2 ^ -> ZN ^ | OR2_X1    | 0.019 | N11078                   |            |   1.025 | 0.062 |   0.608 | 
     | C2287                    |              | OR2_X1    | 0.019 | N11078                   |       SPEF |   1.025 | 0.000 |   0.608 | 
     | C2287                    | A2 ^ -> ZN ^ | OR2_X1    | 0.100 | N11079                   |            |  11.279 | 0.148 |   0.756 | 
     | FE_OFC52_N11079          |              | CLKBUF_X3 | 0.100 | N11079                   |       SPEF |  11.279 | 0.002 |   0.757 | 
     | FE_OFC52_N11079          | A ^ -> Z ^   | CLKBUF_X3 | 0.353 | FE_OFN52_N11079          |            | 129.528 | 0.455 |   1.212 | 
     | FE_OFC53_N11079          |              | CLKBUF_X3 | 0.354 | FE_OFN52_N11079          |       SPEF | 129.528 | 0.015 |   1.227 | 
     | FE_OFC53_N11079          | A ^ -> Z ^   | CLKBUF_X3 | 0.357 | FE_OFN53_N11079          |            | 131.646 | 0.541 |   1.768 | 
     | FE_DBTC0_N11079          |              | INV_X4    | 0.358 | FE_OFN53_N11079          |       SPEF | 131.646 | 0.012 |   1.780 | 
     | FE_DBTC0_N11079          | A ^ -> ZN v  | INV_X4    | 0.135 | FE_DBTN0_N11079          |            | 118.995 | 0.247 |   2.027 | 
     | FE_OFC82_FE_DBTN0_N11079 |              | CLKBUF_X3 | 0.135 | FE_DBTN0_N11079          |       SPEF | 118.995 | 0.005 |   2.032 | 
     | FE_OFC82_FE_DBTN0_N11079 | A v -> Z v   | CLKBUF_X3 | 0.197 | FE_OFN82_FE_DBTN0_N11079 |            | 116.626 | 0.366 |   2.398 | 
     | U946                     |              | AOI22_X1  | 0.198 | FE_OFN82_FE_DBTN0_N11079 |       SPEF | 116.626 | 0.025 |   2.423 | 
     | U946                     | A2 v -> ZN ^ | AOI22_X1  | 0.115 | n781                     |            |   2.664 | 0.247 |   2.670 | 
     | U945                     |              | INV_X1    | 0.115 | n781                     |       SPEF |   2.664 | 0.000 |   2.670 | 
     | U945                     | A ^ -> ZN v  | INV_X1    | 0.031 | mix[90]                  |            |   3.413 | 0.053 |   2.723 | 
     | C33560                   |              | XOR2_X1   | 0.031 | mix[90]                  |       SPEF |   3.413 | 0.000 |   2.723 | 
     | C33560                   | A v -> Z v   | XOR2_X1   | 0.034 | N10490                   |            |   1.699 | 0.184 |   2.907 | 
     | U1202                    |              | AOI22_X1  | 0.034 | N10490                   |       SPEF |   1.699 | 0.000 |   2.907 | 
     | U1202                    | A1 v -> ZN ^ | AOI22_X1  | 0.307 | n910                     |            |  13.994 | 0.356 |   3.263 | 
     | FE_OFC104_n910           |              | BUF_X2    | 0.307 | n910                     |       SPEF |  13.994 | 0.001 |   3.264 | 
     | FE_OFC104_n910           | A ^ -> Z ^   | BUF_X2    | 0.328 | FE_OFN104_n910           |            |  79.831 | 0.437 |   3.701 | 
     | FE_OFC106_n910           |              | CLKBUF_X2 | 0.328 | FE_OFN104_n910           |       SPEF |  79.831 | 0.013 |   3.714 | 
     | FE_OFC106_n910           | A ^ -> Z ^   | CLKBUF_X2 | 0.346 | FE_OFN106_n910           |            |  85.297 | 0.510 |   4.224 | 
     | FE_DBTC127_n910          |              | INV_X1    | 0.346 | FE_OFN106_n910           |       SPEF |  85.297 | 0.002 |   4.225 | 
     | FE_DBTC127_n910          | A ^ -> ZN v  | INV_X1    | 0.145 | FE_OFN300_cipher_90      |            |  41.993 | 0.299 |   4.524 | 
     | FE_OFC301_cipher_90      |              | CLKBUF_X2 | 0.145 | FE_OFN300_cipher_90      |       SPEF |  41.993 | 0.001 |   4.525 | 
     | FE_OFC301_cipher_90      | A v -> Z v   | CLKBUF_X2 | 0.123 | FE_OFN302_cipher_90      |            |  49.505 | 0.284 |   4.808 | 
     | C25960                   |              | AND2_X1   | 0.123 | FE_OFN302_cipher_90      |       SPEF |  49.505 | 0.001 |   4.809 | 
     | C25960                   | A1 v -> ZN v | AND2_X1   | 0.018 | N33781                   |            |   0.972 | 0.151 |   4.960 | 
     | C25961                   |              | OR2_X1    | 0.018 | N33781                   |       SPEF |   0.972 | 0.000 |   4.960 | 
     | C25961                   | A2 v -> ZN v | OR2_X1    | 0.031 | N33782                   |            |   1.560 | 0.183 |   5.142 | 
     | C25963                   |              | AND2_X1   | 0.031 | N33782                   |       SPEF |   1.560 | 0.000 |   5.143 | 
     | C25963                   | A2 v -> ZN v | AND2_X1   | 0.018 | N33784                   |            |   1.477 | 0.108 |   5.250 | 
     | C25964                   |              | OR2_X1    | 0.018 | N33784                   |       SPEF |   1.477 | 0.000 |   5.251 | 
     | C25964                   | A2 v -> ZN v | OR2_X1    | 0.029 | N33785                   |            |   1.093 | 0.179 |   5.429 | 
     | C25966                   |              | AND2_X1   | 0.029 | N33785                   |       SPEF |   1.093 | 0.000 |   5.429 | 
     | C25966                   | A2 v -> ZN v | AND2_X1   | 0.019 | N33787                   |            |   0.990 | 0.104 |   5.533 | 
     | C25967                   |              | OR2_X1    | 0.019 | N33787                   |       SPEF |   0.990 | 0.000 |   5.533 | 
     | C25967                   | A2 v -> ZN v | OR2_X1    | 0.029 | N33788                   |            |   1.130 | 0.180 |   5.713 | 
     | C25969                   |              | AND2_X1   | 0.029 | N33788                   |       SPEF |   1.130 | 0.000 |   5.713 | 
     | C25969                   | A2 v -> ZN v | AND2_X1   | 0.017 | N33790                   |            |   0.990 | 0.104 |   5.817 | 
     | C25970                   |              | OR2_X1    | 0.017 | N33790                   |       SPEF |   0.990 | 0.000 |   5.817 | 
     | C25970                   | A2 v -> ZN v | OR2_X1    | 0.031 | N33791                   |            |   1.591 | 0.182 |   6.000 | 
     | U612                     |              | AOI222_X1 | 0.031 | N33791                   |       SPEF |   1.591 | 0.000 |   6.000 | 
     | U612                     | C1 v -> ZN ^ | AOI222_X1 | 0.250 | n480                     |            |   4.140 | 0.408 |   6.408 | 
     | U611                     |              | NAND2_X1  | 0.250 | n480                     |       SPEF |   4.140 | 0.000 |   6.408 | 
     | U611                     | A2 ^ -> ZN v | NAND2_X1  | 0.043 | n681                     |            |   1.468 | 0.082 |   6.490 | 
     | sub_reg[89]              |              | DFF_X1    | 0.043 | n681                     |       SPEF |   1.468 | 0.000 |   6.490 | 
     +---------------------------------------------------------------------------------------------------------------------------------+ 
Path 10: MET Setup Check with Pin sub_reg[92]/CK 
Endpoint:   sub_reg[92]/D         (v) checked with  leading edge of 'CLK'
Beginpoint: roundCounter_reg[4]/Q (^) triggered by  leading edge of 'CLK'
Path Groups: {CLK}
Analysis View: aes_av
Other End Arrival Time          0.000
- Setup                         0.168
+ Phase Shift                   8.000
= Required Time                 7.832
- Arrival Time                  6.459
= Slack Time                    1.373
     Clock Rise Edge                 0.000
     + Clock Network Latency (Ideal) 0.000
     = Beginpoint Arrival Time       0.000
     +---------------------------------------------------------------------------------------------------------------------------------+ 
     |         Instance         |     Arc      |   Cell    |  Slew |           Net            |    Arc     |  Load   | Delay | Arrival | 
     |                          |              |           |       |                          | Annotation |         |       |  Time   | 
     |--------------------------+--------------+-----------+-------+--------------------------+------------+---------+-------+---------| 
     | roundCounter_reg[4]      | CK ^         |           | 0.000 | clock                    |            | 406.783 |       |   0.000 | 
     | roundCounter_reg[4]      | CK ^ -> Q ^  | DFF_X1    | 0.164 | roundCounter[4]          |            |  19.957 | 0.434 |   0.434 | 
     | C2285                    |              | OR2_X1    | 0.164 | roundCounter[4]          |       SPEF |  19.957 | 0.001 |   0.434 | 
     | C2285                    | A1 ^ -> ZN ^ | OR2_X1    | 0.024 | N11077                   |            |   1.271 | 0.111 |   0.546 | 
     | C2286                    |              | OR2_X1    | 0.024 | N11077                   |       SPEF |   1.271 | 0.000 |   0.546 | 
     | C2286                    | A2 ^ -> ZN ^ | OR2_X1    | 0.019 | N11078                   |            |   1.025 | 0.062 |   0.608 | 
     | C2287                    |              | OR2_X1    | 0.019 | N11078                   |       SPEF |   1.025 | 0.000 |   0.608 | 
     | C2287                    | A2 ^ -> ZN ^ | OR2_X1    | 0.100 | N11079                   |            |  11.279 | 0.148 |   0.756 | 
     | FE_OFC52_N11079          |              | CLKBUF_X3 | 0.100 | N11079                   |       SPEF |  11.279 | 0.002 |   0.757 | 
     | FE_OFC52_N11079          | A ^ -> Z ^   | CLKBUF_X3 | 0.353 | FE_OFN52_N11079          |            | 129.528 | 0.455 |   1.212 | 
     | FE_OFC53_N11079          |              | CLKBUF_X3 | 0.354 | FE_OFN52_N11079          |       SPEF | 129.528 | 0.015 |   1.227 | 
     | FE_OFC53_N11079          | A ^ -> Z ^   | CLKBUF_X3 | 0.357 | FE_OFN53_N11079          |            | 131.646 | 0.541 |   1.768 | 
     | FE_DBTC0_N11079          |              | INV_X4    | 0.358 | FE_OFN53_N11079          |       SPEF | 131.646 | 0.012 |   1.780 | 
     | FE_DBTC0_N11079          | A ^ -> ZN v  | INV_X4    | 0.135 | FE_DBTN0_N11079          |            | 118.995 | 0.247 |   2.027 | 
     | FE_OFC82_FE_DBTN0_N11079 |              | CLKBUF_X3 | 0.135 | FE_DBTN0_N11079          |       SPEF | 118.995 | 0.005 |   2.032 | 
     | FE_OFC82_FE_DBTN0_N11079 | A v -> Z v   | CLKBUF_X3 | 0.197 | FE_OFN82_FE_DBTN0_N11079 |            | 116.626 | 0.366 |   2.398 | 
     | U946                     |              | AOI22_X1  | 0.198 | FE_OFN82_FE_DBTN0_N11079 |       SPEF | 116.626 | 0.025 |   2.423 | 
     | U946                     | A2 v -> ZN ^ | AOI22_X1  | 0.115 | n781                     |            |   2.664 | 0.247 |   2.670 | 
     | U945                     |              | INV_X1    | 0.115 | n781                     |       SPEF |   2.664 | 0.000 |   2.670 | 
     | U945                     | A ^ -> ZN v  | INV_X1    | 0.031 | mix[90]                  |            |   3.413 | 0.053 |   2.723 | 
     | C33560                   |              | XOR2_X1   | 0.031 | mix[90]                  |       SPEF |   3.413 | 0.000 |   2.723 | 
     | C33560                   | A v -> Z v   | XOR2_X1   | 0.034 | N10490                   |            |   1.699 | 0.184 |   2.907 | 
     | U1202                    |              | AOI22_X1  | 0.034 | N10490                   |       SPEF |   1.699 | 0.000 |   2.907 | 
     | U1202                    | A1 v -> ZN ^ | AOI22_X1  | 0.307 | n910                     |            |  13.994 | 0.356 |   3.263 | 
     | FE_OFC104_n910           |              | BUF_X2    | 0.307 | n910                     |       SPEF |  13.994 | 0.001 |   3.264 | 
     | FE_OFC104_n910           | A ^ -> Z ^   | BUF_X2    | 0.328 | FE_OFN104_n910           |            |  79.831 | 0.437 |   3.701 | 
     | FE_OFC106_n910           |              | CLKBUF_X2 | 0.328 | FE_OFN104_n910           |       SPEF |  79.831 | 0.013 |   3.714 | 
     | FE_OFC106_n910           | A ^ -> Z ^   | CLKBUF_X2 | 0.346 | FE_OFN106_n910           |            |  85.297 | 0.510 |   4.224 | 
     | FE_DBTC127_n910          |              | INV_X1    | 0.346 | FE_OFN106_n910           |       SPEF |  85.297 | 0.002 |   4.225 | 
     | FE_DBTC127_n910          | A ^ -> ZN v  | INV_X1    | 0.145 | FE_OFN300_cipher_90      |            |  41.993 | 0.299 |   4.524 | 
     | FE_OFC301_cipher_90      |              | CLKBUF_X2 | 0.145 | FE_OFN300_cipher_90      |       SPEF |  41.993 | 0.001 |   4.525 | 
     | FE_OFC301_cipher_90      | A v -> Z v   | CLKBUF_X2 | 0.123 | FE_OFN302_cipher_90      |            |  49.505 | 0.284 |   4.808 | 
     | C26545                   |              | AND2_X1   | 0.123 | FE_OFN302_cipher_90      |       SPEF |  49.505 | 0.005 |   4.813 | 
     | C26545                   | A1 v -> ZN v | AND2_X1   | 0.018 | N34349                   |            |   1.011 | 0.151 |   4.964 | 
     | C26546                   |              | OR2_X1    | 0.018 | N34349                   |       SPEF |   1.011 | 0.000 |   4.964 | 
     | C26546                   | A2 v -> ZN v | OR2_X1    | 0.029 | N34350                   |            |   1.064 | 0.179 |   5.143 | 
     | C26548                   |              | AND2_X1   | 0.029 | N34350                   |       SPEF |   1.064 | 0.000 |   5.143 | 
     | C26548                   | A2 v -> ZN v | AND2_X1   | 0.018 | N34352                   |            |   1.166 | 0.105 |   5.248 | 
     | C26549                   |              | OR2_X1    | 0.018 | N34352                   |       SPEF |   1.166 | 0.000 |   5.248 | 
     | C26549                   | A2 v -> ZN v | OR2_X1    | 0.029 | N34353                   |            |   0.992 | 0.178 |   5.426 | 
     | C26551                   |              | AND2_X1   | 0.029 | N34353                   |       SPEF |   0.992 | 0.000 |   5.426 | 
     | C26551                   | A2 v -> ZN v | AND2_X1   | 0.019 | N34355                   |            |   0.964 | 0.104 |   5.529 | 
     | C26552                   |              | OR2_X1    | 0.019 | N34355                   |       SPEF |   0.964 | 0.000 |   5.529 | 
     | C26552                   | A2 v -> ZN v | OR2_X1    | 0.034 | N34356                   |            |   2.639 | 0.192 |   5.721 | 
     | C26554                   |              | AND2_X1   | 0.034 | N34356                   |       SPEF |   2.639 | 0.000 |   5.721 | 
     | C26554                   | A2 v -> ZN v | AND2_X1   | 0.016 | N34358                   |            |   0.951 | 0.106 |   5.827 | 
     | C26555                   |              | OR2_X1    | 0.016 | N34358                   |       SPEF |   0.951 | 0.000 |   5.827 | 
     | C26555                   | A2 v -> ZN v | OR2_X1    | 0.033 | N34359                   |            |   2.506 | 0.189 |   6.017 | 
     | U472                     |              | AOI222_X1 | 0.033 | N34359                   |       SPEF |   2.506 | 0.000 |   6.017 | 
     | U472                     | C1 v -> ZN ^ | AOI222_X1 | 0.210 | n390                     |            |   2.748 | 0.365 |   6.382 | 
     | U471                     |              | NAND2_X1  | 0.210 | n390                     |       SPEF |   2.748 | 0.000 |   6.382 | 
     | U471                     | A2 ^ -> ZN v | NAND2_X1  | 0.037 | n639                     |            |   1.367 | 0.077 |   6.459 | 
     | sub_reg[92]              |              | DFF_X1    | 0.037 | n639                     |       SPEF |   1.367 | 0.000 |   6.459 | 
     +---------------------------------------------------------------------------------------------------------------------------------+ 

