###############################################################
#  Generated by:      Cadence Innovus 18.10-p002_1
#  OS:                Linux x86_64(Host ID ensc-esil-18)
#  Generated on:      Fri Apr  2 12:20:04 2021
#  Design:            aes128key
#  Command:           report_timing -net -format {instance arc cell slew net annotation load delay arrival} -max_paths 10 >  results/timing/06-cts_setup.rpt
###############################################################
Path 1: MET Setup Check with Pin sub_reg[33]/CK 
Endpoint:   sub_reg[33]/D         (v) checked with  leading edge of 'CLK'
Beginpoint: roundCounter_reg[4]/Q (^) triggered by  leading edge of 'CLK'
Path Groups: {CLK}
Analysis View: aes_av
Other End Arrival Time          0.000
- Setup                         0.170
+ Phase Shift                   8.000
= Required Time                 7.830
- Arrival Time                  6.658
= Slack Time                    1.173
     Clock Rise Edge                 0.000
     + Clock Network Latency (Ideal) 0.000
     = Beginpoint Arrival Time       0.000
     +---------------------------------------------------------------------------------------------------------------------------------+ 
     |         Instance         |     Arc      |   Cell    |  Slew |           Net            |    Arc     |  Load   | Delay | Arrival | 
     |                          |              |           |       |                          | Annotation |         |       |  Time   | 
     |--------------------------+--------------+-----------+-------+--------------------------+------------+---------+-------+---------| 
     | roundCounter_reg[4]      | CK ^         |           | 0.000 | clock                    |            | 414.875 |       |   0.000 | 
     | roundCounter_reg[4]      | CK ^ -> Q ^  | DFF_X1    | 0.165 | roundCounter[4]          |            |  20.081 | 0.435 |   0.435 | 
     | C2285                    |              | OR2_X1    | 0.165 | roundCounter[4]          |       SPEF |  20.081 | 0.001 |   0.435 | 
     | C2285                    | A1 ^ -> ZN ^ | OR2_X1    | 0.023 | N11077                   |            |   1.173 | 0.111 |   0.546 | 
     | C2286                    |              | OR2_X1    | 0.023 | N11077                   |       SPEF |   1.173 | 0.000 |   0.546 | 
     | C2286                    | A2 ^ -> ZN ^ | OR2_X1    | 0.019 | N11078                   |            |   1.048 | 0.062 |   0.608 | 
     | C2287                    |              | OR2_X1    | 0.019 | N11078                   |       SPEF |   1.048 | 0.000 |   0.608 | 
     | C2287                    | A2 ^ -> ZN ^ | OR2_X1    | 0.104 | N11079                   |            |  11.722 | 0.151 |   0.760 | 
     | FE_OFC52_N11079          |              | CLKBUF_X3 | 0.104 | N11079                   |       SPEF |  11.722 | 0.002 |   0.761 | 
     | FE_OFC52_N11079          | A ^ -> Z ^   | CLKBUF_X3 | 0.360 | FE_OFN52_N11079          |            | 132.535 | 0.467 |   1.228 | 
     | FE_OFC53_N11079          |              | CLKBUF_X3 | 0.361 | FE_OFN52_N11079          |       SPEF | 132.535 | 0.010 |   1.237 | 
     | FE_OFC53_N11079          | A ^ -> Z ^   | CLKBUF_X3 | 0.365 | FE_OFN53_N11079          |            | 134.556 | 0.551 |   1.789 | 
     | FE_DBTC0_N11079          |              | INV_X4    | 0.365 | FE_OFN53_N11079          |       SPEF | 134.556 | 0.011 |   1.800 | 
     | FE_DBTC0_N11079          | A ^ -> ZN v  | INV_X4    | 0.138 | FE_DBTN0_N11079          |            | 121.993 | 0.253 |   2.053 | 
     | FE_OFC82_FE_DBTN0_N11079 |              | CLKBUF_X3 | 0.138 | FE_DBTN0_N11079          |       SPEF | 121.993 | 0.005 |   2.058 | 
     | FE_OFC82_FE_DBTN0_N11079 | A v -> Z v   | CLKBUF_X3 | 0.199 | FE_OFN82_FE_DBTN0_N11079 |            | 118.055 | 0.371 |   2.429 | 
     | U1070                    |              | AOI22_X1  | 0.199 | FE_OFN82_FE_DBTN0_N11079 |       SPEF | 118.055 | 0.012 |   2.441 | 
     | U1070                    | A2 v -> ZN ^ | AOI22_X1  | 0.119 | n843                     |            |   2.882 | 0.252 |   2.692 | 
     | U1069                    |              | INV_X1    | 0.119 | n843                     |       SPEF |   2.882 | 0.000 |   2.692 | 
     | U1069                    | A ^ -> ZN v  | INV_X1    | 0.040 | mix[34]                  |            |   8.107 | 0.079 |   2.772 | 
     | C33616                   |              | XOR2_X1   | 0.041 | mix[34]                  |       SPEF |   8.107 | 0.001 |   2.773 | 
     | C33616                   | A v -> Z v   | XOR2_X1   | 0.033 | N10546                   |            |   1.729 | 0.189 |   2.962 | 
     | U1318                    |              | AOI22_X1  | 0.033 | N10546                   |       SPEF |   1.729 | 0.000 |   2.962 | 
     | U1318                    | A1 v -> ZN ^ | AOI22_X1  | 0.315 | n972                     |            |  14.228 | 0.365 |   3.327 | 
     | FE_OFC190_n972           |              | BUF_X2    | 0.316 | n972                     |       SPEF |  14.228 | 0.003 |   3.330 | 
     | FE_OFC190_n972           | A ^ -> Z ^   | BUF_X2    | 0.332 | FE_OFN190_n972           |            |  81.167 | 0.445 |   3.775 | 
     | FE_OFC192_n972           |              | BUF_X2    | 0.332 | FE_OFN190_n972           |       SPEF |  81.167 | 0.009 |   3.784 | 
     | FE_OFC192_n972           | A ^ -> Z ^   | BUF_X2    | 0.324 | FE_OFN192_n972           |            |  79.593 | 0.442 |   4.226 | 
     | FE_DBTC64_n972           |              | INV_X2    | 0.324 | FE_OFN192_n972           |       SPEF |  79.593 | 0.002 |   4.228 | 
     | FE_DBTC64_n972           | A ^ -> ZN v  | INV_X2    | 0.142 | cipher[34]               |            |  87.280 | 0.295 |   4.523 | 
     | FE_OFC348_cipher_34      |              | BUF_X2    | 0.142 | cipher[34]               |       SPEF |  87.280 | 0.001 |   4.524 | 
     | FE_OFC348_cipher_34      | A v -> Z v   | BUF_X2    | 0.080 | FE_OFN348_cipher_34      |            |  65.771 | 0.242 |   4.766 | 
     | FE_OFC350_cipher_34      |              | CLKBUF_X2 | 0.080 | FE_OFN348_cipher_34      |       SPEF |  65.771 | 0.004 |   4.770 | 
     | FE_OFC350_cipher_34      | A v -> Z v   | CLKBUF_X2 | 0.110 | FE_OFN350_cipher_34      |            |  44.298 | 0.236 |   5.006 | 
     | C15177                   |              | AND2_X1   | 0.111 | FE_OFN350_cipher_34      |       SPEF |  44.298 | 0.002 |   5.008 | 
     | C15177                   | A1 v -> ZN v | AND2_X1   | 0.017 | N23341                   |            |   1.115 | 0.145 |   5.153 | 
     | C15178                   |              | OR2_X1    | 0.017 | N23341                   |       SPEF |   1.115 | 0.000 |   5.153 | 
     | C15178                   | A2 v -> ZN v | OR2_X1    | 0.030 | N23342                   |            |   1.235 | 0.180 |   5.333 | 
     | C15182                   |              | AND2_X1   | 0.030 | N23342                   |       SPEF |   1.235 | 0.000 |   5.333 | 
     | C15182                   | A2 v -> ZN v | AND2_X1   | 0.016 | N23346                   |            |   0.896 | 0.104 |   5.437 | 
     | C15184                   |              | OR2_X1    | 0.016 | N23346                   |       SPEF |   0.896 | 0.000 |   5.437 | 
     | C15184                   | A1 v -> ZN v | OR2_X1    | 0.031 | N23348                   |            |   1.854 | 0.167 |   5.604 | 
     | C15186                   |              | AND2_X1   | 0.032 | N23348                   |       SPEF |   1.854 | 0.000 |   5.604 | 
     | C15186                   | A2 v -> ZN v | AND2_X1   | 0.019 | N23350                   |            |   1.037 | 0.106 |   5.710 | 
     | C15187                   |              | OR2_X1    | 0.019 | N23350                   |       SPEF |   1.037 | 0.000 |   5.710 | 
     | C15187                   | A2 v -> ZN v | OR2_X1    | 0.031 | N23351                   |            |   1.840 | 0.186 |   5.895 | 
     | C15189                   |              | AND2_X1   | 0.031 | N23351                   |       SPEF |   1.840 | 0.000 |   5.896 | 
     | C15189                   | A2 v -> ZN v | AND2_X1   | 0.017 | N23353                   |            |   0.990 | 0.105 |   6.001 | 
     | C15190                   |              | OR2_X1    | 0.017 | N23353                   |       SPEF |   0.990 | 0.000 |   6.001 | 
     | C15190                   | A2 v -> ZN v | OR2_X1    | 0.031 | N23354                   |            |   1.754 | 0.184 |   6.185 | 
     | U557                     |              | AOI222_X1 | 0.031 | N23354                   |       SPEF |   1.754 | 0.000 |   6.185 | 
     | U557                     | C1 v -> ZN ^ | AOI222_X1 | 0.239 | n445                     |            |   3.740 | 0.395 |   6.580 | 
     | U556                     |              | NAND2_X1  | 0.239 | n445                     |       SPEF |   3.740 | 0.000 |   6.580 | 
     | U556                     | A2 ^ -> ZN v | NAND2_X1  | 0.041 | n665                     |            |   1.217 | 0.077 |   6.658 | 
     | sub_reg[33]              |              | DFF_X1    | 0.041 | n665                     |       SPEF |   1.217 | 0.000 |   6.658 | 
     +---------------------------------------------------------------------------------------------------------------------------------+ 
Path 2: MET Setup Check with Pin sub_reg[49]/CK 
Endpoint:   sub_reg[49]/D         (v) checked with  leading edge of 'CLK'
Beginpoint: roundCounter_reg[4]/Q (^) triggered by  leading edge of 'CLK'
Path Groups: {CLK}
Analysis View: aes_av
Other End Arrival Time          0.000
- Setup                         0.170
+ Phase Shift                   8.000
= Required Time                 7.830
- Arrival Time                  6.643
= Slack Time                    1.187
     Clock Rise Edge                 0.000
     + Clock Network Latency (Ideal) 0.000
     = Beginpoint Arrival Time       0.000
     +---------------------------------------------------------------------------------------------------------------------------------+ 
     |         Instance         |     Arc      |   Cell    |  Slew |           Net            |    Arc     |  Load   | Delay | Arrival | 
     |                          |              |           |       |                          | Annotation |         |       |  Time   | 
     |--------------------------+--------------+-----------+-------+--------------------------+------------+---------+-------+---------| 
     | roundCounter_reg[4]      | CK ^         |           | 0.000 | clock                    |            | 414.875 |       |   0.000 | 
     | roundCounter_reg[4]      | CK ^ -> Q ^  | DFF_X1    | 0.165 | roundCounter[4]          |            |  20.081 | 0.435 |   0.435 | 
     | C2285                    |              | OR2_X1    | 0.165 | roundCounter[4]          |       SPEF |  20.081 | 0.001 |   0.435 | 
     | C2285                    | A1 ^ -> ZN ^ | OR2_X1    | 0.023 | N11077                   |            |   1.173 | 0.111 |   0.546 | 
     | C2286                    |              | OR2_X1    | 0.023 | N11077                   |       SPEF |   1.173 | 0.000 |   0.546 | 
     | C2286                    | A2 ^ -> ZN ^ | OR2_X1    | 0.019 | N11078                   |            |   1.048 | 0.062 |   0.608 | 
     | C2287                    |              | OR2_X1    | 0.019 | N11078                   |       SPEF |   1.048 | 0.000 |   0.608 | 
     | C2287                    | A2 ^ -> ZN ^ | OR2_X1    | 0.104 | N11079                   |            |  11.722 | 0.151 |   0.760 | 
     | FE_OFC52_N11079          |              | CLKBUF_X3 | 0.104 | N11079                   |       SPEF |  11.722 | 0.002 |   0.761 | 
     | FE_OFC52_N11079          | A ^ -> Z ^   | CLKBUF_X3 | 0.360 | FE_OFN52_N11079          |            | 132.535 | 0.467 |   1.228 | 
     | FE_OFC53_N11079          |              | CLKBUF_X3 | 0.361 | FE_OFN52_N11079          |       SPEF | 132.535 | 0.010 |   1.237 | 
     | FE_OFC53_N11079          | A ^ -> Z ^   | CLKBUF_X3 | 0.365 | FE_OFN53_N11079          |            | 134.556 | 0.551 |   1.789 | 
     | FE_DBTC0_N11079          |              | INV_X4    | 0.365 | FE_OFN53_N11079          |       SPEF | 134.556 | 0.011 |   1.800 | 
     | FE_DBTC0_N11079          | A ^ -> ZN v  | INV_X4    | 0.138 | FE_DBTN0_N11079          |            | 121.993 | 0.253 |   2.053 | 
     | FE_OFC82_FE_DBTN0_N11079 |              | CLKBUF_X3 | 0.138 | FE_DBTN0_N11079          |       SPEF | 121.993 | 0.005 |   2.058 | 
     | FE_OFC82_FE_DBTN0_N11079 | A v -> Z v   | CLKBUF_X3 | 0.199 | FE_OFN82_FE_DBTN0_N11079 |            | 118.055 | 0.371 |   2.429 | 
     | U1038                    |              | AOI22_X1  | 0.199 | FE_OFN82_FE_DBTN0_N11079 |       SPEF | 118.055 | 0.014 |   2.443 | 
     | U1038                    | B2 v -> ZN ^ | AOI22_X1  | 0.109 | n827                     |            |   2.195 | 0.270 |   2.713 | 
     | U1037                    |              | INV_X1    | 0.109 | n827                     |       SPEF |   2.195 | 0.000 |   2.713 | 
     | U1037                    | A ^ -> ZN v  | INV_X1    | 0.035 | mix[49]                  |            |   5.962 | 0.067 |   2.780 | 
     | C33601                   |              | XOR2_X1   | 0.035 | mix[49]                  |       SPEF |   5.962 | 0.001 |   2.781 | 
     | C33601                   | A v -> Z v   | XOR2_X1   | 0.034 | N10531                   |            |   1.798 | 0.186 |   2.967 | 
     | U1288                    |              | AOI22_X1  | 0.034 | N10531                   |       SPEF |   1.798 | 0.000 |   2.967 | 
     | U1288                    | A1 v -> ZN ^ | AOI22_X1  | 0.207 | n956                     |            |   8.272 | 0.246 |   3.213 | 
     | FE_OFC169_n956           |              | CLKBUF_X2 | 0.207 | n956                     |       SPEF |   8.272 | 0.000 |   3.213 | 
     | FE_OFC169_n956           | A ^ -> Z ^   | CLKBUF_X2 | 0.314 | FE_OFN169_n956           |            |  76.896 | 0.445 |   3.658 | 
     | FE_OFC170_n956           |              | BUF_X1    | 0.315 | FE_OFN169_n956           |       SPEF |  76.896 | 0.008 |   3.666 | 
     | FE_OFC170_n956           | A ^ -> Z ^   | BUF_X1    | 0.327 | FE_OFN170_n956           |            |  40.628 | 0.452 |   4.118 | 
     | FE_DBTC80_n956           |              | INV_X2    | 0.327 | FE_OFN170_n956           |       SPEF |  40.628 | 0.000 |   4.119 | 
     | FE_DBTC80_n956           | A ^ -> ZN v  | INV_X2    | 0.140 | FE_OFN338_cipher_49      |            |  82.677 | 0.288 |   4.407 | 
     | FE_OFC338_cipher_49      |              | BUF_X1    | 0.140 | FE_OFN338_cipher_49      |       SPEF |  82.677 | 0.002 |   4.409 | 
     | FE_OFC338_cipher_49      | A v -> Z v   | BUF_X1    | 0.089 | cipher[49]               |            |  37.838 | 0.263 |   4.672 | 
     | C18179                   |              | AND2_X1   | 0.089 | cipher[49]               |       SPEF |  37.838 | 0.001 |   4.673 | 
     | C18179                   | A1 v -> ZN v | AND2_X1   | 0.019 | N26246                   |            |   1.032 | 0.132 |   4.805 | 
     | C18180                   |              | OR2_X1    | 0.019 | N26246                   |       SPEF |   1.032 | 0.000 |   4.805 | 
     | C18180                   | A2 v -> ZN v | OR2_X1    | 0.038 | N26247                   |            |   4.548 | 0.204 |   5.009 | 
     | C18260                   |              | AND2_X1   | 0.038 | N26247                   |       SPEF |   4.548 | 0.000 |   5.009 | 
     | C18260                   | A2 v -> ZN v | AND2_X1   | 0.017 | N26326                   |            |   1.040 | 0.110 |   5.119 | 
     | C18261                   |              | OR2_X1    | 0.017 | N26326                   |       SPEF |   1.040 | 0.000 |   5.119 | 
     | C18261                   | A2 v -> ZN v | OR2_X1    | 0.030 | N26327                   |            |   1.309 | 0.180 |   5.299 | 
     | C18263                   |              | AND2_X1   | 0.030 | N26327                   |       SPEF |   1.309 | 0.000 |   5.299 | 
     | C18263                   | A2 v -> ZN v | AND2_X1   | 0.018 | N26329                   |            |   1.492 | 0.108 |   5.407 | 
     | C18264                   |              | OR2_X1    | 0.018 | N26329                   |       SPEF |   1.492 | 0.000 |   5.407 | 
     | C18264                   | A2 v -> ZN v | OR2_X1    | 0.029 | N26330                   |            |   1.072 | 0.179 |   5.585 | 
     | C18266                   |              | AND2_X1   | 0.029 | N26330                   |       SPEF |   1.072 | 0.000 |   5.585 | 
     | C18266                   | A2 v -> ZN v | AND2_X1   | 0.019 | N26332                   |            |   1.019 | 0.104 |   5.689 | 
     | C18267                   |              | OR2_X1    | 0.019 | N26332                   |       SPEF |   1.019 | 0.000 |   5.689 | 
     | C18267                   | A2 v -> ZN v | OR2_X1    | 0.032 | N26333                   |            |   2.108 | 0.188 |   5.877 | 
     | C18269                   |              | AND2_X1   | 0.032 | N26333                   |       SPEF |   2.108 | 0.000 |   5.878 | 
     | C18269                   | A2 v -> ZN v | AND2_X1   | 0.016 | N26335                   |            |   0.968 | 0.106 |   5.983 | 
     | C18270                   |              | OR2_X1    | 0.016 | N26335                   |       SPEF |   0.968 | 0.000 |   5.983 | 
     | C18270                   | A2 v -> ZN v | OR2_X1    | 0.031 | N26336                   |            |   1.617 | 0.183 |   6.166 | 
     | U594                     |              | AOI222_X1 | 0.031 | N26336                   |       SPEF |   1.617 | 0.000 |   6.166 | 
     | U594                     | C1 v -> ZN ^ | AOI222_X1 | 0.240 | n468                     |            |   3.794 | 0.397 |   6.563 | 
     | U593                     |              | NAND2_X1  | 0.240 | n468                     |       SPEF |   3.794 | 0.000 |   6.563 | 
     | U593                     | A2 ^ -> ZN v | NAND2_X1  | 0.041 | n675                     |            |   1.375 | 0.080 |   6.643 | 
     | sub_reg[49]              |              | DFF_X1    | 0.041 | n675                     |       SPEF |   1.375 | 0.000 |   6.643 | 
     +---------------------------------------------------------------------------------------------------------------------------------+ 
Path 3: MET Setup Check with Pin sub_reg[54]/CK 
Endpoint:   sub_reg[54]/D         (v) checked with  leading edge of 'CLK'
Beginpoint: roundCounter_reg[4]/Q (^) triggered by  leading edge of 'CLK'
Path Groups: {CLK}
Analysis View: aes_av
Other End Arrival Time          0.000
- Setup                         0.170
+ Phase Shift                   8.000
= Required Time                 7.830
- Arrival Time                  6.641
= Slack Time                    1.189
     Clock Rise Edge                 0.000
     + Clock Network Latency (Ideal) 0.000
     = Beginpoint Arrival Time       0.000
     +---------------------------------------------------------------------------------------------------------------------------------+ 
     |         Instance         |     Arc      |   Cell    |  Slew |           Net            |    Arc     |  Load   | Delay | Arrival | 
     |                          |              |           |       |                          | Annotation |         |       |  Time   | 
     |--------------------------+--------------+-----------+-------+--------------------------+------------+---------+-------+---------| 
     | roundCounter_reg[4]      | CK ^         |           | 0.000 | clock                    |            | 414.875 |       |   0.000 | 
     | roundCounter_reg[4]      | CK ^ -> Q ^  | DFF_X1    | 0.165 | roundCounter[4]          |            |  20.081 | 0.435 |   0.435 | 
     | C2285                    |              | OR2_X1    | 0.165 | roundCounter[4]          |       SPEF |  20.081 | 0.001 |   0.435 | 
     | C2285                    | A1 ^ -> ZN ^ | OR2_X1    | 0.023 | N11077                   |            |   1.173 | 0.111 |   0.546 | 
     | C2286                    |              | OR2_X1    | 0.023 | N11077                   |       SPEF |   1.173 | 0.000 |   0.546 | 
     | C2286                    | A2 ^ -> ZN ^ | OR2_X1    | 0.019 | N11078                   |            |   1.048 | 0.062 |   0.608 | 
     | C2287                    |              | OR2_X1    | 0.019 | N11078                   |       SPEF |   1.048 | 0.000 |   0.608 | 
     | C2287                    | A2 ^ -> ZN ^ | OR2_X1    | 0.104 | N11079                   |            |  11.722 | 0.151 |   0.760 | 
     | FE_OFC52_N11079          |              | CLKBUF_X3 | 0.104 | N11079                   |       SPEF |  11.722 | 0.002 |   0.761 | 
     | FE_OFC52_N11079          | A ^ -> Z ^   | CLKBUF_X3 | 0.360 | FE_OFN52_N11079          |            | 132.535 | 0.467 |   1.228 | 
     | FE_OFC53_N11079          |              | CLKBUF_X3 | 0.361 | FE_OFN52_N11079          |       SPEF | 132.535 | 0.010 |   1.237 | 
     | FE_OFC53_N11079          | A ^ -> Z ^   | CLKBUF_X3 | 0.365 | FE_OFN53_N11079          |            | 134.556 | 0.551 |   1.789 | 
     | FE_DBTC0_N11079          |              | INV_X4    | 0.365 | FE_OFN53_N11079          |       SPEF | 134.556 | 0.011 |   1.800 | 
     | FE_DBTC0_N11079          | A ^ -> ZN v  | INV_X4    | 0.138 | FE_DBTN0_N11079          |            | 121.993 | 0.253 |   2.053 | 
     | FE_OFC82_FE_DBTN0_N11079 |              | CLKBUF_X3 | 0.138 | FE_DBTN0_N11079          |       SPEF | 121.993 | 0.005 |   2.058 | 
     | FE_OFC82_FE_DBTN0_N11079 | A v -> Z v   | CLKBUF_X3 | 0.199 | FE_OFN82_FE_DBTN0_N11079 |            | 118.055 | 0.371 |   2.429 | 
     | U1038                    |              | AOI22_X1  | 0.199 | FE_OFN82_FE_DBTN0_N11079 |       SPEF | 118.055 | 0.014 |   2.443 | 
     | U1038                    | B2 v -> ZN ^ | AOI22_X1  | 0.109 | n827                     |            |   2.195 | 0.270 |   2.713 | 
     | U1037                    |              | INV_X1    | 0.109 | n827                     |       SPEF |   2.195 | 0.000 |   2.713 | 
     | U1037                    | A ^ -> ZN v  | INV_X1    | 0.035 | mix[49]                  |            |   5.962 | 0.067 |   2.780 | 
     | C33601                   |              | XOR2_X1   | 0.035 | mix[49]                  |       SPEF |   5.962 | 0.001 |   2.781 | 
     | C33601                   | A v -> Z v   | XOR2_X1   | 0.034 | N10531                   |            |   1.798 | 0.186 |   2.967 | 
     | U1288                    |              | AOI22_X1  | 0.034 | N10531                   |       SPEF |   1.798 | 0.000 |   2.967 | 
     | U1288                    | A1 v -> ZN ^ | AOI22_X1  | 0.207 | n956                     |            |   8.272 | 0.246 |   3.213 | 
     | FE_OFC169_n956           |              | CLKBUF_X2 | 0.207 | n956                     |       SPEF |   8.272 | 0.000 |   3.213 | 
     | FE_OFC169_n956           | A ^ -> Z ^   | CLKBUF_X2 | 0.314 | FE_OFN169_n956           |            |  76.896 | 0.445 |   3.658 | 
     | FE_OFC170_n956           |              | BUF_X1    | 0.315 | FE_OFN169_n956           |       SPEF |  76.896 | 0.008 |   3.666 | 
     | FE_OFC170_n956           | A ^ -> Z ^   | BUF_X1    | 0.327 | FE_OFN170_n956           |            |  40.628 | 0.452 |   4.118 | 
     | FE_DBTC80_n956           |              | INV_X2    | 0.327 | FE_OFN170_n956           |       SPEF |  40.628 | 0.000 |   4.119 | 
     | FE_DBTC80_n956           | A ^ -> ZN v  | INV_X2    | 0.140 | FE_OFN338_cipher_49      |            |  82.677 | 0.288 |   4.407 | 
     | FE_OFC338_cipher_49      |              | BUF_X1    | 0.140 | FE_OFN338_cipher_49      |       SPEF |  82.677 | 0.002 |   4.409 | 
     | FE_OFC338_cipher_49      | A v -> Z v   | BUF_X1    | 0.089 | cipher[49]               |            |  37.838 | 0.263 |   4.672 | 
     | C19098                   |              | AND2_X1   | 0.089 | cipher[49]               |       SPEF |  37.838 | 0.001 |   4.673 | 
     | C19098                   | A1 v -> ZN v | AND2_X1   | 0.018 | N27135                   |            |   0.961 | 0.132 |   4.805 | 
     | C19099                   |              | OR2_X1    | 0.018 | N27135                   |       SPEF |   0.961 | 0.000 |   4.805 | 
     | C19099                   | A2 v -> ZN v | OR2_X1    | 0.051 | N27136                   |            |  10.585 | 0.232 |   5.036 | 
     | C19206                   |              | AND2_X1   | 0.051 | N27136                   |       SPEF |  10.585 | 0.000 |   5.036 | 
     | C19206                   | A2 v -> ZN v | AND2_X1   | 0.018 | N27242                   |            |   1.107 | 0.118 |   5.155 | 
     | C19207                   |              | OR2_X1    | 0.018 | N27242                   |       SPEF |   1.107 | 0.000 |   5.155 | 
     | C19207                   | A2 v -> ZN v | OR2_X1    | 0.029 | N27243                   |            |   0.991 | 0.178 |   5.333 | 
     | C19209                   |              | AND2_X1   | 0.029 | N27243                   |       SPEF |   0.991 | 0.000 |   5.333 | 
     | C19209                   | A2 v -> ZN v | AND2_X1   | 0.017 | N27245                   |            |   1.120 | 0.105 |   5.437 | 
     | C19210                   |              | OR2_X1    | 0.017 | N27245                   |       SPEF |   1.120 | 0.000 |   5.437 | 
     | C19210                   | A2 v -> ZN v | OR2_X1    | 0.030 | N27246                   |            |   1.228 | 0.180 |   5.617 | 
     | C19212                   |              | AND2_X1   | 0.030 | N27246                   |       SPEF |   1.228 | 0.000 |   5.617 | 
     | C19212                   | A2 v -> ZN v | AND2_X1   | 0.019 | N27248                   |            |   0.998 | 0.104 |   5.721 | 
     | C19213                   |              | OR2_X1    | 0.019 | N27248                   |       SPEF |   0.998 | 0.000 |   5.721 | 
     | C19213                   | A2 v -> ZN v | OR2_X1    | 0.031 | N27249                   |            |   1.578 | 0.184 |   5.905 | 
     | C19235                   |              | AND2_X1   | 0.031 | N27249                   |       SPEF |   1.578 | 0.000 |   5.905 | 
     | C19235                   | A2 v -> ZN v | AND2_X1   | 0.017 | N27270                   |            |   1.007 | 0.105 |   6.010 | 
     | C19237                   |              | OR2_X1    | 0.017 | N27270                   |       SPEF |   1.007 | 0.000 |   6.010 | 
     | C19237                   | A1 v -> ZN v | OR2_X1    | 0.031 | N27272                   |            |   1.730 | 0.166 |   6.176 | 
     | U349                     |              | AOI222_X1 | 0.031 | N27272                   |       SPEF |   1.730 | 0.000 |   6.176 | 
     | U349                     | C1 v -> ZN ^ | AOI222_X1 | 0.227 | n296                     |            |   3.343 | 0.383 |   6.559 | 
     | U348                     |              | NAND2_X1  | 0.227 | n296                     |       SPEF |   3.343 | 0.000 |   6.559 | 
     | U348                     | A2 ^ -> ZN v | NAND2_X1  | 0.041 | n598                     |            |   1.585 | 0.082 |   6.641 | 
     | sub_reg[54]              |              | DFF_X1    | 0.041 | n598                     |       SPEF |   1.585 | 0.000 |   6.641 | 
     +---------------------------------------------------------------------------------------------------------------------------------+ 
Path 4: MET Setup Check with Pin sub_reg[53]/CK 
Endpoint:   sub_reg[53]/D         (v) checked with  leading edge of 'CLK'
Beginpoint: roundCounter_reg[4]/Q (^) triggered by  leading edge of 'CLK'
Path Groups: {CLK}
Analysis View: aes_av
Other End Arrival Time          0.000
- Setup                         0.167
+ Phase Shift                   8.000
= Required Time                 7.833
- Arrival Time                  6.599
= Slack Time                    1.234
     Clock Rise Edge                 0.000
     + Clock Network Latency (Ideal) 0.000
     = Beginpoint Arrival Time       0.000
     +---------------------------------------------------------------------------------------------------------------------------------+ 
     |         Instance         |     Arc      |   Cell    |  Slew |           Net            |    Arc     |  Load   | Delay | Arrival | 
     |                          |              |           |       |                          | Annotation |         |       |  Time   | 
     |--------------------------+--------------+-----------+-------+--------------------------+------------+---------+-------+---------| 
     | roundCounter_reg[4]      | CK ^         |           | 0.000 | clock                    |            | 414.875 |       |   0.000 | 
     | roundCounter_reg[4]      | CK ^ -> Q ^  | DFF_X1    | 0.165 | roundCounter[4]          |            |  20.081 | 0.435 |   0.435 | 
     | C2285                    |              | OR2_X1    | 0.165 | roundCounter[4]          |       SPEF |  20.081 | 0.001 |   0.435 | 
     | C2285                    | A1 ^ -> ZN ^ | OR2_X1    | 0.023 | N11077                   |            |   1.173 | 0.111 |   0.546 | 
     | C2286                    |              | OR2_X1    | 0.023 | N11077                   |       SPEF |   1.173 | 0.000 |   0.546 | 
     | C2286                    | A2 ^ -> ZN ^ | OR2_X1    | 0.019 | N11078                   |            |   1.048 | 0.062 |   0.608 | 
     | C2287                    |              | OR2_X1    | 0.019 | N11078                   |       SPEF |   1.048 | 0.000 |   0.608 | 
     | C2287                    | A2 ^ -> ZN ^ | OR2_X1    | 0.104 | N11079                   |            |  11.722 | 0.151 |   0.760 | 
     | FE_OFC52_N11079          |              | CLKBUF_X3 | 0.104 | N11079                   |       SPEF |  11.722 | 0.002 |   0.761 | 
     | FE_OFC52_N11079          | A ^ -> Z ^   | CLKBUF_X3 | 0.360 | FE_OFN52_N11079          |            | 132.535 | 0.467 |   1.228 | 
     | FE_OFC53_N11079          |              | CLKBUF_X3 | 0.361 | FE_OFN52_N11079          |       SPEF | 132.535 | 0.010 |   1.237 | 
     | FE_OFC53_N11079          | A ^ -> Z ^   | CLKBUF_X3 | 0.365 | FE_OFN53_N11079          |            | 134.556 | 0.551 |   1.789 | 
     | FE_DBTC0_N11079          |              | INV_X4    | 0.365 | FE_OFN53_N11079          |       SPEF | 134.556 | 0.011 |   1.800 | 
     | FE_DBTC0_N11079          | A ^ -> ZN v  | INV_X4    | 0.138 | FE_DBTN0_N11079          |            | 121.993 | 0.253 |   2.053 | 
     | FE_OFC82_FE_DBTN0_N11079 |              | CLKBUF_X3 | 0.138 | FE_DBTN0_N11079          |       SPEF | 121.993 | 0.005 |   2.058 | 
     | FE_OFC82_FE_DBTN0_N11079 | A v -> Z v   | CLKBUF_X3 | 0.199 | FE_OFN82_FE_DBTN0_N11079 |            | 118.055 | 0.371 |   2.429 | 
     | U1038                    |              | AOI22_X1  | 0.199 | FE_OFN82_FE_DBTN0_N11079 |       SPEF | 118.055 | 0.014 |   2.443 | 
     | U1038                    | B2 v -> ZN ^ | AOI22_X1  | 0.109 | n827                     |            |   2.195 | 0.270 |   2.713 | 
     | U1037                    |              | INV_X1    | 0.109 | n827                     |       SPEF |   2.195 | 0.000 |   2.713 | 
     | U1037                    | A ^ -> ZN v  | INV_X1    | 0.035 | mix[49]                  |            |   5.962 | 0.067 |   2.780 | 
     | C33601                   |              | XOR2_X1   | 0.035 | mix[49]                  |       SPEF |   5.962 | 0.001 |   2.781 | 
     | C33601                   | A v -> Z v   | XOR2_X1   | 0.034 | N10531                   |            |   1.798 | 0.186 |   2.967 | 
     | U1288                    |              | AOI22_X1  | 0.034 | N10531                   |       SPEF |   1.798 | 0.000 |   2.967 | 
     | U1288                    | A1 v -> ZN ^ | AOI22_X1  | 0.207 | n956                     |            |   8.272 | 0.246 |   3.213 | 
     | FE_OFC169_n956           |              | CLKBUF_X2 | 0.207 | n956                     |       SPEF |   8.272 | 0.000 |   3.213 | 
     | FE_OFC169_n956           | A ^ -> Z ^   | CLKBUF_X2 | 0.314 | FE_OFN169_n956           |            |  76.896 | 0.445 |   3.658 | 
     | FE_OFC170_n956           |              | BUF_X1    | 0.315 | FE_OFN169_n956           |       SPEF |  76.896 | 0.008 |   3.666 | 
     | FE_OFC170_n956           | A ^ -> Z ^   | BUF_X1    | 0.327 | FE_OFN170_n956           |            |  40.628 | 0.452 |   4.118 | 
     | FE_DBTC80_n956           |              | INV_X2    | 0.327 | FE_OFN170_n956           |       SPEF |  40.628 | 0.000 |   4.119 | 
     | FE_DBTC80_n956           | A ^ -> ZN v  | INV_X2    | 0.140 | FE_OFN338_cipher_49      |            |  82.677 | 0.288 |   4.407 | 
     | FE_OFC338_cipher_49      |              | BUF_X1    | 0.140 | FE_OFN338_cipher_49      |       SPEF |  82.677 | 0.002 |   4.409 | 
     | FE_OFC338_cipher_49      | A v -> Z v   | BUF_X1    | 0.089 | cipher[49]               |            |  37.838 | 0.263 |   4.672 | 
     | C18906                   |              | AND2_X1   | 0.089 | cipher[49]               |       SPEF |  37.838 | 0.001 |   4.673 | 
     | C18906                   | A1 v -> ZN v | AND2_X1   | 0.019 | N26952                   |            |   0.978 | 0.132 |   4.805 | 
     | C18907                   |              | OR2_X1    | 0.019 | N26952                   |       SPEF |   0.978 | 0.000 |   4.805 | 
     | C18907                   | A2 v -> ZN v | OR2_X1    | 0.045 | N26953                   |            |   7.193 | 0.218 |   5.022 | 
     | C19035                   |              | AND2_X1   | 0.045 | N26953                   |       SPEF |   7.193 | 0.000 |   5.023 | 
     | C19035                   | A2 v -> ZN v | AND2_X1   | 0.017 | N27077                   |            |   1.071 | 0.114 |   5.136 | 
     | C19036                   |              | OR2_X1    | 0.017 | N27077                   |       SPEF |   1.071 | 0.000 |   5.136 | 
     | C19036                   | A2 v -> ZN v | OR2_X1    | 0.030 | N27078                   |            |   1.313 | 0.180 |   5.317 | 
     | C19038                   |              | AND2_X1   | 0.030 | N27078                   |       SPEF |   1.313 | 0.000 |   5.317 | 
     | C19038                   | A2 v -> ZN v | AND2_X1   | 0.017 | N27080                   |            |   1.228 | 0.106 |   5.422 | 
     | C19039                   |              | OR2_X1    | 0.017 | N27080                   |       SPEF |   1.228 | 0.000 |   5.422 | 
     | C19039                   | A2 v -> ZN v | OR2_X1    | 0.031 | N27081                   |            |   1.672 | 0.184 |   5.606 | 
     | C19041                   |              | AND2_X1   | 0.031 | N27081                   |       SPEF |   1.672 | 0.000 |   5.606 | 
     | C19041                   | A2 v -> ZN v | AND2_X1   | 0.019 | N27083                   |            |   1.303 | 0.107 |   5.713 | 
     | C19042                   |              | OR2_X1    | 0.019 | N27083                   |       SPEF |   1.303 | 0.000 |   5.713 | 
     | C19042                   | A2 v -> ZN v | OR2_X1    | 0.030 | N27084                   |            |   1.232 | 0.181 |   5.894 | 
     | C19044                   |              | AND2_X1   | 0.030 | N27084                   |       SPEF |   1.232 | 0.000 |   5.894 | 
     | C19044                   | A2 v -> ZN v | AND2_X1   | 0.017 | N27086                   |            |   1.150 | 0.105 |   5.999 | 
     | C19045                   |              | OR2_X1    | 0.017 | N27086                   |       SPEF |   1.150 | 0.000 |   5.999 | 
     | C19045                   | A2 v -> ZN v | OR2_X1    | 0.031 | N27087                   |            |   1.617 | 0.183 |   6.182 | 
     | U2296                    |              | AOI222_X1 | 0.031 | N27087                   |       SPEF |   1.617 | 0.000 |   6.182 | 
     | U2296                    | C1 v -> ZN ^ | AOI222_X1 | 0.191 | n372                     |            |   2.071 | 0.342 |   6.524 | 
     | U444                     |              | NAND2_X1  | 0.191 | n372                     |       SPEF |   2.071 | 0.000 |   6.524 | 
     | U444                     | A2 ^ -> ZN v | NAND2_X1  | 0.035 | n630                     |            |   1.349 | 0.075 |   6.599 | 
     | sub_reg[53]              |              | DFF_X1    | 0.035 | n630                     |       SPEF |   1.349 | 0.000 |   6.599 | 
     +---------------------------------------------------------------------------------------------------------------------------------+ 
Path 5: MET Setup Check with Pin sub_reg[39]/CK 
Endpoint:   sub_reg[39]/D         (v) checked with  leading edge of 'CLK'
Beginpoint: roundCounter_reg[4]/Q (^) triggered by  leading edge of 'CLK'
Path Groups: {CLK}
Analysis View: aes_av
Other End Arrival Time          0.000
- Setup                         0.166
+ Phase Shift                   8.000
= Required Time                 7.834
- Arrival Time                  6.592
= Slack Time                    1.242
     Clock Rise Edge                 0.000
     + Clock Network Latency (Ideal) 0.000
     = Beginpoint Arrival Time       0.000
     +---------------------------------------------------------------------------------------------------------------------------------+ 
     |         Instance         |     Arc      |   Cell    |  Slew |           Net            |    Arc     |  Load   | Delay | Arrival | 
     |                          |              |           |       |                          | Annotation |         |       |  Time   | 
     |--------------------------+--------------+-----------+-------+--------------------------+------------+---------+-------+---------| 
     | roundCounter_reg[4]      | CK ^         |           | 0.000 | clock                    |            | 414.875 |       |   0.000 | 
     | roundCounter_reg[4]      | CK ^ -> Q ^  | DFF_X1    | 0.165 | roundCounter[4]          |            |  20.081 | 0.435 |   0.435 | 
     | C2285                    |              | OR2_X1    | 0.165 | roundCounter[4]          |       SPEF |  20.081 | 0.001 |   0.435 | 
     | C2285                    | A1 ^ -> ZN ^ | OR2_X1    | 0.023 | N11077                   |            |   1.173 | 0.111 |   0.546 | 
     | C2286                    |              | OR2_X1    | 0.023 | N11077                   |       SPEF |   1.173 | 0.000 |   0.546 | 
     | C2286                    | A2 ^ -> ZN ^ | OR2_X1    | 0.019 | N11078                   |            |   1.048 | 0.062 |   0.608 | 
     | C2287                    |              | OR2_X1    | 0.019 | N11078                   |       SPEF |   1.048 | 0.000 |   0.608 | 
     | C2287                    | A2 ^ -> ZN ^ | OR2_X1    | 0.104 | N11079                   |            |  11.722 | 0.151 |   0.760 | 
     | FE_OFC52_N11079          |              | CLKBUF_X3 | 0.104 | N11079                   |       SPEF |  11.722 | 0.002 |   0.761 | 
     | FE_OFC52_N11079          | A ^ -> Z ^   | CLKBUF_X3 | 0.360 | FE_OFN52_N11079          |            | 132.535 | 0.467 |   1.228 | 
     | FE_OFC53_N11079          |              | CLKBUF_X3 | 0.361 | FE_OFN52_N11079          |       SPEF | 132.535 | 0.010 |   1.237 | 
     | FE_OFC53_N11079          | A ^ -> Z ^   | CLKBUF_X3 | 0.365 | FE_OFN53_N11079          |            | 134.556 | 0.551 |   1.789 | 
     | FE_DBTC0_N11079          |              | INV_X4    | 0.365 | FE_OFN53_N11079          |       SPEF | 134.556 | 0.011 |   1.800 | 
     | FE_DBTC0_N11079          | A ^ -> ZN v  | INV_X4    | 0.138 | FE_DBTN0_N11079          |            | 121.993 | 0.253 |   2.053 | 
     | FE_OFC82_FE_DBTN0_N11079 |              | CLKBUF_X3 | 0.138 | FE_DBTN0_N11079          |       SPEF | 121.993 | 0.005 |   2.058 | 
     | FE_OFC82_FE_DBTN0_N11079 | A v -> Z v   | CLKBUF_X3 | 0.199 | FE_OFN82_FE_DBTN0_N11079 |            | 118.055 | 0.371 |   2.429 | 
     | U1070                    |              | AOI22_X1  | 0.199 | FE_OFN82_FE_DBTN0_N11079 |       SPEF | 118.055 | 0.012 |   2.440 | 
     | U1070                    | A2 v -> ZN ^ | AOI22_X1  | 0.119 | n843                     |            |   2.882 | 0.252 |   2.692 | 
     | U1069                    |              | INV_X1    | 0.119 | n843                     |       SPEF |   2.882 | 0.000 |   2.692 | 
     | U1069                    | A ^ -> ZN v  | INV_X1    | 0.040 | mix[34]                  |            |   8.107 | 0.079 |   2.772 | 
     | C33616                   |              | XOR2_X1   | 0.041 | mix[34]                  |       SPEF |   8.107 | 0.001 |   2.773 | 
     | C33616                   | A v -> Z v   | XOR2_X1   | 0.033 | N10546                   |            |   1.729 | 0.189 |   2.962 | 
     | U1318                    |              | AOI22_X1  | 0.033 | N10546                   |       SPEF |   1.729 | 0.000 |   2.962 | 
     | U1318                    | A1 v -> ZN ^ | AOI22_X1  | 0.315 | n972                     |            |  14.228 | 0.365 |   3.327 | 
     | FE_OFC190_n972           |              | BUF_X2    | 0.316 | n972                     |       SPEF |  14.228 | 0.003 |   3.330 | 
     | FE_OFC190_n972           | A ^ -> Z ^   | BUF_X2    | 0.332 | FE_OFN190_n972           |            |  81.167 | 0.445 |   3.775 | 
     | FE_OFC192_n972           |              | BUF_X2    | 0.332 | FE_OFN190_n972           |       SPEF |  81.167 | 0.009 |   3.784 | 
     | FE_OFC192_n972           | A ^ -> Z ^   | BUF_X2    | 0.324 | FE_OFN192_n972           |            |  79.593 | 0.442 |   4.226 | 
     | FE_DBTC64_n972           |              | INV_X2    | 0.324 | FE_OFN192_n972           |       SPEF |  79.593 | 0.002 |   4.228 | 
     | FE_DBTC64_n972           | A ^ -> ZN v  | INV_X2    | 0.142 | cipher[34]               |            |  87.280 | 0.295 |   4.523 | 
     | FE_OFC348_cipher_34      |              | BUF_X2    | 0.142 | cipher[34]               |       SPEF |  87.280 | 0.001 |   4.524 | 
     | FE_OFC348_cipher_34      | A v -> Z v   | BUF_X2    | 0.080 | FE_OFN348_cipher_34      |            |  65.771 | 0.242 |   4.766 | 
     | FE_OFC350_cipher_34      |              | CLKBUF_X2 | 0.080 | FE_OFN348_cipher_34      |       SPEF |  65.771 | 0.004 |   4.770 | 
     | FE_OFC350_cipher_34      | A v -> Z v   | CLKBUF_X2 | 0.110 | FE_OFN350_cipher_34      |            |  44.298 | 0.236 |   5.006 | 
     | C16334                   |              | AND2_X1   | 0.111 | FE_OFN350_cipher_34      |       SPEF |  44.298 | 0.002 |   5.008 | 
     | C16334                   | A1 v -> ZN v | AND2_X1   | 0.017 | N24459                   |            |   0.961 | 0.144 |   5.152 | 
     | C16335                   |              | OR2_X1    | 0.017 | N24459                   |       SPEF |   0.961 | 0.000 |   5.152 | 
     | C16335                   | A2 v -> ZN v | OR2_X1    | 0.029 | N24460                   |            |   0.968 | 0.177 |   5.329 | 
     | C16337                   |              | AND2_X1   | 0.029 | N24460                   |       SPEF |   0.968 | 0.000 |   5.329 | 
     | C16337                   | A2 v -> ZN v | AND2_X1   | 0.019 | N24462                   |            |   1.000 | 0.104 |   5.433 | 
     | C16338                   |              | OR2_X1    | 0.019 | N24462                   |       SPEF |   1.000 | 0.000 |   5.433 | 
     | C16338                   | A2 v -> ZN v | OR2_X1    | 0.030 | N24463                   |            |   1.302 | 0.181 |   5.614 | 
     | C16340                   |              | AND2_X1   | 0.030 | N24463                   |       SPEF |   1.302 | 0.000 |   5.614 | 
     | C16340                   | A2 v -> ZN v | AND2_X1   | 0.019 | N24465                   |            |   0.968 | 0.104 |   5.719 | 
     | C16341                   |              | OR2_X1    | 0.019 | N24465                   |       SPEF |   0.968 | 0.000 |   5.719 | 
     | C16341                   | A2 v -> ZN v | OR2_X1    | 0.029 | N24466                   |            |   1.021 | 0.179 |   5.897 | 
     | C16343                   |              | AND2_X1   | 0.029 | N24466                   |       SPEF |   1.021 | 0.000 |   5.897 | 
     | C16343                   | A2 v -> ZN v | AND2_X1   | 0.017 | N24468                   |            |   1.106 | 0.105 |   6.002 | 
     | C16344                   |              | OR2_X1    | 0.017 | N24468                   |       SPEF |   1.106 | 0.000 |   6.002 | 
     | C16344                   | A2 v -> ZN v | OR2_X1    | 0.031 | N24469                   |            |   1.603 | 0.183 |   6.185 | 
     | U337                     |              | AOI222_X1 | 0.031 | N24469                   |       SPEF |   1.603 | 0.000 |   6.185 | 
     | U337                     | C1 v -> ZN ^ | AOI222_X1 | 0.185 | n284                     |            |   1.868 | 0.335 |   6.520 | 
     | U336                     |              | NAND2_X1  | 0.185 | n284                     |       SPEF |   1.868 | 0.000 |   6.520 | 
     | U336                     | A2 ^ -> ZN v | NAND2_X1  | 0.033 | n594                     |            |   1.243 | 0.072 |   6.592 | 
     | sub_reg[39]              |              | DFF_X1    | 0.033 | n594                     |       SPEF |   1.243 | 0.000 |   6.592 | 
     +---------------------------------------------------------------------------------------------------------------------------------+ 
Path 6: MET Setup Check with Pin sub_reg[38]/CK 
Endpoint:   sub_reg[38]/D         (v) checked with  leading edge of 'CLK'
Beginpoint: roundCounter_reg[4]/Q (^) triggered by  leading edge of 'CLK'
Path Groups: {CLK}
Analysis View: aes_av
Other End Arrival Time          0.000
- Setup                         0.171
+ Phase Shift                   8.000
= Required Time                 7.829
- Arrival Time                  6.565
= Slack Time                    1.264
     Clock Rise Edge                 0.000
     + Clock Network Latency (Ideal) 0.000
     = Beginpoint Arrival Time       0.000
     +---------------------------------------------------------------------------------------------------------------------------------+ 
     |         Instance         |     Arc      |   Cell    |  Slew |           Net            |    Arc     |  Load   | Delay | Arrival | 
     |                          |              |           |       |                          | Annotation |         |       |  Time   | 
     |--------------------------+--------------+-----------+-------+--------------------------+------------+---------+-------+---------| 
     | roundCounter_reg[4]      | CK ^         |           | 0.000 | clock                    |            | 414.875 |       |   0.000 | 
     | roundCounter_reg[4]      | CK ^ -> Q ^  | DFF_X1    | 0.165 | roundCounter[4]          |            |  20.081 | 0.435 |   0.435 | 
     | C2285                    |              | OR2_X1    | 0.165 | roundCounter[4]          |       SPEF |  20.081 | 0.001 |   0.435 | 
     | C2285                    | A1 ^ -> ZN ^ | OR2_X1    | 0.023 | N11077                   |            |   1.173 | 0.111 |   0.546 | 
     | C2286                    |              | OR2_X1    | 0.023 | N11077                   |       SPEF |   1.173 | 0.000 |   0.546 | 
     | C2286                    | A2 ^ -> ZN ^ | OR2_X1    | 0.019 | N11078                   |            |   1.048 | 0.062 |   0.608 | 
     | C2287                    |              | OR2_X1    | 0.019 | N11078                   |       SPEF |   1.048 | 0.000 |   0.608 | 
     | C2287                    | A2 ^ -> ZN ^ | OR2_X1    | 0.104 | N11079                   |            |  11.722 | 0.151 |   0.760 | 
     | FE_OFC52_N11079          |              | CLKBUF_X3 | 0.104 | N11079                   |       SPEF |  11.722 | 0.002 |   0.761 | 
     | FE_OFC52_N11079          | A ^ -> Z ^   | CLKBUF_X3 | 0.360 | FE_OFN52_N11079          |            | 132.535 | 0.467 |   1.228 | 
     | FE_OFC53_N11079          |              | CLKBUF_X3 | 0.361 | FE_OFN52_N11079          |       SPEF | 132.535 | 0.010 |   1.237 | 
     | FE_OFC53_N11079          | A ^ -> Z ^   | CLKBUF_X3 | 0.365 | FE_OFN53_N11079          |            | 134.556 | 0.551 |   1.789 | 
     | FE_DBTC0_N11079          |              | INV_X4    | 0.365 | FE_OFN53_N11079          |       SPEF | 134.556 | 0.011 |   1.800 | 
     | FE_DBTC0_N11079          | A ^ -> ZN v  | INV_X4    | 0.138 | FE_DBTN0_N11079          |            | 121.993 | 0.253 |   2.053 | 
     | FE_OFC82_FE_DBTN0_N11079 |              | CLKBUF_X3 | 0.138 | FE_DBTN0_N11079          |       SPEF | 121.993 | 0.005 |   2.058 | 
     | FE_OFC82_FE_DBTN0_N11079 | A v -> Z v   | CLKBUF_X3 | 0.199 | FE_OFN82_FE_DBTN0_N11079 |            | 118.055 | 0.371 |   2.429 | 
     | U1070                    |              | AOI22_X1  | 0.199 | FE_OFN82_FE_DBTN0_N11079 |       SPEF | 118.055 | 0.012 |   2.441 | 
     | U1070                    | A2 v -> ZN ^ | AOI22_X1  | 0.119 | n843                     |            |   2.882 | 0.252 |   2.692 | 
     | U1069                    |              | INV_X1    | 0.119 | n843                     |       SPEF |   2.882 | 0.000 |   2.692 | 
     | U1069                    | A ^ -> ZN v  | INV_X1    | 0.040 | mix[34]                  |            |   8.107 | 0.079 |   2.772 | 
     | C33616                   |              | XOR2_X1   | 0.041 | mix[34]                  |       SPEF |   8.107 | 0.001 |   2.773 | 
     | C33616                   | A v -> Z v   | XOR2_X1   | 0.033 | N10546                   |            |   1.729 | 0.189 |   2.962 | 
     | U1318                    |              | AOI22_X1  | 0.033 | N10546                   |       SPEF |   1.729 | 0.000 |   2.962 | 
     | U1318                    | A1 v -> ZN ^ | AOI22_X1  | 0.315 | n972                     |            |  14.228 | 0.365 |   3.327 | 
     | FE_OFC190_n972           |              | BUF_X2    | 0.316 | n972                     |       SPEF |  14.228 | 0.003 |   3.330 | 
     | FE_OFC190_n972           | A ^ -> Z ^   | BUF_X2    | 0.332 | FE_OFN190_n972           |            |  81.167 | 0.445 |   3.775 | 
     | FE_OFC192_n972           |              | BUF_X2    | 0.332 | FE_OFN190_n972           |       SPEF |  81.167 | 0.009 |   3.784 | 
     | FE_OFC192_n972           | A ^ -> Z ^   | BUF_X2    | 0.324 | FE_OFN192_n972           |            |  79.593 | 0.442 |   4.226 | 
     | FE_DBTC64_n972           |              | INV_X2    | 0.324 | FE_OFN192_n972           |       SPEF |  79.593 | 0.002 |   4.228 | 
     | FE_DBTC64_n972           | A ^ -> ZN v  | INV_X2    | 0.142 | cipher[34]               |            |  87.280 | 0.295 |   4.523 | 
     | FE_OFC348_cipher_34      |              | BUF_X2    | 0.142 | cipher[34]               |       SPEF |  87.280 | 0.001 |   4.524 | 
     | FE_OFC348_cipher_34      | A v -> Z v   | BUF_X2    | 0.080 | FE_OFN348_cipher_34      |            |  65.771 | 0.242 |   4.766 | 
     | FE_OFC350_cipher_34      |              | CLKBUF_X2 | 0.080 | FE_OFN348_cipher_34      |       SPEF |  65.771 | 0.004 |   4.770 | 
     | FE_OFC350_cipher_34      | A v -> Z v   | CLKBUF_X2 | 0.110 | FE_OFN350_cipher_34      |            |  44.298 | 0.236 |   5.006 | 
     | C16101                   |              | AND2_X1   | 0.110 | FE_OFN350_cipher_34      |       SPEF |  44.298 | 0.002 |   5.007 | 
     | C16101                   | A1 v -> ZN v | AND2_X1   | 0.017 | N24235                   |            |   0.979 | 0.144 |   5.152 | 
     | C16102                   |              | OR2_X1    | 0.017 | N24235                   |       SPEF |   0.979 | 0.000 |   5.152 | 
     | C16102                   | A2 v -> ZN v | OR2_X1    | 0.031 | N24236                   |            |   1.687 | 0.184 |   5.335 | 
     | C16104                   |              | AND2_X1   | 0.031 | N24236                   |       SPEF |   1.687 | 0.000 |   5.335 | 
     | C16104                   | A2 v -> ZN v | AND2_X1   | 0.019 | N24238                   |            |   1.062 | 0.106 |   5.441 | 
     | C16105                   |              | OR2_X1    | 0.019 | N24238                   |       SPEF |   1.062 | 0.000 |   5.441 | 
     | C16105                   | A2 v -> ZN v | OR2_X1    | 0.032 | N24239                   |            |   1.887 | 0.186 |   5.627 | 
     | C16107                   |              | AND2_X1   | 0.032 | N24239                   |       SPEF |   1.887 | 0.000 |   5.627 | 
     | C16107                   | A2 v -> ZN v | AND2_X1   | 0.019 | N24241                   |            |   0.948 | 0.105 |   5.732 | 
     | C16108                   |              | OR2_X1    | 0.019 | N24241                   |       SPEF |   0.948 | 0.000 |   5.732 | 
     | C16108                   | A2 v -> ZN v | OR2_X1    | 0.029 | N24242                   |            |   0.945 | 0.178 |   5.910 | 
     | C16110                   |              | AND2_X1   | 0.029 | N24242                   |       SPEF |   0.945 | 0.000 |   5.910 | 
     | C16110                   | A2 v -> ZN v | AND2_X1   | 0.017 | N24244                   |            |   1.185 | 0.105 |   6.015 | 
     | C16111                   |              | OR2_X1    | 0.017 | N24244                   |       SPEF |   1.185 | 0.000 |   6.015 | 
     | C16111                   | A2 v -> ZN v | OR2_X1    | 0.031 | N24245                   |            |   1.601 | 0.183 |   6.199 | 
     | U391                     |              | AOI222_X1 | 0.031 | N24245                   |       SPEF |   1.601 | 0.000 |   6.199 | 
     | U391                     | A1 v -> ZN ^ | AOI222_X1 | 0.249 | n336                     |            |   4.114 | 0.282 |   6.481 | 
     | U390                     |              | NAND2_X1  | 0.249 | n336                     |       SPEF |   4.114 | 0.000 |   6.481 | 
     | U390                     | A2 ^ -> ZN v | NAND2_X1  | 0.044 | n612                     |            |   1.578 | 0.084 |   6.565 | 
     | sub_reg[38]              |              | DFF_X1    | 0.044 | n612                     |       SPEF |   1.578 | 0.000 |   6.565 | 
     +---------------------------------------------------------------------------------------------------------------------------------+ 
Path 7: MET Setup Check with Pin sub_reg[35]/CK 
Endpoint:   sub_reg[35]/D         (v) checked with  leading edge of 'CLK'
Beginpoint: roundCounter_reg[4]/Q (^) triggered by  leading edge of 'CLK'
Path Groups: {CLK}
Analysis View: aes_av
Other End Arrival Time          0.000
- Setup                         0.167
+ Phase Shift                   8.000
= Required Time                 7.833
- Arrival Time                  6.565
= Slack Time                    1.268
     Clock Rise Edge                 0.000
     + Clock Network Latency (Ideal) 0.000
     = Beginpoint Arrival Time       0.000
     +---------------------------------------------------------------------------------------------------------------------------------+ 
     |         Instance         |     Arc      |   Cell    |  Slew |           Net            |    Arc     |  Load   | Delay | Arrival | 
     |                          |              |           |       |                          | Annotation |         |       |  Time   | 
     |--------------------------+--------------+-----------+-------+--------------------------+------------+---------+-------+---------| 
     | roundCounter_reg[4]      | CK ^         |           | 0.000 | clock                    |            | 414.875 |       |   0.000 | 
     | roundCounter_reg[4]      | CK ^ -> Q ^  | DFF_X1    | 0.165 | roundCounter[4]          |            |  20.081 | 0.435 |   0.435 | 
     | C2285                    |              | OR2_X1    | 0.165 | roundCounter[4]          |       SPEF |  20.081 | 0.001 |   0.435 | 
     | C2285                    | A1 ^ -> ZN ^ | OR2_X1    | 0.023 | N11077                   |            |   1.173 | 0.111 |   0.546 | 
     | C2286                    |              | OR2_X1    | 0.023 | N11077                   |       SPEF |   1.173 | 0.000 |   0.546 | 
     | C2286                    | A2 ^ -> ZN ^ | OR2_X1    | 0.019 | N11078                   |            |   1.048 | 0.062 |   0.608 | 
     | C2287                    |              | OR2_X1    | 0.019 | N11078                   |       SPEF |   1.048 | 0.000 |   0.608 | 
     | C2287                    | A2 ^ -> ZN ^ | OR2_X1    | 0.104 | N11079                   |            |  11.722 | 0.151 |   0.760 | 
     | FE_OFC52_N11079          |              | CLKBUF_X3 | 0.104 | N11079                   |       SPEF |  11.722 | 0.002 |   0.761 | 
     | FE_OFC52_N11079          | A ^ -> Z ^   | CLKBUF_X3 | 0.360 | FE_OFN52_N11079          |            | 132.535 | 0.467 |   1.228 | 
     | FE_OFC53_N11079          |              | CLKBUF_X3 | 0.361 | FE_OFN52_N11079          |       SPEF | 132.535 | 0.010 |   1.237 | 
     | FE_OFC53_N11079          | A ^ -> Z ^   | CLKBUF_X3 | 0.365 | FE_OFN53_N11079          |            | 134.556 | 0.551 |   1.789 | 
     | FE_DBTC0_N11079          |              | INV_X4    | 0.365 | FE_OFN53_N11079          |       SPEF | 134.556 | 0.011 |   1.800 | 
     | FE_DBTC0_N11079          | A ^ -> ZN v  | INV_X4    | 0.138 | FE_DBTN0_N11079          |            | 121.993 | 0.253 |   2.053 | 
     | FE_OFC82_FE_DBTN0_N11079 |              | CLKBUF_X3 | 0.138 | FE_DBTN0_N11079          |       SPEF | 121.993 | 0.005 |   2.058 | 
     | FE_OFC82_FE_DBTN0_N11079 | A v -> Z v   | CLKBUF_X3 | 0.199 | FE_OFN82_FE_DBTN0_N11079 |            | 118.055 | 0.371 |   2.429 | 
     | U1070                    |              | AOI22_X1  | 0.199 | FE_OFN82_FE_DBTN0_N11079 |       SPEF | 118.055 | 0.012 |   2.440 | 
     | U1070                    | A2 v -> ZN ^ | AOI22_X1  | 0.119 | n843                     |            |   2.882 | 0.252 |   2.692 | 
     | U1069                    |              | INV_X1    | 0.119 | n843                     |       SPEF |   2.882 | 0.000 |   2.692 | 
     | U1069                    | A ^ -> ZN v  | INV_X1    | 0.040 | mix[34]                  |            |   8.107 | 0.079 |   2.772 | 
     | C33616                   |              | XOR2_X1   | 0.041 | mix[34]                  |       SPEF |   8.107 | 0.001 |   2.773 | 
     | C33616                   | A v -> Z v   | XOR2_X1   | 0.033 | N10546                   |            |   1.729 | 0.189 |   2.962 | 
     | U1318                    |              | AOI22_X1  | 0.033 | N10546                   |       SPEF |   1.729 | 0.000 |   2.962 | 
     | U1318                    | A1 v -> ZN ^ | AOI22_X1  | 0.315 | n972                     |            |  14.228 | 0.365 |   3.327 | 
     | FE_OFC190_n972           |              | BUF_X2    | 0.316 | n972                     |       SPEF |  14.228 | 0.003 |   3.330 | 
     | FE_OFC190_n972           | A ^ -> Z ^   | BUF_X2    | 0.332 | FE_OFN190_n972           |            |  81.167 | 0.445 |   3.775 | 
     | FE_OFC192_n972           |              | BUF_X2    | 0.332 | FE_OFN190_n972           |       SPEF |  81.167 | 0.009 |   3.784 | 
     | FE_OFC192_n972           | A ^ -> Z ^   | BUF_X2    | 0.324 | FE_OFN192_n972           |            |  79.593 | 0.442 |   4.226 | 
     | FE_DBTC64_n972           |              | INV_X2    | 0.324 | FE_OFN192_n972           |       SPEF |  79.593 | 0.002 |   4.228 | 
     | FE_DBTC64_n972           | A ^ -> ZN v  | INV_X2    | 0.142 | cipher[34]               |            |  87.280 | 0.295 |   4.523 | 
     | FE_OFC348_cipher_34      |              | BUF_X2    | 0.142 | cipher[34]               |       SPEF |  87.280 | 0.001 |   4.524 | 
     | FE_OFC348_cipher_34      | A v -> Z v   | BUF_X2    | 0.080 | FE_OFN348_cipher_34      |            |  65.771 | 0.242 |   4.766 | 
     | FE_OFC350_cipher_34      |              | CLKBUF_X2 | 0.080 | FE_OFN348_cipher_34      |       SPEF |  65.771 | 0.004 |   4.770 | 
     | FE_OFC350_cipher_34      | A v -> Z v   | CLKBUF_X2 | 0.110 | FE_OFN350_cipher_34      |            |  44.298 | 0.236 |   5.006 | 
     | C15546                   |              | AND2_X1   | 0.110 | FE_OFN350_cipher_34      |       SPEF |  44.298 | 0.000 |   5.006 | 
     | C15546                   | A1 v -> ZN v | AND2_X1   | 0.019 | N23699                   |            |   1.208 | 0.146 |   5.152 | 
     | C15547                   |              | OR2_X1    | 0.019 | N23699                   |       SPEF |   1.208 | 0.000 |   5.152 | 
     | C15547                   | A2 v -> ZN v | OR2_X1    | 0.029 | N23700                   |            |   1.057 | 0.179 |   5.331 | 
     | C15550                   |              | AND2_X1   | 0.029 | N23700                   |       SPEF |   1.057 | 0.000 |   5.331 | 
     | C15550                   | A2 v -> ZN v | AND2_X1   | 0.016 | N23703                   |            |   0.926 | 0.104 |   5.435 | 
     | C15552                   |              | OR2_X1    | 0.016 | N23703                   |       SPEF |   0.926 | 0.000 |   5.435 | 
     | C15552                   | A1 v -> ZN v | OR2_X1    | 0.029 | N23705                   |            |   1.072 | 0.160 |   5.595 | 
     | C15554                   |              | AND2_X1   | 0.029 | N23705                   |       SPEF |   1.072 | 0.000 |   5.595 | 
     | C15554                   | A2 v -> ZN v | AND2_X1   | 0.019 | N23707                   |            |   1.110 | 0.105 |   5.700 | 
     | C15555                   |              | OR2_X1    | 0.019 | N23707                   |       SPEF |   1.110 | 0.000 |   5.700 | 
     | C15555                   | A2 v -> ZN v | OR2_X1    | 0.029 | N23708                   |            |   0.967 | 0.178 |   5.878 | 
     | C15578                   |              | AND2_X1   | 0.029 | N23708                   |       SPEF |   0.967 | 0.000 |   5.878 | 
     | C15578                   | A2 v -> ZN v | AND2_X1   | 0.017 | N23731                   |            |   0.949 | 0.104 |   5.982 | 
     | C15580                   |              | OR2_X1    | 0.017 | N23731                   |       SPEF |   0.949 | 0.000 |   5.982 | 
     | C15580                   | A1 v -> ZN v | OR2_X1    | 0.031 | N23733                   |            |   1.771 | 0.166 |   6.148 | 
     | U292                     |              | AOI222_X1 | 0.031 | N23733                   |       SPEF |   1.771 | 0.000 |   6.148 | 
     | U292                     | C1 v -> ZN ^ | AOI222_X1 | 0.190 | n210                     |            |   2.042 | 0.341 |   6.489 | 
     | U291                     |              | NAND2_X1  | 0.190 | n210                     |       SPEF |   2.042 | 0.000 |   6.489 | 
     | U291                     | A2 ^ -> ZN v | NAND2_X1  | 0.035 | n579                     |            |   1.431 | 0.075 |   6.565 | 
     | sub_reg[35]              |              | DFF_X1    | 0.035 | n579                     |       SPEF |   1.431 | 0.000 |   6.565 | 
     +---------------------------------------------------------------------------------------------------------------------------------+ 
Path 8: MET Setup Check with Pin sub_reg[95]/CK 
Endpoint:   sub_reg[95]/D         (v) checked with  leading edge of 'CLK'
Beginpoint: roundCounter_reg[4]/Q (^) triggered by  leading edge of 'CLK'
Path Groups: {CLK}
Analysis View: aes_av
Other End Arrival Time          0.000
- Setup                         0.172
+ Phase Shift                   8.000
= Required Time                 7.828
- Arrival Time                  6.550
= Slack Time                    1.278
     Clock Rise Edge                 0.000
     + Clock Network Latency (Ideal) 0.000
     = Beginpoint Arrival Time       0.000
     +---------------------------------------------------------------------------------------------------------------------------------+ 
     |         Instance         |     Arc      |   Cell    |  Slew |           Net            |    Arc     |  Load   | Delay | Arrival | 
     |                          |              |           |       |                          | Annotation |         |       |  Time   | 
     |--------------------------+--------------+-----------+-------+--------------------------+------------+---------+-------+---------| 
     | roundCounter_reg[4]      | CK ^         |           | 0.000 | clock                    |            | 414.875 |       |   0.000 | 
     | roundCounter_reg[4]      | CK ^ -> Q ^  | DFF_X1    | 0.165 | roundCounter[4]          |            |  20.081 | 0.435 |   0.435 | 
     | C2285                    |              | OR2_X1    | 0.165 | roundCounter[4]          |       SPEF |  20.081 | 0.001 |   0.435 | 
     | C2285                    | A1 ^ -> ZN ^ | OR2_X1    | 0.023 | N11077                   |            |   1.173 | 0.111 |   0.546 | 
     | C2286                    |              | OR2_X1    | 0.023 | N11077                   |       SPEF |   1.173 | 0.000 |   0.546 | 
     | C2286                    | A2 ^ -> ZN ^ | OR2_X1    | 0.019 | N11078                   |            |   1.048 | 0.062 |   0.608 | 
     | C2287                    |              | OR2_X1    | 0.019 | N11078                   |       SPEF |   1.048 | 0.000 |   0.608 | 
     | C2287                    | A2 ^ -> ZN ^ | OR2_X1    | 0.104 | N11079                   |            |  11.722 | 0.151 |   0.760 | 
     | FE_OFC52_N11079          |              | CLKBUF_X3 | 0.104 | N11079                   |       SPEF |  11.722 | 0.002 |   0.761 | 
     | FE_OFC52_N11079          | A ^ -> Z ^   | CLKBUF_X3 | 0.360 | FE_OFN52_N11079          |            | 132.535 | 0.467 |   1.228 | 
     | FE_OFC53_N11079          |              | CLKBUF_X3 | 0.361 | FE_OFN52_N11079          |       SPEF | 132.535 | 0.010 |   1.237 | 
     | FE_OFC53_N11079          | A ^ -> Z ^   | CLKBUF_X3 | 0.365 | FE_OFN53_N11079          |            | 134.556 | 0.551 |   1.789 | 
     | FE_DBTC0_N11079          |              | INV_X4    | 0.365 | FE_OFN53_N11079          |       SPEF | 134.556 | 0.011 |   1.800 | 
     | FE_DBTC0_N11079          | A ^ -> ZN v  | INV_X4    | 0.138 | FE_DBTN0_N11079          |            | 121.993 | 0.253 |   2.053 | 
     | FE_OFC82_FE_DBTN0_N11079 |              | CLKBUF_X3 | 0.138 | FE_DBTN0_N11079          |       SPEF | 121.993 | 0.005 |   2.058 | 
     | FE_OFC82_FE_DBTN0_N11079 | A v -> Z v   | CLKBUF_X3 | 0.199 | FE_OFN82_FE_DBTN0_N11079 |            | 118.055 | 0.371 |   2.429 | 
     | U946                     |              | AOI22_X1  | 0.199 | FE_OFN82_FE_DBTN0_N11079 |       SPEF | 118.055 | 0.023 |   2.452 | 
     | U946                     | A2 v -> ZN ^ | AOI22_X1  | 0.116 | n781                     |            |   2.729 | 0.249 |   2.700 | 
     | U945                     |              | INV_X1    | 0.116 | n781                     |       SPEF |   2.729 | 0.000 |   2.701 | 
     | U945                     | A ^ -> ZN v  | INV_X1    | 0.032 | mix[90]                  |            |   3.432 | 0.053 |   2.754 | 
     | C33560                   |              | XOR2_X1   | 0.032 | mix[90]                  |       SPEF |   3.432 | 0.000 |   2.754 | 
     | C33560                   | A v -> Z v   | XOR2_X1   | 0.034 | N10490                   |            |   1.723 | 0.184 |   2.938 | 
     | U1202                    |              | AOI22_X1  | 0.034 | N10490                   |       SPEF |   1.723 | 0.000 |   2.938 | 
     | U1202                    | A1 v -> ZN ^ | AOI22_X1  | 0.316 | n910                     |            |  14.499 | 0.365 |   3.303 | 
     | FE_OFC104_n910           |              | BUF_X2    | 0.316 | n910                     |       SPEF |  14.499 | 0.000 |   3.304 | 
     | FE_OFC104_n910           | A ^ -> Z ^   | BUF_X2    | 0.333 | FE_OFN104_n910           |            |  81.490 | 0.447 |   3.751 | 
     | FE_OFC106_n910           |              | CLKBUF_X2 | 0.333 | FE_OFN104_n910           |       SPEF |  81.490 | 0.007 |   3.758 | 
     | FE_OFC106_n910           | A ^ -> Z ^   | CLKBUF_X2 | 0.344 | FE_OFN106_n910           |            |  84.949 | 0.510 |   4.268 | 
     | FE_DBTC127_n910          |              | INV_X1    | 0.344 | FE_OFN106_n910           |       SPEF |  84.949 | 0.002 |   4.270 | 
     | FE_DBTC127_n910          | A ^ -> ZN v  | INV_X1    | 0.144 | FE_OFN300_cipher_90      |            |  41.652 | 0.297 |   4.567 | 
     | FE_OFC300_cipher_90      |              | INV_X1    | 0.145 | FE_OFN300_cipher_90      |       SPEF |  41.652 | 0.001 |   4.568 | 
     | FE_OFC300_cipher_90      | A v -> ZN ^  | INV_X1    | 0.075 | FE_OFN301_cipher_90      |            |   6.770 | 0.155 |   4.723 | 
     | FE_OFC303_cipher_90      |              | INV_X2    | 0.075 | FE_OFN301_cipher_90      |       SPEF |   6.770 | 0.000 |   4.723 | 
     | FE_OFC303_cipher_90      | A ^ -> ZN v  | INV_X2    | 0.090 | FE_OFN303_cipher_90      |            |  81.654 | 0.144 |   4.866 | 
     | C27114                   |              | AND2_X1   | 0.090 | FE_OFN303_cipher_90      |       SPEF |  81.654 | 0.010 |   4.876 | 
     | C27114                   | A1 v -> ZN v | AND2_X1   | 0.017 | N34896                   |            |   1.044 | 0.133 |   5.009 | 
     | C27115                   |              | OR2_X1    | 0.017 | N34896                   |       SPEF |   1.044 | 0.000 |   5.009 | 
     | C27115                   | A2 v -> ZN v | OR2_X1    | 0.030 | N34897                   |            |   1.244 | 0.180 |   5.189 | 
     | C27117                   |              | AND2_X1   | 0.030 | N34897                   |       SPEF |   1.244 | 0.000 |   5.189 | 
     | C27117                   | A2 v -> ZN v | AND2_X1   | 0.017 | N34899                   |            |   0.984 | 0.104 |   5.293 | 
     | C27118                   |              | OR2_X1    | 0.017 | N34899                   |       SPEF |   0.984 | 0.000 |   5.293 | 
     | C27118                   | A2 v -> ZN v | OR2_X1    | 0.029 | N34900                   |            |   0.963 | 0.177 |   5.470 | 
     | C27120                   |              | AND2_X1   | 0.029 | N34900                   |       SPEF |   0.963 | 0.000 |   5.470 | 
     | C27120                   | A2 v -> ZN v | AND2_X1   | 0.019 | N34902                   |            |   0.984 | 0.104 |   5.574 | 
     | C27121                   |              | OR2_X1    | 0.019 | N34902                   |       SPEF |   0.984 | 0.000 |   5.574 | 
     | C27121                   | A2 v -> ZN v | OR2_X1    | 0.029 | N34903                   |            |   0.983 | 0.178 |   5.752 | 
     | C27123                   |              | AND2_X1   | 0.029 | N34903                   |       SPEF |   0.983 | 0.000 |   5.752 | 
     | C27123                   | A2 v -> ZN v | AND2_X1   | 0.017 | N34905                   |            |   0.984 | 0.104 |   5.856 | 
     | C27124                   |              | OR2_X1    | 0.017 | N34905                   |       SPEF |   0.984 | 0.000 |   5.856 | 
     | C27124                   | A2 v -> ZN v | OR2_X1    | 0.031 | N34906                   |            |   1.671 | 0.183 |   6.039 | 
     | U343                     |              | AOI222_X1 | 0.031 | N34906                   |       SPEF |   1.671 | 0.000 |   6.039 | 
     | U343                     | C1 v -> ZN ^ | AOI222_X1 | 0.269 | n288                     |            |   4.794 | 0.429 |   6.468 | 
     | U342                     |              | NAND2_X1  | 0.269 | n288                     |       SPEF |   4.794 | 0.000 |   6.468 | 
     | U342                     | A2 ^ -> ZN v | NAND2_X1  | 0.045 | n596                     |            |   1.353 | 0.082 |   6.550 | 
     | sub_reg[95]              |              | DFF_X1    | 0.045 | n596                     |       SPEF |   1.353 | 0.000 |   6.550 | 
     +---------------------------------------------------------------------------------------------------------------------------------+ 
Path 9: MET Setup Check with Pin sub_reg[89]/CK 
Endpoint:   sub_reg[89]/D         (v) checked with  leading edge of 'CLK'
Beginpoint: roundCounter_reg[4]/Q (^) triggered by  leading edge of 'CLK'
Path Groups: {CLK}
Analysis View: aes_av
Other End Arrival Time          0.000
- Setup                         0.171
+ Phase Shift                   8.000
= Required Time                 7.829
- Arrival Time                  6.537
= Slack Time                    1.292
     Clock Rise Edge                 0.000
     + Clock Network Latency (Ideal) 0.000
     = Beginpoint Arrival Time       0.000
     +---------------------------------------------------------------------------------------------------------------------------------+ 
     |         Instance         |     Arc      |   Cell    |  Slew |           Net            |    Arc     |  Load   | Delay | Arrival | 
     |                          |              |           |       |                          | Annotation |         |       |  Time   | 
     |--------------------------+--------------+-----------+-------+--------------------------+------------+---------+-------+---------| 
     | roundCounter_reg[4]      | CK ^         |           | 0.000 | clock                    |            | 414.875 |       |   0.000 | 
     | roundCounter_reg[4]      | CK ^ -> Q ^  | DFF_X1    | 0.165 | roundCounter[4]          |            |  20.081 | 0.435 |   0.435 | 
     | C2285                    |              | OR2_X1    | 0.165 | roundCounter[4]          |       SPEF |  20.081 | 0.001 |   0.435 | 
     | C2285                    | A1 ^ -> ZN ^ | OR2_X1    | 0.023 | N11077                   |            |   1.173 | 0.111 |   0.546 | 
     | C2286                    |              | OR2_X1    | 0.023 | N11077                   |       SPEF |   1.173 | 0.000 |   0.546 | 
     | C2286                    | A2 ^ -> ZN ^ | OR2_X1    | 0.019 | N11078                   |            |   1.048 | 0.062 |   0.608 | 
     | C2287                    |              | OR2_X1    | 0.019 | N11078                   |       SPEF |   1.048 | 0.000 |   0.608 | 
     | C2287                    | A2 ^ -> ZN ^ | OR2_X1    | 0.104 | N11079                   |            |  11.722 | 0.151 |   0.760 | 
     | FE_OFC52_N11079          |              | CLKBUF_X3 | 0.104 | N11079                   |       SPEF |  11.722 | 0.002 |   0.761 | 
     | FE_OFC52_N11079          | A ^ -> Z ^   | CLKBUF_X3 | 0.360 | FE_OFN52_N11079          |            | 132.535 | 0.467 |   1.228 | 
     | FE_OFC53_N11079          |              | CLKBUF_X3 | 0.361 | FE_OFN52_N11079          |       SPEF | 132.535 | 0.010 |   1.237 | 
     | FE_OFC53_N11079          | A ^ -> Z ^   | CLKBUF_X3 | 0.365 | FE_OFN53_N11079          |            | 134.556 | 0.551 |   1.789 | 
     | FE_DBTC0_N11079          |              | INV_X4    | 0.365 | FE_OFN53_N11079          |       SPEF | 134.556 | 0.011 |   1.800 | 
     | FE_DBTC0_N11079          | A ^ -> ZN v  | INV_X4    | 0.138 | FE_DBTN0_N11079          |            | 121.993 | 0.253 |   2.053 | 
     | FE_OFC82_FE_DBTN0_N11079 |              | CLKBUF_X3 | 0.138 | FE_DBTN0_N11079          |       SPEF | 121.993 | 0.005 |   2.058 | 
     | FE_OFC82_FE_DBTN0_N11079 | A v -> Z v   | CLKBUF_X3 | 0.199 | FE_OFN82_FE_DBTN0_N11079 |            | 118.055 | 0.371 |   2.429 | 
     | U946                     |              | AOI22_X1  | 0.199 | FE_OFN82_FE_DBTN0_N11079 |       SPEF | 118.055 | 0.023 |   2.452 | 
     | U946                     | A2 v -> ZN ^ | AOI22_X1  | 0.116 | n781                     |            |   2.729 | 0.249 |   2.700 | 
     | U945                     |              | INV_X1    | 0.116 | n781                     |       SPEF |   2.729 | 0.000 |   2.700 | 
     | U945                     | A ^ -> ZN v  | INV_X1    | 0.032 | mix[90]                  |            |   3.432 | 0.053 |   2.754 | 
     | C33560                   |              | XOR2_X1   | 0.032 | mix[90]                  |       SPEF |   3.432 | 0.000 |   2.754 | 
     | C33560                   | A v -> Z v   | XOR2_X1   | 0.034 | N10490                   |            |   1.723 | 0.184 |   2.938 | 
     | U1202                    |              | AOI22_X1  | 0.034 | N10490                   |       SPEF |   1.723 | 0.000 |   2.938 | 
     | U1202                    | A1 v -> ZN ^ | AOI22_X1  | 0.316 | n910                     |            |  14.499 | 0.365 |   3.303 | 
     | FE_OFC104_n910           |              | BUF_X2    | 0.316 | n910                     |       SPEF |  14.499 | 0.000 |   3.304 | 
     | FE_OFC104_n910           | A ^ -> Z ^   | BUF_X2    | 0.333 | FE_OFN104_n910           |            |  81.490 | 0.447 |   3.751 | 
     | FE_OFC106_n910           |              | CLKBUF_X2 | 0.333 | FE_OFN104_n910           |       SPEF |  81.490 | 0.007 |   3.758 | 
     | FE_OFC106_n910           | A ^ -> Z ^   | CLKBUF_X2 | 0.344 | FE_OFN106_n910           |            |  84.949 | 0.510 |   4.268 | 
     | FE_DBTC127_n910          |              | INV_X1    | 0.344 | FE_OFN106_n910           |       SPEF |  84.949 | 0.002 |   4.270 | 
     | FE_DBTC127_n910          | A ^ -> ZN v  | INV_X1    | 0.144 | FE_OFN300_cipher_90      |            |  41.652 | 0.297 |   4.567 | 
     | FE_OFC301_cipher_90      |              | CLKBUF_X2 | 0.145 | FE_OFN300_cipher_90      |       SPEF |  41.652 | 0.001 |   4.567 | 
     | FE_OFC301_cipher_90      | A v -> Z v   | CLKBUF_X2 | 0.123 | FE_OFN302_cipher_90      |            |  49.459 | 0.283 |   4.851 | 
     | C25960                   |              | AND2_X1   | 0.123 | FE_OFN302_cipher_90      |       SPEF |  49.459 | 0.001 |   4.851 | 
     | C25960                   | A1 v -> ZN v | AND2_X1   | 0.018 | N33781                   |            |   0.959 | 0.151 |   5.002 | 
     | C25961                   |              | OR2_X1    | 0.018 | N33781                   |       SPEF |   0.959 | 0.000 |   5.002 | 
     | C25961                   | A2 v -> ZN v | OR2_X1    | 0.031 | N33782                   |            |   1.547 | 0.183 |   5.185 | 
     | C25963                   |              | AND2_X1   | 0.031 | N33782                   |       SPEF |   1.547 | 0.000 |   5.185 | 
     | C25963                   | A2 v -> ZN v | AND2_X1   | 0.018 | N33784                   |            |   1.477 | 0.108 |   5.293 | 
     | C25964                   |              | OR2_X1    | 0.018 | N33784                   |       SPEF |   1.477 | 0.000 |   5.293 | 
     | C25964                   | A2 v -> ZN v | OR2_X1    | 0.029 | N33785                   |            |   1.129 | 0.179 |   5.472 | 
     | C25966                   |              | AND2_X1   | 0.029 | N33785                   |       SPEF |   1.129 | 0.000 |   5.472 | 
     | C25966                   | A2 v -> ZN v | AND2_X1   | 0.019 | N33787                   |            |   1.022 | 0.104 |   5.576 | 
     | C25967                   |              | OR2_X1    | 0.019 | N33787                   |       SPEF |   1.022 | 0.000 |   5.576 | 
     | C25967                   | A2 v -> ZN v | OR2_X1    | 0.029 | N33788                   |            |   1.131 | 0.180 |   5.756 | 
     | C25969                   |              | AND2_X1   | 0.029 | N33788                   |       SPEF |   1.131 | 0.000 |   5.756 | 
     | C25969                   | A2 v -> ZN v | AND2_X1   | 0.017 | N33790                   |            |   1.031 | 0.104 |   5.860 | 
     | C25970                   |              | OR2_X1    | 0.017 | N33790                   |       SPEF |   1.031 | 0.000 |   5.860 | 
     | C25970                   | A2 v -> ZN v | OR2_X1    | 0.031 | N33791                   |            |   1.590 | 0.182 |   6.043 | 
     | U612                     |              | AOI222_X1 | 0.031 | N33791                   |       SPEF |   1.590 | 0.000 |   6.043 | 
     | U612                     | C1 v -> ZN ^ | AOI222_X1 | 0.253 | n480                     |            |   4.250 | 0.411 |   6.454 | 
     | U611                     |              | NAND2_X1  | 0.253 | n480                     |       SPEF |   4.250 | 0.000 |   6.454 | 
     | U611                     | A2 ^ -> ZN v | NAND2_X1  | 0.044 | n681                     |            |   1.466 | 0.082 |   6.537 | 
     | sub_reg[89]              |              | DFF_X1    | 0.044 | n681                     |       SPEF |   1.466 | 0.000 |   6.537 | 
     +---------------------------------------------------------------------------------------------------------------------------------+ 
Path 10: MET Setup Check with Pin sub_reg[93]/CK 
Endpoint:   sub_reg[93]/D         (v) checked with  leading edge of 'CLK'
Beginpoint: roundCounter_reg[4]/Q (^) triggered by  leading edge of 'CLK'
Path Groups: {CLK}
Analysis View: aes_av
Other End Arrival Time          0.000
- Setup                         0.168
+ Phase Shift                   8.000
= Required Time                 7.832
- Arrival Time                  6.498
= Slack Time                    1.334
     Clock Rise Edge                 0.000
     + Clock Network Latency (Ideal) 0.000
     = Beginpoint Arrival Time       0.000
     +---------------------------------------------------------------------------------------------------------------------------------+ 
     |         Instance         |     Arc      |   Cell    |  Slew |           Net            |    Arc     |  Load   | Delay | Arrival | 
     |                          |              |           |       |                          | Annotation |         |       |  Time   | 
     |--------------------------+--------------+-----------+-------+--------------------------+------------+---------+-------+---------| 
     | roundCounter_reg[4]      | CK ^         |           | 0.000 | clock                    |            | 414.875 |       |   0.000 | 
     | roundCounter_reg[4]      | CK ^ -> Q ^  | DFF_X1    | 0.165 | roundCounter[4]          |            |  20.081 | 0.435 |   0.435 | 
     | C2285                    |              | OR2_X1    | 0.165 | roundCounter[4]          |       SPEF |  20.081 | 0.001 |   0.435 | 
     | C2285                    | A1 ^ -> ZN ^ | OR2_X1    | 0.023 | N11077                   |            |   1.173 | 0.111 |   0.546 | 
     | C2286                    |              | OR2_X1    | 0.023 | N11077                   |       SPEF |   1.173 | 0.000 |   0.546 | 
     | C2286                    | A2 ^ -> ZN ^ | OR2_X1    | 0.019 | N11078                   |            |   1.048 | 0.062 |   0.608 | 
     | C2287                    |              | OR2_X1    | 0.019 | N11078                   |       SPEF |   1.048 | 0.000 |   0.608 | 
     | C2287                    | A2 ^ -> ZN ^ | OR2_X1    | 0.104 | N11079                   |            |  11.722 | 0.151 |   0.760 | 
     | FE_OFC52_N11079          |              | CLKBUF_X3 | 0.104 | N11079                   |       SPEF |  11.722 | 0.002 |   0.761 | 
     | FE_OFC52_N11079          | A ^ -> Z ^   | CLKBUF_X3 | 0.360 | FE_OFN52_N11079          |            | 132.535 | 0.467 |   1.228 | 
     | FE_OFC53_N11079          |              | CLKBUF_X3 | 0.361 | FE_OFN52_N11079          |       SPEF | 132.535 | 0.010 |   1.237 | 
     | FE_OFC53_N11079          | A ^ -> Z ^   | CLKBUF_X3 | 0.365 | FE_OFN53_N11079          |            | 134.556 | 0.551 |   1.789 | 
     | FE_DBTC0_N11079          |              | INV_X4    | 0.365 | FE_OFN53_N11079          |       SPEF | 134.556 | 0.011 |   1.800 | 
     | FE_DBTC0_N11079          | A ^ -> ZN v  | INV_X4    | 0.138 | FE_DBTN0_N11079          |            | 121.993 | 0.253 |   2.053 | 
     | FE_OFC82_FE_DBTN0_N11079 |              | CLKBUF_X3 | 0.138 | FE_DBTN0_N11079          |       SPEF | 121.993 | 0.005 |   2.058 | 
     | FE_OFC82_FE_DBTN0_N11079 | A v -> Z v   | CLKBUF_X3 | 0.199 | FE_OFN82_FE_DBTN0_N11079 |            | 118.055 | 0.371 |   2.429 | 
     | U946                     |              | AOI22_X1  | 0.199 | FE_OFN82_FE_DBTN0_N11079 |       SPEF | 118.055 | 0.023 |   2.452 | 
     | U946                     | A2 v -> ZN ^ | AOI22_X1  | 0.116 | n781                     |            |   2.729 | 0.249 |   2.700 | 
     | U945                     |              | INV_X1    | 0.116 | n781                     |       SPEF |   2.729 | 0.000 |   2.700 | 
     | U945                     | A ^ -> ZN v  | INV_X1    | 0.032 | mix[90]                  |            |   3.432 | 0.053 |   2.754 | 
     | C33560                   |              | XOR2_X1   | 0.032 | mix[90]                  |       SPEF |   3.432 | 0.000 |   2.754 | 
     | C33560                   | A v -> Z v   | XOR2_X1   | 0.034 | N10490                   |            |   1.723 | 0.184 |   2.938 | 
     | U1202                    |              | AOI22_X1  | 0.034 | N10490                   |       SPEF |   1.723 | 0.000 |   2.938 | 
     | U1202                    | A1 v -> ZN ^ | AOI22_X1  | 0.316 | n910                     |            |  14.499 | 0.365 |   3.303 | 
     | FE_OFC104_n910           |              | BUF_X2    | 0.316 | n910                     |       SPEF |  14.499 | 0.000 |   3.304 | 
     | FE_OFC104_n910           | A ^ -> Z ^   | BUF_X2    | 0.333 | FE_OFN104_n910           |            |  81.490 | 0.447 |   3.751 | 
     | FE_OFC106_n910           |              | CLKBUF_X2 | 0.333 | FE_OFN104_n910           |       SPEF |  81.490 | 0.007 |   3.758 | 
     | FE_OFC106_n910           | A ^ -> Z ^   | CLKBUF_X2 | 0.344 | FE_OFN106_n910           |            |  84.949 | 0.510 |   4.268 | 
     | FE_DBTC127_n910          |              | INV_X1    | 0.344 | FE_OFN106_n910           |       SPEF |  84.949 | 0.002 |   4.270 | 
     | FE_DBTC127_n910          | A ^ -> ZN v  | INV_X1    | 0.144 | FE_OFN300_cipher_90      |            |  41.652 | 0.297 |   4.567 | 
     | FE_OFC300_cipher_90      |              | INV_X1    | 0.145 | FE_OFN300_cipher_90      |       SPEF |  41.652 | 0.001 |   4.568 | 
     | FE_OFC300_cipher_90      | A v -> ZN ^  | INV_X1    | 0.075 | FE_OFN301_cipher_90      |            |   6.770 | 0.155 |   4.723 | 
     | FE_OFC303_cipher_90      |              | INV_X2    | 0.075 | FE_OFN301_cipher_90      |       SPEF |   6.770 | 0.000 |   4.723 | 
     | FE_OFC303_cipher_90      | A ^ -> ZN v  | INV_X2    | 0.090 | FE_OFN303_cipher_90      |            |  81.654 | 0.144 |   4.866 | 
     | C26735                   |              | AND2_X1   | 0.090 | FE_OFN303_cipher_90      |       SPEF |  81.654 | 0.010 |   4.876 | 
     | C26735                   | A1 v -> ZN v | AND2_X1   | 0.016 | N34532                   |            |   0.976 | 0.133 |   5.008 | 
     | C26736                   |              | OR2_X1    | 0.016 | N34532                   |       SPEF |   0.976 | 0.000 |   5.008 | 
     | C26736                   | A2 v -> ZN v | OR2_X1    | 0.029 | N34533                   |            |   1.113 | 0.178 |   5.187 | 
     | C26738                   |              | AND2_X1   | 0.029 | N34533                   |       SPEF |   1.113 | 0.000 |   5.187 | 
     | C26738                   | A2 v -> ZN v | AND2_X1   | 0.018 | N34535                   |            |   0.988 | 0.104 |   5.291 | 
     | C26739                   |              | OR2_X1    | 0.018 | N34535                   |       SPEF |   0.988 | 0.000 |   5.291 | 
     | C26739                   | A2 v -> ZN v | OR2_X1    | 0.032 | N34536                   |            |   2.155 | 0.188 |   5.478 | 
     | C26741                   |              | AND2_X1   | 0.032 | N34536                   |       SPEF |   2.155 | 0.000 |   5.478 | 
     | C26741                   | A2 v -> ZN v | AND2_X1   | 0.020 | N34538                   |            |   1.399 | 0.108 |   5.587 | 
     | C26742                   |              | OR2_X1    | 0.020 | N34538                   |       SPEF |   1.399 | 0.000 |   5.587 | 
     | C26742                   | A2 v -> ZN v | OR2_X1    | 0.029 | N34539                   |            |   0.969 | 0.179 |   5.766 | 
     | C26744                   |              | AND2_X1   | 0.029 | N34539                   |       SPEF |   0.969 | 0.000 |   5.766 | 
     | C26744                   | A2 v -> ZN v | AND2_X1   | 0.017 | N34541                   |            |   1.026 | 0.104 |   5.870 | 
     | C26745                   |              | OR2_X1    | 0.017 | N34541                   |       SPEF |   1.026 | 0.000 |   5.870 | 
     | C26745                   | A2 v -> ZN v | OR2_X1    | 0.031 | N34542                   |            |   1.766 | 0.184 |   6.054 | 
     | U2287                    |              | AOI222_X1 | 0.031 | N34542                   |       SPEF |   1.766 | 0.000 |   6.054 | 
     | U2287                    | C1 v -> ZN ^ | AOI222_X1 | 0.213 | n388                     |            |   2.856 | 0.367 |   6.421 | 
     | U468                     |              | NAND2_X1  | 0.213 | n388                     |       SPEF |   2.856 | 0.000 |   6.421 | 
     | U468                     | A2 ^ -> ZN v | NAND2_X1  | 0.038 | n638                     |            |   1.348 | 0.077 |   6.498 | 
     | sub_reg[93]              |              | DFF_X1    | 0.038 | n638                     |       SPEF |   1.348 | 0.000 |   6.498 | 
     +---------------------------------------------------------------------------------------------------------------------------------+ 

