###############################################################
#  Generated by:      Cadence Innovus 18.10-p002_1
#  OS:                Linux x86_64(Host ID ensc-esil-18)
#  Generated on:      Fri Apr  2 12:21:14 2021
#  Design:            aes128key
#  Command:           report_timing -net -format {instance arc cell slew net annotation load delay arrival} -max_paths 10 >  results/timing/07-postCtsOpt_setup.rpt
###############################################################
Path 1: MET Setup Check with Pin sub_reg[33]/CK 
Endpoint:   sub_reg[33]/D         (v) checked with  leading edge of 'CLK'
Beginpoint: roundCounter_reg[4]/Q (^) triggered by  leading edge of 'CLK'
Path Groups: {CLK}
Analysis View: aes_av
Other End Arrival Time          0.000
- Setup                         0.170
+ Phase Shift                   8.000
= Required Time                 7.830
- Arrival Time                  6.699
= Slack Time                    1.131
     Clock Rise Edge                 0.000
     + Clock Network Latency (Ideal) 0.000
     = Beginpoint Arrival Time       0.000
     +---------------------------------------------------------------------------------------------------------------------------------+ 
     |         Instance         |     Arc      |   Cell    |  Slew |           Net            |    Arc     |  Load   | Delay | Arrival | 
     |                          |              |           |       |                          | Annotation |         |       |  Time   | 
     |--------------------------+--------------+-----------+-------+--------------------------+------------+---------+-------+---------| 
     | roundCounter_reg[4]      | CK ^         |           | 0.000 | clock                    |            | 395.854 |       |   0.000 | 
     | roundCounter_reg[4]      | CK ^ -> Q ^  | DFF_X1    | 0.176 | roundCounter[4]          |            |  20.646 | 0.446 |   0.446 | 
     | C2285                    |              | OR2_X1    | 0.176 | roundCounter[4]          |       SPEF |  20.646 | 0.001 |   0.447 | 
     | C2285                    | A1 ^ -> ZN ^ | OR2_X1    | 0.024 | N11077                   |            |   1.280 | 0.114 |   0.561 | 
     | C2286                    |              | OR2_X1    | 0.024 | N11077                   |       SPEF |   1.280 | 0.000 |   0.561 | 
     | C2286                    | A2 ^ -> ZN ^ | OR2_X1    | 0.020 | N11078                   |            |   1.129 | 0.064 |   0.625 | 
     | C2287                    |              | OR2_X1    | 0.020 | N11078                   |       SPEF |   1.129 | 0.000 |   0.625 | 
     | C2287                    | A2 ^ -> ZN ^ | OR2_X1    | 0.111 | N11079                   |            |  12.615 | 0.160 |   0.784 | 
     | FE_OFC52_N11079          |              | CLKBUF_X3 | 0.111 | N11079                   |       SPEF |  12.615 | 0.001 |   0.785 | 
     | FE_OFC52_N11079          | A ^ -> Z ^   | CLKBUF_X3 | 0.368 | FE_OFN52_N11079          |            | 129.322 | 0.470 |   1.256 | 
     | FE_OFC53_N11079          |              | CLKBUF_X3 | 0.368 | FE_OFN52_N11079          |       SPEF | 129.322 | 0.019 |   1.275 | 
     | FE_OFC53_N11079          | A ^ -> Z ^   | CLKBUF_X3 | 0.368 | FE_OFN53_N11079          |            | 130.030 | 0.552 |   1.827 | 
     | FE_DBTC0_N11079          |              | INV_X4    | 0.368 | FE_OFN53_N11079          |       SPEF | 130.030 | 0.015 |   1.841 | 
     | FE_DBTC0_N11079          | A ^ -> ZN v  | INV_X4    | 0.136 | FE_DBTN0_N11079          |            | 120.834 | 0.246 |   2.088 | 
     | FE_OFC82_FE_DBTN0_N11079 |              | CLKBUF_X3 | 0.136 | FE_DBTN0_N11079          |       SPEF | 120.834 | 0.005 |   2.093 | 
     | FE_OFC82_FE_DBTN0_N11079 | A v -> Z v   | CLKBUF_X3 | 0.188 | FE_OFN82_FE_DBTN0_N11079 |            | 116.444 | 0.357 |   2.450 | 
     | U1070                    |              | AOI22_X1  | 0.189 | FE_OFN82_FE_DBTN0_N11079 |       SPEF | 116.444 | 0.012 |   2.462 | 
     | U1070                    | A2 v -> ZN ^ | AOI22_X1  | 0.121 | n843                     |            |   3.070 | 0.251 |   2.712 | 
     | U1069                    |              | INV_X1    | 0.121 | n843                     |       SPEF |   3.070 | 0.000 |   2.712 | 
     | U1069                    | A ^ -> ZN v  | INV_X1    | 0.040 | mix[34]                  |            |   7.332 | 0.077 |   2.789 | 
     | C33616                   |              | XOR2_X1   | 0.040 | mix[34]                  |       SPEF |   7.332 | 0.000 |   2.790 | 
     | C33616                   | A v -> Z v   | XOR2_X1   | 0.034 | N10546                   |            |   1.863 | 0.188 |   2.978 | 
     | U1318                    |              | AOI22_X1  | 0.034 | N10546                   |       SPEF |   1.863 | 0.000 |   2.978 | 
     | U1318                    | A1 v -> ZN ^ | AOI22_X1  | 0.315 | n972                     |            |  14.215 | 0.365 |   3.343 | 
     | FE_OFC190_n972           |              | BUF_X2    | 0.315 | n972                     |       SPEF |  14.215 | 0.001 |   3.344 | 
     | FE_OFC190_n972           | A ^ -> Z ^   | BUF_X2    | 0.336 | FE_OFN190_n972           |            |  79.498 | 0.448 |   3.792 | 
     | FE_OFC192_n972           |              | BUF_X2    | 0.336 | FE_OFN190_n972           |       SPEF |  79.498 | 0.011 |   3.803 | 
     | FE_OFC192_n972           | A ^ -> Z ^   | BUF_X2    | 0.332 | FE_OFN192_n972           |            |  78.893 | 0.449 |   4.252 | 
     | FE_DBTC64_n972           |              | INV_X2    | 0.332 | FE_OFN192_n972           |       SPEF |  78.893 | 0.004 |   4.255 | 
     | FE_DBTC64_n972           | A ^ -> ZN v  | INV_X2    | 0.147 | cipher[34]               |            |  87.658 | 0.284 |   4.540 | 
     | FE_OFC348_cipher_34      |              | BUF_X2    | 0.148 | cipher[34]               |       SPEF |  87.658 | 0.016 |   4.556 | 
     | FE_OFC348_cipher_34      | A v -> Z v   | BUF_X2    | 0.078 | FE_OFN348_cipher_34      |            |  65.426 | 0.239 |   4.795 | 
     | FE_OFC350_cipher_34      |              | CLKBUF_X2 | 0.079 | FE_OFN348_cipher_34      |       SPEF |  65.426 | 0.008 |   4.803 | 
     | FE_OFC350_cipher_34      | A v -> Z v   | CLKBUF_X2 | 0.109 | FE_OFN350_cipher_34      |            |  44.627 | 0.232 |   5.035 | 
     | C15177                   |              | AND2_X1   | 0.109 | FE_OFN350_cipher_34      |       SPEF |  44.627 | 0.002 |   5.037 | 
     | C15177                   | A1 v -> ZN v | AND2_X1   | 0.017 | N23341                   |            |   1.084 | 0.144 |   5.181 | 
     | C15178                   |              | OR2_X1    | 0.017 | N23341                   |       SPEF |   1.084 | 0.000 |   5.181 | 
     | C15178                   | A2 v -> ZN v | OR2_X1    | 0.030 | N23342                   |            |   1.328 | 0.180 |   5.361 | 
     | C15182                   |              | AND2_X1   | 0.030 | N23342                   |       SPEF |   1.328 | 0.000 |   5.361 | 
     | C15182                   | A2 v -> ZN v | AND2_X1   | 0.016 | N23346                   |            |   0.862 | 0.103 |   5.465 | 
     | C15184                   |              | OR2_X1    | 0.016 | N23346                   |       SPEF |   0.862 | 0.000 |   5.465 | 
     | C15184                   | A1 v -> ZN v | OR2_X1    | 0.032 | N23348                   |            |   2.094 | 0.168 |   5.633 | 
     | C15186                   |              | AND2_X1   | 0.032 | N23348                   |       SPEF |   2.094 | 0.000 |   5.633 | 
     | C15186                   | A2 v -> ZN v | AND2_X1   | 0.019 | N23350                   |            |   1.041 | 0.106 |   5.739 | 
     | C15187                   |              | OR2_X1    | 0.019 | N23350                   |       SPEF |   1.041 | 0.000 |   5.739 | 
     | C15187                   | A2 v -> ZN v | OR2_X1    | 0.032 | N23351                   |            |   2.032 | 0.187 |   5.926 | 
     | C15189                   |              | AND2_X1   | 0.032 | N23351                   |       SPEF |   2.032 | 0.000 |   5.926 | 
     | C15189                   | A2 v -> ZN v | AND2_X1   | 0.017 | N23353                   |            |   1.058 | 0.106 |   6.032 | 
     | C15190                   |              | OR2_X1    | 0.017 | N23353                   |       SPEF |   1.058 | 0.000 |   6.032 | 
     | C15190                   | A2 v -> ZN v | OR2_X1    | 0.032 | N23354                   |            |   1.876 | 0.185 |   6.217 | 
     | U557                     |              | AOI222_X1 | 0.032 | N23354                   |       SPEF |   1.876 | 0.000 |   6.217 | 
     | U557                     | C1 v -> ZN ^ | AOI222_X1 | 0.246 | n445                     |            |   3.911 | 0.404 |   6.621 | 
     | U556                     |              | NAND2_X1  | 0.246 | n445                     |       SPEF |   3.911 | 0.000 |   6.621 | 
     | U556                     | A2 ^ -> ZN v | NAND2_X1  | 0.041 | n665                     |            |   1.232 | 0.077 |   6.699 | 
     | sub_reg[33]              |              | DFF_X1    | 0.041 | n665                     |       SPEF |   1.232 | 0.000 |   6.699 | 
     +---------------------------------------------------------------------------------------------------------------------------------+ 
Path 2: MET Setup Check with Pin sub_reg[49]/CK 
Endpoint:   sub_reg[49]/D         (v) checked with  leading edge of 'CLK'
Beginpoint: roundCounter_reg[4]/Q (^) triggered by  leading edge of 'CLK'
Path Groups: {CLK}
Analysis View: aes_av
Other End Arrival Time          0.000
- Setup                         0.170
+ Phase Shift                   8.000
= Required Time                 7.830
- Arrival Time                  6.674
= Slack Time                    1.155
     Clock Rise Edge                 0.000
     + Clock Network Latency (Ideal) 0.000
     = Beginpoint Arrival Time       0.000
     +---------------------------------------------------------------------------------------------------------------------------------+ 
     |         Instance         |     Arc      |   Cell    |  Slew |           Net            |    Arc     |  Load   | Delay | Arrival | 
     |                          |              |           |       |                          | Annotation |         |       |  Time   | 
     |--------------------------+--------------+-----------+-------+--------------------------+------------+---------+-------+---------| 
     | roundCounter_reg[4]      | CK ^         |           | 0.000 | clock                    |            | 395.854 |       |   0.000 | 
     | roundCounter_reg[4]      | CK ^ -> Q ^  | DFF_X1    | 0.176 | roundCounter[4]          |            |  20.646 | 0.446 |   0.446 | 
     | C2285                    |              | OR2_X1    | 0.176 | roundCounter[4]          |       SPEF |  20.646 | 0.001 |   0.447 | 
     | C2285                    | A1 ^ -> ZN ^ | OR2_X1    | 0.024 | N11077                   |            |   1.280 | 0.114 |   0.561 | 
     | C2286                    |              | OR2_X1    | 0.024 | N11077                   |       SPEF |   1.280 | 0.000 |   0.561 | 
     | C2286                    | A2 ^ -> ZN ^ | OR2_X1    | 0.020 | N11078                   |            |   1.129 | 0.064 |   0.625 | 
     | C2287                    |              | OR2_X1    | 0.020 | N11078                   |       SPEF |   1.129 | 0.000 |   0.625 | 
     | C2287                    | A2 ^ -> ZN ^ | OR2_X1    | 0.111 | N11079                   |            |  12.615 | 0.160 |   0.784 | 
     | FE_OFC52_N11079          |              | CLKBUF_X3 | 0.111 | N11079                   |       SPEF |  12.615 | 0.001 |   0.785 | 
     | FE_OFC52_N11079          | A ^ -> Z ^   | CLKBUF_X3 | 0.368 | FE_OFN52_N11079          |            | 129.322 | 0.470 |   1.256 | 
     | FE_OFC53_N11079          |              | CLKBUF_X3 | 0.368 | FE_OFN52_N11079          |       SPEF | 129.322 | 0.019 |   1.275 | 
     | FE_OFC53_N11079          | A ^ -> Z ^   | CLKBUF_X3 | 0.368 | FE_OFN53_N11079          |            | 130.030 | 0.552 |   1.827 | 
     | FE_DBTC0_N11079          |              | INV_X4    | 0.368 | FE_OFN53_N11079          |       SPEF | 130.030 | 0.015 |   1.841 | 
     | FE_DBTC0_N11079          | A ^ -> ZN v  | INV_X4    | 0.136 | FE_DBTN0_N11079          |            | 120.834 | 0.246 |   2.088 | 
     | FE_OFC82_FE_DBTN0_N11079 |              | CLKBUF_X3 | 0.136 | FE_DBTN0_N11079          |       SPEF | 120.834 | 0.005 |   2.093 | 
     | FE_OFC82_FE_DBTN0_N11079 | A v -> Z v   | CLKBUF_X3 | 0.188 | FE_OFN82_FE_DBTN0_N11079 |            | 116.444 | 0.357 |   2.450 | 
     | U1038                    |              | AOI22_X1  | 0.189 | FE_OFN82_FE_DBTN0_N11079 |       SPEF | 116.444 | 0.016 |   2.465 | 
     | U1038                    | B2 v -> ZN ^ | AOI22_X1  | 0.105 | n827                     |            |   1.937 | 0.262 |   2.727 | 
     | U1037                    |              | INV_X1    | 0.105 | n827                     |       SPEF |   1.937 | 0.000 |   2.727 | 
     | U1037                    | A ^ -> ZN v  | INV_X1    | 0.032 | mix[49]                  |            |   5.162 | 0.061 |   2.789 | 
     | C33601                   |              | XOR2_X1   | 0.032 | mix[49]                  |       SPEF |   5.162 | 0.000 |   2.789 | 
     | C33601                   | A v -> Z v   | XOR2_X1   | 0.033 | N10531                   |            |   1.769 | 0.184 |   2.973 | 
     | U1288                    |              | AOI22_X1  | 0.033 | N10531                   |       SPEF |   1.769 | 0.000 |   2.973 | 
     | U1288                    | A1 v -> ZN ^ | AOI22_X1  | 0.221 | n956                     |            |   8.871 | 0.262 |   3.235 | 
     | FE_OFC169_n956           |              | CLKBUF_X2 | 0.221 | n956                     |       SPEF |   8.871 | 0.001 |   3.236 | 
     | FE_OFC169_n956           | A ^ -> Z ^   | CLKBUF_X2 | 0.321 | FE_OFN169_n956           |            |  75.653 | 0.452 |   3.688 | 
     | FE_OFC170_n956           |              | BUF_X1    | 0.321 | FE_OFN169_n956           |       SPEF |  75.653 | 0.012 |   3.700 | 
     | FE_OFC170_n956           | A ^ -> Z ^   | BUF_X1    | 0.337 | FE_OFN170_n956           |            |  40.258 | 0.462 |   4.162 | 
     | FE_DBTC80_n956           |              | INV_X2    | 0.337 | FE_OFN170_n956           |       SPEF |  40.258 | 0.001 |   4.163 | 
     | FE_DBTC80_n956           | A ^ -> ZN v  | INV_X2    | 0.141 | FE_OFN338_cipher_49      |            |  81.024 | 0.281 |   4.444 | 
     | FE_OFC338_cipher_49      |              | BUF_X1    | 0.141 | FE_OFN338_cipher_49      |       SPEF |  81.024 | 0.003 |   4.447 | 
     | FE_OFC338_cipher_49      | A v -> Z v   | BUF_X1    | 0.087 | cipher[49]               |            |  37.423 | 0.258 |   4.705 | 
     | C18179                   |              | AND2_X1   | 0.087 | cipher[49]               |       SPEF |  37.423 | 0.004 |   4.709 | 
     | C18179                   | A1 v -> ZN v | AND2_X1   | 0.019 | N26246                   |            |   1.068 | 0.131 |   4.839 | 
     | C18180                   |              | OR2_X1    | 0.019 | N26246                   |       SPEF |   1.068 | 0.000 |   4.839 | 
     | C18180                   | A2 v -> ZN v | OR2_X1    | 0.037 | N26247                   |            |   4.327 | 0.202 |   5.042 | 
     | C18260                   |              | AND2_X1   | 0.037 | N26247                   |       SPEF |   4.327 | 0.000 |   5.042 | 
     | C18260                   | A2 v -> ZN v | AND2_X1   | 0.017 | N26326                   |            |   1.085 | 0.109 |   5.151 | 
     | C18261                   |              | OR2_X1    | 0.017 | N26326                   |       SPEF |   1.085 | 0.000 |   5.151 | 
     | C18261                   | A2 v -> ZN v | OR2_X1    | 0.029 | N26327                   |            |   1.117 | 0.178 |   5.329 | 
     | C18263                   |              | AND2_X1   | 0.029 | N26327                   |       SPEF |   1.117 | 0.000 |   5.329 | 
     | C18263                   | A2 v -> ZN v | AND2_X1   | 0.018 | N26329                   |            |   1.731 | 0.109 |   5.437 | 
     | C18264                   |              | OR2_X1    | 0.018 | N26329                   |       SPEF |   1.731 | 0.000 |   5.438 | 
     | C18264                   | A2 v -> ZN v | OR2_X1    | 0.029 | N26330                   |            |   1.090 | 0.179 |   5.616 | 
     | C18266                   |              | AND2_X1   | 0.029 | N26330                   |       SPEF |   1.090 | 0.000 |   5.616 | 
     | C18266                   | A2 v -> ZN v | AND2_X1   | 0.019 | N26332                   |            |   1.049 | 0.104 |   5.720 | 
     | C18267                   |              | OR2_X1    | 0.019 | N26332                   |       SPEF |   1.049 | 0.000 |   5.720 | 
     | C18267                   | A2 v -> ZN v | OR2_X1    | 0.031 | N26333                   |            |   1.628 | 0.184 |   5.904 | 
     | C18269                   |              | AND2_X1   | 0.031 | N26333                   |       SPEF |   1.628 | 0.000 |   5.904 | 
     | C18269                   | A2 v -> ZN v | AND2_X1   | 0.017 | N26335                   |            |   1.054 | 0.105 |   6.010 | 
     | C18270                   |              | OR2_X1    | 0.017 | N26335                   |       SPEF |   1.054 | 0.000 |   6.010 | 
     | C18270                   | A2 v -> ZN v | OR2_X1    | 0.031 | N26336                   |            |   1.658 | 0.183 |   6.193 | 
     | U594                     |              | AOI222_X1 | 0.031 | N26336                   |       SPEF |   1.658 | 0.000 |   6.193 | 
     | U594                     | C1 v -> ZN ^ | AOI222_X1 | 0.246 | n468                     |            |   3.906 | 0.403 |   6.596 | 
     | U593                     |              | NAND2_X1  | 0.246 | n468                     |       SPEF |   3.906 | 0.000 |   6.596 | 
     | U593                     | A2 ^ -> ZN v | NAND2_X1  | 0.041 | n675                     |            |   1.272 | 0.078 |   6.674 | 
     | sub_reg[49]              |              | DFF_X1    | 0.041 | n675                     |       SPEF |   1.272 | 0.000 |   6.674 | 
     +---------------------------------------------------------------------------------------------------------------------------------+ 
Path 3: MET Setup Check with Pin sub_reg[54]/CK 
Endpoint:   sub_reg[54]/D         (v) checked with  leading edge of 'CLK'
Beginpoint: roundCounter_reg[4]/Q (^) triggered by  leading edge of 'CLK'
Path Groups: {CLK}
Analysis View: aes_av
Other End Arrival Time          0.000
- Setup                         0.170
+ Phase Shift                   8.000
= Required Time                 7.830
- Arrival Time                  6.673
= Slack Time                    1.157
     Clock Rise Edge                 0.000
     + Clock Network Latency (Ideal) 0.000
     = Beginpoint Arrival Time       0.000
     +---------------------------------------------------------------------------------------------------------------------------------+ 
     |         Instance         |     Arc      |   Cell    |  Slew |           Net            |    Arc     |  Load   | Delay | Arrival | 
     |                          |              |           |       |                          | Annotation |         |       |  Time   | 
     |--------------------------+--------------+-----------+-------+--------------------------+------------+---------+-------+---------| 
     | roundCounter_reg[4]      | CK ^         |           | 0.000 | clock                    |            | 395.854 |       |   0.000 | 
     | roundCounter_reg[4]      | CK ^ -> Q ^  | DFF_X1    | 0.176 | roundCounter[4]          |            |  20.646 | 0.446 |   0.446 | 
     | C2285                    |              | OR2_X1    | 0.176 | roundCounter[4]          |       SPEF |  20.646 | 0.001 |   0.447 | 
     | C2285                    | A1 ^ -> ZN ^ | OR2_X1    | 0.024 | N11077                   |            |   1.280 | 0.114 |   0.561 | 
     | C2286                    |              | OR2_X1    | 0.024 | N11077                   |       SPEF |   1.280 | 0.000 |   0.561 | 
     | C2286                    | A2 ^ -> ZN ^ | OR2_X1    | 0.020 | N11078                   |            |   1.129 | 0.064 |   0.625 | 
     | C2287                    |              | OR2_X1    | 0.020 | N11078                   |       SPEF |   1.129 | 0.000 |   0.625 | 
     | C2287                    | A2 ^ -> ZN ^ | OR2_X1    | 0.111 | N11079                   |            |  12.615 | 0.160 |   0.784 | 
     | FE_OFC52_N11079          |              | CLKBUF_X3 | 0.111 | N11079                   |       SPEF |  12.615 | 0.001 |   0.785 | 
     | FE_OFC52_N11079          | A ^ -> Z ^   | CLKBUF_X3 | 0.368 | FE_OFN52_N11079          |            | 129.322 | 0.470 |   1.256 | 
     | FE_OFC53_N11079          |              | CLKBUF_X3 | 0.368 | FE_OFN52_N11079          |       SPEF | 129.322 | 0.019 |   1.275 | 
     | FE_OFC53_N11079          | A ^ -> Z ^   | CLKBUF_X3 | 0.368 | FE_OFN53_N11079          |            | 130.030 | 0.552 |   1.827 | 
     | FE_DBTC0_N11079          |              | INV_X4    | 0.368 | FE_OFN53_N11079          |       SPEF | 130.030 | 0.015 |   1.841 | 
     | FE_DBTC0_N11079          | A ^ -> ZN v  | INV_X4    | 0.136 | FE_DBTN0_N11079          |            | 120.834 | 0.246 |   2.088 | 
     | FE_OFC82_FE_DBTN0_N11079 |              | CLKBUF_X3 | 0.136 | FE_DBTN0_N11079          |       SPEF | 120.834 | 0.005 |   2.093 | 
     | FE_OFC82_FE_DBTN0_N11079 | A v -> Z v   | CLKBUF_X3 | 0.188 | FE_OFN82_FE_DBTN0_N11079 |            | 116.444 | 0.357 |   2.450 | 
     | U1038                    |              | AOI22_X1  | 0.189 | FE_OFN82_FE_DBTN0_N11079 |       SPEF | 116.444 | 0.016 |   2.465 | 
     | U1038                    | B2 v -> ZN ^ | AOI22_X1  | 0.105 | n827                     |            |   1.937 | 0.262 |   2.727 | 
     | U1037                    |              | INV_X1    | 0.105 | n827                     |       SPEF |   1.937 | 0.000 |   2.727 | 
     | U1037                    | A ^ -> ZN v  | INV_X1    | 0.032 | mix[49]                  |            |   5.162 | 0.061 |   2.789 | 
     | C33601                   |              | XOR2_X1   | 0.032 | mix[49]                  |       SPEF |   5.162 | 0.000 |   2.789 | 
     | C33601                   | A v -> Z v   | XOR2_X1   | 0.033 | N10531                   |            |   1.769 | 0.184 |   2.973 | 
     | U1288                    |              | AOI22_X1  | 0.033 | N10531                   |       SPEF |   1.769 | 0.000 |   2.973 | 
     | U1288                    | A1 v -> ZN ^ | AOI22_X1  | 0.221 | n956                     |            |   8.871 | 0.262 |   3.235 | 
     | FE_OFC169_n956           |              | CLKBUF_X2 | 0.221 | n956                     |       SPEF |   8.871 | 0.001 |   3.236 | 
     | FE_OFC169_n956           | A ^ -> Z ^   | CLKBUF_X2 | 0.321 | FE_OFN169_n956           |            |  75.653 | 0.452 |   3.688 | 
     | FE_OFC170_n956           |              | BUF_X1    | 0.321 | FE_OFN169_n956           |       SPEF |  75.653 | 0.012 |   3.700 | 
     | FE_OFC170_n956           | A ^ -> Z ^   | BUF_X1    | 0.337 | FE_OFN170_n956           |            |  40.258 | 0.462 |   4.162 | 
     | FE_DBTC80_n956           |              | INV_X2    | 0.337 | FE_OFN170_n956           |       SPEF |  40.258 | 0.001 |   4.163 | 
     | FE_DBTC80_n956           | A ^ -> ZN v  | INV_X2    | 0.141 | FE_OFN338_cipher_49      |            |  81.024 | 0.281 |   4.444 | 
     | FE_OFC338_cipher_49      |              | BUF_X1    | 0.141 | FE_OFN338_cipher_49      |       SPEF |  81.024 | 0.003 |   4.447 | 
     | FE_OFC338_cipher_49      | A v -> Z v   | BUF_X1    | 0.087 | cipher[49]               |            |  37.423 | 0.258 |   4.705 | 
     | C19098                   |              | AND2_X1   | 0.087 | cipher[49]               |       SPEF |  37.423 | 0.004 |   4.709 | 
     | C19098                   | A1 v -> ZN v | AND2_X1   | 0.018 | N27135                   |            |   1.001 | 0.130 |   4.839 | 
     | C19099                   |              | OR2_X1    | 0.018 | N27135                   |       SPEF |   1.001 | 0.000 |   4.839 | 
     | C19099                   | A2 v -> ZN v | OR2_X1    | 0.051 | N27136                   |            |  10.686 | 0.231 |   5.070 | 
     | C19206                   |              | AND2_X1   | 0.051 | N27136                   |       SPEF |  10.686 | 0.001 |   5.071 | 
     | C19206                   | A2 v -> ZN v | AND2_X1   | 0.018 | N27242                   |            |   1.054 | 0.117 |   5.188 | 
     | C19207                   |              | OR2_X1    | 0.018 | N27242                   |       SPEF |   1.054 | 0.000 |   5.188 | 
     | C19207                   | A2 v -> ZN v | OR2_X1    | 0.029 | N27243                   |            |   1.012 | 0.178 |   5.366 | 
     | C19209                   |              | AND2_X1   | 0.029 | N27243                   |       SPEF |   1.012 | 0.000 |   5.366 | 
     | C19209                   | A2 v -> ZN v | AND2_X1   | 0.017 | N27245                   |            |   1.068 | 0.104 |   5.470 | 
     | C19210                   |              | OR2_X1    | 0.017 | N27245                   |       SPEF |   1.068 | 0.000 |   5.470 | 
     | C19210                   | A2 v -> ZN v | OR2_X1    | 0.029 | N27246                   |            |   1.118 | 0.178 |   5.648 | 
     | C19212                   |              | AND2_X1   | 0.029 | N27246                   |       SPEF |   1.118 | 0.000 |   5.648 | 
     | C19212                   | A2 v -> ZN v | AND2_X1   | 0.019 | N27248                   |            |   1.055 | 0.104 |   5.752 | 
     | C19213                   |              | OR2_X1    | 0.019 | N27248                   |       SPEF |   1.055 | 0.000 |   5.752 | 
     | C19213                   | A2 v -> ZN v | OR2_X1    | 0.030 | N27249                   |            |   1.316 | 0.181 |   5.933 | 
     | C19235                   |              | AND2_X1   | 0.030 | N27249                   |       SPEF |   1.316 | 0.000 |   5.934 | 
     | C19235                   | A2 v -> ZN v | AND2_X1   | 0.017 | N27270                   |            |   0.915 | 0.104 |   6.037 | 
     | C19237                   |              | OR2_X1    | 0.017 | N27270                   |       SPEF |   0.915 | 0.000 |   6.037 | 
     | C19237                   | A1 v -> ZN v | OR2_X1    | 0.031 | N27272                   |            |   1.726 | 0.166 |   6.203 | 
     | U349                     |              | AOI222_X1 | 0.031 | N27272                   |       SPEF |   1.726 | 0.000 |   6.203 | 
     | U349                     | C1 v -> ZN ^ | AOI222_X1 | 0.232 | n296                     |            |   3.406 | 0.388 |   6.591 | 
     | U348                     |              | NAND2_X1  | 0.232 | n296                     |       SPEF |   3.406 | 0.000 |   6.591 | 
     | U348                     | A2 ^ -> ZN v | NAND2_X1  | 0.041 | n598                     |            |   1.641 | 0.082 |   6.673 | 
     | sub_reg[54]              |              | DFF_X1    | 0.041 | n598                     |       SPEF |   1.641 | 0.000 |   6.673 | 
     +---------------------------------------------------------------------------------------------------------------------------------+ 
Path 4: MET Setup Check with Pin sub_reg[53]/CK 
Endpoint:   sub_reg[53]/D         (v) checked with  leading edge of 'CLK'
Beginpoint: roundCounter_reg[4]/Q (^) triggered by  leading edge of 'CLK'
Path Groups: {CLK}
Analysis View: aes_av
Other End Arrival Time          0.000
- Setup                         0.168
+ Phase Shift                   8.000
= Required Time                 7.832
- Arrival Time                  6.628
= Slack Time                    1.205
     Clock Rise Edge                 0.000
     + Clock Network Latency (Ideal) 0.000
     = Beginpoint Arrival Time       0.000
     +---------------------------------------------------------------------------------------------------------------------------------+ 
     |         Instance         |     Arc      |   Cell    |  Slew |           Net            |    Arc     |  Load   | Delay | Arrival | 
     |                          |              |           |       |                          | Annotation |         |       |  Time   | 
     |--------------------------+--------------+-----------+-------+--------------------------+------------+---------+-------+---------| 
     | roundCounter_reg[4]      | CK ^         |           | 0.000 | clock                    |            | 395.854 |       |   0.000 | 
     | roundCounter_reg[4]      | CK ^ -> Q ^  | DFF_X1    | 0.176 | roundCounter[4]          |            |  20.646 | 0.446 |   0.446 | 
     | C2285                    |              | OR2_X1    | 0.176 | roundCounter[4]          |       SPEF |  20.646 | 0.001 |   0.447 | 
     | C2285                    | A1 ^ -> ZN ^ | OR2_X1    | 0.024 | N11077                   |            |   1.280 | 0.114 |   0.561 | 
     | C2286                    |              | OR2_X1    | 0.024 | N11077                   |       SPEF |   1.280 | 0.000 |   0.561 | 
     | C2286                    | A2 ^ -> ZN ^ | OR2_X1    | 0.020 | N11078                   |            |   1.129 | 0.064 |   0.625 | 
     | C2287                    |              | OR2_X1    | 0.020 | N11078                   |       SPEF |   1.129 | 0.000 |   0.625 | 
     | C2287                    | A2 ^ -> ZN ^ | OR2_X1    | 0.111 | N11079                   |            |  12.615 | 0.160 |   0.784 | 
     | FE_OFC52_N11079          |              | CLKBUF_X3 | 0.111 | N11079                   |       SPEF |  12.615 | 0.001 |   0.785 | 
     | FE_OFC52_N11079          | A ^ -> Z ^   | CLKBUF_X3 | 0.368 | FE_OFN52_N11079          |            | 129.322 | 0.470 |   1.256 | 
     | FE_OFC53_N11079          |              | CLKBUF_X3 | 0.368 | FE_OFN52_N11079          |       SPEF | 129.322 | 0.019 |   1.275 | 
     | FE_OFC53_N11079          | A ^ -> Z ^   | CLKBUF_X3 | 0.368 | FE_OFN53_N11079          |            | 130.030 | 0.552 |   1.827 | 
     | FE_DBTC0_N11079          |              | INV_X4    | 0.368 | FE_OFN53_N11079          |       SPEF | 130.030 | 0.015 |   1.841 | 
     | FE_DBTC0_N11079          | A ^ -> ZN v  | INV_X4    | 0.136 | FE_DBTN0_N11079          |            | 120.834 | 0.246 |   2.088 | 
     | FE_OFC82_FE_DBTN0_N11079 |              | CLKBUF_X3 | 0.136 | FE_DBTN0_N11079          |       SPEF | 120.834 | 0.005 |   2.093 | 
     | FE_OFC82_FE_DBTN0_N11079 | A v -> Z v   | CLKBUF_X3 | 0.188 | FE_OFN82_FE_DBTN0_N11079 |            | 116.444 | 0.357 |   2.450 | 
     | U1038                    |              | AOI22_X1  | 0.189 | FE_OFN82_FE_DBTN0_N11079 |       SPEF | 116.444 | 0.016 |   2.465 | 
     | U1038                    | B2 v -> ZN ^ | AOI22_X1  | 0.105 | n827                     |            |   1.937 | 0.262 |   2.727 | 
     | U1037                    |              | INV_X1    | 0.105 | n827                     |       SPEF |   1.937 | 0.000 |   2.727 | 
     | U1037                    | A ^ -> ZN v  | INV_X1    | 0.032 | mix[49]                  |            |   5.162 | 0.061 |   2.789 | 
     | C33601                   |              | XOR2_X1   | 0.032 | mix[49]                  |       SPEF |   5.162 | 0.000 |   2.789 | 
     | C33601                   | A v -> Z v   | XOR2_X1   | 0.033 | N10531                   |            |   1.769 | 0.184 |   2.973 | 
     | U1288                    |              | AOI22_X1  | 0.033 | N10531                   |       SPEF |   1.769 | 0.000 |   2.973 | 
     | U1288                    | A1 v -> ZN ^ | AOI22_X1  | 0.221 | n956                     |            |   8.871 | 0.262 |   3.235 | 
     | FE_OFC169_n956           |              | CLKBUF_X2 | 0.221 | n956                     |       SPEF |   8.871 | 0.001 |   3.236 | 
     | FE_OFC169_n956           | A ^ -> Z ^   | CLKBUF_X2 | 0.321 | FE_OFN169_n956           |            |  75.653 | 0.452 |   3.688 | 
     | FE_OFC170_n956           |              | BUF_X1    | 0.321 | FE_OFN169_n956           |       SPEF |  75.653 | 0.012 |   3.700 | 
     | FE_OFC170_n956           | A ^ -> Z ^   | BUF_X1    | 0.337 | FE_OFN170_n956           |            |  40.258 | 0.462 |   4.162 | 
     | FE_DBTC80_n956           |              | INV_X2    | 0.337 | FE_OFN170_n956           |       SPEF |  40.258 | 0.001 |   4.163 | 
     | FE_DBTC80_n956           | A ^ -> ZN v  | INV_X2    | 0.141 | FE_OFN338_cipher_49      |            |  81.024 | 0.281 |   4.444 | 
     | FE_OFC338_cipher_49      |              | BUF_X1    | 0.141 | FE_OFN338_cipher_49      |       SPEF |  81.024 | 0.003 |   4.447 | 
     | FE_OFC338_cipher_49      | A v -> Z v   | BUF_X1    | 0.087 | cipher[49]               |            |  37.423 | 0.258 |   4.705 | 
     | C18906                   |              | AND2_X1   | 0.087 | cipher[49]               |       SPEF |  37.423 | 0.004 |   4.708 | 
     | C18906                   | A1 v -> ZN v | AND2_X1   | 0.019 | N26952                   |            |   1.041 | 0.131 |   4.839 | 
     | C18907                   |              | OR2_X1    | 0.019 | N26952                   |       SPEF |   1.041 | 0.000 |   4.839 | 
     | C18907                   | A2 v -> ZN v | OR2_X1    | 0.043 | N26953                   |            |   6.768 | 0.215 |   5.054 | 
     | C19035                   |              | AND2_X1   | 0.043 | N26953                   |       SPEF |   6.768 | 0.000 |   5.054 | 
     | C19035                   | A2 v -> ZN v | AND2_X1   | 0.017 | N27077                   |            |   1.065 | 0.113 |   5.166 | 
     | C19036                   |              | OR2_X1    | 0.017 | N27077                   |       SPEF |   1.065 | 0.000 |   5.166 | 
     | C19036                   | A2 v -> ZN v | OR2_X1    | 0.029 | N27078                   |            |   1.226 | 0.179 |   5.345 | 
     | C19038                   |              | AND2_X1   | 0.029 | N27078                   |       SPEF |   1.226 | 0.000 |   5.346 | 
     | C19038                   | A2 v -> ZN v | AND2_X1   | 0.017 | N27080                   |            |   1.124 | 0.105 |   5.450 | 
     | C19039                   |              | OR2_X1    | 0.017 | N27080                   |       SPEF |   1.124 | 0.000 |   5.450 | 
     | C19039                   | A2 v -> ZN v | OR2_X1    | 0.030 | N27081                   |            |   1.368 | 0.180 |   5.631 | 
     | C19041                   |              | AND2_X1   | 0.030 | N27081                   |       SPEF |   1.368 | 0.000 |   5.631 | 
     | C19041                   | A2 v -> ZN v | AND2_X1   | 0.019 | N27083                   |            |   1.148 | 0.105 |   5.736 | 
     | C19042                   |              | OR2_X1    | 0.019 | N27083                   |       SPEF |   1.148 | 0.000 |   5.736 | 
     | C19042                   | A2 v -> ZN v | OR2_X1    | 0.030 | N27084                   |            |   1.294 | 0.181 |   5.917 | 
     | C19044                   |              | AND2_X1   | 0.030 | N27084                   |       SPEF |   1.294 | 0.000 |   5.917 | 
     | C19044                   | A2 v -> ZN v | AND2_X1   | 0.017 | N27086                   |            |   1.100 | 0.105 |   6.022 | 
     | C19045                   |              | OR2_X1    | 0.017 | N27086                   |       SPEF |   1.100 | 0.000 |   6.022 | 
     | C19045                   | A2 v -> ZN v | OR2_X1    | 0.031 | N27087                   |            |   1.616 | 0.183 |   6.205 | 
     | U2296                    |              | AOI222_X1 | 0.031 | N27087                   |       SPEF |   1.616 | 0.000 |   6.205 | 
     | U2296                    | C1 v -> ZN ^ | AOI222_X1 | 0.194 | n372                     |            |   2.104 | 0.345 |   6.550 | 
     | U444                     |              | NAND2_X1  | 0.194 | n372                     |       SPEF |   2.104 | 0.000 |   6.551 | 
     | U444                     | A2 ^ -> ZN v | NAND2_X1  | 0.036 | n630                     |            |   1.582 | 0.077 |   6.628 | 
     | sub_reg[53]              |              | DFF_X1    | 0.036 | n630                     |       SPEF |   1.582 | 0.000 |   6.628 | 
     +---------------------------------------------------------------------------------------------------------------------------------+ 
Path 5: MET Setup Check with Pin sub_reg[39]/CK 
Endpoint:   sub_reg[39]/D         (v) checked with  leading edge of 'CLK'
Beginpoint: roundCounter_reg[4]/Q (^) triggered by  leading edge of 'CLK'
Path Groups: {CLK}
Analysis View: aes_av
Other End Arrival Time          0.000
- Setup                         0.166
+ Phase Shift                   8.000
= Required Time                 7.834
- Arrival Time                  6.623
= Slack Time                    1.211
     Clock Rise Edge                 0.000
     + Clock Network Latency (Ideal) 0.000
     = Beginpoint Arrival Time       0.000
     +---------------------------------------------------------------------------------------------------------------------------------+ 
     |         Instance         |     Arc      |   Cell    |  Slew |           Net            |    Arc     |  Load   | Delay | Arrival | 
     |                          |              |           |       |                          | Annotation |         |       |  Time   | 
     |--------------------------+--------------+-----------+-------+--------------------------+------------+---------+-------+---------| 
     | roundCounter_reg[4]      | CK ^         |           | 0.000 | clock                    |            | 395.854 |       |   0.000 | 
     | roundCounter_reg[4]      | CK ^ -> Q ^  | DFF_X1    | 0.176 | roundCounter[4]          |            |  20.646 | 0.446 |   0.446 | 
     | C2285                    |              | OR2_X1    | 0.176 | roundCounter[4]          |       SPEF |  20.646 | 0.001 |   0.447 | 
     | C2285                    | A1 ^ -> ZN ^ | OR2_X1    | 0.024 | N11077                   |            |   1.280 | 0.114 |   0.561 | 
     | C2286                    |              | OR2_X1    | 0.024 | N11077                   |       SPEF |   1.280 | 0.000 |   0.561 | 
     | C2286                    | A2 ^ -> ZN ^ | OR2_X1    | 0.020 | N11078                   |            |   1.129 | 0.064 |   0.625 | 
     | C2287                    |              | OR2_X1    | 0.020 | N11078                   |       SPEF |   1.129 | 0.000 |   0.625 | 
     | C2287                    | A2 ^ -> ZN ^ | OR2_X1    | 0.111 | N11079                   |            |  12.615 | 0.160 |   0.784 | 
     | FE_OFC52_N11079          |              | CLKBUF_X3 | 0.111 | N11079                   |       SPEF |  12.615 | 0.001 |   0.785 | 
     | FE_OFC52_N11079          | A ^ -> Z ^   | CLKBUF_X3 | 0.368 | FE_OFN52_N11079          |            | 129.322 | 0.470 |   1.256 | 
     | FE_OFC53_N11079          |              | CLKBUF_X3 | 0.368 | FE_OFN52_N11079          |       SPEF | 129.322 | 0.019 |   1.275 | 
     | FE_OFC53_N11079          | A ^ -> Z ^   | CLKBUF_X3 | 0.368 | FE_OFN53_N11079          |            | 130.030 | 0.552 |   1.827 | 
     | FE_DBTC0_N11079          |              | INV_X4    | 0.368 | FE_OFN53_N11079          |       SPEF | 130.030 | 0.015 |   1.841 | 
     | FE_DBTC0_N11079          | A ^ -> ZN v  | INV_X4    | 0.136 | FE_DBTN0_N11079          |            | 120.834 | 0.246 |   2.088 | 
     | FE_OFC82_FE_DBTN0_N11079 |              | CLKBUF_X3 | 0.136 | FE_DBTN0_N11079          |       SPEF | 120.834 | 0.005 |   2.093 | 
     | FE_OFC82_FE_DBTN0_N11079 | A v -> Z v   | CLKBUF_X3 | 0.188 | FE_OFN82_FE_DBTN0_N11079 |            | 116.444 | 0.357 |   2.450 | 
     | U1070                    |              | AOI22_X1  | 0.189 | FE_OFN82_FE_DBTN0_N11079 |       SPEF | 116.444 | 0.012 |   2.462 | 
     | U1070                    | A2 v -> ZN ^ | AOI22_X1  | 0.121 | n843                     |            |   3.070 | 0.251 |   2.712 | 
     | U1069                    |              | INV_X1    | 0.121 | n843                     |       SPEF |   3.070 | 0.000 |   2.712 | 
     | U1069                    | A ^ -> ZN v  | INV_X1    | 0.040 | mix[34]                  |            |   7.332 | 0.077 |   2.789 | 
     | C33616                   |              | XOR2_X1   | 0.040 | mix[34]                  |       SPEF |   7.332 | 0.000 |   2.790 | 
     | C33616                   | A v -> Z v   | XOR2_X1   | 0.034 | N10546                   |            |   1.863 | 0.188 |   2.978 | 
     | U1318                    |              | AOI22_X1  | 0.034 | N10546                   |       SPEF |   1.863 | 0.000 |   2.978 | 
     | U1318                    | A1 v -> ZN ^ | AOI22_X1  | 0.315 | n972                     |            |  14.215 | 0.365 |   3.343 | 
     | FE_OFC190_n972           |              | BUF_X2    | 0.315 | n972                     |       SPEF |  14.215 | 0.001 |   3.344 | 
     | FE_OFC190_n972           | A ^ -> Z ^   | BUF_X2    | 0.336 | FE_OFN190_n972           |            |  79.498 | 0.448 |   3.792 | 
     | FE_OFC192_n972           |              | BUF_X2    | 0.336 | FE_OFN190_n972           |       SPEF |  79.498 | 0.011 |   3.803 | 
     | FE_OFC192_n972           | A ^ -> Z ^   | BUF_X2    | 0.332 | FE_OFN192_n972           |            |  78.893 | 0.449 |   4.252 | 
     | FE_DBTC64_n972           |              | INV_X2    | 0.332 | FE_OFN192_n972           |       SPEF |  78.893 | 0.004 |   4.255 | 
     | FE_DBTC64_n972           | A ^ -> ZN v  | INV_X2    | 0.147 | cipher[34]               |            |  87.658 | 0.284 |   4.540 | 
     | FE_OFC348_cipher_34      |              | BUF_X2    | 0.148 | cipher[34]               |       SPEF |  87.658 | 0.016 |   4.556 | 
     | FE_OFC348_cipher_34      | A v -> Z v   | BUF_X2    | 0.078 | FE_OFN348_cipher_34      |            |  65.426 | 0.239 |   4.795 | 
     | FE_OFC350_cipher_34      |              | CLKBUF_X2 | 0.079 | FE_OFN348_cipher_34      |       SPEF |  65.426 | 0.008 |   4.803 | 
     | FE_OFC350_cipher_34      | A v -> Z v   | CLKBUF_X2 | 0.109 | FE_OFN350_cipher_34      |            |  44.627 | 0.232 |   5.035 | 
     | C16334                   |              | AND2_X1   | 0.109 | FE_OFN350_cipher_34      |       SPEF |  44.627 | 0.003 |   5.038 | 
     | C16334                   | A1 v -> ZN v | AND2_X1   | 0.017 | N24459                   |            |   1.080 | 0.144 |   5.182 | 
     | C16335                   |              | OR2_X1    | 0.017 | N24459                   |       SPEF |   1.080 | 0.000 |   5.182 | 
     | C16335                   | A2 v -> ZN v | OR2_X1    | 0.029 | N24460                   |            |   1.066 | 0.178 |   5.360 | 
     | C16337                   |              | AND2_X1   | 0.029 | N24460                   |       SPEF |   1.066 | 0.000 |   5.360 | 
     | C16337                   | A2 v -> ZN v | AND2_X1   | 0.019 | N24462                   |            |   1.016 | 0.104 |   5.464 | 
     | C16338                   |              | OR2_X1    | 0.019 | N24462                   |       SPEF |   1.016 | 0.000 |   5.464 | 
     | C16338                   | A2 v -> ZN v | OR2_X1    | 0.030 | N24463                   |            |   1.233 | 0.180 |   5.644 | 
     | C16340                   |              | AND2_X1   | 0.030 | N24463                   |       SPEF |   1.233 | 0.000 |   5.644 | 
     | C16340                   | A2 v -> ZN v | AND2_X1   | 0.019 | N24465                   |            |   1.005 | 0.104 |   5.748 | 
     | C16341                   |              | OR2_X1    | 0.019 | N24465                   |       SPEF |   1.005 | 0.000 |   5.748 | 
     | C16341                   | A2 v -> ZN v | OR2_X1    | 0.029 | N24466                   |            |   1.017 | 0.178 |   5.926 | 
     | C16343                   |              | AND2_X1   | 0.029 | N24466                   |       SPEF |   1.017 | 0.000 |   5.926 | 
     | C16343                   | A2 v -> ZN v | AND2_X1   | 0.017 | N24468                   |            |   1.058 | 0.104 |   6.030 | 
     | C16344                   |              | OR2_X1    | 0.017 | N24468                   |       SPEF |   1.058 | 0.000 |   6.030 | 
     | C16344                   | A2 v -> ZN v | OR2_X1    | 0.031 | N24469                   |            |   1.584 | 0.182 |   6.213 | 
     | U337                     |              | AOI222_X1 | 0.031 | N24469                   |       SPEF |   1.584 | 0.000 |   6.213 | 
     | U337                     | C1 v -> ZN ^ | AOI222_X1 | 0.187 | n284                     |            |   1.856 | 0.338 |   6.550 | 
     | U336                     |              | NAND2_X1  | 0.187 | n284                     |       SPEF |   1.856 | 0.000 |   6.550 | 
     | U336                     | A2 ^ -> ZN v | NAND2_X1  | 0.034 | n594                     |            |   1.257 | 0.072 |   6.623 | 
     | sub_reg[39]              |              | DFF_X1    | 0.034 | n594                     |       SPEF |   1.257 | 0.000 |   6.623 | 
     +---------------------------------------------------------------------------------------------------------------------------------+ 
Path 6: MET Setup Check with Pin sub_reg[35]/CK 
Endpoint:   sub_reg[35]/D         (v) checked with  leading edge of 'CLK'
Beginpoint: roundCounter_reg[4]/Q (^) triggered by  leading edge of 'CLK'
Path Groups: {CLK}
Analysis View: aes_av
Other End Arrival Time          0.000
- Setup                         0.167
+ Phase Shift                   8.000
= Required Time                 7.833
- Arrival Time                  6.601
= Slack Time                    1.232
     Clock Rise Edge                 0.000
     + Clock Network Latency (Ideal) 0.000
     = Beginpoint Arrival Time       0.000
     +---------------------------------------------------------------------------------------------------------------------------------+ 
     |         Instance         |     Arc      |   Cell    |  Slew |           Net            |    Arc     |  Load   | Delay | Arrival | 
     |                          |              |           |       |                          | Annotation |         |       |  Time   | 
     |--------------------------+--------------+-----------+-------+--------------------------+------------+---------+-------+---------| 
     | roundCounter_reg[4]      | CK ^         |           | 0.000 | clock                    |            | 395.854 |       |   0.000 | 
     | roundCounter_reg[4]      | CK ^ -> Q ^  | DFF_X1    | 0.176 | roundCounter[4]          |            |  20.646 | 0.446 |   0.446 | 
     | C2285                    |              | OR2_X1    | 0.176 | roundCounter[4]          |       SPEF |  20.646 | 0.001 |   0.447 | 
     | C2285                    | A1 ^ -> ZN ^ | OR2_X1    | 0.024 | N11077                   |            |   1.280 | 0.114 |   0.561 | 
     | C2286                    |              | OR2_X1    | 0.024 | N11077                   |       SPEF |   1.280 | 0.000 |   0.561 | 
     | C2286                    | A2 ^ -> ZN ^ | OR2_X1    | 0.020 | N11078                   |            |   1.129 | 0.064 |   0.625 | 
     | C2287                    |              | OR2_X1    | 0.020 | N11078                   |       SPEF |   1.129 | 0.000 |   0.625 | 
     | C2287                    | A2 ^ -> ZN ^ | OR2_X1    | 0.111 | N11079                   |            |  12.615 | 0.160 |   0.784 | 
     | FE_OFC52_N11079          |              | CLKBUF_X3 | 0.111 | N11079                   |       SPEF |  12.615 | 0.001 |   0.785 | 
     | FE_OFC52_N11079          | A ^ -> Z ^   | CLKBUF_X3 | 0.368 | FE_OFN52_N11079          |            | 129.322 | 0.470 |   1.256 | 
     | FE_OFC53_N11079          |              | CLKBUF_X3 | 0.368 | FE_OFN52_N11079          |       SPEF | 129.322 | 0.019 |   1.275 | 
     | FE_OFC53_N11079          | A ^ -> Z ^   | CLKBUF_X3 | 0.368 | FE_OFN53_N11079          |            | 130.030 | 0.552 |   1.827 | 
     | FE_DBTC0_N11079          |              | INV_X4    | 0.368 | FE_OFN53_N11079          |       SPEF | 130.030 | 0.015 |   1.841 | 
     | FE_DBTC0_N11079          | A ^ -> ZN v  | INV_X4    | 0.136 | FE_DBTN0_N11079          |            | 120.834 | 0.246 |   2.088 | 
     | FE_OFC82_FE_DBTN0_N11079 |              | CLKBUF_X3 | 0.136 | FE_DBTN0_N11079          |       SPEF | 120.834 | 0.005 |   2.093 | 
     | FE_OFC82_FE_DBTN0_N11079 | A v -> Z v   | CLKBUF_X3 | 0.188 | FE_OFN82_FE_DBTN0_N11079 |            | 116.444 | 0.357 |   2.450 | 
     | U1070                    |              | AOI22_X1  | 0.189 | FE_OFN82_FE_DBTN0_N11079 |       SPEF | 116.444 | 0.012 |   2.462 | 
     | U1070                    | A2 v -> ZN ^ | AOI22_X1  | 0.121 | n843                     |            |   3.070 | 0.251 |   2.712 | 
     | U1069                    |              | INV_X1    | 0.121 | n843                     |       SPEF |   3.070 | 0.000 |   2.712 | 
     | U1069                    | A ^ -> ZN v  | INV_X1    | 0.040 | mix[34]                  |            |   7.332 | 0.077 |   2.789 | 
     | C33616                   |              | XOR2_X1   | 0.040 | mix[34]                  |       SPEF |   7.332 | 0.000 |   2.790 | 
     | C33616                   | A v -> Z v   | XOR2_X1   | 0.034 | N10546                   |            |   1.863 | 0.188 |   2.978 | 
     | U1318                    |              | AOI22_X1  | 0.034 | N10546                   |       SPEF |   1.863 | 0.000 |   2.978 | 
     | U1318                    | A1 v -> ZN ^ | AOI22_X1  | 0.315 | n972                     |            |  14.215 | 0.365 |   3.343 | 
     | FE_OFC190_n972           |              | BUF_X2    | 0.315 | n972                     |       SPEF |  14.215 | 0.001 |   3.344 | 
     | FE_OFC190_n972           | A ^ -> Z ^   | BUF_X2    | 0.336 | FE_OFN190_n972           |            |  79.498 | 0.448 |   3.792 | 
     | FE_OFC192_n972           |              | BUF_X2    | 0.336 | FE_OFN190_n972           |       SPEF |  79.498 | 0.011 |   3.803 | 
     | FE_OFC192_n972           | A ^ -> Z ^   | BUF_X2    | 0.332 | FE_OFN192_n972           |            |  78.893 | 0.449 |   4.252 | 
     | FE_DBTC64_n972           |              | INV_X2    | 0.332 | FE_OFN192_n972           |       SPEF |  78.893 | 0.004 |   4.255 | 
     | FE_DBTC64_n972           | A ^ -> ZN v  | INV_X2    | 0.147 | cipher[34]               |            |  87.658 | 0.284 |   4.540 | 
     | FE_OFC348_cipher_34      |              | BUF_X2    | 0.148 | cipher[34]               |       SPEF |  87.658 | 0.016 |   4.556 | 
     | FE_OFC348_cipher_34      | A v -> Z v   | BUF_X2    | 0.078 | FE_OFN348_cipher_34      |            |  65.426 | 0.239 |   4.795 | 
     | FE_OFC350_cipher_34      |              | CLKBUF_X2 | 0.079 | FE_OFN348_cipher_34      |       SPEF |  65.426 | 0.008 |   4.803 | 
     | FE_OFC350_cipher_34      | A v -> Z v   | CLKBUF_X2 | 0.109 | FE_OFN350_cipher_34      |            |  44.627 | 0.232 |   5.035 | 
     | C15546                   |              | AND2_X1   | 0.109 | FE_OFN350_cipher_34      |       SPEF |  44.627 | 0.001 |   5.035 | 
     | C15546                   | A1 v -> ZN v | AND2_X1   | 0.019 | N23699                   |            |   1.318 | 0.145 |   5.181 | 
     | C15547                   |              | OR2_X1    | 0.019 | N23699                   |       SPEF |   1.318 | 0.000 |   5.181 | 
     | C15547                   | A2 v -> ZN v | OR2_X1    | 0.029 | N23700                   |            |   1.119 | 0.179 |   5.360 | 
     | C15550                   |              | AND2_X1   | 0.029 | N23700                   |       SPEF |   1.119 | 0.000 |   5.360 | 
     | C15550                   | A2 v -> ZN v | AND2_X1   | 0.016 | N23703                   |            |   0.939 | 0.103 |   5.464 | 
     | C15552                   |              | OR2_X1    | 0.016 | N23703                   |       SPEF |   0.939 | 0.000 |   5.464 | 
     | C15552                   | A1 v -> ZN v | OR2_X1    | 0.029 | N23705                   |            |   1.189 | 0.161 |   5.625 | 
     | C15554                   |              | AND2_X1   | 0.029 | N23705                   |       SPEF |   1.189 | 0.000 |   5.625 | 
     | C15554                   | A2 v -> ZN v | AND2_X1   | 0.019 | N23707                   |            |   1.052 | 0.104 |   5.729 | 
     | C15555                   |              | OR2_X1    | 0.019 | N23707                   |       SPEF |   1.052 | 0.000 |   5.729 | 
     | C15555                   | A2 v -> ZN v | OR2_X1    | 0.029 | N23708                   |            |   0.947 | 0.178 |   5.907 | 
     | C15578                   |              | AND2_X1   | 0.029 | N23708                   |       SPEF |   0.947 | 0.000 |   5.907 | 
     | C15578                   | A2 v -> ZN v | AND2_X1   | 0.017 | N23731                   |            |   1.008 | 0.104 |   6.010 | 
     | C15580                   |              | OR2_X1    | 0.017 | N23731                   |       SPEF |   1.008 | 0.000 |   6.010 | 
     | C15580                   | A1 v -> ZN v | OR2_X1    | 0.031 | N23733                   |            |   1.858 | 0.167 |   6.177 | 
     | U292                     |              | AOI222_X1 | 0.031 | N23733                   |       SPEF |   1.858 | 0.000 |   6.177 | 
     | U292                     | C1 v -> ZN ^ | AOI222_X1 | 0.197 | n210                     |            |   2.201 | 0.349 |   6.526 | 
     | U291                     |              | NAND2_X1  | 0.197 | n210                     |       SPEF |   2.201 | 0.000 |   6.526 | 
     | U291                     | A2 ^ -> ZN v | NAND2_X1  | 0.035 | n579                     |            |   1.358 | 0.075 |   6.601 | 
     | sub_reg[35]              |              | DFF_X1    | 0.035 | n579                     |       SPEF |   1.358 | 0.000 |   6.601 | 
     +---------------------------------------------------------------------------------------------------------------------------------+ 
Path 7: MET Setup Check with Pin sub_reg[38]/CK 
Endpoint:   sub_reg[38]/D         (v) checked with  leading edge of 'CLK'
Beginpoint: roundCounter_reg[4]/Q (^) triggered by  leading edge of 'CLK'
Path Groups: {CLK}
Analysis View: aes_av
Other End Arrival Time          0.000
- Setup                         0.170
+ Phase Shift                   8.000
= Required Time                 7.830
- Arrival Time                  6.569
= Slack Time                    1.261
     Clock Rise Edge                 0.000
     + Clock Network Latency (Ideal) 0.000
     = Beginpoint Arrival Time       0.000
     +---------------------------------------------------------------------------------------------------------------------------------+ 
     |         Instance         |     Arc      |   Cell    |  Slew |           Net            |    Arc     |  Load   | Delay | Arrival | 
     |                          |              |           |       |                          | Annotation |         |       |  Time   | 
     |--------------------------+--------------+-----------+-------+--------------------------+------------+---------+-------+---------| 
     | roundCounter_reg[4]      | CK ^         |           | 0.000 | clock                    |            | 395.854 |       |   0.000 | 
     | roundCounter_reg[4]      | CK ^ -> Q ^  | DFF_X1    | 0.176 | roundCounter[4]          |            |  20.646 | 0.446 |   0.446 | 
     | C2285                    |              | OR2_X1    | 0.176 | roundCounter[4]          |       SPEF |  20.646 | 0.001 |   0.447 | 
     | C2285                    | A1 ^ -> ZN ^ | OR2_X1    | 0.024 | N11077                   |            |   1.280 | 0.114 |   0.561 | 
     | C2286                    |              | OR2_X1    | 0.024 | N11077                   |       SPEF |   1.280 | 0.000 |   0.561 | 
     | C2286                    | A2 ^ -> ZN ^ | OR2_X1    | 0.020 | N11078                   |            |   1.129 | 0.064 |   0.625 | 
     | C2287                    |              | OR2_X1    | 0.020 | N11078                   |       SPEF |   1.129 | 0.000 |   0.625 | 
     | C2287                    | A2 ^ -> ZN ^ | OR2_X1    | 0.111 | N11079                   |            |  12.615 | 0.160 |   0.784 | 
     | FE_OFC52_N11079          |              | CLKBUF_X3 | 0.111 | N11079                   |       SPEF |  12.615 | 0.001 |   0.785 | 
     | FE_OFC52_N11079          | A ^ -> Z ^   | CLKBUF_X3 | 0.368 | FE_OFN52_N11079          |            | 129.322 | 0.470 |   1.256 | 
     | FE_OFC53_N11079          |              | CLKBUF_X3 | 0.368 | FE_OFN52_N11079          |       SPEF | 129.322 | 0.019 |   1.275 | 
     | FE_OFC53_N11079          | A ^ -> Z ^   | CLKBUF_X3 | 0.368 | FE_OFN53_N11079          |            | 130.030 | 0.552 |   1.827 | 
     | FE_DBTC0_N11079          |              | INV_X4    | 0.368 | FE_OFN53_N11079          |       SPEF | 130.030 | 0.015 |   1.841 | 
     | FE_DBTC0_N11079          | A ^ -> ZN v  | INV_X4    | 0.136 | FE_DBTN0_N11079          |            | 120.834 | 0.246 |   2.088 | 
     | FE_OFC82_FE_DBTN0_N11079 |              | CLKBUF_X3 | 0.136 | FE_DBTN0_N11079          |       SPEF | 120.834 | 0.005 |   2.093 | 
     | FE_OFC82_FE_DBTN0_N11079 | A v -> Z v   | CLKBUF_X3 | 0.188 | FE_OFN82_FE_DBTN0_N11079 |            | 116.444 | 0.357 |   2.450 | 
     | U1070                    |              | AOI22_X1  | 0.189 | FE_OFN82_FE_DBTN0_N11079 |       SPEF | 116.444 | 0.012 |   2.462 | 
     | U1070                    | A2 v -> ZN ^ | AOI22_X1  | 0.121 | n843                     |            |   3.070 | 0.251 |   2.712 | 
     | U1069                    |              | INV_X1    | 0.121 | n843                     |       SPEF |   3.070 | 0.000 |   2.712 | 
     | U1069                    | A ^ -> ZN v  | INV_X1    | 0.040 | mix[34]                  |            |   7.332 | 0.077 |   2.789 | 
     | C33616                   |              | XOR2_X1   | 0.040 | mix[34]                  |       SPEF |   7.332 | 0.000 |   2.790 | 
     | C33616                   | A v -> Z v   | XOR2_X1   | 0.034 | N10546                   |            |   1.863 | 0.188 |   2.978 | 
     | U1318                    |              | AOI22_X1  | 0.034 | N10546                   |       SPEF |   1.863 | 0.000 |   2.978 | 
     | U1318                    | A1 v -> ZN ^ | AOI22_X1  | 0.315 | n972                     |            |  14.215 | 0.365 |   3.343 | 
     | FE_OFC190_n972           |              | BUF_X2    | 0.315 | n972                     |       SPEF |  14.215 | 0.001 |   3.344 | 
     | FE_OFC190_n972           | A ^ -> Z ^   | BUF_X2    | 0.336 | FE_OFN190_n972           |            |  79.498 | 0.448 |   3.792 | 
     | FE_OFC192_n972           |              | BUF_X2    | 0.336 | FE_OFN190_n972           |       SPEF |  79.498 | 0.011 |   3.803 | 
     | FE_OFC192_n972           | A ^ -> Z ^   | BUF_X2    | 0.332 | FE_OFN192_n972           |            |  78.893 | 0.449 |   4.252 | 
     | FE_DBTC64_n972           |              | INV_X2    | 0.332 | FE_OFN192_n972           |       SPEF |  78.893 | 0.004 |   4.255 | 
     | FE_DBTC64_n972           | A ^ -> ZN v  | INV_X2    | 0.147 | cipher[34]               |            |  87.658 | 0.284 |   4.540 | 
     | FE_OFC348_cipher_34      |              | BUF_X2    | 0.148 | cipher[34]               |       SPEF |  87.658 | 0.016 |   4.556 | 
     | FE_OFC348_cipher_34      | A v -> Z v   | BUF_X2    | 0.078 | FE_OFN348_cipher_34      |            |  65.426 | 0.239 |   4.795 | 
     | FE_OFC350_cipher_34      |              | CLKBUF_X2 | 0.079 | FE_OFN348_cipher_34      |       SPEF |  65.426 | 0.008 |   4.803 | 
     | FE_OFC350_cipher_34      | A v -> Z v   | CLKBUF_X2 | 0.109 | FE_OFN350_cipher_34      |            |  44.627 | 0.232 |   5.035 | 
     | C16101                   |              | AND2_X1   | 0.109 | FE_OFN350_cipher_34      |       SPEF |  44.627 | 0.002 |   5.037 | 
     | C16101                   | A1 v -> ZN v | AND2_X1   | 0.017 | N24235                   |            |   1.080 | 0.144 |   5.181 | 
     | C16102                   |              | OR2_X1    | 0.017 | N24235                   |       SPEF |   1.080 | 0.000 |   5.181 | 
     | C16102                   | A2 v -> ZN v | OR2_X1    | 0.031 | N24236                   |            |   1.592 | 0.183 |   5.363 | 
     | C16104                   |              | AND2_X1   | 0.031 | N24236                   |       SPEF |   1.592 | 0.000 |   5.363 | 
     | C16104                   | A2 v -> ZN v | AND2_X1   | 0.019 | N24238                   |            |   1.041 | 0.105 |   5.468 | 
     | C16105                   |              | OR2_X1    | 0.019 | N24238                   |       SPEF |   1.041 | 0.000 |   5.468 | 
     | C16105                   | A2 v -> ZN v | OR2_X1    | 0.032 | N24239                   |            |   1.916 | 0.186 |   5.654 | 
     | C16107                   |              | AND2_X1   | 0.032 | N24239                   |       SPEF |   1.916 | 0.000 |   5.655 | 
     | C16107                   | A2 v -> ZN v | AND2_X1   | 0.019 | N24241                   |            |   1.028 | 0.105 |   5.760 | 
     | C16108                   |              | OR2_X1    | 0.019 | N24241                   |       SPEF |   1.028 | 0.000 |   5.760 | 
     | C16108                   | A2 v -> ZN v | OR2_X1    | 0.029 | N24242                   |            |   1.012 | 0.178 |   5.938 | 
     | C16110                   |              | AND2_X1   | 0.029 | N24242                   |       SPEF |   1.012 | 0.000 |   5.938 | 
     | C16110                   | A2 v -> ZN v | AND2_X1   | 0.017 | N24244                   |            |   1.226 | 0.105 |   6.043 | 
     | C16111                   |              | OR2_X1    | 0.017 | N24244                   |       SPEF |   1.226 | 0.000 |   6.043 | 
     | C16111                   | A2 v -> ZN v | OR2_X1    | 0.031 | N24245                   |            |   1.663 | 0.183 |   6.227 | 
     | U391                     |              | AOI222_X1 | 0.031 | N24245                   |       SPEF |   1.663 | 0.000 |   6.227 | 
     | U391                     | A1 v -> ZN ^ | AOI222_X1 | 0.230 | n336                     |            |   3.341 | 0.260 |   6.487 | 
     | U390                     |              | NAND2_X1  | 0.230 | n336                     |       SPEF |   3.341 | 0.000 |   6.487 | 
     | U390                     | A2 ^ -> ZN v | NAND2_X1  | 0.041 | n612                     |            |   1.618 | 0.082 |   6.568 | 
     | sub_reg[38]              |              | DFF_X1    | 0.041 | n612                     |       SPEF |   1.618 | 0.000 |   6.569 | 
     +---------------------------------------------------------------------------------------------------------------------------------+ 
Path 8: MET Setup Check with Pin sub_reg[89]/CK 
Endpoint:   sub_reg[89]/D         (v) checked with  leading edge of 'CLK'
Beginpoint: roundCounter_reg[4]/Q (^) triggered by  leading edge of 'CLK'
Path Groups: {CLK}
Analysis View: aes_av
Other End Arrival Time          0.000
- Setup                         0.170
+ Phase Shift                   8.000
= Required Time                 7.830
- Arrival Time                  6.552
= Slack Time                    1.277
     Clock Rise Edge                 0.000
     + Clock Network Latency (Ideal) 0.000
     = Beginpoint Arrival Time       0.000
     +---------------------------------------------------------------------------------------------------------------------------------+ 
     |         Instance         |     Arc      |   Cell    |  Slew |           Net            |    Arc     |  Load   | Delay | Arrival | 
     |                          |              |           |       |                          | Annotation |         |       |  Time   | 
     |--------------------------+--------------+-----------+-------+--------------------------+------------+---------+-------+---------| 
     | roundCounter_reg[4]      | CK ^         |           | 0.000 | clock                    |            | 395.854 |       |   0.000 | 
     | roundCounter_reg[4]      | CK ^ -> Q ^  | DFF_X1    | 0.176 | roundCounter[4]          |            |  20.646 | 0.446 |   0.446 | 
     | C2285                    |              | OR2_X1    | 0.176 | roundCounter[4]          |       SPEF |  20.646 | 0.001 |   0.447 | 
     | C2285                    | A1 ^ -> ZN ^ | OR2_X1    | 0.024 | N11077                   |            |   1.280 | 0.114 |   0.561 | 
     | C2286                    |              | OR2_X1    | 0.024 | N11077                   |       SPEF |   1.280 | 0.000 |   0.561 | 
     | C2286                    | A2 ^ -> ZN ^ | OR2_X1    | 0.020 | N11078                   |            |   1.129 | 0.064 |   0.625 | 
     | C2287                    |              | OR2_X1    | 0.020 | N11078                   |       SPEF |   1.129 | 0.000 |   0.625 | 
     | C2287                    | A2 ^ -> ZN ^ | OR2_X1    | 0.111 | N11079                   |            |  12.615 | 0.160 |   0.784 | 
     | FE_OFC52_N11079          |              | CLKBUF_X3 | 0.111 | N11079                   |       SPEF |  12.615 | 0.001 |   0.786 | 
     | FE_OFC52_N11079          | A ^ -> Z ^   | CLKBUF_X3 | 0.368 | FE_OFN52_N11079          |            | 129.322 | 0.470 |   1.256 | 
     | FE_OFC53_N11079          |              | CLKBUF_X3 | 0.368 | FE_OFN52_N11079          |       SPEF | 129.322 | 0.019 |   1.275 | 
     | FE_OFC53_N11079          | A ^ -> Z ^   | CLKBUF_X3 | 0.368 | FE_OFN53_N11079          |            | 130.030 | 0.552 |   1.827 | 
     | FE_DBTC0_N11079          |              | INV_X4    | 0.368 | FE_OFN53_N11079          |       SPEF | 130.030 | 0.015 |   1.842 | 
     | FE_DBTC0_N11079          | A ^ -> ZN v  | INV_X4    | 0.136 | FE_DBTN0_N11079          |            | 120.834 | 0.246 |   2.088 | 
     | FE_OFC82_FE_DBTN0_N11079 |              | CLKBUF_X3 | 0.136 | FE_DBTN0_N11079          |       SPEF | 120.834 | 0.005 |   2.093 | 
     | FE_OFC82_FE_DBTN0_N11079 | A v -> Z v   | CLKBUF_X3 | 0.188 | FE_OFN82_FE_DBTN0_N11079 |            | 116.444 | 0.357 |   2.450 | 
     | U946                     |              | AOI22_X1  | 0.190 | FE_OFN82_FE_DBTN0_N11079 |       SPEF | 116.444 | 0.027 |   2.477 | 
     | U946                     | A2 v -> ZN ^ | AOI22_X1  | 0.113 | n781                     |            |   2.547 | 0.241 |   2.718 | 
     | U945                     |              | INV_X1    | 0.113 | n781                     |       SPEF |   2.547 | 0.000 |   2.718 | 
     | U945                     | A ^ -> ZN v  | INV_X1    | 0.031 | mix[90]                  |            |   3.456 | 0.053 |   2.771 | 
     | C33560                   |              | XOR2_X1   | 0.031 | mix[90]                  |       SPEF |   3.456 | 0.000 |   2.771 | 
     | C33560                   | A v -> Z v   | XOR2_X1   | 0.035 | N10490                   |            |   1.704 | 0.183 |   2.954 | 
     | U1202                    |              | AOI22_X1  | 0.035 | N10490                   |       SPEF |   1.704 | 0.000 |   2.954 | 
     | U1202                    | A1 v -> ZN ^ | AOI22_X1  | 0.305 | n910                     |            |  13.548 | 0.355 |   3.309 | 
     | FE_OFC104_n910           |              | BUF_X2    | 0.305 | n910                     |       SPEF |  13.548 | 0.001 |   3.310 | 
     | FE_OFC104_n910           | A ^ -> Z ^   | BUF_X2    | 0.342 | FE_OFN104_n910           |            |  80.623 | 0.450 |   3.760 | 
     | FE_OFC106_n910           |              | CLKBUF_X2 | 0.342 | FE_OFN104_n910           |       SPEF |  80.623 | 0.015 |   3.775 | 
     | FE_OFC106_n910           | A ^ -> Z ^   | CLKBUF_X2 | 0.358 | FE_OFN106_n910           |            |  85.654 | 0.525 |   4.300 | 
     | FE_DBTC127_n910          |              | INV_X1    | 0.358 | FE_OFN106_n910           |       SPEF |  85.654 | 0.002 |   4.302 | 
     | FE_DBTC127_n910          | A ^ -> ZN v  | INV_X1    | 0.149 | FE_OFN300_cipher_90      |            |  43.232 | 0.301 |   4.603 | 
     | FE_OFC301_cipher_90      |              | CLKBUF_X2 | 0.149 | FE_OFN300_cipher_90      |       SPEF |  43.232 | 0.000 |   4.603 | 
     | FE_OFC301_cipher_90      | A v -> Z v   | CLKBUF_X2 | 0.120 | FE_OFN302_cipher_90      |            |  49.345 | 0.279 |   4.882 | 
     | C25960                   |              | AND2_X1   | 0.120 | FE_OFN302_cipher_90      |       SPEF |  49.345 | 0.001 |   4.883 | 
     | C25960                   | A1 v -> ZN v | AND2_X1   | 0.018 | N33781                   |            |   1.019 | 0.149 |   5.032 | 
     | C25961                   |              | OR2_X1    | 0.018 | N33781                   |       SPEF |   1.019 | 0.000 |   5.032 | 
     | C25961                   | A2 v -> ZN v | OR2_X1    | 0.030 | N33782                   |            |   1.513 | 0.182 |   5.214 | 
     | C25963                   |              | AND2_X1   | 0.030 | N33782                   |       SPEF |   1.513 | 0.000 |   5.215 | 
     | C25963                   | A2 v -> ZN v | AND2_X1   | 0.018 | N33784                   |            |   1.481 | 0.108 |   5.322 | 
     | C25964                   |              | OR2_X1    | 0.018 | N33784                   |       SPEF |   1.481 | 0.000 |   5.323 | 
     | C25964                   | A2 v -> ZN v | OR2_X1    | 0.029 | N33785                   |            |   1.166 | 0.179 |   5.502 | 
     | C25966                   |              | AND2_X1   | 0.029 | N33785                   |       SPEF |   1.166 | 0.000 |   5.502 | 
     | C25966                   | A2 v -> ZN v | AND2_X1   | 0.019 | N33787                   |            |   1.076 | 0.104 |   5.606 | 
     | C25967                   |              | OR2_X1    | 0.019 | N33787                   |       SPEF |   1.076 | 0.000 |   5.606 | 
     | C25967                   | A2 v -> ZN v | OR2_X1    | 0.029 | N33788                   |            |   1.221 | 0.180 |   5.786 | 
     | C25969                   |              | AND2_X1   | 0.029 | N33788                   |       SPEF |   1.221 | 0.000 |   5.786 | 
     | C25969                   | A2 v -> ZN v | AND2_X1   | 0.017 | N33790                   |            |   1.080 | 0.104 |   5.891 | 
     | C25970                   |              | OR2_X1    | 0.017 | N33790                   |       SPEF |   1.080 | 0.000 |   5.891 | 
     | C25970                   | A2 v -> ZN v | OR2_X1    | 0.031 | N33791                   |            |   1.640 | 0.183 |   6.074 | 
     | U612                     |              | AOI222_X1 | 0.031 | N33791                   |       SPEF |   1.640 | 0.000 |   6.074 | 
     | U612                     | C1 v -> ZN ^ | AOI222_X1 | 0.242 | n480                     |            |   3.760 | 0.399 |   6.473 | 
     | U611                     |              | NAND2_X1  | 0.242 | n480                     |       SPEF |   3.760 | 0.000 |   6.473 | 
     | U611                     | A2 ^ -> ZN v | NAND2_X1  | 0.041 | n681                     |            |   1.393 | 0.080 |   6.552 | 
     | sub_reg[89]              |              | DFF_X1    | 0.041 | n681                     |       SPEF |   1.393 | 0.000 |   6.552 | 
     +---------------------------------------------------------------------------------------------------------------------------------+ 
Path 9: MET Setup Check with Pin sub_reg[117]/CK 
Endpoint:   sub_reg[117]/D        (v) checked with  leading edge of 'CLK'
Beginpoint: roundCounter_reg[4]/Q (^) triggered by  leading edge of 'CLK'
Path Groups: {CLK}
Analysis View: aes_av
Other End Arrival Time          0.000
- Setup                         0.172
+ Phase Shift                   8.000
= Required Time                 7.828
- Arrival Time                  6.551
= Slack Time                    1.278
     Clock Rise Edge                 0.000
     + Clock Network Latency (Ideal) 0.000
     = Beginpoint Arrival Time       0.000
     +-------------------------------------------------------------------------------------------------------------------------+ 
     |       Instance       |     Arc      |   Cell    |  Slew |         Net          |    Arc     |  Load   | Delay | Arrival | 
     |                      |              |           |       |                      | Annotation |         |       |  Time   | 
     |----------------------+--------------+-----------+-------+----------------------+------------+---------+-------+---------| 
     | roundCounter_reg[4]  | CK ^         |           | 0.000 | clock                |            | 395.854 |       |   0.000 | 
     | roundCounter_reg[4]  | CK ^ -> Q ^  | DFF_X1    | 0.176 | roundCounter[4]      |            |  20.646 | 0.446 |   0.446 | 
     | C2285                |              | OR2_X1    | 0.176 | roundCounter[4]      |       SPEF |  20.646 | 0.001 |   0.447 | 
     | C2285                | A1 ^ -> ZN ^ | OR2_X1    | 0.024 | N11077               |            |   1.280 | 0.114 |   0.561 | 
     | C2286                |              | OR2_X1    | 0.024 | N11077               |       SPEF |   1.280 | 0.000 |   0.561 | 
     | C2286                | A2 ^ -> ZN ^ | OR2_X1    | 0.020 | N11078               |            |   1.129 | 0.064 |   0.625 | 
     | C2287                |              | OR2_X1    | 0.020 | N11078               |       SPEF |   1.129 | 0.000 |   0.625 | 
     | C2287                | A2 ^ -> ZN ^ | OR2_X1    | 0.111 | N11079               |            |  12.615 | 0.160 |   0.784 | 
     | FE_OFC52_N11079      |              | CLKBUF_X3 | 0.111 | N11079               |       SPEF |  12.615 | 0.001 |   0.786 | 
     | FE_OFC52_N11079      | A ^ -> Z ^   | CLKBUF_X3 | 0.368 | FE_OFN52_N11079      |            | 129.322 | 0.470 |   1.256 | 
     | FE_OFC53_N11079      |              | CLKBUF_X3 | 0.368 | FE_OFN52_N11079      |       SPEF | 129.322 | 0.019 |   1.275 | 
     | FE_OFC53_N11079      | A ^ -> Z ^   | CLKBUF_X3 | 0.368 | FE_OFN53_N11079      |            | 130.030 | 0.552 |   1.827 | 
     | FE_DBTC0_N11079      |              | INV_X4    | 0.368 | FE_OFN53_N11079      |       SPEF | 130.030 | 0.015 |   1.842 | 
     | FE_DBTC0_N11079      | A ^ -> ZN v  | INV_X4    | 0.136 | FE_DBTN0_N11079      |            | 120.834 | 0.246 |   2.088 | 
     | U1150                |              | AOI22_X1  | 0.136 | FE_DBTN0_N11079      |       SPEF | 120.834 | 0.005 |   2.093 | 
     | U1150                | B2 v -> ZN ^ | AOI22_X1  | 0.175 | n883                 |            |   6.345 | 0.321 |   2.414 | 
     | U1149                |              | INV_X1    | 0.175 | n883                 |       SPEF |   6.345 | 0.001 |   2.415 | 
     | U1149                | A ^ -> ZN v  | INV_X1    | 0.047 | mix[113]             |            |   5.255 | 0.076 |   2.490 | 
     | C33537               |              | XOR2_X1   | 0.047 | mix[113]             |       SPEF |   5.255 | 0.000 |   2.490 | 
     | C33537               | A v -> Z v   | XOR2_X1   | 0.033 | N10467               |            |   1.674 | 0.191 |   2.681 | 
     | U1393                |              | AOI22_X1  | 0.033 | N10467               |       SPEF |   1.674 | 0.000 |   2.681 | 
     | U1393                | A1 v -> ZN ^ | AOI22_X1  | 0.428 | n1012                |            |  20.561 | 0.489 |   3.170 | 
     | FE_OFC253_n1012      |              | CLKBUF_X2 | 0.428 | n1012                |       SPEF |  20.561 | 0.003 |   3.173 | 
     | FE_OFC253_n1012      | A ^ -> Z ^   | CLKBUF_X2 | 0.207 | FE_OFN253_n1012      |            |  48.240 | 0.384 |   3.556 | 
     | FE_OFC254_n1012      |              | CLKBUF_X2 | 0.207 | FE_OFN253_n1012      |       SPEF |  48.240 | 0.004 |   3.560 | 
     | FE_OFC254_n1012      | A ^ -> Z ^   | CLKBUF_X2 | 0.297 | FE_OFN254_n1012      |            |  70.446 | 0.430 |   3.991 | 
     | FE_DBTC152_n1012     |              | INV_X2    | 0.297 | FE_OFN254_n1012      |       SPEF |  70.446 | 0.004 |   3.995 | 
     | FE_DBTC152_n1012     | A ^ -> ZN v  | INV_X2    | 0.111 | cipher[113]          |            |  52.335 | 0.210 |   4.205 | 
     | FE_OFC284_cipher_113 |              | CLKBUF_X2 | 0.111 | cipher[113]          |       SPEF |  52.335 | 0.000 |   4.205 | 
     | FE_OFC284_cipher_113 | A v -> Z v   | CLKBUF_X2 | 0.160 | FE_OFN284_cipher_113 |            |  66.832 | 0.304 |   4.509 | 
     | C31226               |              | AND2_X1   | 0.160 | FE_OFN284_cipher_113 |       SPEF |  66.832 | 0.002 |   4.511 | 
     | C31226               | A1 v -> ZN v | AND2_X1   | 0.020 | N38880               |            |   1.017 | 0.170 |   4.681 | 
     | C31227               |              | OR2_X1    | 0.020 | N38880               |       SPEF |   1.017 | 0.000 |   4.681 | 
     | C31227               | A2 v -> ZN v | OR2_X1    | 0.042 | N38881               |            |   6.486 | 0.214 |   4.895 | 
     | C31355               |              | AND2_X1   | 0.042 | N38881               |       SPEF |   6.486 | 0.000 |   4.895 | 
     | C31355               | A2 v -> ZN v | AND2_X1   | 0.017 | N39005               |            |   1.081 | 0.112 |   5.007 | 
     | C31356               |              | OR2_X1    | 0.017 | N39005               |       SPEF |   1.081 | 0.000 |   5.007 | 
     | C31356               | A2 v -> ZN v | OR2_X1    | 0.029 | N39006               |            |   1.192 | 0.179 |   5.186 | 
     | C31358               |              | AND2_X1   | 0.029 | N39006               |       SPEF |   1.192 | 0.000 |   5.186 | 
     | C31358               | A2 v -> ZN v | AND2_X1   | 0.017 | N39008               |            |   1.113 | 0.105 |   5.291 | 
     | C31359               |              | OR2_X1    | 0.017 | N39008               |       SPEF |   1.113 | 0.000 |   5.291 | 
     | C31359               | A2 v -> ZN v | OR2_X1    | 0.030 | N39009               |            |   1.547 | 0.182 |   5.473 | 
     | C31361               |              | AND2_X1   | 0.030 | N39009               |       SPEF |   1.547 | 0.000 |   5.473 | 
     | C31361               | A2 v -> ZN v | AND2_X1   | 0.019 | N39011               |            |   1.008 | 0.105 |   5.577 | 
     | C31362               |              | OR2_X1    | 0.019 | N39011               |       SPEF |   1.008 | 0.000 |   5.577 | 
     | C31362               | A2 v -> ZN v | OR2_X1    | 0.029 | N39012               |            |   0.994 | 0.178 |   5.755 | 
     | C31364               |              | AND2_X1   | 0.029 | N39012               |       SPEF |   0.994 | 0.000 |   5.755 | 
     | C31364               | A2 v -> ZN v | AND2_X1   | 0.016 | N39014               |            |   1.005 | 0.104 |   5.859 | 
     | C31365               |              | OR2_X1    | 0.016 | N39014               |       SPEF |   1.005 | 0.000 |   5.859 | 
     | C31365               | A2 v -> ZN v | OR2_X1    | 0.031 | N39015               |            |   1.762 | 0.184 |   6.043 | 
     | U2293                |              | AOI222_X1 | 0.031 | N39015               |       SPEF |   1.762 | 0.000 |   6.043 | 
     | U2293                | C1 v -> ZN ^ | AOI222_X1 | 0.267 | n376                 |            |   4.636 | 0.427 |   6.470 | 
     | U450                 |              | NAND2_X1  | 0.267 | n376                 |       SPEF |   4.636 | 0.000 |   6.470 | 
     | U450                 | A2 ^ -> ZN v | NAND2_X1  | 0.044 | n632                 |            |   1.306 | 0.080 |   6.551 | 
     | sub_reg[117]         |              | DFF_X1    | 0.044 | n632                 |       SPEF |   1.306 | 0.000 |   6.551 | 
     +-------------------------------------------------------------------------------------------------------------------------+ 
Path 10: MET Setup Check with Pin sub_reg[95]/CK 
Endpoint:   sub_reg[95]/D         (v) checked with  leading edge of 'CLK'
Beginpoint: roundCounter_reg[4]/Q (^) triggered by  leading edge of 'CLK'
Path Groups: {CLK}
Analysis View: aes_av
Other End Arrival Time          0.000
- Setup                         0.170
+ Phase Shift                   8.000
= Required Time                 7.830
- Arrival Time                  6.549
= Slack Time                    1.281
     Clock Rise Edge                 0.000
     + Clock Network Latency (Ideal) 0.000
     = Beginpoint Arrival Time       0.000
     +---------------------------------------------------------------------------------------------------------------------------------+ 
     |         Instance         |     Arc      |   Cell    |  Slew |           Net            |    Arc     |  Load   | Delay | Arrival | 
     |                          |              |           |       |                          | Annotation |         |       |  Time   | 
     |--------------------------+--------------+-----------+-------+--------------------------+------------+---------+-------+---------| 
     | roundCounter_reg[4]      | CK ^         |           | 0.000 | clock                    |            | 395.854 |       |   0.000 | 
     | roundCounter_reg[4]      | CK ^ -> Q ^  | DFF_X1    | 0.176 | roundCounter[4]          |            |  20.646 | 0.446 |   0.446 | 
     | C2285                    |              | OR2_X1    | 0.176 | roundCounter[4]          |       SPEF |  20.646 | 0.001 |   0.447 | 
     | C2285                    | A1 ^ -> ZN ^ | OR2_X1    | 0.024 | N11077                   |            |   1.280 | 0.114 |   0.561 | 
     | C2286                    |              | OR2_X1    | 0.024 | N11077                   |       SPEF |   1.280 | 0.000 |   0.561 | 
     | C2286                    | A2 ^ -> ZN ^ | OR2_X1    | 0.020 | N11078                   |            |   1.129 | 0.064 |   0.625 | 
     | C2287                    |              | OR2_X1    | 0.020 | N11078                   |       SPEF |   1.129 | 0.000 |   0.625 | 
     | C2287                    | A2 ^ -> ZN ^ | OR2_X1    | 0.111 | N11079                   |            |  12.615 | 0.160 |   0.784 | 
     | FE_OFC52_N11079          |              | CLKBUF_X3 | 0.111 | N11079                   |       SPEF |  12.615 | 0.001 |   0.786 | 
     | FE_OFC52_N11079          | A ^ -> Z ^   | CLKBUF_X3 | 0.368 | FE_OFN52_N11079          |            | 129.322 | 0.470 |   1.256 | 
     | FE_OFC53_N11079          |              | CLKBUF_X3 | 0.368 | FE_OFN52_N11079          |       SPEF | 129.322 | 0.019 |   1.275 | 
     | FE_OFC53_N11079          | A ^ -> Z ^   | CLKBUF_X3 | 0.368 | FE_OFN53_N11079          |            | 130.030 | 0.552 |   1.827 | 
     | FE_DBTC0_N11079          |              | INV_X4    | 0.368 | FE_OFN53_N11079          |       SPEF | 130.030 | 0.015 |   1.842 | 
     | FE_DBTC0_N11079          | A ^ -> ZN v  | INV_X4    | 0.136 | FE_DBTN0_N11079          |            | 120.834 | 0.246 |   2.088 | 
     | FE_OFC82_FE_DBTN0_N11079 |              | CLKBUF_X3 | 0.136 | FE_DBTN0_N11079          |       SPEF | 120.834 | 0.005 |   2.093 | 
     | FE_OFC82_FE_DBTN0_N11079 | A v -> Z v   | CLKBUF_X3 | 0.188 | FE_OFN82_FE_DBTN0_N11079 |            | 116.444 | 0.357 |   2.450 | 
     | U946                     |              | AOI22_X1  | 0.190 | FE_OFN82_FE_DBTN0_N11079 |       SPEF | 116.444 | 0.027 |   2.477 | 
     | U946                     | A2 v -> ZN ^ | AOI22_X1  | 0.113 | n781                     |            |   2.547 | 0.241 |   2.718 | 
     | U945                     |              | INV_X1    | 0.113 | n781                     |       SPEF |   2.547 | 0.000 |   2.718 | 
     | U945                     | A ^ -> ZN v  | INV_X1    | 0.031 | mix[90]                  |            |   3.456 | 0.053 |   2.771 | 
     | C33560                   |              | XOR2_X1   | 0.031 | mix[90]                  |       SPEF |   3.456 | 0.000 |   2.771 | 
     | C33560                   | A v -> Z v   | XOR2_X1   | 0.035 | N10490                   |            |   1.704 | 0.183 |   2.954 | 
     | U1202                    |              | AOI22_X1  | 0.035 | N10490                   |       SPEF |   1.704 | 0.000 |   2.954 | 
     | U1202                    | A1 v -> ZN ^ | AOI22_X1  | 0.305 | n910                     |            |  13.548 | 0.355 |   3.309 | 
     | FE_OFC104_n910           |              | BUF_X2    | 0.305 | n910                     |       SPEF |  13.548 | 0.001 |   3.310 | 
     | FE_OFC104_n910           | A ^ -> Z ^   | BUF_X2    | 0.342 | FE_OFN104_n910           |            |  80.623 | 0.450 |   3.760 | 
     | FE_OFC106_n910           |              | CLKBUF_X2 | 0.342 | FE_OFN104_n910           |       SPEF |  80.623 | 0.015 |   3.775 | 
     | FE_OFC106_n910           | A ^ -> Z ^   | CLKBUF_X2 | 0.358 | FE_OFN106_n910           |            |  85.654 | 0.525 |   4.300 | 
     | FE_DBTC127_n910          |              | INV_X1    | 0.358 | FE_OFN106_n910           |       SPEF |  85.654 | 0.002 |   4.302 | 
     | FE_DBTC127_n910          | A ^ -> ZN v  | INV_X1    | 0.149 | FE_OFN300_cipher_90      |            |  43.232 | 0.301 |   4.603 | 
     | FE_OFC300_cipher_90      |              | INV_X1    | 0.149 | FE_OFN300_cipher_90      |       SPEF |  43.232 | 0.000 |   4.603 | 
     | FE_OFC300_cipher_90      | A v -> ZN ^  | INV_X1    | 0.078 | FE_OFN301_cipher_90      |            |   6.810 | 0.161 |   4.764 | 
     | FE_OFC303_cipher_90      |              | INV_X2    | 0.078 | FE_OFN301_cipher_90      |       SPEF |   6.810 | 0.000 |   4.764 | 
     | FE_OFC303_cipher_90      | A ^ -> ZN v  | INV_X2    | 0.085 | FE_OFN303_cipher_90      |            |  79.348 | 0.141 |   4.905 | 
     | C27114                   |              | AND2_X1   | 0.086 | FE_OFN303_cipher_90      |       SPEF |  79.348 | 0.009 |   4.914 | 
     | C27114                   | A1 v -> ZN v | AND2_X1   | 0.017 | N34896                   |            |   1.091 | 0.130 |   5.044 | 
     | C27115                   |              | OR2_X1    | 0.017 | N34896                   |       SPEF |   1.091 | 0.000 |   5.044 | 
     | C27115                   | A2 v -> ZN v | OR2_X1    | 0.030 | N34897                   |            |   1.266 | 0.179 |   5.223 | 
     | C27117                   |              | AND2_X1   | 0.030 | N34897                   |       SPEF |   1.266 | 0.000 |   5.223 | 
     | C27117                   | A2 v -> ZN v | AND2_X1   | 0.017 | N34899                   |            |   1.018 | 0.104 |   5.328 | 
     | C27118                   |              | OR2_X1    | 0.017 | N34899                   |       SPEF |   1.018 | 0.000 |   5.328 | 
     | C27118                   | A2 v -> ZN v | OR2_X1    | 0.029 | N34900                   |            |   1.010 | 0.177 |   5.505 | 
     | C27120                   |              | AND2_X1   | 0.029 | N34900                   |       SPEF |   1.010 | 0.000 |   5.505 | 
     | C27120                   | A2 v -> ZN v | AND2_X1   | 0.019 | N34902                   |            |   1.009 | 0.104 |   5.608 | 
     | C27121                   |              | OR2_X1    | 0.019 | N34902                   |       SPEF |   1.009 | 0.000 |   5.608 | 
     | C27121                   | A2 v -> ZN v | OR2_X1    | 0.029 | N34903                   |            |   1.011 | 0.178 |   5.787 | 
     | C27123                   |              | AND2_X1   | 0.029 | N34903                   |       SPEF |   1.011 | 0.000 |   5.787 | 
     | C27123                   | A2 v -> ZN v | AND2_X1   | 0.017 | N34905                   |            |   1.019 | 0.104 |   5.890 | 
     | C27124                   |              | OR2_X1    | 0.017 | N34905                   |       SPEF |   1.019 | 0.000 |   5.890 | 
     | C27124                   | A2 v -> ZN v | OR2_X1    | 0.031 | N34906                   |            |   1.690 | 0.183 |   6.074 | 
     | U343                     |              | AOI222_X1 | 0.031 | N34906                   |       SPEF |   1.690 | 0.000 |   6.074 | 
     | U343                     | C1 v -> ZN ^ | AOI222_X1 | 0.239 | n288                     |            |   3.674 | 0.396 |   6.470 | 
     | U342                     |              | NAND2_X1  | 0.239 | n288                     |       SPEF |   3.674 | 0.000 |   6.470 | 
     | U342                     | A2 ^ -> ZN v | NAND2_X1  | 0.041 | n596                     |            |   1.326 | 0.078 |   6.548 | 
     | sub_reg[95]              |              | DFF_X1    | 0.041 | n596                     |       SPEF |   1.326 | 0.000 |   6.549 | 
     +---------------------------------------------------------------------------------------------------------------------------------+ 

