###############################################################
#  Generated by:      Cadence Innovus 18.10-p002_1
#  OS:                Linux x86_64(Host ID ensc-esil-18)
#  Generated on:      Fri Apr  2 12:22:29 2021
#  Design:            aes128key
#  Command:           report_timing -net -format {instance arc cell slew net annotation load delay arrival} -max_paths 10 > results/timing/08-route.setup.rpt
###############################################################
Path 1: MET Setup Check with Pin sub_reg[33]/CK 
Endpoint:   sub_reg[33]/D         (v) checked with  leading edge of 'CLK'
Beginpoint: roundCounter_reg[4]/Q (^) triggered by  leading edge of 'CLK'
Path Groups: {CLK}
Analysis View: aes_av
Other End Arrival Time          0.000
- Setup                         0.170
+ Phase Shift                   8.000
= Required Time                 7.830
- Arrival Time                  6.507
= Slack Time                    1.324
     Clock Rise Edge                 0.000
     + Clock Network Latency (Ideal) 0.000
     = Beginpoint Arrival Time       0.000
     +---------------------------------------------------------------------------------------------------------------------------------+ 
     |         Instance         |     Arc      |   Cell    |  Slew |           Net            |    Arc     |  Load   | Delay | Arrival | 
     |                          |              |           |       |                          | Annotation |         |       |  Time   | 
     |--------------------------+--------------+-----------+-------+--------------------------+------------+---------+-------+---------| 
     | roundCounter_reg[4]      | CK ^         |           | 0.000 | clock                    |            | 374.867 |       |   0.000 | 
     | roundCounter_reg[4]      | CK ^ -> Q ^  | DFF_X1    | 0.165 | roundCounter[4]          |            |  19.287 | 0.435 |   0.435 | 
     | C2285                    |              | OR2_X1    | 0.165 | roundCounter[4]          |       SPEF |  19.287 | 0.001 |   0.435 | 
     | C2285                    | A1 ^ -> ZN ^ | OR2_X1    | 0.023 | N11077                   |            |   1.107 | 0.110 |   0.546 | 
     | C2286                    |              | OR2_X1    | 0.023 | N11077                   |       SPEF |   1.107 | 0.000 |   0.546 | 
     | C2286                    | A2 ^ -> ZN ^ | OR2_X1    | 0.019 | N11078                   |            |   1.034 | 0.062 |   0.608 | 
     | C2287                    |              | OR2_X1    | 0.019 | N11078                   |       SPEF |   1.034 | 0.000 |   0.608 | 
     | C2287                    | A2 ^ -> ZN ^ | OR2_X1    | 0.080 | N11079                   |            |   8.677 | 0.127 |   0.734 | 
     | FE_OFC52_N11079          |              | CLKBUF_X3 | 0.080 | N11079                   |       SPEF |   8.677 | 0.002 |   0.736 | 
     | FE_OFC52_N11079          | A ^ -> Z ^   | CLKBUF_X3 | 0.354 | FE_OFN52_N11079          |            | 123.701 | 0.438 |   1.174 | 
     | FE_OFC53_N11079          |              | CLKBUF_X3 | 0.354 | FE_OFN52_N11079          |       SPEF | 123.701 | 0.022 |   1.196 | 
     | FE_OFC53_N11079          | A ^ -> Z ^   | CLKBUF_X3 | 0.362 | FE_OFN53_N11079          |            | 126.989 | 0.538 |   1.734 | 
     | FE_DBTC0_N11079          |              | INV_X4    | 0.362 | FE_OFN53_N11079          |       SPEF | 126.989 | 0.019 |   1.753 | 
     | FE_DBTC0_N11079          | A ^ -> ZN v  | INV_X4    | 0.132 | FE_DBTN0_N11079          |            | 115.141 | 0.240 |   1.994 | 
     | FE_OFC82_FE_DBTN0_N11079 |              | CLKBUF_X3 | 0.132 | FE_DBTN0_N11079          |       SPEF | 115.141 | 0.009 |   2.003 | 
     | FE_OFC82_FE_DBTN0_N11079 | A v -> Z v   | CLKBUF_X3 | 0.179 | FE_OFN82_FE_DBTN0_N11079 |            | 110.455 | 0.345 |   2.348 | 
     | U1070                    |              | AOI22_X1  | 0.180 | FE_OFN82_FE_DBTN0_N11079 |       SPEF | 110.455 | 0.012 |   2.360 | 
     | U1070                    | A2 v -> ZN ^ | AOI22_X1  | 0.110 | n843                     |            |   2.393 | 0.233 |   2.593 | 
     | U1069                    |              | INV_X1    | 0.110 | n843                     |       SPEF |   2.393 | 0.000 |   2.593 | 
     | U1069                    | A ^ -> ZN v  | INV_X1    | 0.036 | mix[34]                  |            |   6.615 | 0.070 |   2.663 | 
     | C33616                   |              | XOR2_X1   | 0.036 | mix[34]                  |       SPEF |   6.615 | 0.001 |   2.664 | 
     | C33616                   | A v -> Z v   | XOR2_X1   | 0.033 | N10546                   |            |   1.684 | 0.185 |   2.849 | 
     | U1318                    |              | AOI22_X1  | 0.033 | N10546                   |       SPEF |   1.684 | 0.000 |   2.849 | 
     | U1318                    | A1 v -> ZN ^ | AOI22_X1  | 0.335 | n972                     |            |  15.336 | 0.387 |   3.236 | 
     | FE_OFC190_n972           |              | BUF_X2    | 0.335 | n972                     |       SPEF |  15.336 | 0.003 |   3.238 | 
     | FE_OFC190_n972           | A ^ -> Z ^   | BUF_X2    | 0.320 | FE_OFN190_n972           |            |  75.521 | 0.433 |   3.671 | 
     | FE_OFC192_n972           |              | BUF_X2    | 0.320 | FE_OFN190_n972           |       SPEF |  75.521 | 0.009 |   3.681 | 
     | FE_OFC192_n972           | A ^ -> Z ^   | BUF_X2    | 0.317 | FE_OFN192_n972           |            |  75.462 | 0.434 |   4.114 | 
     | FE_DBTC64_n972           |              | INV_X2    | 0.317 | FE_OFN192_n972           |       SPEF |  75.462 | 0.003 |   4.117 | 
     | FE_DBTC64_n972           | A ^ -> ZN v  | INV_X2    | 0.141 | cipher[34]               |            |  82.861 | 0.269 |   4.386 | 
     | FE_OFC348_cipher_34      |              | BUF_X2    | 0.142 | cipher[34]               |       SPEF |  82.861 | 0.017 |   4.403 | 
     | FE_OFC348_cipher_34      | A v -> Z v   | BUF_X2    | 0.075 | FE_OFN348_cipher_34      |            |  62.705 | 0.233 |   4.636 | 
     | FE_OFC350_cipher_34      |              | CLKBUF_X2 | 0.076 | FE_OFN348_cipher_34      |       SPEF |  62.705 | 0.008 |   4.644 | 
     | FE_OFC350_cipher_34      | A v -> Z v   | CLKBUF_X2 | 0.103 | FE_OFN350_cipher_34      |            |  42.093 | 0.224 |   4.868 | 
     | C15177                   |              | AND2_X1   | 0.103 | FE_OFN350_cipher_34      |       SPEF |  42.093 | 0.002 |   4.870 | 
     | C15177                   | A1 v -> ZN v | AND2_X1   | 0.017 | N23341                   |            |   1.079 | 0.141 |   5.011 | 
     | C15178                   |              | OR2_X1    | 0.017 | N23341                   |       SPEF |   1.079 | 0.000 |   5.011 | 
     | C15178                   | A2 v -> ZN v | OR2_X1    | 0.029 | N23342                   |            |   1.039 | 0.177 |   5.188 | 
     | C15182                   |              | AND2_X1   | 0.029 | N23342                   |       SPEF |   1.039 | 0.000 |   5.188 | 
     | C15182                   | A2 v -> ZN v | AND2_X1   | 0.016 | N23346                   |            |   0.878 | 0.103 |   5.291 | 
     | C15184                   |              | OR2_X1    | 0.016 | N23346                   |       SPEF |   0.878 | 0.000 |   5.291 | 
     | C15184                   | A1 v -> ZN v | OR2_X1    | 0.031 | N23348                   |            |   1.783 | 0.166 |   5.457 | 
     | C15186                   |              | AND2_X1   | 0.031 | N23348                   |       SPEF |   1.783 | 0.000 |   5.457 | 
     | C15186                   | A2 v -> ZN v | AND2_X1   | 0.018 | N23350                   |            |   0.985 | 0.105 |   5.562 | 
     | C15187                   |              | OR2_X1    | 0.018 | N23350                   |       SPEF |   0.985 | 0.000 |   5.562 | 
     | C15187                   | A2 v -> ZN v | OR2_X1    | 0.031 | N23351                   |            |   1.713 | 0.184 |   5.746 | 
     | C15189                   |              | AND2_X1   | 0.031 | N23351                   |       SPEF |   1.713 | 0.000 |   5.746 | 
     | C15189                   | A2 v -> ZN v | AND2_X1   | 0.016 | N23353                   |            |   0.998 | 0.105 |   5.851 | 
     | C15190                   |              | OR2_X1    | 0.016 | N23353                   |       SPEF |   0.998 | 0.000 |   5.851 | 
     | C15190                   | A2 v -> ZN v | OR2_X1    | 0.031 | N23354                   |            |   1.750 | 0.184 |   6.035 | 
     | U557                     |              | AOI222_X1 | 0.031 | N23354                   |       SPEF |   1.750 | 0.000 |   6.035 | 
     | U557                     | C1 v -> ZN ^ | AOI222_X1 | 0.238 | n445                     |            |   3.641 | 0.395 |   6.430 | 
     | U556                     |              | NAND2_X1  | 0.238 | n445                     |       SPEF |   3.641 | 0.000 |   6.431 | 
     | U556                     | A2 ^ -> ZN v | NAND2_X1  | 0.040 | n665                     |            |   1.183 | 0.076 |   6.507 | 
     | sub_reg[33]              |              | DFF_X1    | 0.040 | n665                     |       SPEF |   1.183 | 0.000 |   6.507 | 
     +---------------------------------------------------------------------------------------------------------------------------------+ 
Path 2: MET Setup Check with Pin sub_reg[49]/CK 
Endpoint:   sub_reg[49]/D         (v) checked with  leading edge of 'CLK'
Beginpoint: roundCounter_reg[4]/Q (^) triggered by  leading edge of 'CLK'
Path Groups: {CLK}
Analysis View: aes_av
Other End Arrival Time          0.000
- Setup                         0.170
+ Phase Shift                   8.000
= Required Time                 7.830
- Arrival Time                  6.456
= Slack Time                    1.374
     Clock Rise Edge                 0.000
     + Clock Network Latency (Ideal) 0.000
     = Beginpoint Arrival Time       0.000
     +---------------------------------------------------------------------------------------------------------------------------------+ 
     |         Instance         |     Arc      |   Cell    |  Slew |           Net            |    Arc     |  Load   | Delay | Arrival | 
     |                          |              |           |       |                          | Annotation |         |       |  Time   | 
     |--------------------------+--------------+-----------+-------+--------------------------+------------+---------+-------+---------| 
     | roundCounter_reg[4]      | CK ^         |           | 0.000 | clock                    |            | 374.867 |       |   0.000 | 
     | roundCounter_reg[4]      | CK ^ -> Q ^  | DFF_X1    | 0.165 | roundCounter[4]          |            |  19.287 | 0.435 |   0.435 | 
     | C2285                    |              | OR2_X1    | 0.165 | roundCounter[4]          |       SPEF |  19.287 | 0.001 |   0.435 | 
     | C2285                    | A1 ^ -> ZN ^ | OR2_X1    | 0.023 | N11077                   |            |   1.107 | 0.110 |   0.546 | 
     | C2286                    |              | OR2_X1    | 0.023 | N11077                   |       SPEF |   1.107 | 0.000 |   0.546 | 
     | C2286                    | A2 ^ -> ZN ^ | OR2_X1    | 0.019 | N11078                   |            |   1.034 | 0.062 |   0.608 | 
     | C2287                    |              | OR2_X1    | 0.019 | N11078                   |       SPEF |   1.034 | 0.000 |   0.608 | 
     | C2287                    | A2 ^ -> ZN ^ | OR2_X1    | 0.080 | N11079                   |            |   8.677 | 0.127 |   0.734 | 
     | FE_OFC52_N11079          |              | CLKBUF_X3 | 0.080 | N11079                   |       SPEF |   8.677 | 0.002 |   0.736 | 
     | FE_OFC52_N11079          | A ^ -> Z ^   | CLKBUF_X3 | 0.354 | FE_OFN52_N11079          |            | 123.701 | 0.438 |   1.174 | 
     | FE_OFC53_N11079          |              | CLKBUF_X3 | 0.354 | FE_OFN52_N11079          |       SPEF | 123.701 | 0.022 |   1.196 | 
     | FE_OFC53_N11079          | A ^ -> Z ^   | CLKBUF_X3 | 0.362 | FE_OFN53_N11079          |            | 126.989 | 0.538 |   1.734 | 
     | FE_DBTC0_N11079          |              | INV_X4    | 0.362 | FE_OFN53_N11079          |       SPEF | 126.989 | 0.019 |   1.753 | 
     | FE_DBTC0_N11079          | A ^ -> ZN v  | INV_X4    | 0.132 | FE_DBTN0_N11079          |            | 115.141 | 0.240 |   1.994 | 
     | FE_OFC82_FE_DBTN0_N11079 |              | CLKBUF_X3 | 0.132 | FE_DBTN0_N11079          |       SPEF | 115.141 | 0.009 |   2.003 | 
     | FE_OFC82_FE_DBTN0_N11079 | A v -> Z v   | CLKBUF_X3 | 0.179 | FE_OFN82_FE_DBTN0_N11079 |            | 110.455 | 0.345 |   2.348 | 
     | U1038                    |              | AOI22_X1  | 0.180 | FE_OFN82_FE_DBTN0_N11079 |       SPEF | 110.455 | 0.012 |   2.360 | 
     | U1038                    | B2 v -> ZN ^ | AOI22_X1  | 0.105 | n827                     |            |   2.059 | 0.260 |   2.620 | 
     | U1037                    |              | INV_X1    | 0.105 | n827                     |       SPEF |   2.059 | 0.000 |   2.620 | 
     | U1037                    | A ^ -> ZN v  | INV_X1    | 0.032 | mix[49]                  |            |   4.791 | 0.059 |   2.680 | 
     | C33601                   |              | XOR2_X1   | 0.032 | mix[49]                  |       SPEF |   4.791 | 0.000 |   2.680 | 
     | C33601                   | A v -> Z v   | XOR2_X1   | 0.033 | N10531                   |            |   1.643 | 0.183 |   2.864 | 
     | U1288                    |              | AOI22_X1  | 0.033 | N10531                   |       SPEF |   1.643 | 0.000 |   2.864 | 
     | U1288                    | A1 v -> ZN ^ | AOI22_X1  | 0.190 | n956                     |            |   7.109 | 0.227 |   3.091 | 
     | FE_OFC169_n956           |              | CLKBUF_X2 | 0.190 | n956                     |       SPEF |   7.109 | 0.000 |   3.091 | 
     | FE_OFC169_n956           | A ^ -> Z ^   | CLKBUF_X2 | 0.297 | FE_OFN169_n956           |            |  70.025 | 0.421 |   3.512 | 
     | FE_OFC170_n956           |              | BUF_X1    | 0.297 | FE_OFN169_n956           |       SPEF |  70.025 | 0.009 |   3.521 | 
     | FE_OFC170_n956           | A ^ -> Z ^   | BUF_X1    | 0.330 | FE_OFN170_n956           |            |  39.339 | 0.451 |   3.973 | 
     | FE_DBTC80_n956           |              | INV_X2    | 0.330 | FE_OFN170_n956           |       SPEF |  39.339 | 0.000 |   3.973 | 
     | FE_DBTC80_n956           | A ^ -> ZN v  | INV_X2    | 0.140 | FE_OFN338_cipher_49      |            |  77.466 | 0.265 |   4.238 | 
     | FE_OFC338_cipher_49      |              | BUF_X1    | 0.141 | FE_OFN338_cipher_49      |       SPEF |  77.466 | 0.017 |   4.256 | 
     | FE_OFC338_cipher_49      | A v -> Z v   | BUF_X1    | 0.083 | cipher[49]               |            |  35.206 | 0.253 |   4.508 | 
     | C18179                   |              | AND2_X1   | 0.083 | cipher[49]               |       SPEF |  35.206 | 0.003 |   4.511 | 
     | C18179                   | A1 v -> ZN v | AND2_X1   | 0.018 | N26246                   |            |   0.980 | 0.128 |   4.639 | 
     | C18180                   |              | OR2_X1    | 0.018 | N26246                   |       SPEF |   0.980 | 0.000 |   4.639 | 
     | C18180                   | A2 v -> ZN v | OR2_X1    | 0.037 | N26247                   |            |   4.273 | 0.201 |   4.840 | 
     | C18260                   |              | AND2_X1   | 0.037 | N26247                   |       SPEF |   4.273 | 0.000 |   4.841 | 
     | C18260                   | A2 v -> ZN v | AND2_X1   | 0.016 | N26326                   |            |   0.969 | 0.108 |   4.949 | 
     | C18261                   |              | OR2_X1    | 0.016 | N26326                   |       SPEF |   0.969 | 0.000 |   4.949 | 
     | C18261                   | A2 v -> ZN v | OR2_X1    | 0.029 | N26327                   |            |   1.186 | 0.179 |   5.128 | 
     | C18263                   |              | AND2_X1   | 0.029 | N26327                   |       SPEF |   1.186 | 0.000 |   5.128 | 
     | C18263                   | A2 v -> ZN v | AND2_X1   | 0.017 | N26329                   |            |   1.255 | 0.106 |   5.233 | 
     | C18264                   |              | OR2_X1    | 0.017 | N26329                   |       SPEF |   1.255 | 0.000 |   5.233 | 
     | C18264                   | A2 v -> ZN v | OR2_X1    | 0.029 | N26330                   |            |   1.008 | 0.177 |   5.411 | 
     | C18266                   |              | AND2_X1   | 0.029 | N26330                   |       SPEF |   1.008 | 0.000 |   5.411 | 
     | C18266                   | A2 v -> ZN v | AND2_X1   | 0.019 | N26332                   |            |   1.009 | 0.104 |   5.514 | 
     | C18267                   |              | OR2_X1    | 0.019 | N26332                   |       SPEF |   1.009 | 0.000 |   5.514 | 
     | C18267                   | A2 v -> ZN v | OR2_X1    | 0.031 | N26333                   |            |   1.674 | 0.184 |   5.698 | 
     | C18269                   |              | AND2_X1   | 0.031 | N26333                   |       SPEF |   1.674 | 0.000 |   5.698 | 
     | C18269                   | A2 v -> ZN v | AND2_X1   | 0.016 | N26335                   |            |   0.993 | 0.105 |   5.803 | 
     | C18270                   |              | OR2_X1    | 0.016 | N26335                   |       SPEF |   0.993 | 0.000 |   5.803 | 
     | C18270                   | A2 v -> ZN v | OR2_X1    | 0.031 | N26336                   |            |   1.608 | 0.183 |   5.986 | 
     | U594                     |              | AOI222_X1 | 0.031 | N26336                   |       SPEF |   1.608 | 0.000 |   5.986 | 
     | U594                     | C1 v -> ZN ^ | AOI222_X1 | 0.236 | n468                     |            |   3.576 | 0.393 |   6.379 | 
     | U593                     |              | NAND2_X1  | 0.236 | n468                     |       SPEF |   3.576 | 0.000 |   6.379 | 
     | U593                     | A2 ^ -> ZN v | NAND2_X1  | 0.040 | n675                     |            |   1.270 | 0.077 |   6.456 | 
     | sub_reg[49]              |              | DFF_X1    | 0.040 | n675                     |       SPEF |   1.270 | 0.000 |   6.456 | 
     +---------------------------------------------------------------------------------------------------------------------------------+ 
Path 3: MET Setup Check with Pin sub_reg[54]/CK 
Endpoint:   sub_reg[54]/D         (v) checked with  leading edge of 'CLK'
Beginpoint: roundCounter_reg[4]/Q (^) triggered by  leading edge of 'CLK'
Path Groups: {CLK}
Analysis View: aes_av
Other End Arrival Time          0.000
- Setup                         0.169
+ Phase Shift                   8.000
= Required Time                 7.831
- Arrival Time                  6.449
= Slack Time                    1.382
     Clock Rise Edge                 0.000
     + Clock Network Latency (Ideal) 0.000
     = Beginpoint Arrival Time       0.000
     +---------------------------------------------------------------------------------------------------------------------------------+ 
     |         Instance         |     Arc      |   Cell    |  Slew |           Net            |    Arc     |  Load   | Delay | Arrival | 
     |                          |              |           |       |                          | Annotation |         |       |  Time   | 
     |--------------------------+--------------+-----------+-------+--------------------------+------------+---------+-------+---------| 
     | roundCounter_reg[4]      | CK ^         |           | 0.000 | clock                    |            | 374.867 |       |   0.000 | 
     | roundCounter_reg[4]      | CK ^ -> Q ^  | DFF_X1    | 0.165 | roundCounter[4]          |            |  19.287 | 0.435 |   0.435 | 
     | C2285                    |              | OR2_X1    | 0.165 | roundCounter[4]          |       SPEF |  19.287 | 0.001 |   0.435 | 
     | C2285                    | A1 ^ -> ZN ^ | OR2_X1    | 0.023 | N11077                   |            |   1.107 | 0.110 |   0.546 | 
     | C2286                    |              | OR2_X1    | 0.023 | N11077                   |       SPEF |   1.107 | 0.000 |   0.546 | 
     | C2286                    | A2 ^ -> ZN ^ | OR2_X1    | 0.019 | N11078                   |            |   1.034 | 0.062 |   0.608 | 
     | C2287                    |              | OR2_X1    | 0.019 | N11078                   |       SPEF |   1.034 | 0.000 |   0.608 | 
     | C2287                    | A2 ^ -> ZN ^ | OR2_X1    | 0.080 | N11079                   |            |   8.677 | 0.127 |   0.735 | 
     | FE_OFC52_N11079          |              | CLKBUF_X3 | 0.080 | N11079                   |       SPEF |   8.677 | 0.002 |   0.736 | 
     | FE_OFC52_N11079          | A ^ -> Z ^   | CLKBUF_X3 | 0.354 | FE_OFN52_N11079          |            | 123.701 | 0.438 |   1.174 | 
     | FE_OFC53_N11079          |              | CLKBUF_X3 | 0.354 | FE_OFN52_N11079          |       SPEF | 123.701 | 0.022 |   1.196 | 
     | FE_OFC53_N11079          | A ^ -> Z ^   | CLKBUF_X3 | 0.362 | FE_OFN53_N11079          |            | 126.989 | 0.538 |   1.734 | 
     | FE_DBTC0_N11079          |              | INV_X4    | 0.362 | FE_OFN53_N11079          |       SPEF | 126.989 | 0.019 |   1.753 | 
     | FE_DBTC0_N11079          | A ^ -> ZN v  | INV_X4    | 0.132 | FE_DBTN0_N11079          |            | 115.141 | 0.240 |   1.994 | 
     | FE_OFC82_FE_DBTN0_N11079 |              | CLKBUF_X3 | 0.132 | FE_DBTN0_N11079          |       SPEF | 115.141 | 0.009 |   2.003 | 
     | FE_OFC82_FE_DBTN0_N11079 | A v -> Z v   | CLKBUF_X3 | 0.179 | FE_OFN82_FE_DBTN0_N11079 |            | 110.455 | 0.345 |   2.348 | 
     | U1038                    |              | AOI22_X1  | 0.180 | FE_OFN82_FE_DBTN0_N11079 |       SPEF | 110.455 | 0.012 |   2.360 | 
     | U1038                    | B2 v -> ZN ^ | AOI22_X1  | 0.105 | n827                     |            |   2.059 | 0.260 |   2.620 | 
     | U1037                    |              | INV_X1    | 0.105 | n827                     |       SPEF |   2.059 | 0.000 |   2.620 | 
     | U1037                    | A ^ -> ZN v  | INV_X1    | 0.032 | mix[49]                  |            |   4.791 | 0.059 |   2.680 | 
     | C33601                   |              | XOR2_X1   | 0.032 | mix[49]                  |       SPEF |   4.791 | 0.000 |   2.680 | 
     | C33601                   | A v -> Z v   | XOR2_X1   | 0.033 | N10531                   |            |   1.643 | 0.183 |   2.864 | 
     | U1288                    |              | AOI22_X1  | 0.033 | N10531                   |       SPEF |   1.643 | 0.000 |   2.864 | 
     | U1288                    | A1 v -> ZN ^ | AOI22_X1  | 0.190 | n956                     |            |   7.109 | 0.227 |   3.091 | 
     | FE_OFC169_n956           |              | CLKBUF_X2 | 0.190 | n956                     |       SPEF |   7.109 | 0.000 |   3.091 | 
     | FE_OFC169_n956           | A ^ -> Z ^   | CLKBUF_X2 | 0.297 | FE_OFN169_n956           |            |  70.025 | 0.421 |   3.513 | 
     | FE_OFC170_n956           |              | BUF_X1    | 0.297 | FE_OFN169_n956           |       SPEF |  70.025 | 0.009 |   3.521 | 
     | FE_OFC170_n956           | A ^ -> Z ^   | BUF_X1    | 0.330 | FE_OFN170_n956           |            |  39.339 | 0.451 |   3.973 | 
     | FE_DBTC80_n956           |              | INV_X2    | 0.330 | FE_OFN170_n956           |       SPEF |  39.339 | 0.000 |   3.973 | 
     | FE_DBTC80_n956           | A ^ -> ZN v  | INV_X2    | 0.140 | FE_OFN338_cipher_49      |            |  77.466 | 0.265 |   4.238 | 
     | FE_OFC338_cipher_49      |              | BUF_X1    | 0.141 | FE_OFN338_cipher_49      |       SPEF |  77.466 | 0.017 |   4.256 | 
     | FE_OFC338_cipher_49      | A v -> Z v   | BUF_X1    | 0.083 | cipher[49]               |            |  35.206 | 0.253 |   4.508 | 
     | C19098                   |              | AND2_X1   | 0.083 | cipher[49]               |       SPEF |  35.206 | 0.004 |   4.512 | 
     | C19098                   | A1 v -> ZN v | AND2_X1   | 0.017 | N27135                   |            |   0.995 | 0.128 |   4.640 | 
     | C19099                   |              | OR2_X1    | 0.017 | N27135                   |       SPEF |   0.995 | 0.000 |   4.640 | 
     | C19099                   | A2 v -> ZN v | OR2_X1    | 0.050 | N27136                   |            |  10.348 | 0.229 |   4.869 | 
     | C19206                   |              | AND2_X1   | 0.050 | N27136                   |       SPEF |  10.348 | 0.001 |   4.869 | 
     | C19206                   | A2 v -> ZN v | AND2_X1   | 0.018 | N27242                   |            |   1.018 | 0.116 |   4.986 | 
     | C19207                   |              | OR2_X1    | 0.018 | N27242                   |       SPEF |   1.018 | 0.000 |   4.986 | 
     | C19207                   | A2 v -> ZN v | OR2_X1    | 0.029 | N27243                   |            |   1.069 | 0.178 |   5.164 | 
     | C19209                   |              | AND2_X1   | 0.029 | N27243                   |       SPEF |   1.069 | 0.000 |   5.164 | 
     | C19209                   | A2 v -> ZN v | AND2_X1   | 0.016 | N27245                   |            |   0.997 | 0.104 |   5.268 | 
     | C19210                   |              | OR2_X1    | 0.016 | N27245                   |       SPEF |   0.997 | 0.000 |   5.268 | 
     | C19210                   | A2 v -> ZN v | OR2_X1    | 0.029 | N27246                   |            |   1.146 | 0.178 |   5.446 | 
     | C19212                   |              | AND2_X1   | 0.029 | N27246                   |       SPEF |   1.146 | 0.000 |   5.446 | 
     | C19212                   | A2 v -> ZN v | AND2_X1   | 0.019 | N27248                   |            |   1.002 | 0.104 |   5.550 | 
     | C19213                   |              | OR2_X1    | 0.019 | N27248                   |       SPEF |   1.002 | 0.000 |   5.550 | 
     | C19213                   | A2 v -> ZN v | OR2_X1    | 0.030 | N27249                   |            |   1.336 | 0.181 |   5.731 | 
     | C19235                   |              | AND2_X1   | 0.030 | N27249                   |       SPEF |   1.336 | 0.000 |   5.731 | 
     | C19235                   | A2 v -> ZN v | AND2_X1   | 0.016 | N27270                   |            |   0.892 | 0.103 |   5.834 | 
     | C19237                   |              | OR2_X1    | 0.016 | N27270                   |       SPEF |   0.892 | 0.000 |   5.834 | 
     | C19237                   | A1 v -> ZN v | OR2_X1    | 0.031 | N27272                   |            |   1.699 | 0.166 |   6.000 | 
     | U349                     |              | AOI222_X1 | 0.031 | N27272                   |       SPEF |   1.699 | 0.000 |   6.000 | 
     | U349                     | C1 v -> ZN ^ | AOI222_X1 | 0.216 | n296                     |            |   2.853 | 0.370 |   6.370 | 
     | U348                     |              | NAND2_X1  | 0.216 | n296                     |       SPEF |   2.853 | 0.000 |   6.370 | 
     | U348                     | A2 ^ -> ZN v | NAND2_X1  | 0.039 | n598                     |            |   1.546 | 0.079 |   6.449 | 
     | sub_reg[54]              |              | DFF_X1    | 0.039 | n598                     |       SPEF |   1.546 | 0.000 |   6.449 | 
     +---------------------------------------------------------------------------------------------------------------------------------+ 
Path 4: MET Setup Check with Pin sub_reg[39]/CK 
Endpoint:   sub_reg[39]/D         (v) checked with  leading edge of 'CLK'
Beginpoint: roundCounter_reg[4]/Q (^) triggered by  leading edge of 'CLK'
Path Groups: {CLK}
Analysis View: aes_av
Other End Arrival Time          0.000
- Setup                         0.166
+ Phase Shift                   8.000
= Required Time                 7.834
- Arrival Time                  6.448
= Slack Time                    1.386
     Clock Rise Edge                 0.000
     + Clock Network Latency (Ideal) 0.000
     = Beginpoint Arrival Time       0.000
     +---------------------------------------------------------------------------------------------------------------------------------+ 
     |         Instance         |     Arc      |   Cell    |  Slew |           Net            |    Arc     |  Load   | Delay | Arrival | 
     |                          |              |           |       |                          | Annotation |         |       |  Time   | 
     |--------------------------+--------------+-----------+-------+--------------------------+------------+---------+-------+---------| 
     | roundCounter_reg[4]      | CK ^         |           | 0.000 | clock                    |            | 374.867 |       |   0.000 | 
     | roundCounter_reg[4]      | CK ^ -> Q ^  | DFF_X1    | 0.165 | roundCounter[4]          |            |  19.287 | 0.435 |   0.435 | 
     | C2285                    |              | OR2_X1    | 0.165 | roundCounter[4]          |       SPEF |  19.287 | 0.001 |   0.435 | 
     | C2285                    | A1 ^ -> ZN ^ | OR2_X1    | 0.023 | N11077                   |            |   1.107 | 0.110 |   0.546 | 
     | C2286                    |              | OR2_X1    | 0.023 | N11077                   |       SPEF |   1.107 | 0.000 |   0.546 | 
     | C2286                    | A2 ^ -> ZN ^ | OR2_X1    | 0.019 | N11078                   |            |   1.034 | 0.062 |   0.608 | 
     | C2287                    |              | OR2_X1    | 0.019 | N11078                   |       SPEF |   1.034 | 0.000 |   0.608 | 
     | C2287                    | A2 ^ -> ZN ^ | OR2_X1    | 0.080 | N11079                   |            |   8.677 | 0.127 |   0.734 | 
     | FE_OFC52_N11079          |              | CLKBUF_X3 | 0.080 | N11079                   |       SPEF |   8.677 | 0.002 |   0.736 | 
     | FE_OFC52_N11079          | A ^ -> Z ^   | CLKBUF_X3 | 0.354 | FE_OFN52_N11079          |            | 123.701 | 0.438 |   1.174 | 
     | FE_OFC53_N11079          |              | CLKBUF_X3 | 0.354 | FE_OFN52_N11079          |       SPEF | 123.701 | 0.022 |   1.196 | 
     | FE_OFC53_N11079          | A ^ -> Z ^   | CLKBUF_X3 | 0.362 | FE_OFN53_N11079          |            | 126.989 | 0.538 |   1.734 | 
     | FE_DBTC0_N11079          |              | INV_X4    | 0.362 | FE_OFN53_N11079          |       SPEF | 126.989 | 0.019 |   1.753 | 
     | FE_DBTC0_N11079          | A ^ -> ZN v  | INV_X4    | 0.132 | FE_DBTN0_N11079          |            | 115.141 | 0.240 |   1.994 | 
     | FE_OFC82_FE_DBTN0_N11079 |              | CLKBUF_X3 | 0.132 | FE_DBTN0_N11079          |       SPEF | 115.141 | 0.009 |   2.003 | 
     | FE_OFC82_FE_DBTN0_N11079 | A v -> Z v   | CLKBUF_X3 | 0.179 | FE_OFN82_FE_DBTN0_N11079 |            | 110.455 | 0.345 |   2.348 | 
     | U1070                    |              | AOI22_X1  | 0.180 | FE_OFN82_FE_DBTN0_N11079 |       SPEF | 110.455 | 0.012 |   2.360 | 
     | U1070                    | A2 v -> ZN ^ | AOI22_X1  | 0.110 | n843                     |            |   2.393 | 0.233 |   2.593 | 
     | U1069                    |              | INV_X1    | 0.110 | n843                     |       SPEF |   2.393 | 0.000 |   2.593 | 
     | U1069                    | A ^ -> ZN v  | INV_X1    | 0.036 | mix[34]                  |            |   6.615 | 0.070 |   2.663 | 
     | C33616                   |              | XOR2_X1   | 0.036 | mix[34]                  |       SPEF |   6.615 | 0.001 |   2.664 | 
     | C33616                   | A v -> Z v   | XOR2_X1   | 0.033 | N10546                   |            |   1.684 | 0.185 |   2.849 | 
     | U1318                    |              | AOI22_X1  | 0.033 | N10546                   |       SPEF |   1.684 | 0.000 |   2.849 | 
     | U1318                    | A1 v -> ZN ^ | AOI22_X1  | 0.335 | n972                     |            |  15.336 | 0.387 |   3.236 | 
     | FE_OFC190_n972           |              | BUF_X2    | 0.335 | n972                     |       SPEF |  15.336 | 0.003 |   3.238 | 
     | FE_OFC190_n972           | A ^ -> Z ^   | BUF_X2    | 0.320 | FE_OFN190_n972           |            |  75.521 | 0.433 |   3.671 | 
     | FE_OFC192_n972           |              | BUF_X2    | 0.320 | FE_OFN190_n972           |       SPEF |  75.521 | 0.009 |   3.680 | 
     | FE_OFC192_n972           | A ^ -> Z ^   | BUF_X2    | 0.317 | FE_OFN192_n972           |            |  75.462 | 0.434 |   4.114 | 
     | FE_DBTC64_n972           |              | INV_X2    | 0.317 | FE_OFN192_n972           |       SPEF |  75.462 | 0.003 |   4.117 | 
     | FE_DBTC64_n972           | A ^ -> ZN v  | INV_X2    | 0.141 | cipher[34]               |            |  82.861 | 0.269 |   4.386 | 
     | FE_OFC348_cipher_34      |              | BUF_X2    | 0.142 | cipher[34]               |       SPEF |  82.861 | 0.017 |   4.403 | 
     | FE_OFC348_cipher_34      | A v -> Z v   | BUF_X2    | 0.075 | FE_OFN348_cipher_34      |            |  62.705 | 0.233 |   4.636 | 
     | FE_OFC350_cipher_34      |              | CLKBUF_X2 | 0.076 | FE_OFN348_cipher_34      |       SPEF |  62.705 | 0.008 |   4.644 | 
     | FE_OFC350_cipher_34      | A v -> Z v   | CLKBUF_X2 | 0.103 | FE_OFN350_cipher_34      |            |  42.093 | 0.224 |   4.868 | 
     | C16334                   |              | AND2_X1   | 0.103 | FE_OFN350_cipher_34      |       SPEF |  42.093 | 0.003 |   4.871 | 
     | C16334                   | A1 v -> ZN v | AND2_X1   | 0.017 | N24459                   |            |   0.993 | 0.140 |   5.011 | 
     | C16335                   |              | OR2_X1    | 0.017 | N24459                   |       SPEF |   0.993 | 0.000 |   5.011 | 
     | C16335                   | A2 v -> ZN v | OR2_X1    | 0.029 | N24460                   |            |   0.986 | 0.177 |   5.188 | 
     | C16337                   |              | AND2_X1   | 0.029 | N24460                   |       SPEF |   0.986 | 0.000 |   5.188 | 
     | C16337                   | A2 v -> ZN v | AND2_X1   | 0.018 | N24462                   |            |   0.994 | 0.104 |   5.291 | 
     | C16338                   |              | OR2_X1    | 0.018 | N24462                   |       SPEF |   0.994 | 0.000 |   5.291 | 
     | C16338                   | A2 v -> ZN v | OR2_X1    | 0.030 | N24463                   |            |   1.237 | 0.180 |   5.471 | 
     | C16340                   |              | AND2_X1   | 0.030 | N24463                   |       SPEF |   1.237 | 0.000 |   5.471 | 
     | C16340                   | A2 v -> ZN v | AND2_X1   | 0.018 | N24465                   |            |   0.996 | 0.104 |   5.575 | 
     | C16341                   |              | OR2_X1    | 0.018 | N24465                   |       SPEF |   0.996 | 0.000 |   5.575 | 
     | C16341                   | A2 v -> ZN v | OR2_X1    | 0.029 | N24466                   |            |   0.968 | 0.177 |   5.753 | 
     | C16343                   |              | AND2_X1   | 0.029 | N24466                   |       SPEF |   0.968 | 0.000 |   5.753 | 
     | C16343                   | A2 v -> ZN v | AND2_X1   | 0.016 | N24468                   |            |   0.988 | 0.103 |   5.856 | 
     | C16344                   |              | OR2_X1    | 0.016 | N24468                   |       SPEF |   0.988 | 0.000 |   5.856 | 
     | C16344                   | A2 v -> ZN v | OR2_X1    | 0.031 | N24469                   |            |   1.593 | 0.182 |   6.039 | 
     | U337                     |              | AOI222_X1 | 0.031 | N24469                   |       SPEF |   1.593 | 0.000 |   6.039 | 
     | U337                     | C1 v -> ZN ^ | AOI222_X1 | 0.187 | n284                     |            |   1.861 | 0.338 |   6.376 | 
     | U336                     |              | NAND2_X1  | 0.187 | n284                     |       SPEF |   1.861 | 0.000 |   6.376 | 
     | U336                     | A2 ^ -> ZN v | NAND2_X1  | 0.033 | n594                     |            |   1.170 | 0.071 |   6.448 | 
     | sub_reg[39]              |              | DFF_X1    | 0.033 | n594                     |       SPEF |   1.170 | 0.000 |   6.448 | 
     +---------------------------------------------------------------------------------------------------------------------------------+ 
Path 5: MET Setup Check with Pin sub_reg[35]/CK 
Endpoint:   sub_reg[35]/D         (v) checked with  leading edge of 'CLK'
Beginpoint: roundCounter_reg[4]/Q (^) triggered by  leading edge of 'CLK'
Path Groups: {CLK}
Analysis View: aes_av
Other End Arrival Time          0.000
- Setup                         0.167
+ Phase Shift                   8.000
= Required Time                 7.833
- Arrival Time                  6.412
= Slack Time                    1.421
     Clock Rise Edge                 0.000
     + Clock Network Latency (Ideal) 0.000
     = Beginpoint Arrival Time       0.000
     +---------------------------------------------------------------------------------------------------------------------------------+ 
     |         Instance         |     Arc      |   Cell    |  Slew |           Net            |    Arc     |  Load   | Delay | Arrival | 
     |                          |              |           |       |                          | Annotation |         |       |  Time   | 
     |--------------------------+--------------+-----------+-------+--------------------------+------------+---------+-------+---------| 
     | roundCounter_reg[4]      | CK ^         |           | 0.000 | clock                    |            | 374.867 |       |   0.000 | 
     | roundCounter_reg[4]      | CK ^ -> Q ^  | DFF_X1    | 0.165 | roundCounter[4]          |            |  19.287 | 0.435 |   0.435 | 
     | C2285                    |              | OR2_X1    | 0.165 | roundCounter[4]          |       SPEF |  19.287 | 0.001 |   0.435 | 
     | C2285                    | A1 ^ -> ZN ^ | OR2_X1    | 0.023 | N11077                   |            |   1.107 | 0.110 |   0.546 | 
     | C2286                    |              | OR2_X1    | 0.023 | N11077                   |       SPEF |   1.107 | 0.000 |   0.546 | 
     | C2286                    | A2 ^ -> ZN ^ | OR2_X1    | 0.019 | N11078                   |            |   1.034 | 0.062 |   0.608 | 
     | C2287                    |              | OR2_X1    | 0.019 | N11078                   |       SPEF |   1.034 | 0.000 |   0.608 | 
     | C2287                    | A2 ^ -> ZN ^ | OR2_X1    | 0.080 | N11079                   |            |   8.677 | 0.127 |   0.734 | 
     | FE_OFC52_N11079          |              | CLKBUF_X3 | 0.080 | N11079                   |       SPEF |   8.677 | 0.002 |   0.736 | 
     | FE_OFC52_N11079          | A ^ -> Z ^   | CLKBUF_X3 | 0.354 | FE_OFN52_N11079          |            | 123.701 | 0.438 |   1.174 | 
     | FE_OFC53_N11079          |              | CLKBUF_X3 | 0.354 | FE_OFN52_N11079          |       SPEF | 123.701 | 0.022 |   1.196 | 
     | FE_OFC53_N11079          | A ^ -> Z ^   | CLKBUF_X3 | 0.362 | FE_OFN53_N11079          |            | 126.989 | 0.538 |   1.734 | 
     | FE_DBTC0_N11079          |              | INV_X4    | 0.362 | FE_OFN53_N11079          |       SPEF | 126.989 | 0.019 |   1.753 | 
     | FE_DBTC0_N11079          | A ^ -> ZN v  | INV_X4    | 0.132 | FE_DBTN0_N11079          |            | 115.141 | 0.240 |   1.994 | 
     | FE_OFC82_FE_DBTN0_N11079 |              | CLKBUF_X3 | 0.132 | FE_DBTN0_N11079          |       SPEF | 115.141 | 0.009 |   2.003 | 
     | FE_OFC82_FE_DBTN0_N11079 | A v -> Z v   | CLKBUF_X3 | 0.179 | FE_OFN82_FE_DBTN0_N11079 |            | 110.455 | 0.345 |   2.348 | 
     | U1070                    |              | AOI22_X1  | 0.180 | FE_OFN82_FE_DBTN0_N11079 |       SPEF | 110.455 | 0.012 |   2.360 | 
     | U1070                    | A2 v -> ZN ^ | AOI22_X1  | 0.110 | n843                     |            |   2.393 | 0.233 |   2.593 | 
     | U1069                    |              | INV_X1    | 0.110 | n843                     |       SPEF |   2.393 | 0.000 |   2.593 | 
     | U1069                    | A ^ -> ZN v  | INV_X1    | 0.036 | mix[34]                  |            |   6.615 | 0.070 |   2.663 | 
     | C33616                   |              | XOR2_X1   | 0.036 | mix[34]                  |       SPEF |   6.615 | 0.001 |   2.664 | 
     | C33616                   | A v -> Z v   | XOR2_X1   | 0.033 | N10546                   |            |   1.684 | 0.185 |   2.849 | 
     | U1318                    |              | AOI22_X1  | 0.033 | N10546                   |       SPEF |   1.684 | 0.000 |   2.849 | 
     | U1318                    | A1 v -> ZN ^ | AOI22_X1  | 0.335 | n972                     |            |  15.336 | 0.387 |   3.236 | 
     | FE_OFC190_n972           |              | BUF_X2    | 0.335 | n972                     |       SPEF |  15.336 | 0.003 |   3.238 | 
     | FE_OFC190_n972           | A ^ -> Z ^   | BUF_X2    | 0.320 | FE_OFN190_n972           |            |  75.521 | 0.433 |   3.671 | 
     | FE_OFC192_n972           |              | BUF_X2    | 0.320 | FE_OFN190_n972           |       SPEF |  75.521 | 0.009 |   3.680 | 
     | FE_OFC192_n972           | A ^ -> Z ^   | BUF_X2    | 0.317 | FE_OFN192_n972           |            |  75.462 | 0.434 |   4.114 | 
     | FE_DBTC64_n972           |              | INV_X2    | 0.317 | FE_OFN192_n972           |       SPEF |  75.462 | 0.003 |   4.117 | 
     | FE_DBTC64_n972           | A ^ -> ZN v  | INV_X2    | 0.141 | cipher[34]               |            |  82.861 | 0.269 |   4.386 | 
     | FE_OFC348_cipher_34      |              | BUF_X2    | 0.142 | cipher[34]               |       SPEF |  82.861 | 0.017 |   4.403 | 
     | FE_OFC348_cipher_34      | A v -> Z v   | BUF_X2    | 0.075 | FE_OFN348_cipher_34      |            |  62.705 | 0.233 |   4.636 | 
     | FE_OFC350_cipher_34      |              | CLKBUF_X2 | 0.076 | FE_OFN348_cipher_34      |       SPEF |  62.705 | 0.008 |   4.644 | 
     | FE_OFC350_cipher_34      | A v -> Z v   | CLKBUF_X2 | 0.103 | FE_OFN350_cipher_34      |            |  42.093 | 0.224 |   4.868 | 
     | C15546                   |              | AND2_X1   | 0.103 | FE_OFN350_cipher_34      |       SPEF |  42.093 | 0.000 |   4.868 | 
     | C15546                   | A1 v -> ZN v | AND2_X1   | 0.018 | N23699                   |            |   1.022 | 0.140 |   5.008 | 
     | C15547                   |              | OR2_X1    | 0.018 | N23699                   |       SPEF |   1.022 | 0.000 |   5.008 | 
     | C15547                   | A2 v -> ZN v | OR2_X1    | 0.029 | N23700                   |            |   1.037 | 0.178 |   5.186 | 
     | C15550                   |              | AND2_X1   | 0.029 | N23700                   |       SPEF |   1.037 | 0.000 |   5.186 | 
     | C15550                   | A2 v -> ZN v | AND2_X1   | 0.016 | N23703                   |            |   0.907 | 0.103 |   5.289 | 
     | C15552                   |              | OR2_X1    | 0.016 | N23703                   |       SPEF |   0.907 | 0.000 |   5.289 | 
     | C15552                   | A1 v -> ZN v | OR2_X1    | 0.029 | N23705                   |            |   1.095 | 0.160 |   5.449 | 
     | C15554                   |              | AND2_X1   | 0.029 | N23705                   |       SPEF |   1.095 | 0.000 |   5.449 | 
     | C15554                   | A2 v -> ZN v | AND2_X1   | 0.018 | N23707                   |            |   0.977 | 0.104 |   5.553 | 
     | C15555                   |              | OR2_X1    | 0.018 | N23707                   |       SPEF |   0.977 | 0.000 |   5.553 | 
     | C15555                   | A2 v -> ZN v | OR2_X1    | 0.029 | N23708                   |            |   0.967 | 0.177 |   5.731 | 
     | C15578                   |              | AND2_X1   | 0.029 | N23708                   |       SPEF |   0.967 | 0.000 |   5.731 | 
     | C15578                   | A2 v -> ZN v | AND2_X1   | 0.016 | N23731                   |            |   0.944 | 0.103 |   5.834 | 
     | C15580                   |              | OR2_X1    | 0.016 | N23731                   |       SPEF |   0.944 | 0.000 |   5.834 | 
     | C15580                   | A1 v -> ZN v | OR2_X1    | 0.031 | N23733                   |            |   1.592 | 0.165 |   5.998 | 
     | U292                     |              | AOI222_X1 | 0.031 | N23733                   |       SPEF |   1.592 | 0.000 |   5.998 | 
     | U292                     | C1 v -> ZN ^ | AOI222_X1 | 0.189 | n210                     |            |   1.944 | 0.340 |   6.339 | 
     | U291                     |              | NAND2_X1  | 0.189 | n210                     |       SPEF |   1.944 | 0.000 |   6.339 | 
     | U291                     | A2 ^ -> ZN v | NAND2_X1  | 0.034 | n579                     |            |   1.310 | 0.073 |   6.412 | 
     | sub_reg[35]              |              | DFF_X1    | 0.034 | n579                     |       SPEF |   1.310 | 0.000 |   6.412 | 
     +---------------------------------------------------------------------------------------------------------------------------------+ 
Path 6: MET Setup Check with Pin sub_reg[53]/CK 
Endpoint:   sub_reg[53]/D         (v) checked with  leading edge of 'CLK'
Beginpoint: roundCounter_reg[4]/Q (^) triggered by  leading edge of 'CLK'
Path Groups: {CLK}
Analysis View: aes_av
Other End Arrival Time          0.000
- Setup                         0.166
+ Phase Shift                   8.000
= Required Time                 7.834
- Arrival Time                  6.408
= Slack Time                    1.425
     Clock Rise Edge                 0.000
     + Clock Network Latency (Ideal) 0.000
     = Beginpoint Arrival Time       0.000
     +---------------------------------------------------------------------------------------------------------------------------------+ 
     |         Instance         |     Arc      |   Cell    |  Slew |           Net            |    Arc     |  Load   | Delay | Arrival | 
     |                          |              |           |       |                          | Annotation |         |       |  Time   | 
     |--------------------------+--------------+-----------+-------+--------------------------+------------+---------+-------+---------| 
     | roundCounter_reg[4]      | CK ^         |           | 0.000 | clock                    |            | 374.867 |       |   0.000 | 
     | roundCounter_reg[4]      | CK ^ -> Q ^  | DFF_X1    | 0.165 | roundCounter[4]          |            |  19.287 | 0.435 |   0.435 | 
     | C2285                    |              | OR2_X1    | 0.165 | roundCounter[4]          |       SPEF |  19.287 | 0.001 |   0.435 | 
     | C2285                    | A1 ^ -> ZN ^ | OR2_X1    | 0.023 | N11077                   |            |   1.107 | 0.110 |   0.546 | 
     | C2286                    |              | OR2_X1    | 0.023 | N11077                   |       SPEF |   1.107 | 0.000 |   0.546 | 
     | C2286                    | A2 ^ -> ZN ^ | OR2_X1    | 0.019 | N11078                   |            |   1.034 | 0.062 |   0.608 | 
     | C2287                    |              | OR2_X1    | 0.019 | N11078                   |       SPEF |   1.034 | 0.000 |   0.608 | 
     | C2287                    | A2 ^ -> ZN ^ | OR2_X1    | 0.080 | N11079                   |            |   8.677 | 0.127 |   0.735 | 
     | FE_OFC52_N11079          |              | CLKBUF_X3 | 0.080 | N11079                   |       SPEF |   8.677 | 0.002 |   0.736 | 
     | FE_OFC52_N11079          | A ^ -> Z ^   | CLKBUF_X3 | 0.354 | FE_OFN52_N11079          |            | 123.701 | 0.438 |   1.174 | 
     | FE_OFC53_N11079          |              | CLKBUF_X3 | 0.354 | FE_OFN52_N11079          |       SPEF | 123.701 | 0.022 |   1.196 | 
     | FE_OFC53_N11079          | A ^ -> Z ^   | CLKBUF_X3 | 0.362 | FE_OFN53_N11079          |            | 126.989 | 0.538 |   1.734 | 
     | FE_DBTC0_N11079          |              | INV_X4    | 0.362 | FE_OFN53_N11079          |       SPEF | 126.989 | 0.019 |   1.753 | 
     | FE_DBTC0_N11079          | A ^ -> ZN v  | INV_X4    | 0.132 | FE_DBTN0_N11079          |            | 115.141 | 0.240 |   1.994 | 
     | FE_OFC82_FE_DBTN0_N11079 |              | CLKBUF_X3 | 0.132 | FE_DBTN0_N11079          |       SPEF | 115.141 | 0.009 |   2.003 | 
     | FE_OFC82_FE_DBTN0_N11079 | A v -> Z v   | CLKBUF_X3 | 0.179 | FE_OFN82_FE_DBTN0_N11079 |            | 110.455 | 0.345 |   2.348 | 
     | U1038                    |              | AOI22_X1  | 0.180 | FE_OFN82_FE_DBTN0_N11079 |       SPEF | 110.455 | 0.012 |   2.360 | 
     | U1038                    | B2 v -> ZN ^ | AOI22_X1  | 0.105 | n827                     |            |   2.059 | 0.260 |   2.620 | 
     | U1037                    |              | INV_X1    | 0.105 | n827                     |       SPEF |   2.059 | 0.000 |   2.620 | 
     | U1037                    | A ^ -> ZN v  | INV_X1    | 0.032 | mix[49]                  |            |   4.791 | 0.059 |   2.680 | 
     | C33601                   |              | XOR2_X1   | 0.032 | mix[49]                  |       SPEF |   4.791 | 0.000 |   2.680 | 
     | C33601                   | A v -> Z v   | XOR2_X1   | 0.033 | N10531                   |            |   1.643 | 0.183 |   2.864 | 
     | U1288                    |              | AOI22_X1  | 0.033 | N10531                   |       SPEF |   1.643 | 0.000 |   2.864 | 
     | U1288                    | A1 v -> ZN ^ | AOI22_X1  | 0.190 | n956                     |            |   7.109 | 0.227 |   3.091 | 
     | FE_OFC169_n956           |              | CLKBUF_X2 | 0.190 | n956                     |       SPEF |   7.109 | 0.000 |   3.091 | 
     | FE_OFC169_n956           | A ^ -> Z ^   | CLKBUF_X2 | 0.297 | FE_OFN169_n956           |            |  70.025 | 0.421 |   3.513 | 
     | FE_OFC170_n956           |              | BUF_X1    | 0.297 | FE_OFN169_n956           |       SPEF |  70.025 | 0.009 |   3.521 | 
     | FE_OFC170_n956           | A ^ -> Z ^   | BUF_X1    | 0.330 | FE_OFN170_n956           |            |  39.339 | 0.451 |   3.973 | 
     | FE_DBTC80_n956           |              | INV_X2    | 0.330 | FE_OFN170_n956           |       SPEF |  39.339 | 0.000 |   3.973 | 
     | FE_DBTC80_n956           | A ^ -> ZN v  | INV_X2    | 0.140 | FE_OFN338_cipher_49      |            |  77.466 | 0.265 |   4.238 | 
     | FE_OFC338_cipher_49      |              | BUF_X1    | 0.141 | FE_OFN338_cipher_49      |       SPEF |  77.466 | 0.017 |   4.256 | 
     | FE_OFC338_cipher_49      | A v -> Z v   | BUF_X1    | 0.083 | cipher[49]               |            |  35.206 | 0.253 |   4.508 | 
     | C18906                   |              | AND2_X1   | 0.083 | cipher[49]               |       SPEF |  35.206 | 0.003 |   4.511 | 
     | C18906                   | A1 v -> ZN v | AND2_X1   | 0.018 | N26952                   |            |   0.972 | 0.128 |   4.639 | 
     | C18907                   |              | OR2_X1    | 0.018 | N26952                   |       SPEF |   0.972 | 0.000 |   4.639 | 
     | C18907                   | A2 v -> ZN v | OR2_X1    | 0.043 | N26953                   |            |   7.019 | 0.215 |   4.854 | 
     | C19035                   |              | AND2_X1   | 0.043 | N26953                   |       SPEF |   7.019 | 0.000 |   4.855 | 
     | C19035                   | A2 v -> ZN v | AND2_X1   | 0.016 | N27077                   |            |   0.980 | 0.112 |   4.967 | 
     | C19036                   |              | OR2_X1    | 0.016 | N27077                   |       SPEF |   0.980 | 0.000 |   4.967 | 
     | C19036                   | A2 v -> ZN v | OR2_X1    | 0.029 | N27078                   |            |   1.135 | 0.178 |   5.145 | 
     | C19038                   |              | AND2_X1   | 0.029 | N27078                   |       SPEF |   1.135 | 0.000 |   5.145 | 
     | C19038                   | A2 v -> ZN v | AND2_X1   | 0.017 | N27080                   |            |   1.079 | 0.104 |   5.249 | 
     | C19039                   |              | OR2_X1    | 0.017 | N27080                   |       SPEF |   1.079 | 0.000 |   5.249 | 
     | C19039                   | A2 v -> ZN v | OR2_X1    | 0.030 | N27081                   |            |   1.335 | 0.180 |   5.429 | 
     | C19041                   |              | AND2_X1   | 0.030 | N27081                   |       SPEF |   1.335 | 0.000 |   5.429 | 
     | C19041                   | A2 v -> ZN v | AND2_X1   | 0.019 | N27083                   |            |   1.057 | 0.105 |   5.534 | 
     | C19042                   |              | OR2_X1    | 0.019 | N27083                   |       SPEF |   1.057 | 0.000 |   5.534 | 
     | C19042                   | A2 v -> ZN v | OR2_X1    | 0.029 | N27084                   |            |   1.042 | 0.178 |   5.712 | 
     | C19044                   |              | AND2_X1   | 0.029 | N27084                   |       SPEF |   1.042 | 0.000 |   5.712 | 
     | C19044                   | A2 v -> ZN v | AND2_X1   | 0.017 | N27086                   |            |   1.048 | 0.104 |   5.816 | 
     | C19045                   |              | OR2_X1    | 0.017 | N27086                   |       SPEF |   1.048 | 0.000 |   5.816 | 
     | C19045                   | A2 v -> ZN v | OR2_X1    | 0.031 | N27087                   |            |   1.626 | 0.183 |   5.999 | 
     | U2296                    |              | AOI222_X1 | 0.031 | N27087                   |       SPEF |   1.626 | 0.000 |   5.999 | 
     | U2296                    | C1 v -> ZN ^ | AOI222_X1 | 0.186 | n372                     |            |   1.820 | 0.336 |   6.336 | 
     | U444                     |              | NAND2_X1  | 0.186 | n372                     |       SPEF |   1.820 | 0.000 |   6.336 | 
     | U444                     | A2 ^ -> ZN v | NAND2_X1  | 0.034 | n630                     |            |   1.289 | 0.073 |   6.408 | 
     | sub_reg[53]              |              | DFF_X1    | 0.034 | n630                     |       SPEF |   1.289 | 0.000 |   6.408 | 
     +---------------------------------------------------------------------------------------------------------------------------------+ 
Path 7: MET Setup Check with Pin sub_reg[38]/CK 
Endpoint:   sub_reg[38]/D         (v) checked with  leading edge of 'CLK'
Beginpoint: roundCounter_reg[4]/Q (^) triggered by  leading edge of 'CLK'
Path Groups: {CLK}
Analysis View: aes_av
Other End Arrival Time          0.000
- Setup                         0.170
+ Phase Shift                   8.000
= Required Time                 7.830
- Arrival Time                  6.400
= Slack Time                    1.429
     Clock Rise Edge                 0.000
     + Clock Network Latency (Ideal) 0.000
     = Beginpoint Arrival Time       0.000
     +---------------------------------------------------------------------------------------------------------------------------------+ 
     |         Instance         |     Arc      |   Cell    |  Slew |           Net            |    Arc     |  Load   | Delay | Arrival | 
     |                          |              |           |       |                          | Annotation |         |       |  Time   | 
     |--------------------------+--------------+-----------+-------+--------------------------+------------+---------+-------+---------| 
     | roundCounter_reg[4]      | CK ^         |           | 0.000 | clock                    |            | 374.867 |       |   0.000 | 
     | roundCounter_reg[4]      | CK ^ -> Q ^  | DFF_X1    | 0.165 | roundCounter[4]          |            |  19.287 | 0.435 |   0.435 | 
     | C2285                    |              | OR2_X1    | 0.165 | roundCounter[4]          |       SPEF |  19.287 | 0.001 |   0.435 | 
     | C2285                    | A1 ^ -> ZN ^ | OR2_X1    | 0.023 | N11077                   |            |   1.107 | 0.110 |   0.546 | 
     | C2286                    |              | OR2_X1    | 0.023 | N11077                   |       SPEF |   1.107 | 0.000 |   0.546 | 
     | C2286                    | A2 ^ -> ZN ^ | OR2_X1    | 0.019 | N11078                   |            |   1.034 | 0.062 |   0.608 | 
     | C2287                    |              | OR2_X1    | 0.019 | N11078                   |       SPEF |   1.034 | 0.000 |   0.608 | 
     | C2287                    | A2 ^ -> ZN ^ | OR2_X1    | 0.080 | N11079                   |            |   8.677 | 0.127 |   0.734 | 
     | FE_OFC52_N11079          |              | CLKBUF_X3 | 0.080 | N11079                   |       SPEF |   8.677 | 0.002 |   0.736 | 
     | FE_OFC52_N11079          | A ^ -> Z ^   | CLKBUF_X3 | 0.354 | FE_OFN52_N11079          |            | 123.701 | 0.438 |   1.174 | 
     | FE_OFC53_N11079          |              | CLKBUF_X3 | 0.354 | FE_OFN52_N11079          |       SPEF | 123.701 | 0.022 |   1.196 | 
     | FE_OFC53_N11079          | A ^ -> Z ^   | CLKBUF_X3 | 0.362 | FE_OFN53_N11079          |            | 126.989 | 0.538 |   1.734 | 
     | FE_DBTC0_N11079          |              | INV_X4    | 0.362 | FE_OFN53_N11079          |       SPEF | 126.989 | 0.019 |   1.753 | 
     | FE_DBTC0_N11079          | A ^ -> ZN v  | INV_X4    | 0.132 | FE_DBTN0_N11079          |            | 115.141 | 0.240 |   1.994 | 
     | FE_OFC82_FE_DBTN0_N11079 |              | CLKBUF_X3 | 0.132 | FE_DBTN0_N11079          |       SPEF | 115.141 | 0.009 |   2.003 | 
     | FE_OFC82_FE_DBTN0_N11079 | A v -> Z v   | CLKBUF_X3 | 0.179 | FE_OFN82_FE_DBTN0_N11079 |            | 110.455 | 0.345 |   2.348 | 
     | U1070                    |              | AOI22_X1  | 0.180 | FE_OFN82_FE_DBTN0_N11079 |       SPEF | 110.455 | 0.012 |   2.360 | 
     | U1070                    | A2 v -> ZN ^ | AOI22_X1  | 0.110 | n843                     |            |   2.393 | 0.233 |   2.593 | 
     | U1069                    |              | INV_X1    | 0.110 | n843                     |       SPEF |   2.393 | 0.000 |   2.593 | 
     | U1069                    | A ^ -> ZN v  | INV_X1    | 0.036 | mix[34]                  |            |   6.615 | 0.070 |   2.663 | 
     | C33616                   |              | XOR2_X1   | 0.036 | mix[34]                  |       SPEF |   6.615 | 0.001 |   2.664 | 
     | C33616                   | A v -> Z v   | XOR2_X1   | 0.033 | N10546                   |            |   1.684 | 0.185 |   2.849 | 
     | U1318                    |              | AOI22_X1  | 0.033 | N10546                   |       SPEF |   1.684 | 0.000 |   2.849 | 
     | U1318                    | A1 v -> ZN ^ | AOI22_X1  | 0.335 | n972                     |            |  15.336 | 0.387 |   3.236 | 
     | FE_OFC190_n972           |              | BUF_X2    | 0.335 | n972                     |       SPEF |  15.336 | 0.003 |   3.238 | 
     | FE_OFC190_n972           | A ^ -> Z ^   | BUF_X2    | 0.320 | FE_OFN190_n972           |            |  75.521 | 0.433 |   3.671 | 
     | FE_OFC192_n972           |              | BUF_X2    | 0.320 | FE_OFN190_n972           |       SPEF |  75.521 | 0.009 |   3.681 | 
     | FE_OFC192_n972           | A ^ -> Z ^   | BUF_X2    | 0.317 | FE_OFN192_n972           |            |  75.462 | 0.434 |   4.114 | 
     | FE_DBTC64_n972           |              | INV_X2    | 0.317 | FE_OFN192_n972           |       SPEF |  75.462 | 0.003 |   4.117 | 
     | FE_DBTC64_n972           | A ^ -> ZN v  | INV_X2    | 0.141 | cipher[34]               |            |  82.861 | 0.269 |   4.386 | 
     | FE_OFC348_cipher_34      |              | BUF_X2    | 0.142 | cipher[34]               |       SPEF |  82.861 | 0.017 |   4.403 | 
     | FE_OFC348_cipher_34      | A v -> Z v   | BUF_X2    | 0.075 | FE_OFN348_cipher_34      |            |  62.705 | 0.233 |   4.636 | 
     | FE_OFC350_cipher_34      |              | CLKBUF_X2 | 0.076 | FE_OFN348_cipher_34      |       SPEF |  62.705 | 0.008 |   4.644 | 
     | FE_OFC350_cipher_34      | A v -> Z v   | CLKBUF_X2 | 0.103 | FE_OFN350_cipher_34      |            |  42.093 | 0.224 |   4.868 | 
     | C16101                   |              | AND2_X1   | 0.103 | FE_OFN350_cipher_34      |       SPEF |  42.093 | 0.002 |   4.870 | 
     | C16101                   | A1 v -> ZN v | AND2_X1   | 0.017 | N24235                   |            |   0.966 | 0.140 |   5.010 | 
     | C16102                   |              | OR2_X1    | 0.017 | N24235                   |       SPEF |   0.966 | 0.000 |   5.010 | 
     | C16102                   | A2 v -> ZN v | OR2_X1    | 0.031 | N24236                   |            |   1.682 | 0.183 |   5.193 | 
     | C16104                   |              | AND2_X1   | 0.031 | N24236                   |       SPEF |   1.682 | 0.000 |   5.193 | 
     | C16104                   | A2 v -> ZN v | AND2_X1   | 0.018 | N24238                   |            |   1.048 | 0.105 |   5.298 | 
     | C16105                   |              | OR2_X1    | 0.018 | N24238                   |       SPEF |   1.048 | 0.000 |   5.298 | 
     | C16105                   | A2 v -> ZN v | OR2_X1    | 0.031 | N24239                   |            |   1.598 | 0.183 |   5.481 | 
     | C16107                   |              | AND2_X1   | 0.031 | N24239                   |       SPEF |   1.598 | 0.000 |   5.481 | 
     | C16107                   | A2 v -> ZN v | AND2_X1   | 0.019 | N24241                   |            |   0.988 | 0.105 |   5.586 | 
     | C16108                   |              | OR2_X1    | 0.019 | N24241                   |       SPEF |   0.988 | 0.000 |   5.586 | 
     | C16108                   | A2 v -> ZN v | OR2_X1    | 0.029 | N24242                   |            |   0.981 | 0.178 |   5.764 | 
     | C16110                   |              | AND2_X1   | 0.029 | N24242                   |       SPEF |   0.981 | 0.000 |   5.764 | 
     | C16110                   | A2 v -> ZN v | AND2_X1   | 0.017 | N24244                   |            |   1.053 | 0.104 |   5.868 | 
     | C16111                   |              | OR2_X1    | 0.017 | N24244                   |       SPEF |   1.053 | 0.000 |   5.868 | 
     | C16111                   | A2 v -> ZN v | OR2_X1    | 0.031 | N24245                   |            |   1.587 | 0.182 |   6.050 | 
     | U391                     |              | AOI222_X1 | 0.031 | N24245                   |       SPEF |   1.587 | 0.000 |   6.050 | 
     | U391                     | A1 v -> ZN ^ | AOI222_X1 | 0.239 | n336                     |            |   3.663 | 0.270 |   6.320 | 
     | U390                     |              | NAND2_X1  | 0.239 | n336                     |       SPEF |   3.663 | 0.000 |   6.320 | 
     | U390                     | A2 ^ -> ZN v | NAND2_X1  | 0.041 | n612                     |            |   1.433 | 0.080 |   6.400 | 
     | sub_reg[38]              |              | DFF_X1    | 0.041 | n612                     |       SPEF |   1.433 | 0.000 |   6.400 | 
     +---------------------------------------------------------------------------------------------------------------------------------+ 
Path 8: MET Setup Check with Pin sub_reg[95]/CK 
Endpoint:   sub_reg[95]/D         (v) checked with  leading edge of 'CLK'
Beginpoint: roundCounter_reg[4]/Q (^) triggered by  leading edge of 'CLK'
Path Groups: {CLK}
Analysis View: aes_av
Other End Arrival Time          0.000
- Setup                         0.172
+ Phase Shift                   8.000
= Required Time                 7.828
- Arrival Time                  6.386
= Slack Time                    1.442
     Clock Rise Edge                 0.000
     + Clock Network Latency (Ideal) 0.000
     = Beginpoint Arrival Time       0.000
     +---------------------------------------------------------------------------------------------------------------------------------+ 
     |         Instance         |     Arc      |   Cell    |  Slew |           Net            |    Arc     |  Load   | Delay | Arrival | 
     |                          |              |           |       |                          | Annotation |         |       |  Time   | 
     |--------------------------+--------------+-----------+-------+--------------------------+------------+---------+-------+---------| 
     | roundCounter_reg[4]      | CK ^         |           | 0.000 | clock                    |            | 374.867 |       |   0.000 | 
     | roundCounter_reg[4]      | CK ^ -> Q ^  | DFF_X1    | 0.165 | roundCounter[4]          |            |  19.287 | 0.435 |   0.435 | 
     | C2285                    |              | OR2_X1    | 0.165 | roundCounter[4]          |       SPEF |  19.287 | 0.001 |   0.435 | 
     | C2285                    | A1 ^ -> ZN ^ | OR2_X1    | 0.023 | N11077                   |            |   1.107 | 0.110 |   0.546 | 
     | C2286                    |              | OR2_X1    | 0.023 | N11077                   |       SPEF |   1.107 | 0.000 |   0.546 | 
     | C2286                    | A2 ^ -> ZN ^ | OR2_X1    | 0.019 | N11078                   |            |   1.034 | 0.062 |   0.608 | 
     | C2287                    |              | OR2_X1    | 0.019 | N11078                   |       SPEF |   1.034 | 0.000 |   0.608 | 
     | C2287                    | A2 ^ -> ZN ^ | OR2_X1    | 0.080 | N11079                   |            |   8.677 | 0.127 |   0.734 | 
     | FE_OFC52_N11079          |              | CLKBUF_X3 | 0.080 | N11079                   |       SPEF |   8.677 | 0.002 |   0.736 | 
     | FE_OFC52_N11079          | A ^ -> Z ^   | CLKBUF_X3 | 0.354 | FE_OFN52_N11079          |            | 123.701 | 0.438 |   1.174 | 
     | FE_OFC53_N11079          |              | CLKBUF_X3 | 0.354 | FE_OFN52_N11079          |       SPEF | 123.701 | 0.022 |   1.196 | 
     | FE_OFC53_N11079          | A ^ -> Z ^   | CLKBUF_X3 | 0.362 | FE_OFN53_N11079          |            | 126.989 | 0.538 |   1.734 | 
     | FE_DBTC0_N11079          |              | INV_X4    | 0.362 | FE_OFN53_N11079          |       SPEF | 126.989 | 0.019 |   1.753 | 
     | FE_DBTC0_N11079          | A ^ -> ZN v  | INV_X4    | 0.132 | FE_DBTN0_N11079          |            | 115.141 | 0.240 |   1.994 | 
     | FE_OFC82_FE_DBTN0_N11079 |              | CLKBUF_X3 | 0.132 | FE_DBTN0_N11079          |       SPEF | 115.141 | 0.009 |   2.003 | 
     | FE_OFC82_FE_DBTN0_N11079 | A v -> Z v   | CLKBUF_X3 | 0.179 | FE_OFN82_FE_DBTN0_N11079 |            | 110.455 | 0.345 |   2.348 | 
     | U946                     |              | AOI22_X1  | 0.180 | FE_OFN82_FE_DBTN0_N11079 |       SPEF | 110.455 | 0.025 |   2.373 | 
     | U946                     | A2 v -> ZN ^ | AOI22_X1  | 0.107 | n781                     |            |   2.204 | 0.229 |   2.602 | 
     | U945                     |              | INV_X1    | 0.107 | n781                     |       SPEF |   2.204 | 0.000 |   2.602 | 
     | U945                     | A ^ -> ZN v  | INV_X1    | 0.030 | mix[90]                  |            |   3.450 | 0.052 |   2.654 | 
     | C33560                   |              | XOR2_X1   | 0.030 | mix[90]                  |       SPEF |   3.450 | 0.000 |   2.654 | 
     | C33560                   | A v -> Z v   | XOR2_X1   | 0.033 | N10490                   |            |   1.572 | 0.182 |   2.836 | 
     | U1202                    |              | AOI22_X1  | 0.033 | N10490                   |       SPEF |   1.572 | 0.000 |   2.836 | 
     | U1202                    | A1 v -> ZN ^ | AOI22_X1  | 0.300 | n910                     |            |  13.250 | 0.348 |   3.183 | 
     | FE_OFC104_n910           |              | BUF_X2    | 0.300 | n910                     |       SPEF |  13.250 | 0.001 |   3.185 | 
     | FE_OFC104_n910           | A ^ -> Z ^   | BUF_X2    | 0.326 | FE_OFN104_n910           |            |  77.191 | 0.437 |   3.622 | 
     | FE_OFC106_n910           |              | CLKBUF_X2 | 0.326 | FE_OFN104_n910           |       SPEF |  77.191 | 0.009 |   3.631 | 
     | FE_OFC106_n910           | A ^ -> Z ^   | CLKBUF_X2 | 0.342 | FE_OFN106_n910           |            |  81.740 | 0.506 |   4.137 | 
     | FE_DBTC127_n910          |              | INV_X1    | 0.342 | FE_OFN106_n910           |       SPEF |  81.740 | 0.001 |   4.138 | 
     | FE_DBTC127_n910          | A ^ -> ZN v  | INV_X1    | 0.142 | FE_OFN300_cipher_90      |            |  41.415 | 0.288 |   4.425 | 
     | FE_OFC300_cipher_90      |              | INV_X1    | 0.143 | FE_OFN300_cipher_90      |       SPEF |  41.415 | 0.001 |   4.426 | 
     | FE_OFC300_cipher_90      | A v -> ZN ^  | INV_X1    | 0.075 | FE_OFN301_cipher_90      |            |   6.581 | 0.155 |   4.581 | 
     | FE_OFC303_cipher_90      |              | INV_X2    | 0.075 | FE_OFN301_cipher_90      |       SPEF |   6.581 | 0.000 |   4.581 | 
     | FE_OFC303_cipher_90      | A ^ -> ZN v  | INV_X2    | 0.082 | FE_OFN303_cipher_90      |            |  76.158 | 0.134 |   4.716 | 
     | C27114                   |              | AND2_X1   | 0.083 | FE_OFN303_cipher_90      |       SPEF |  76.158 | 0.010 |   4.726 | 
     | C27114                   | A1 v -> ZN v | AND2_X1   | 0.017 | N34896                   |            |   1.007 | 0.128 |   4.854 | 
     | C27115                   |              | OR2_X1    | 0.017 | N34896                   |       SPEF |   1.007 | 0.000 |   4.854 | 
     | C27115                   | A2 v -> ZN v | OR2_X1    | 0.029 | N34897                   |            |   1.068 | 0.177 |   5.031 | 
     | C27117                   |              | AND2_X1   | 0.029 | N34897                   |       SPEF |   1.068 | 0.000 |   5.031 | 
     | C27117                   | A2 v -> ZN v | AND2_X1   | 0.016 | N34899                   |            |   0.974 | 0.104 |   5.135 | 
     | C27118                   |              | OR2_X1    | 0.016 | N34899                   |       SPEF |   0.974 | 0.000 |   5.135 | 
     | C27118                   | A2 v -> ZN v | OR2_X1    | 0.029 | N34900                   |            |   0.959 | 0.176 |   5.311 | 
     | C27120                   |              | AND2_X1   | 0.029 | N34900                   |       SPEF |   0.959 | 0.000 |   5.311 | 
     | C27120                   | A2 v -> ZN v | AND2_X1   | 0.018 | N34902                   |            |   0.979 | 0.103 |   5.415 | 
     | C27121                   |              | OR2_X1    | 0.018 | N34902                   |       SPEF |   0.979 | 0.000 |   5.415 | 
     | C27121                   | A2 v -> ZN v | OR2_X1    | 0.029 | N34903                   |            |   1.017 | 0.178 |   5.593 | 
     | C27123                   |              | AND2_X1   | 0.029 | N34903                   |       SPEF |   1.017 | 0.000 |   5.593 | 
     | C27123                   | A2 v -> ZN v | AND2_X1   | 0.016 | N34905                   |            |   0.984 | 0.104 |   5.697 | 
     | C27124                   |              | OR2_X1    | 0.016 | N34905                   |       SPEF |   0.984 | 0.000 |   5.697 | 
     | C27124                   | A2 v -> ZN v | OR2_X1    | 0.031 | N34906                   |            |   1.628 | 0.183 |   5.879 | 
     | U343                     |              | AOI222_X1 | 0.031 | N34906                   |       SPEF |   1.628 | 0.000 |   5.879 | 
     | U343                     | C1 v -> ZN ^ | AOI222_X1 | 0.267 | n288                     |            |   4.648 | 0.427 |   6.306 | 
     | U342                     |              | NAND2_X1  | 0.267 | n288                     |       SPEF |   4.648 | 0.001 |   6.307 | 
     | U342                     | A2 ^ -> ZN v | NAND2_X1  | 0.044 | n596                     |            |   1.254 | 0.079 |   6.386 | 
     | sub_reg[95]              |              | DFF_X1    | 0.044 | n596                     |       SPEF |   1.254 | 0.000 |   6.386 | 
     +---------------------------------------------------------------------------------------------------------------------------------+ 
Path 9: MET Setup Check with Pin sub_reg[89]/CK 
Endpoint:   sub_reg[89]/D         (v) checked with  leading edge of 'CLK'
Beginpoint: roundCounter_reg[4]/Q (^) triggered by  leading edge of 'CLK'
Path Groups: {CLK}
Analysis View: aes_av
Other End Arrival Time          0.000
- Setup                         0.172
+ Phase Shift                   8.000
= Required Time                 7.828
- Arrival Time                  6.379
= Slack Time                    1.450
     Clock Rise Edge                 0.000
     + Clock Network Latency (Ideal) 0.000
     = Beginpoint Arrival Time       0.000
     +---------------------------------------------------------------------------------------------------------------------------------+ 
     |         Instance         |     Arc      |   Cell    |  Slew |           Net            |    Arc     |  Load   | Delay | Arrival | 
     |                          |              |           |       |                          | Annotation |         |       |  Time   | 
     |--------------------------+--------------+-----------+-------+--------------------------+------------+---------+-------+---------| 
     | roundCounter_reg[4]      | CK ^         |           | 0.000 | clock                    |            | 374.867 |       |   0.000 | 
     | roundCounter_reg[4]      | CK ^ -> Q ^  | DFF_X1    | 0.165 | roundCounter[4]          |            |  19.287 | 0.435 |   0.435 | 
     | C2285                    |              | OR2_X1    | 0.165 | roundCounter[4]          |       SPEF |  19.287 | 0.001 |   0.435 | 
     | C2285                    | A1 ^ -> ZN ^ | OR2_X1    | 0.023 | N11077                   |            |   1.107 | 0.110 |   0.546 | 
     | C2286                    |              | OR2_X1    | 0.023 | N11077                   |       SPEF |   1.107 | 0.000 |   0.546 | 
     | C2286                    | A2 ^ -> ZN ^ | OR2_X1    | 0.019 | N11078                   |            |   1.034 | 0.062 |   0.608 | 
     | C2287                    |              | OR2_X1    | 0.019 | N11078                   |       SPEF |   1.034 | 0.000 |   0.608 | 
     | C2287                    | A2 ^ -> ZN ^ | OR2_X1    | 0.080 | N11079                   |            |   8.677 | 0.127 |   0.734 | 
     | FE_OFC52_N11079          |              | CLKBUF_X3 | 0.080 | N11079                   |       SPEF |   8.677 | 0.002 |   0.736 | 
     | FE_OFC52_N11079          | A ^ -> Z ^   | CLKBUF_X3 | 0.354 | FE_OFN52_N11079          |            | 123.701 | 0.438 |   1.174 | 
     | FE_OFC53_N11079          |              | CLKBUF_X3 | 0.354 | FE_OFN52_N11079          |       SPEF | 123.701 | 0.022 |   1.196 | 
     | FE_OFC53_N11079          | A ^ -> Z ^   | CLKBUF_X3 | 0.362 | FE_OFN53_N11079          |            | 126.989 | 0.538 |   1.734 | 
     | FE_DBTC0_N11079          |              | INV_X4    | 0.362 | FE_OFN53_N11079          |       SPEF | 126.989 | 0.019 |   1.753 | 
     | FE_DBTC0_N11079          | A ^ -> ZN v  | INV_X4    | 0.132 | FE_DBTN0_N11079          |            | 115.141 | 0.240 |   1.994 | 
     | FE_OFC82_FE_DBTN0_N11079 |              | CLKBUF_X3 | 0.132 | FE_DBTN0_N11079          |       SPEF | 115.141 | 0.009 |   2.003 | 
     | FE_OFC82_FE_DBTN0_N11079 | A v -> Z v   | CLKBUF_X3 | 0.179 | FE_OFN82_FE_DBTN0_N11079 |            | 110.455 | 0.345 |   2.348 | 
     | U946                     |              | AOI22_X1  | 0.180 | FE_OFN82_FE_DBTN0_N11079 |       SPEF | 110.455 | 0.025 |   2.373 | 
     | U946                     | A2 v -> ZN ^ | AOI22_X1  | 0.107 | n781                     |            |   2.204 | 0.229 |   2.602 | 
     | U945                     |              | INV_X1    | 0.107 | n781                     |       SPEF |   2.204 | 0.000 |   2.602 | 
     | U945                     | A ^ -> ZN v  | INV_X1    | 0.030 | mix[90]                  |            |   3.450 | 0.052 |   2.654 | 
     | C33560                   |              | XOR2_X1   | 0.030 | mix[90]                  |       SPEF |   3.450 | 0.000 |   2.654 | 
     | C33560                   | A v -> Z v   | XOR2_X1   | 0.033 | N10490                   |            |   1.572 | 0.182 |   2.836 | 
     | U1202                    |              | AOI22_X1  | 0.033 | N10490                   |       SPEF |   1.572 | 0.000 |   2.836 | 
     | U1202                    | A1 v -> ZN ^ | AOI22_X1  | 0.300 | n910                     |            |  13.250 | 0.348 |   3.183 | 
     | FE_OFC104_n910           |              | BUF_X2    | 0.300 | n910                     |       SPEF |  13.250 | 0.001 |   3.185 | 
     | FE_OFC104_n910           | A ^ -> Z ^   | BUF_X2    | 0.326 | FE_OFN104_n910           |            |  77.191 | 0.437 |   3.622 | 
     | FE_OFC106_n910           |              | CLKBUF_X2 | 0.326 | FE_OFN104_n910           |       SPEF |  77.191 | 0.009 |   3.631 | 
     | FE_OFC106_n910           | A ^ -> Z ^   | CLKBUF_X2 | 0.342 | FE_OFN106_n910           |            |  81.740 | 0.506 |   4.137 | 
     | FE_DBTC127_n910          |              | INV_X1    | 0.342 | FE_OFN106_n910           |       SPEF |  81.740 | 0.001 |   4.138 | 
     | FE_DBTC127_n910          | A ^ -> ZN v  | INV_X1    | 0.142 | FE_OFN300_cipher_90      |            |  41.415 | 0.288 |   4.425 | 
     | FE_OFC301_cipher_90      |              | CLKBUF_X2 | 0.143 | FE_OFN300_cipher_90      |       SPEF |  41.415 | 0.001 |   4.426 | 
     | FE_OFC301_cipher_90      | A v -> Z v   | CLKBUF_X2 | 0.116 | FE_OFN302_cipher_90      |            |  47.407 | 0.271 |   4.697 | 
     | C25960                   |              | AND2_X1   | 0.116 | FE_OFN302_cipher_90      |       SPEF |  47.407 | 0.000 |   4.697 | 
     | C25960                   | A1 v -> ZN v | AND2_X1   | 0.017 | N33781                   |            |   0.978 | 0.147 |   4.844 | 
     | C25961                   |              | OR2_X1    | 0.017 | N33781                   |       SPEF |   0.978 | 0.000 |   4.844 | 
     | C25961                   | A2 v -> ZN v | OR2_X1    | 0.030 | N33782                   |            |   1.479 | 0.182 |   5.026 | 
     | C25963                   |              | AND2_X1   | 0.030 | N33782                   |       SPEF |   1.479 | 0.000 |   5.026 | 
     | C25963                   | A2 v -> ZN v | AND2_X1   | 0.017 | N33784                   |            |   1.203 | 0.106 |   5.132 | 
     | C25964                   |              | OR2_X1    | 0.017 | N33784                   |       SPEF |   1.203 | 0.000 |   5.132 | 
     | C25964                   | A2 v -> ZN v | OR2_X1    | 0.029 | N33785                   |            |   1.136 | 0.178 |   5.310 | 
     | C25966                   |              | AND2_X1   | 0.029 | N33785                   |       SPEF |   1.136 | 0.000 |   5.310 | 
     | C25966                   | A2 v -> ZN v | AND2_X1   | 0.018 | N33787                   |            |   0.998 | 0.104 |   5.414 | 
     | C25967                   |              | OR2_X1    | 0.018 | N33787                   |       SPEF |   0.998 | 0.000 |   5.414 | 
     | C25967                   | A2 v -> ZN v | OR2_X1    | 0.029 | N33788                   |            |   1.006 | 0.178 |   5.592 | 
     | C25969                   |              | AND2_X1   | 0.029 | N33788                   |       SPEF |   1.006 | 0.000 |   5.592 | 
     | C25969                   | A2 v -> ZN v | AND2_X1   | 0.017 | N33790                   |            |   1.049 | 0.104 |   5.696 | 
     | C25970                   |              | OR2_X1    | 0.017 | N33790                   |       SPEF |   1.049 | 0.000 |   5.696 | 
     | C25970                   | A2 v -> ZN v | OR2_X1    | 0.031 | N33791                   |            |   1.614 | 0.183 |   5.878 | 
     | U612                     |              | AOI222_X1 | 0.031 | N33791                   |       SPEF |   1.614 | 0.000 |   5.878 | 
     | U612                     | C1 v -> ZN ^ | AOI222_X1 | 0.261 | n480                     |            |   4.420 | 0.420 |   6.298 | 
     | U611                     |              | NAND2_X1  | 0.261 | n480                     |       SPEF |   4.420 | 0.000 |   6.298 | 
     | U611                     | A2 ^ -> ZN v | NAND2_X1  | 0.044 | n681                     |            |   1.346 | 0.080 |   6.379 | 
     | sub_reg[89]              |              | DFF_X1    | 0.044 | n681                     |       SPEF |   1.346 | 0.000 |   6.379 | 
     +---------------------------------------------------------------------------------------------------------------------------------+ 
Path 10: MET Setup Check with Pin sub_reg[92]/CK 
Endpoint:   sub_reg[92]/D         (v) checked with  leading edge of 'CLK'
Beginpoint: roundCounter_reg[4]/Q (^) triggered by  leading edge of 'CLK'
Path Groups: {CLK}
Analysis View: aes_av
Other End Arrival Time          0.000
- Setup                         0.167
+ Phase Shift                   8.000
= Required Time                 7.833
- Arrival Time                  6.327
= Slack Time                    1.505
     Clock Rise Edge                 0.000
     + Clock Network Latency (Ideal) 0.000
     = Beginpoint Arrival Time       0.000
     +---------------------------------------------------------------------------------------------------------------------------------+ 
     |         Instance         |     Arc      |   Cell    |  Slew |           Net            |    Arc     |  Load   | Delay | Arrival | 
     |                          |              |           |       |                          | Annotation |         |       |  Time   | 
     |--------------------------+--------------+-----------+-------+--------------------------+------------+---------+-------+---------| 
     | roundCounter_reg[4]      | CK ^         |           | 0.000 | clock                    |            | 374.867 |       |   0.000 | 
     | roundCounter_reg[4]      | CK ^ -> Q ^  | DFF_X1    | 0.165 | roundCounter[4]          |            |  19.287 | 0.435 |   0.435 | 
     | C2285                    |              | OR2_X1    | 0.165 | roundCounter[4]          |       SPEF |  19.287 | 0.001 |   0.435 | 
     | C2285                    | A1 ^ -> ZN ^ | OR2_X1    | 0.023 | N11077                   |            |   1.107 | 0.110 |   0.546 | 
     | C2286                    |              | OR2_X1    | 0.023 | N11077                   |       SPEF |   1.107 | 0.000 |   0.546 | 
     | C2286                    | A2 ^ -> ZN ^ | OR2_X1    | 0.019 | N11078                   |            |   1.034 | 0.062 |   0.608 | 
     | C2287                    |              | OR2_X1    | 0.019 | N11078                   |       SPEF |   1.034 | 0.000 |   0.608 | 
     | C2287                    | A2 ^ -> ZN ^ | OR2_X1    | 0.080 | N11079                   |            |   8.677 | 0.127 |   0.734 | 
     | FE_OFC52_N11079          |              | CLKBUF_X3 | 0.080 | N11079                   |       SPEF |   8.677 | 0.002 |   0.736 | 
     | FE_OFC52_N11079          | A ^ -> Z ^   | CLKBUF_X3 | 0.354 | FE_OFN52_N11079          |            | 123.701 | 0.438 |   1.174 | 
     | FE_OFC53_N11079          |              | CLKBUF_X3 | 0.354 | FE_OFN52_N11079          |       SPEF | 123.701 | 0.022 |   1.196 | 
     | FE_OFC53_N11079          | A ^ -> Z ^   | CLKBUF_X3 | 0.362 | FE_OFN53_N11079          |            | 126.989 | 0.538 |   1.734 | 
     | FE_DBTC0_N11079          |              | INV_X4    | 0.362 | FE_OFN53_N11079          |       SPEF | 126.989 | 0.019 |   1.753 | 
     | FE_DBTC0_N11079          | A ^ -> ZN v  | INV_X4    | 0.132 | FE_DBTN0_N11079          |            | 115.141 | 0.240 |   1.994 | 
     | FE_OFC82_FE_DBTN0_N11079 |              | CLKBUF_X3 | 0.132 | FE_DBTN0_N11079          |       SPEF | 115.141 | 0.009 |   2.003 | 
     | FE_OFC82_FE_DBTN0_N11079 | A v -> Z v   | CLKBUF_X3 | 0.179 | FE_OFN82_FE_DBTN0_N11079 |            | 110.455 | 0.345 |   2.348 | 
     | U946                     |              | AOI22_X1  | 0.180 | FE_OFN82_FE_DBTN0_N11079 |       SPEF | 110.455 | 0.025 |   2.373 | 
     | U946                     | A2 v -> ZN ^ | AOI22_X1  | 0.107 | n781                     |            |   2.204 | 0.229 |   2.602 | 
     | U945                     |              | INV_X1    | 0.107 | n781                     |       SPEF |   2.204 | 0.000 |   2.602 | 
     | U945                     | A ^ -> ZN v  | INV_X1    | 0.030 | mix[90]                  |            |   3.450 | 0.052 |   2.654 | 
     | C33560                   |              | XOR2_X1   | 0.030 | mix[90]                  |       SPEF |   3.450 | 0.000 |   2.654 | 
     | C33560                   | A v -> Z v   | XOR2_X1   | 0.033 | N10490                   |            |   1.572 | 0.182 |   2.836 | 
     | U1202                    |              | AOI22_X1  | 0.033 | N10490                   |       SPEF |   1.572 | 0.000 |   2.836 | 
     | U1202                    | A1 v -> ZN ^ | AOI22_X1  | 0.300 | n910                     |            |  13.250 | 0.348 |   3.183 | 
     | FE_OFC104_n910           |              | BUF_X2    | 0.300 | n910                     |       SPEF |  13.250 | 0.001 |   3.185 | 
     | FE_OFC104_n910           | A ^ -> Z ^   | BUF_X2    | 0.326 | FE_OFN104_n910           |            |  77.191 | 0.437 |   3.622 | 
     | FE_OFC106_n910           |              | CLKBUF_X2 | 0.326 | FE_OFN104_n910           |       SPEF |  77.191 | 0.009 |   3.631 | 
     | FE_OFC106_n910           | A ^ -> Z ^   | CLKBUF_X2 | 0.342 | FE_OFN106_n910           |            |  81.740 | 0.506 |   4.137 | 
     | FE_DBTC127_n910          |              | INV_X1    | 0.342 | FE_OFN106_n910           |       SPEF |  81.740 | 0.001 |   4.138 | 
     | FE_DBTC127_n910          | A ^ -> ZN v  | INV_X1    | 0.142 | FE_OFN300_cipher_90      |            |  41.415 | 0.288 |   4.425 | 
     | FE_OFC301_cipher_90      |              | CLKBUF_X2 | 0.143 | FE_OFN300_cipher_90      |       SPEF |  41.415 | 0.001 |   4.426 | 
     | FE_OFC301_cipher_90      | A v -> Z v   | CLKBUF_X2 | 0.116 | FE_OFN302_cipher_90      |            |  47.407 | 0.271 |   4.697 | 
     | C26545                   |              | AND2_X1   | 0.116 | FE_OFN302_cipher_90      |       SPEF |  47.407 | 0.006 |   4.703 | 
     | C26545                   | A1 v -> ZN v | AND2_X1   | 0.017 | N34349                   |            |   1.002 | 0.147 |   4.850 | 
     | C26546                   |              | OR2_X1    | 0.017 | N34349                   |       SPEF |   1.002 | 0.000 |   4.850 | 
     | C26546                   | A2 v -> ZN v | OR2_X1    | 0.029 | N34350                   |            |   1.032 | 0.178 |   5.028 | 
     | C26548                   |              | AND2_X1   | 0.029 | N34350                   |       SPEF |   1.032 | 0.000 |   5.028 | 
     | C26548                   | A2 v -> ZN v | AND2_X1   | 0.017 | N34352                   |            |   1.019 | 0.104 |   5.132 | 
     | C26549                   |              | OR2_X1    | 0.017 | N34352                   |       SPEF |   1.019 | 0.000 |   5.132 | 
     | C26549                   | A2 v -> ZN v | OR2_X1    | 0.029 | N34353                   |            |   0.991 | 0.177 |   5.309 | 
     | C26551                   |              | AND2_X1   | 0.029 | N34353                   |       SPEF |   0.991 | 0.000 |   5.309 | 
     | C26551                   | A2 v -> ZN v | AND2_X1   | 0.018 | N34355                   |            |   0.963 | 0.103 |   5.412 | 
     | C26552                   |              | OR2_X1    | 0.018 | N34355                   |       SPEF |   0.963 | 0.000 |   5.412 | 
     | C26552                   | A2 v -> ZN v | OR2_X1    | 0.032 | N34356                   |            |   2.275 | 0.189 |   5.601 | 
     | C26554                   |              | AND2_X1   | 0.032 | N34356                   |       SPEF |   2.275 | 0.000 |   5.601 | 
     | C26554                   | A2 v -> ZN v | AND2_X1   | 0.016 | N34358                   |            |   0.991 | 0.106 |   5.707 | 
     | C26555                   |              | OR2_X1    | 0.016 | N34358                   |       SPEF |   0.991 | 0.000 |   5.707 | 
     | C26555                   | A2 v -> ZN v | OR2_X1    | 0.032 | N34359                   |            |   2.251 | 0.188 |   5.895 | 
     | U472                     |              | AOI222_X1 | 0.032 | N34359                   |       SPEF |   2.251 | 0.000 |   5.895 | 
     | U472                     | C1 v -> ZN ^ | AOI222_X1 | 0.206 | n390                     |            |   2.495 | 0.359 |   6.254 | 
     | U471                     |              | NAND2_X1  | 0.206 | n390                     |       SPEF |   2.495 | 0.000 |   6.254 | 
     | U471                     | A2 ^ -> ZN v | NAND2_X1  | 0.036 | n639                     |            |   1.206 | 0.074 |   6.327 | 
     | sub_reg[92]              |              | DFF_X1    | 0.036 | n639                     |       SPEF |   1.206 | 0.000 |   6.327 | 
     +---------------------------------------------------------------------------------------------------------------------------------+ 

