###############################################################
#  Generated by:      Cadence Innovus 18.10-p002_1
#  OS:                Linux x86_64(Host ID ensc-esil-18)
#  Generated on:      Fri Apr  2 12:22:44 2021
#  Design:            aes128key
#  Command:           report_timing -net -format {instance arc cell slew net annotation load delay arrival} -max_paths 10 > results/timing/09-finishing.hold.rpt
###############################################################
Path 1: MET Hold Check with Pin w_reg[3][20]/CK 
Endpoint:   w_reg[3][20]/D (^) checked with  leading edge of 'CLK'
Beginpoint: w_reg[3][20]/Q (^) triggered by  leading edge of 'CLK'
Path Groups: {CLK}
Analysis View: aes_av
Other End Arrival Time          0.000
+ Hold                          0.020
+ Phase Shift                   0.000
= Required Time                 0.020
  Arrival Time                  0.412
  Slack Time                    0.391
     Clock Rise Edge                 0.000
     + Clock Network Latency (Ideal) 0.000
     = Beginpoint Arrival Time       0.000
     +--------------------------------------------------------------------------------------------------+ 
     |   Instance   |     Arc     |  Cell   |  Slew |   Net    |    Arc     |  Load   | Delay | Arrival | 
     |              |             |         |       |          | Annotation |         |       |  Time   | 
     |--------------+-------------+---------+-------+----------+------------+---------+-------+---------| 
     | w_reg[3][20] | CK ^        |         | 0.000 | clock    |            | 374.867 |       |   0.000 | 
     | w_reg[3][20] | CK ^ -> Q ^ | DFF_X1  | 0.035 | w[3][20] |            |   2.743 | 0.308 |   0.308 | 
     | U1845        |             | MUX2_X1 | 0.035 | w[3][20] |       SPEF |   2.743 | 0.000 |   0.308 | 
     | U1845        | A ^ -> Z ^  | MUX2_X1 | 0.025 | n1271    |            |   1.265 | 0.104 |   0.412 | 
     | w_reg[3][20] |             | DFF_X1  | 0.025 | n1271    |       SPEF |   1.265 | 0.000 |   0.412 | 
     +--------------------------------------------------------------------------------------------------+ 
Path 2: MET Hold Check with Pin sub_reg[62]/CK 
Endpoint:   sub_reg[62]/D (v) checked with  leading edge of 'CLK'
Beginpoint: sub_reg[62]/Q (v) triggered by  leading edge of 'CLK'
Path Groups: {CLK}
Analysis View: aes_av
Other End Arrival Time          0.000
+ Hold                          0.004
+ Phase Shift                   0.000
= Required Time                 0.004
  Arrival Time                  0.434
  Slack Time                    0.430
     Clock Rise Edge                 0.000
     + Clock Network Latency (Ideal) 0.000
     = Beginpoint Arrival Time       0.000
     +--------------------------------------------------------------------------------------------------+ 
     |  Instance   |     Arc      |   Cell   |  Slew |   Net   |    Arc     |  Load   | Delay | Arrival | 
     |             |              |          |       |         | Annotation |         |       |  Time   | 
     |-------------+--------------+----------+-------+---------+------------+---------+-------+---------| 
     | sub_reg[62] | CK ^         |          | 0.000 | clock   |            | 374.867 |       |   0.000 | 
     | sub_reg[62] | CK ^ -> Q v  | DFF_X1   | 0.036 | sub[62] |            |  10.661 | 0.271 |   0.271 | 
     | U410        |              | AOI22_X1 | 0.036 | sub[62] |       SPEF |  10.661 | 0.000 |   0.271 | 
     | U410        | B1 v -> ZN ^ | AOI22_X1 | 0.051 | n347    |            |   1.711 | 0.121 |   0.393 | 
     | U408        |              | NAND2_X1 | 0.051 | n347    |       SPEF |   1.711 | 0.000 |   0.393 | 
     | U408        | A1 ^ -> ZN v | NAND2_X1 | 0.019 | n618    |            |   1.162 | 0.041 |   0.434 | 
     | sub_reg[62] |              | DFF_X1   | 0.019 | n618    |       SPEF |   1.162 | 0.000 |   0.434 | 
     +--------------------------------------------------------------------------------------------------+ 
Path 3: MET Hold Check with Pin sub_reg[64]/CK 
Endpoint:   sub_reg[64]/D (v) checked with  leading edge of 'CLK'
Beginpoint: sub_reg[64]/Q (v) triggered by  leading edge of 'CLK'
Path Groups: {CLK}
Analysis View: aes_av
Other End Arrival Time          0.000
+ Hold                          0.004
+ Phase Shift                   0.000
= Required Time                 0.004
  Arrival Time                  0.434
  Slack Time                    0.430
     Clock Rise Edge                 0.000
     + Clock Network Latency (Ideal) 0.000
     = Beginpoint Arrival Time       0.000
     +--------------------------------------------------------------------------------------------------+ 
     |  Instance   |     Arc      |   Cell   |  Slew |   Net   |    Arc     |  Load   | Delay | Arrival | 
     |             |              |          |       |         | Annotation |         |       |  Time   | 
     |-------------+--------------+----------+-------+---------+------------+---------+-------+---------| 
     | sub_reg[64] | CK ^         |          | 0.000 | clock   |            | 374.867 |       |   0.000 | 
     | sub_reg[64] | CK ^ -> Q v  | DFF_X1   | 0.036 | sub[64] |            |  10.872 | 0.272 |   0.272 | 
     | U757        |              | AOI22_X1 | 0.036 | sub[64] |       SPEF |  10.872 | 0.000 |   0.272 | 
     | U757        | B1 v -> ZN ^ | AOI22_X1 | 0.051 | n554    |            |   1.687 | 0.121 |   0.393 | 
     | U751        |              | NAND2_X1 | 0.051 | n554    |       SPEF |   1.687 | 0.000 |   0.393 | 
     | U751        | A1 ^ -> ZN v | NAND2_X1 | 0.019 | n702    |            |   1.156 | 0.041 |   0.434 | 
     | sub_reg[64] |              | DFF_X1   | 0.019 | n702    |       SPEF |   1.156 | 0.000 |   0.434 | 
     +--------------------------------------------------------------------------------------------------+ 
Path 4: MET Hold Check with Pin sub_reg[78]/CK 
Endpoint:   sub_reg[78]/D (v) checked with  leading edge of 'CLK'
Beginpoint: sub_reg[78]/Q (v) triggered by  leading edge of 'CLK'
Path Groups: {CLK}
Analysis View: aes_av
Other End Arrival Time          0.000
+ Hold                          0.004
+ Phase Shift                   0.000
= Required Time                 0.004
  Arrival Time                  0.435
  Slack Time                    0.431
     Clock Rise Edge                 0.000
     + Clock Network Latency (Ideal) 0.000
     = Beginpoint Arrival Time       0.000
     +--------------------------------------------------------------------------------------------------+ 
     |  Instance   |     Arc      |   Cell   |  Slew |   Net   |    Arc     |  Load   | Delay | Arrival | 
     |             |              |          |       |         | Annotation |         |       |  Time   | 
     |-------------+--------------+----------+-------+---------+------------+---------+-------+---------| 
     | sub_reg[78] | CK ^         |          | 0.000 | clock   |            | 374.867 |       |   0.000 | 
     | sub_reg[78] | CK ^ -> Q v  | DFF_X1   | 0.037 | sub[78] |            |  11.102 | 0.273 |   0.273 | 
     | U386        |              | AOI22_X1 | 0.037 | sub[78] |       SPEF |  11.102 | 0.000 |   0.273 | 
     | U386        | B1 v -> ZN ^ | AOI22_X1 | 0.050 | n331    |            |   1.674 | 0.121 |   0.394 | 
     | U384        |              | NAND2_X1 | 0.050 | n331    |       SPEF |   1.674 | 0.000 |   0.394 | 
     | U384        | A1 ^ -> ZN v | NAND2_X1 | 0.019 | n610    |            |   1.217 | 0.041 |   0.435 | 
     | sub_reg[78] |              | DFF_X1   | 0.019 | n610    |       SPEF |   1.217 | 0.000 |   0.435 | 
     +--------------------------------------------------------------------------------------------------+ 
Path 5: MET Hold Check with Pin sub_reg[33]/CK 
Endpoint:   sub_reg[33]/D (v) checked with  leading edge of 'CLK'
Beginpoint: sub_reg[33]/Q (v) triggered by  leading edge of 'CLK'
Path Groups: {CLK}
Analysis View: aes_av
Other End Arrival Time          0.000
+ Hold                          0.004
+ Phase Shift                   0.000
= Required Time                 0.004
  Arrival Time                  0.436
  Slack Time                    0.432
     Clock Rise Edge                 0.000
     + Clock Network Latency (Ideal) 0.000
     = Beginpoint Arrival Time       0.000
     +--------------------------------------------------------------------------------------------------+ 
     |  Instance   |     Arc      |   Cell   |  Slew |   Net   |    Arc     |  Load   | Delay | Arrival | 
     |             |              |          |       |         | Annotation |         |       |  Time   | 
     |-------------+--------------+----------+-------+---------+------------+---------+-------+---------| 
     | sub_reg[33] | CK ^         |          | 0.000 | clock   |            | 374.867 |       |   0.000 | 
     | sub_reg[33] | CK ^ -> Q v  | DFF_X1   | 0.037 | sub[33] |            |  11.227 | 0.273 |   0.273 | 
     | U558        |              | AOI22_X1 | 0.037 | sub[33] |       SPEF |  11.227 | 0.000 |   0.273 | 
     | U558        | B1 v -> ZN ^ | AOI22_X1 | 0.051 | n444    |            |   1.724 | 0.122 |   0.395 | 
     | U556        |              | NAND2_X1 | 0.051 | n444    |       SPEF |   1.724 | 0.000 |   0.395 | 
     | U556        | A1 ^ -> ZN v | NAND2_X1 | 0.019 | n665    |            |   1.183 | 0.041 |   0.436 | 
     | sub_reg[33] |              | DFF_X1   | 0.019 | n665    |       SPEF |   1.183 | 0.000 |   0.436 | 
     +--------------------------------------------------------------------------------------------------+ 
Path 6: MET Hold Check with Pin sub_reg[65]/CK 
Endpoint:   sub_reg[65]/D (v) checked with  leading edge of 'CLK'
Beginpoint: sub_reg[65]/Q (v) triggered by  leading edge of 'CLK'
Path Groups: {CLK}
Analysis View: aes_av
Other End Arrival Time          0.000
+ Hold                          0.004
+ Phase Shift                   0.000
= Required Time                 0.004
  Arrival Time                  0.437
  Slack Time                    0.433
     Clock Rise Edge                 0.000
     + Clock Network Latency (Ideal) 0.000
     = Beginpoint Arrival Time       0.000
     +--------------------------------------------------------------------------------------------------+ 
     |  Instance   |     Arc      |   Cell   |  Slew |   Net   |    Arc     |  Load   | Delay | Arrival | 
     |             |              |          |       |         | Annotation |         |       |  Time   | 
     |-------------+--------------+----------+-------+---------+------------+---------+-------+---------| 
     | sub_reg[65] | CK ^         |          | 0.000 | clock   |            | 374.867 |       |   0.000 | 
     | sub_reg[65] | CK ^ -> Q v  | DFF_X1   | 0.037 | sub[65] |            |  11.205 | 0.273 |   0.273 | 
     | U607        |              | AOI22_X1 | 0.037 | sub[65] |       SPEF |  11.205 | 0.000 |   0.273 | 
     | U607        | B1 v -> ZN ^ | AOI22_X1 | 0.051 | n475    |            |   1.725 | 0.122 |   0.395 | 
     | U605        |              | NAND2_X1 | 0.051 | n475    |       SPEF |   1.725 | 0.000 |   0.395 | 
     | U605        | A1 ^ -> ZN v | NAND2_X1 | 0.019 | n679    |            |   1.220 | 0.042 |   0.437 | 
     | sub_reg[65] |              | DFF_X1   | 0.019 | n679    |       SPEF |   1.220 | 0.000 |   0.437 | 
     +--------------------------------------------------------------------------------------------------+ 
Path 7: MET Hold Check with Pin sub_reg[52]/CK 
Endpoint:   sub_reg[52]/D (v) checked with  leading edge of 'CLK'
Beginpoint: sub_reg[52]/Q (v) triggered by  leading edge of 'CLK'
Path Groups: {CLK}
Analysis View: aes_av
Other End Arrival Time          0.000
+ Hold                          0.004
+ Phase Shift                   0.000
= Required Time                 0.004
  Arrival Time                  0.438
  Slack Time                    0.434
     Clock Rise Edge                 0.000
     + Clock Network Latency (Ideal) 0.000
     = Beginpoint Arrival Time       0.000
     +--------------------------------------------------------------------------------------------------+ 
     |  Instance   |     Arc      |   Cell   |  Slew |   Net   |    Arc     |  Load   | Delay | Arrival | 
     |             |              |          |       |         | Annotation |         |       |  Time   | 
     |-------------+--------------+----------+-------+---------+------------+---------+-------+---------| 
     | sub_reg[52] | CK ^         |          | 0.000 | clock   |            | 374.867 |       |   0.000 | 
     | sub_reg[52] | CK ^ -> Q v  | DFF_X1   | 0.038 | sub[52] |            |  11.573 | 0.274 |   0.274 | 
     | U299        |              | AOI22_X1 | 0.038 | sub[52] |       SPEF |  11.573 | 0.000 |   0.274 | 
     | U299        | B1 v -> ZN ^ | AOI22_X1 | 0.051 | n221    |            |   1.738 | 0.123 |   0.397 | 
     | U297        |              | NAND2_X1 | 0.051 | n221    |       SPEF |   1.738 | 0.000 |   0.397 | 
     | U297        | A1 ^ -> ZN v | NAND2_X1 | 0.019 | n581    |            |   1.175 | 0.041 |   0.438 | 
     | sub_reg[52] |              | DFF_X1   | 0.019 | n581    |       SPEF |   1.175 | 0.000 |   0.438 | 
     +--------------------------------------------------------------------------------------------------+ 
Path 8: MET Hold Check with Pin sub_reg[72]/CK 
Endpoint:   sub_reg[72]/D (v) checked with  leading edge of 'CLK'
Beginpoint: sub_reg[72]/Q (v) triggered by  leading edge of 'CLK'
Path Groups: {CLK}
Analysis View: aes_av
Other End Arrival Time          0.000
+ Hold                          0.004
+ Phase Shift                   0.000
= Required Time                 0.004
  Arrival Time                  0.438
  Slack Time                    0.435
     Clock Rise Edge                 0.000
     + Clock Network Latency (Ideal) 0.000
     = Beginpoint Arrival Time       0.000
     +--------------------------------------------------------------------------------------------------+ 
     |  Instance   |     Arc      |   Cell   |  Slew |   Net   |    Arc     |  Load   | Delay | Arrival | 
     |             |              |          |       |         | Annotation |         |       |  Time   | 
     |-------------+--------------+----------+-------+---------+------------+---------+-------+---------| 
     | sub_reg[72] | CK ^         |          | 0.000 | clock   |            | 374.867 |       |   0.000 | 
     | sub_reg[72] | CK ^ -> Q v  | DFF_X1   | 0.038 | sub[72] |            |  11.873 | 0.275 |   0.275 | 
     | U724        |              | AOI22_X1 | 0.038 | sub[72] |       SPEF |  11.873 | 0.000 |   0.275 | 
     | U724        | B1 v -> ZN ^ | AOI22_X1 | 0.051 | n537    |            |   1.709 | 0.123 |   0.397 | 
     | U718        |              | NAND2_X1 | 0.051 | n537    |       SPEF |   1.709 | 0.000 |   0.397 | 
     | U718        | A1 ^ -> ZN v | NAND2_X1 | 0.019 | n698    |            |   1.172 | 0.041 |   0.438 | 
     | sub_reg[72] |              | DFF_X1   | 0.019 | n698    |       SPEF |   1.172 | 0.000 |   0.438 | 
     +--------------------------------------------------------------------------------------------------+ 
Path 9: MET Hold Check with Pin sub_reg[77]/CK 
Endpoint:   sub_reg[77]/D (v) checked with  leading edge of 'CLK'
Beginpoint: sub_reg[77]/Q (v) triggered by  leading edge of 'CLK'
Path Groups: {CLK}
Analysis View: aes_av
Other End Arrival Time          0.000
+ Hold                          0.004
+ Phase Shift                   0.000
= Required Time                 0.004
  Arrival Time                  0.439
  Slack Time                    0.435
     Clock Rise Edge                 0.000
     + Clock Network Latency (Ideal) 0.000
     = Beginpoint Arrival Time       0.000
     +--------------------------------------------------------------------------------------------------+ 
     |  Instance   |     Arc      |   Cell   |  Slew |   Net   |    Arc     |  Load   | Delay | Arrival | 
     |             |              |          |       |         | Annotation |         |       |  Time   | 
     |-------------+--------------+----------+-------+---------+------------+---------+-------+---------| 
     | sub_reg[77] | CK ^         |          | 0.000 | clock   |            | 374.867 |       |   0.000 | 
     | sub_reg[77] | CK ^ -> Q v  | DFF_X1   | 0.037 | sub[77] |            |  11.109 | 0.273 |   0.273 | 
     | U428        |              | AOI22_X1 | 0.037 | sub[77] |       SPEF |  11.109 | 0.000 |   0.273 | 
     | U428        | B1 v -> ZN ^ | AOI22_X1 | 0.053 | n359    |            |   1.850 | 0.124 |   0.396 | 
     | U426        |              | NAND2_X1 | 0.053 | n359    |       SPEF |   1.850 | 0.000 |   0.396 | 
     | U426        | A1 ^ -> ZN v | NAND2_X1 | 0.020 | n624    |            |   1.294 | 0.043 |   0.439 | 
     | sub_reg[77] |              | DFF_X1   | 0.020 | n624    |       SPEF |   1.294 | 0.000 |   0.439 | 
     +--------------------------------------------------------------------------------------------------+ 
Path 10: MET Hold Check with Pin sub_reg[56]/CK 
Endpoint:   sub_reg[56]/D (v) checked with  leading edge of 'CLK'
Beginpoint: sub_reg[56]/Q (v) triggered by  leading edge of 'CLK'
Path Groups: {CLK}
Analysis View: aes_av
Other End Arrival Time          0.000
+ Hold                          0.004
+ Phase Shift                   0.000
= Required Time                 0.004
  Arrival Time                  0.440
  Slack Time                    0.436
     Clock Rise Edge                 0.000
     + Clock Network Latency (Ideal) 0.000
     = Beginpoint Arrival Time       0.000
     +--------------------------------------------------------------------------------------------------+ 
     |  Instance   |     Arc      |   Cell   |  Slew |   Net   |    Arc     |  Load   | Delay | Arrival | 
     |             |              |          |       |         | Annotation |         |       |  Time   | 
     |-------------+--------------+----------+-------+---------+------------+---------+-------+---------| 
     | sub_reg[56] | CK ^         |          | 0.000 | clock   |            | 374.867 |       |   0.000 | 
     | sub_reg[56] | CK ^ -> Q v  | DFF_X1   | 0.037 | sub[56] |            |  11.495 | 0.274 |   0.274 | 
     | U704        |              | AOI22_X1 | 0.037 | sub[56] |       SPEF |  11.495 | 0.000 |   0.274 | 
     | U704        | B1 v -> ZN ^ | AOI22_X1 | 0.053 | n527    |            |   1.846 | 0.124 |   0.398 | 
     | U698        |              | NAND2_X1 | 0.053 | n527    |       SPEF |   1.846 | 0.000 |   0.398 | 
     | U698        | A1 ^ -> ZN v | NAND2_X1 | 0.020 | n696    |            |   1.172 | 0.042 |   0.440 | 
     | sub_reg[56] |              | DFF_X1   | 0.020 | n696    |       SPEF |   1.172 | 0.000 |   0.440 | 
     +--------------------------------------------------------------------------------------------------+ 

