Information: Updating design information... (UID-85)
Information: Propagating switching activity (high effort zero delay simulation). (PWR-6)
Warning: There is no defined clock in the design. (PWR-80)
 
****************************************
Report : power
        -analysis_effort high
Design : aes128key
Version: O-2018.06-SP5
Date   : Fri Apr  2 13:25:04 2021
****************************************


Library(s) Used:

    NangateOpenCellLibrary (File: /CMC/setups/ensc450/SOCLAB/LIBRARIES/NangateOpenCellLibrary_PDKv1_3_v2010_12/Front_End/DB/NangateOpenCellLibrary_slow.db)


Operating Conditions: slow   Library: NangateOpenCellLibrary
Wire Load Model Mode: top

Design        Wire Load Model            Library
------------------------------------------------
aes128key              5K_hvratio_1_1    NangateOpenCellLibrary


Global Operating Voltage = 0.95 
Power-specific unit information :
    Voltage Units = 1V
    Capacitance Units = 1.000000ff
    Time Units = 1ns
    Dynamic Power Units = 1uW    (derived from V,C,T units)
    Leakage Power Units = 1nW


  Cell Internal Power  = 613.5996 uW   (61%)
  Net Switching Power  = 395.2222 uW   (39%)
                         ---------
Total Dynamic Power    =   1.0088 mW  (100%)

Cell Leakage Power     = 535.3740 uW

Information: report_power power group summary does not include estimated clock tree power. (PWR-789)

                 Internal         Switching           Leakage            Total
Power Group      Power            Power               Power              Power   (   %    )  Attrs
--------------------------------------------------------------------------------------------------
io_pad             0.0000            0.0000            0.0000            0.0000  (   0.00%)
memory             0.0000            0.0000            0.0000            0.0000  (   0.00%)
black_box          0.0000            0.0000            0.0000            0.0000  (   0.00%)
clock_network      0.0000            0.0000            0.0000            0.0000  (   0.00%)
register           0.0000            0.0000            0.0000            0.0000  (   0.00%)
sequential       127.9440            9.2762        1.3970e+04          151.1903  (   9.79%)
combinational    485.6551          385.9672        5.2140e+05        1.3930e+03  (  90.21%)
--------------------------------------------------------------------------------------------------
Total            613.5992 uW       395.2435 uW     5.3537e+05 nW     1.5442e+03 uW
1
