###############################################################
#  Generated by:      Cadence Innovus 18.10-p002_1
#  OS:                Linux x86_64(Host ID ensc-esil-18)
#  Generated on:      Wed Mar 31 18:30:21 2021
#  Design:            aes128key
#  Command:           checkDesign -io -netlist -physicalLibrary -powerGround -tieHilo -timingLibrary -spef -floorplan -place -outdir checkDesign
###############################################################
Design: aes128key

------ Design Summary:
Total Standard Cell Number   (cells) : 115212
Total Block Cell Number      (cells) : 0
Total I/O Pad Cell Number    (cells) : 0
Total Standard Cell Area     ( um^2) : 114236.89
Total Block Cell Area        ( um^2) : 0.00
Total I/O Pad Cell Area      ( um^2) : 0.00

------ Design Statistics:

Number of Instances            : 115212
Number of Non-uniquified Insts : 115208
Number of Nets                 : 32244
Average number of Pins per Net : 3.00
Maximum number of Pins in Net  : 263

------ I/O Port summary

Number of Primary I/O Ports    : 389
Number of Input Ports          : 259
Number of Output Ports         : 130
Number of Bidirectional Ports  : 0
Number of Power/Ground Ports   : 0



------------------------------------------------------------
Detail report:


------ I/O Pad/Port Checking


------ Primitive Pins DRC Checking


------ Primitive Net DRC Check

WARNING : Net sub[7] has no FanOut pin
WARNING : Net sub[15] has no FanOut pin
WARNING : Net sub[23] has no FanOut pin
WARNING : Net sub[31] has no FanOut pin
WARNING : Net sub[39] has no FanOut pin
WARNING : Net sub[47] has no FanOut pin
WARNING : Net sub[55] has no FanOut pin
WARNING : Net sub[63] has no FanOut pin
WARNING : Net sub[71] has no FanOut pin
WARNING : Net sub[79] has no FanOut pin
WARNING : Net sub[87] has no FanOut pin
WARNING : Net sub[95] has no FanOut pin
WARNING : Net sub[103] has no FanOut pin
WARNING : Net sub[111] has no FanOut pin
WARNING : Net sub[119] has no FanOut pin
WARNING : Net sub[127] has no FanOut pin
WARNING : Net n2217 has 64 fanout
WARNING : Net n2070 has 64 fanout
WARNING : Net n1923 has 64 fanout
WARNING : Net n1776 has 64 fanout
WARNING : Net N15570 has 67 fanout
WARNING : Net N14079 has 67 fanout
WARNING : Net N12588 has 67 fanout
WARNING : Net N11097 has 67 fanout
WARNING : Net N10290 has 64 fanout
WARNING : Net clock has 262 fanout
WARNING : Net cipher[4] has 65 fanout
WARNING : Net cipher[8] has 59 fanout
WARNING : Net cipher[10] has 55 fanout
WARNING : Net cipher[12] has 65 fanout
WARNING : Net cipher[16] has 51 fanout
WARNING : Net cipher[18] has 52 fanout
WARNING : Net cipher[20] has 65 fanout
WARNING : Net cipher[24] has 61 fanout
WARNING : Net cipher[27] has 72 fanout
WARNING : Net cipher[28] has 65 fanout
WARNING : Net cipher[34] has 51 fanout
WARNING : Net cipher[36] has 65 fanout
WARNING : Net cipher[44] has 65 fanout
WARNING : Net cipher[50] has 54 fanout
WARNING : Net cipher[52] has 65 fanout
WARNING : Net cipher[56] has 57 fanout
WARNING : Net cipher[59] has 65 fanout
WARNING : Net cipher[60] has 65 fanout
WARNING : Net cipher[66] has 63 fanout
WARNING : Net cipher[68] has 65 fanout
WARNING : Net cipher[73] has 57 fanout
WARNING : Net cipher[76] has 65 fanout
WARNING : Net cipher[80] has 54 fanout
WARNING : Net cipher[81] has 52 fanout
WARNING : Net cipher[83] has 64 fanout
WARNING : Net cipher[84] has 65 fanout
WARNING : Net cipher[88] has 75 fanout
WARNING : Net cipher[92] has 65 fanout
WARNING : Net cipher[99] has 55 fanout
WARNING : Net cipher[100] has 65 fanout
WARNING : Net cipher[104] has 74 fanout
WARNING : Net cipher[106] has 51 fanout
WARNING : Net cipher[108] has 65 fanout
WARNING : Net cipher[116] has 65 fanout
WARNING : Net cipher[120] has 67 fanout
WARNING : Net cipher[121] has 59 fanout
WARNING : Net cipher[123] has 75 fanout
WARNING : Net cipher[124] has 65 fanout
WARNING : Net FE_DBTN3_w_3_3 has 56 fanout
WARNING : Net FE_DBTN5_w_3_10 has 68 fanout
WARNING : Net FE_DBTN6_w_3_11 has 57 fanout
WARNING : Net FE_DBTN9_w_3_19 has 66 fanout
WARNING : Net FE_DBTN1469_w_3_18 has 64 fanout
WARNING : Net FE_DBTN4266_w_3_2 has 52 fanout
WARNING : Net FE_OFN13537_load has 62 fanout
WARNING : Net FE_OFN13538_load has 59 fanout
WARNING : Net FE_OFN13540_w_3__28 has 68 fanout
WARNING : Net FE_OFN13541_w_3__27 has 64 fanout
WARNING : Net FE_OFN13542_w_3__27 has 61 fanout
WARNING : Net FE_OFN13543_w_3__26 has 75 fanout
WARNING : Net FE_OFN13544_w_3__26 has 64 fanout
WARNING : Net FE_OFN13545_w_3__26 has 51 fanout
WARNING : Net FE_OFN13547_w_3__25 has 58 fanout
WARNING : Net FE_OFN13549_w_3__24 has 53 fanout
WARNING : Net FE_OFN13551_w_3__20 has 63 fanout
WARNING : Net FE_OFN13552_w_3__19 has 61 fanout
WARNING : Net FE_OFN13553_w_3__19 has 65 fanout
WARNING : Net FE_OFN13554_w_3__18 has 70 fanout
WARNING : Net FE_OFN13555_w_3__18 has 64 fanout
WARNING : Net FE_OFN13556_w_3__18 has 70 fanout
WARNING : Net FE_OFN13558_w_3__17 has 55 fanout
WARNING : Net FE_OFN13560_w_3__16 has 55 fanout
WARNING : Net FE_OFN13562_w_3__12 has 68 fanout
WARNING : Net FE_OFN13563_w_3__11 has 75 fanout
WARNING : Net FE_OFN13564_w_3__11 has 56 fanout
WARNING : Net FE_OFN13567_w_3__10 has 69 fanout
WARNING : Net FE_OFN13569_w_3__10 has 63 fanout
WARNING : Net FE_OFN13570_w_3__9 has 51 fanout
WARNING : Net FE_OFN13575_w_3__4 has 68 fanout
WARNING : Net FE_OFN13576_w_3__3 has 63 fanout
WARNING : Net FE_OFN13577_w_3__3 has 66 fanout
WARNING : Net FE_OFN13578_w_3__2 has 52 fanout
WARNING : Net FE_OFN13580_w_3__2 has 62 fanout
WARNING : Net FE_OFN13581_w_3__2 has 61 fanout
WARNING : Net FE_OFN13584_w_3__1 has 56 fanout
WARNING : Net FE_OFN13586_w_3__0 has 52 fanout
WARNING : Net FE_OFN13588_N10323 has 61 fanout
WARNING : Net FE_OFN13589_n208 has 51 fanout
WARNING : Net FE_OFN13595_FE_DBTN4266_w_3_2 has 57 fanout
WARNING : Net FE_OFN13597_FE_DBTN4266_w_3_2 has 58 fanout
WARNING : Net FE_OFN13600_FE_DBTN2852_N10323 has 64 fanout
WARNING : Net FE_OFN13603_FE_DBTN1469_w_3_18 has 75 fanout
WARNING : Net FE_OFN13605_FE_DBTN1469_w_3_18 has 56 fanout
WARNING : Net FE_OFN13607_n has 68 fanout
WARNING : Net FE_OFN13609_FE_DBTN12_w_3_27 has 53 fanout
WARNING : Net FE_OFN13610_FE_DBTN12_w_3_27 has 52 fanout
WARNING : Net FE_OFN13611_FE_DBTN10_w_3_25 has 68 fanout
WARNING : Net FE_OFN13612_FE_DBTN9_w_3_19 has 63 fanout
WARNING : Net FE_OFN13614_FE_DBTN6_w_3_11 has 72 fanout
WARNING : Net FE_OFN13616_FE_DBTN5_w_3_10 has 70 fanout
WARNING : Net FE_OFN13619_FE_DBTN4_w_3_9 has 75 fanout
WARNING : Net FE_OFN13620_FE_DBTN3_w_3_3 has 73 fanout
WARNING : Net FE_OFN13621_FE_DBTN1_w_3_1 has 62 fanout
WARNING : Net FE_OFN13624_n4531 has 61 fanout
WARNING : Net FE_OFN13629_n901 has 51 fanout
WARNING : Net FE_OFN13631_n902 has 70 fanout
WARNING : Net FE_OFN13632_n902 has 69 fanout
WARNING : Net FE_OFN13633_n902 has 62 fanout
WARNING : Net FE_OFN13635_n902 has 69 fanout
WARNING : Net FE_OFN13636_n903 has 59 fanout
WARNING : Net FE_OFN13642_n908 has 59 fanout
WARNING : Net FE_OFN13645_n910 has 51 fanout
WARNING : Net FE_OFN13648_n910 has 55 fanout
WARNING : Net FE_OFN13651_n912 has 64 fanout
WARNING : Net FE_OFN13657_n917 has 65 fanout
WARNING : Net FE_OFN13660_n919 has 66 fanout
WARNING : Net FE_OFN13661_n919 has 75 fanout
WARNING : Net FE_OFN13662_n919 has 73 fanout
WARNING : Net FE_OFN13672_n926 has 65 fanout
WARNING : Net FE_OFN13673_n927 has 75 fanout
WARNING : Net FE_OFN13674_n927 has 54 fanout
WARNING : Net FE_OFN13675_n928 has 57 fanout
WARNING : Net FE_OFN13676_n928 has 62 fanout
WARNING : Net FE_OFN13678_n928 has 67 fanout
WARNING : Net FE_OFN13685_n935 has 65 fanout
WARNING : Net FE_OFN13686_n936 has 60 fanout
WARNING : Net FE_OFN13691_n937 has 60 fanout
WARNING : Net FE_OFN13697_n943 has 65 fanout
WARNING : Net FE_OFN13699_n945 has 55 fanout
WARNING : Net FE_OFN13700_n945 has 75 fanout
WARNING : Net FE_OFN13701_n946 has 73 fanout
WARNING : Net FE_OFN13704_n946 has 66 fanout
WARNING : Net FE_OFN13710_n952 has 55 fanout
WARNING : Net FE_OFN13718_n955 has 65 fanout
WARNING : Net FE_OFN13721_n956 has 55 fanout
WARNING : Net FE_OFN13724_n961 has 65 fanout
WARNING : Net FE_OFN13725_n962 has 55 fanout
WARNING : Net FE_OFN13726_n962 has 75 fanout
WARNING : Net FE_OFN13731_n963 has 66 fanout
WARNING : Net FE_OFN13732_n964 has 56 fanout
WARNING : Net FE_OFN13733_n964 has 69 fanout
WARNING : Net FE_OFN13737_n966 has 55 fanout
WARNING : Net FE_OFN13741_n970 has 65 fanout
WARNING : Net FE_OFN13745_n971 has 61 fanout
WARNING : Net FE_OFN13755_n977 has 64 fanout
WARNING : Net FE_OFN13756_n977 has 64 fanout
WARNING : Net FE_OFN13762_n979 has 65 fanout
WARNING : Net FE_OFN13767_n981 has 58 fanout
WARNING : Net FE_OFN13776_n987 has 65 fanout
WARNING : Net FE_OFN13779_n989 has 61 fanout
WARNING : Net FE_OFN13781_n990 has 71 fanout
WARNING : Net FE_OFN13782_n990 has 72 fanout
WARNING : Net FE_OFN13785_n991 has 65 fanout
WARNING : Net FE_OFN13789_n996 has 65 fanout
WARNING : Net FE_OFN13791_n1000 has 65 fanout
WARNING : Net FE_OFN13792_n1001 has 55 fanout
WARNING : Net FE_OFN13793_n1001 has 75 fanout
WARNING : Net FE_OFN13794_n1002 has 75 fanout
WARNING : Net FE_OFN13796_n1002 has 70 fanout
WARNING : Net FE_OFN13800_n1005 has 58 fanout
WARNING : Net FE_OFN13805_n1009 has 65 fanout
WARNING : Net FE_OFN13808_n1011 has 69 fanout
WARNING : Net FE_OFN13809_n1011 has 51 fanout
WARNING : Net FE_OFN13817_n1016 has 66 fanout
WARNING : Net FE_OFN13821_n1016 has 62 fanout
WARNING : Net FE_OFN13823_n1018 has 65 fanout
WARNING : Net FE_OFN13824_n1019 has 74 fanout
WARNING : Net FE_OFN13827_n1020 has 70 fanout
WARNING : Net FE_OFN13828_n1020 has 55 fanout
WARNING : Net FE_OFN13830_n1020 has 56 fanout
WARNING : Net FE_OFN13837_n1026 has 65 fanout
WARNING : Net FE_OFN13838_cipher_123 has 54 fanout
WARNING : Net FE_OFN13839_cipher_122 has 64 fanout
WARNING : Net FE_OFN13840_cipher_122 has 63 fanout
WARNING : Net FE_OFN13841_cipher_122 has 55 fanout
WARNING : Net FE_OFN13856_cipher_99 has 74 fanout
WARNING : Net FE_OFN13857_cipher_98 has 65 fanout
WARNING : Net FE_OFN13861_cipher_97 has 62 fanout
WARNING : Net FE_OFN13863_cipher_91 has 66 fanout
WARNING : Net FE_OFN13864_cipher_91 has 61 fanout
WARNING : Net FE_OFN13868_cipher_90 has 59 fanout
WARNING : Net FE_OFN13870_cipher_88 has 56 fanout
WARNING : Net FE_OFN13871_cipher_83 has 51 fanout
WARNING : Net FE_OFN13872_cipher_82 has 62 fanout
WARNING : Net FE_OFN13877_cipher_75 has 59 fanout
WARNING : Net FE_OFN13886_cipher_66 has 63 fanout
WARNING : Net FE_OFN13887_cipher_65 has 56 fanout
WARNING : Net FE_OFN13889_cipher_59 has 64 fanout
WARNING : Net FE_OFN13890_cipher_58 has 70 fanout
WARNING : Net FE_OFN13892_cipher_58 has 70 fanout
WARNING : Net FE_OFN13904_cipher_42 has 53 fanout
WARNING : Net FE_OFN13906_cipher_42 has 73 fanout
WARNING : Net FE_OFN13912_cipher_34 has 69 fanout
WARNING : Net FE_OFN13916_cipher_32 has 65 fanout
WARNING : Net FE_OFN13926_cipher_18 has 67 fanout
WARNING : Net FE_OFN13928_cipher_18 has 54 fanout
WARNING : Net FE_OFN13932_cipher_10 has 52 fanout
WARNING : Net FE_OFN13940_cipher_2 has 75 fanout
WARNING : Net FE_OFN14207_n927 has 57 fanout
WARNING : Net FE_OFN14212_FE_RN_1_0 has 60 fanout
WARNING : Net FE_OFN14216_n899 has 61 fanout
WARNING : Net FE_OFN14217_n973 has 54 fanout
WARNING : Net FE_OFN14221_n1011 has 71 fanout
WARNING : Net FE_OFN14222_n1011 has 71 fanout
WARNING : Net FE_OFN14225_n972 has 75 fanout
WARNING : Net FE_OFN14228_n972 has 55 fanout
WARNING : Net FE_OFN14231_n990 has 51 fanout
WARNING : Net FE_OFN14233_n1012 has 68 fanout
WARNING : Net FE_OFN14234_n918 has 64 fanout
WARNING : Net FE_OFN14240_w_3__26 has 72 fanout
WARNING : Net FE_OFN14243_n937 has 73 fanout
WARNING : Net FE_OFN14245_n981 has 59 fanout
WARNING : Net FE_OFN14247_n981 has 54 fanout
WARNING : Net FE_OFN14252_n981 has 65 fanout
WARNING : Net FE_OFN14260_n977 has 75 fanout
WARNING : Net FE_OFN14261_n912 has 75 fanout
WARNING : Net FE_OFN14262_n1013 has 54 fanout
WARNING : Net FE_OFN14268_n939 has 53 fanout
WARNING : Net FE_OFN14273_n1010 has 56 fanout
WARNING : Net FE_OFN14283_n919 has 57 fanout
WARNING : Net FE_OFN14284_n963 has 64 fanout
WARNING : Net FE_OFN14285_n963 has 58 fanout
WARNING : Net FE_OFN14286_n963 has 59 fanout
WARNING : Net FE_OFN14288_n982 has 62 fanout
WARNING : Net FE_OFN14303_n1020 has 57 fanout
WARNING : Net FE_OFN14339_n954 has 68 fanout
WARNING : Net FE_OFN14341_n954 has 68 fanout
WARNING : Net FE_OFN14343_n954 has 55 fanout
WARNING : Net FE_OFN14344_n954 has 52 fanout
WARNING : Net FE_OFN14356_n965 has 67 fanout
WARNING : Net FE_OFN14361_n953 has 62 fanout
WARNING : Net FE_OFN14364_n953 has 68 fanout

